[ 2018-05-21T09:21:12+08:00 ] 127.0.0.1 /
INFO: [ app_init ] --START--
INFO: Run Behavior\BuildLiteBehavior [ RunTime:0.000000s ]
INFO: [ app_init ] --END-- [ RunTime:0.000000s ]

[ 2018-05-21T09:21:14+08:00 ] 127.0.0.1 /index.php/Home/Index/getList.html
INFO: [ app_init ] --START--
INFO: Run Behavior\BuildLiteBehavior [ RunTime:0.000000s ]
INFO: [ app_init ] --END-- [ RunTime:0.000000s ]
INFO: [ app_begin ] --START--
INFO: Run Behavior\ReadHtmlCacheBehavior [ RunTime:0.001000s ]
INFO: [ app_begin ] --END-- [ RunTime:0.001000s ]
NOTIC: [2048] Declaration of Common\Model\BaseModel::check() should be compatible with Think\Model::check($value, $rule, $type = 'regex') D:\shopsn\Application\Common\Model\BaseModel.class.php 第 22 行.
NOTIC: [2048] Declaration of Home\Model\SiteModel::getData() should be compatible with Common\Model\BaseModel::getData($id, array $field) D:\shopsn\Application\Home\Model\SiteModel.class.php 第 140 行.
NOTIC: [8] Undefined index: area_id D:\shopsn\Application\Common\Model\RegionModel.class.php 第 486 行.
INFO: [ view_parse ] --START--
INFO: [ template_filter ] --START--
INFO: Run Behavior\ContentReplaceBehavior [ RunTime:0.000000s ]
INFO: [ template_filter ] --END-- [ RunTime:0.000000s ]
NOTIC: [8] Undefined index: name D:\shopsn\Runtime\Cache\Home\a44462bd0de1755670f0790f3f87e7a7.php 第 13 行.
INFO: Run Behavior\ParseTemplateBehavior [ RunTime:0.011001s ]
INFO: [ view_parse ] --END-- [ RunTime:0.011001s ]
INFO: [ view_filter ] --START--
INFO: Run Behavior\WriteHtmlCacheBehavior [ RunTime:0.001000s ]
INFO: [ view_filter ] --END-- [ RunTime:0.001000s ]
INFO: [ app_end ] --START--
INFO: Run Behavior\ShowPageTraceBehavior [ RunTime:0.001000s ]
INFO: [ app_end ] --END-- [ RunTime:0.001000s ]

[ 2018-05-21T09:21:22+08:00 ] 127.0.0.1 /index.php/Home/Index/banner.html
INFO: [ app_init ] --START--
INFO: Run Behavior\BuildLiteBehavior [ RunTime:0.000000s ]
INFO: [ app_init ] --END-- [ RunTime:0.000000s ]
INFO: [ app_begin ] --START--
INFO: Run Behavior\ReadHtmlCacheBehavior [ RunTime:0.001000s ]
INFO: [ app_begin ] --END-- [ RunTime:0.001000s ]
NOTIC: [2048] Declaration of Common\Model\BaseModel::check() should be compatible with Think\Model::check($value, $rule, $type = 'regex') D:\shopsn\Application\Common\Model\BaseModel.class.php 第 22 行.

[ 2018-05-21T09:44:53+08:00 ] 127.0.0.1 /index.php/Home/IndexClass/getGoodsClass.html
INFO: [ app_init ] --START--
INFO: Run Behavior\BuildLiteBehavior [ RunTime:0.000000s ]
INFO: [ app_init ] --END-- [ RunTime:0.000000s ]
INFO: [ app_begin ] --START--
INFO: Run Behavior\ReadHtmlCacheBehavior [ RunTime:0.001000s ]
INFO: [ app_begin ] --END-- [ RunTime:0.001000s ]
NOTIC: [2048] Declaration of Common\Model\BaseModel::check() should be compatible with Think\Model::check($value, $rule, $type = 'regex') D:\shopsn\Application\Common\Model\BaseModel.class.php 第 22 行.

[ 2018-05-21T09:53:50+08:00 ] 127.0.0.1 /index.php/Home/IndexClass/getGoodsClass.html
INFO: [ app_init ] --START--
INFO: Run Behavior\BuildLiteBehavior [ RunTime:0.000000s ]
INFO: [ app_init ] --END-- [ RunTime:0.000000s ]
INFO: [ app_begin ] --START--
INFO: Run Behavior\ReadHtmlCacheBehavior [ RunTime:0.004001s ]
INFO: [ app_begin ] --END-- [ RunTime:0.004001s ]
NOTIC: [2048] Declaration of Common\Model\BaseModel::check() should be compatible with Think\Model::check($value, $rule, $type = 'regex') D:\shopsn\Application\Common\Model\BaseModel.class.php 第 22 行.
NOTIC: [8] Undefined offset: 1 D:\shopsn\Application\Home\Controller\IndexClassController.class.php 第 44 行.
NOTIC: [8] Undefined offset: 1 D:\shopsn\Application\Home\Controller\IndexClassController.class.php 第 45 行.

[ 2018-05-21T09:53:51+08:00 ] 127.0.0.1 /
INFO: [ app_init ] --START--
INFO: Run Behavior\BuildLiteBehavior [ RunTime:0.000000s ]
INFO: [ app_init ] --END-- [ RunTime:0.000000s ]

[ 2018-05-21T09:53:52+08:00 ] 127.0.0.1 /index.php/Home/public/login.html
INFO: [ app_init ] --START--
INFO: Run Behavior\BuildLiteBehavior [ RunTime:0.000000s ]
INFO: [ app_init ] --END-- [ RunTime:0.000000s ]

[ 2018-05-21T09:54:05+08:00 ] 127.0.0.1 /index.php/Home/public/login
INFO: [ app_init ] --START--
INFO: Run Behavior\BuildLiteBehavior [ RunTime:0.000000s ]
INFO: [ app_init ] --END-- [ RunTime:0.000000s ]
INFO: [ app_begin ] --START--
INFO: Run Behavior\ReadHtmlCacheBehavior [ RunTime:0.015600s ]
INFO: [ app_begin ] --END-- [ RunTime:0.015600s ]
NOTIC: [2048] Declaration of Common\Model\BaseModel::check() should be compatible with Think\Model::check($value, $rule, $type = 'regex') D:\shopsn\Application\Common\Model\BaseModel.class.php 第 22 行.
INFO: [ reade ] --START--
INFO: Run Common\Behavior\WangJinTing [ RunTime:0.001000s ]
INFO: [ reade ] --END-- [ RunTime:0.001000s ]

[ 2018-05-21T09:54:20+08:00 ] 127.0.0.1 /index.php/Home/public/login
INFO: [ app_init ] --START--
INFO: Run Behavior\BuildLiteBehavior [ RunTime:0.000000s ]
INFO: [ app_init ] --END-- [ RunTime:0.000000s ]
INFO: [ app_begin ] --START--
INFO: Run Behavior\ReadHtmlCacheBehavior [ RunTime:0.000000s ]
INFO: [ app_begin ] --END-- [ RunTime:0.000000s ]
NOTIC: [2048] Declaration of Common\Model\BaseModel::check() should be compatible with Think\Model::check($value, $rule, $type = 'regex') D:\shopsn\Application\Common\Model\BaseModel.class.php 第 22 行.
INFO: [ reade ] --START--
INFO: Run Common\Behavior\WangJinTing [ RunTime:0.001000s ]
INFO: [ reade ] --END-- [ RunTime:0.001000s ]

[ 2018-05-21T09:54:26+08:00 ] 127.0.0.1 /index.php/Home/public/login
INFO: [ app_init ] --START--
INFO: Run Behavior\BuildLiteBehavior [ RunTime:0.000000s ]
INFO: [ app_init ] --END-- [ RunTime:0.001000s ]
INFO: [ app_begin ] --START--
INFO: Run Behavior\ReadHtmlCacheBehavior [ RunTime:0.001000s ]
INFO: [ app_begin ] --END-- [ RunTime:0.001000s ]
NOTIC: [2048] Declaration of Common\Model\BaseModel::check() should be compatible with Think\Model::check($value, $rule, $type = 'regex') D:\shopsn\Application\Common\Model\BaseModel.class.php 第 22 行.
INFO: [ reade ] --START--
INFO: Run Common\Behavior\WangJinTing [ RunTime:0.001000s ]
INFO: [ reade ] --END-- [ RunTime:0.001000s ]

[ 2018-05-21T09:54:31+08:00 ] 127.0.0.1 /index.php/Home/public/login
INFO: [ app_init ] --START--
INFO: Run Behavior\BuildLiteBehavior [ RunTime:0.000000s ]
INFO: [ app_init ] --END-- [ RunTime:0.000000s ]
INFO: [ app_begin ] --START--
INFO: Run Behavior\ReadHtmlCacheBehavior [ RunTime:0.000000s ]
INFO: [ app_begin ] --END-- [ RunTime:0.000000s ]
NOTIC: [2048] Declaration of Common\Model\BaseModel::check() should be compatible with Think\Model::check($value, $rule, $type = 'regex') D:\shopsn\Application\Common\Model\BaseModel.class.php 第 22 行.
INFO: [ reade ] --START--
INFO: Run Common\Behavior\WangJinTing [ RunTime:0.000000s ]
INFO: [ reade ] --END-- [ RunTime:0.000000s ]

[ 2018-05-21T09:54:34+08:00 ] 127.0.0.1 /index.php/Home/Index/index
INFO: [ app_init ] --START--
INFO: Run Behavior\BuildLiteBehavior [ RunTime:0.000000s ]
INFO: [ app_init ] --END-- [ RunTime:0.000000s ]

[ 2018-05-21T09:54:36+08:00 ] 127.0.0.1 /index.php/Home/Index/getList.html
INFO: [ app_init ] --START--
INFO: Run Behavior\BuildLiteBehavior [ RunTime:0.000000s ]
INFO: [ app_init ] --END-- [ RunTime:0.000000s ]
INFO: [ app_begin ] --START--
INFO: Run Behavior\ReadHtmlCacheBehavior [ RunTime:0.001000s ]
INFO: [ app_begin ] --END-- [ RunTime:0.001000s ]
NOTIC: [2048] Declaration of Common\Model\BaseModel::check() should be compatible with Think\Model::check($value, $rule, $type = 'regex') D:\shopsn\Application\Common\Model\BaseModel.class.php 第 22 行.
NOTIC: [2048] Declaration of Home\Model\SiteModel::getData() should be compatible with Common\Model\BaseModel::getData($id, array $field) D:\shopsn\Application\Home\Model\SiteModel.class.php 第 140 行.
NOTIC: [8] Undefined index: area_id D:\shopsn\Application\Common\Model\RegionModel.class.php 第 486 行.
INFO: [ view_parse ] --START--
INFO: [ template_filter ] --START--
INFO: Run Behavior\ContentReplaceBehavior [ RunTime:0.000000s ]
INFO: [ template_filter ] --END-- [ RunTime:0.000000s ]
NOTIC: [8] Undefined index: name D:\shopsn\Runtime\Cache\Home\a44462bd0de1755670f0790f3f87e7a7.php 第 13 行.
INFO: Run Behavior\ParseTemplateBehavior [ RunTime:0.010001s ]
INFO: [ view_parse ] --END-- [ RunTime:0.010001s ]
INFO: [ view_filter ] --START--
INFO: Run Behavior\WriteHtmlCacheBehavior [ RunTime:0.001000s ]
INFO: [ view_filter ] --END-- [ RunTime:0.001000s ]
INFO: [ app_end ] --START--
INFO: Run Behavior\ShowPageTraceBehavior [ RunTime:0.001000s ]
INFO: [ app_end ] --END-- [ RunTime:0.001000s ]

[ 2018-05-21T09:54:37+08:00 ] 127.0.0.1 /index.php/Home/Index/banner.html
INFO: [ app_init ] --START--
INFO: Run Behavior\BuildLiteBehavior [ RunTime:0.000000s ]
INFO: [ app_init ] --END-- [ RunTime:0.001000s ]
INFO: [ app_begin ] --START--
INFO: Run Behavior\ReadHtmlCacheBehavior [ RunTime:0.001000s ]
INFO: [ app_begin ] --END-- [ RunTime:0.001000s ]
NOTIC: [2048] Declaration of Common\Model\BaseModel::check() should be compatible with Think\Model::check($value, $rule, $type = 'regex') D:\shopsn\Application\Common\Model\BaseModel.class.php 第 22 行.

[ 2018-05-21T09:54:37+08:00 ] 127.0.0.1 /index.php/Home/IndexClass/getGoodsClass.html
INFO: [ app_init ] --START--
INFO: Run Behavior\BuildLiteBehavior [ RunTime:0.000000s ]
INFO: [ app_init ] --END-- [ RunTime:0.001000s ]
INFO: [ app_begin ] --START--
INFO: Run Behavior\ReadHtmlCacheBehavior [ RunTime:0.001000s ]
INFO: [ app_begin ] --END-- [ RunTime:0.001000s ]

[ 2018-05-21T09:54:37+08:00 ] 127.0.0.1 /index.php/Home/IndexClass/getGoodsClass.html
INFO: [ app_init ] --START--
INFO: Run Behavior\BuildLiteBehavior [ RunTime:0.000000s ]
INFO: [ app_init ] --END-- [ RunTime:0.000000s ]
INFO: [ app_begin ] --START--
INFO: Run Behavior\ReadHtmlCacheBehavior [ RunTime:0.001000s ]
INFO: [ app_begin ] --END-- [ RunTime:0.001000s ]

[ 2018-05-21T09:54:39+08:00 ] 127.0.0.1 /index.php/Home/Index/index
INFO: [ app_init ] --START--
INFO: Run Behavior\BuildLiteBehavior [ RunTime:0.000000s ]
INFO: [ app_init ] --END-- [ RunTime:0.001000s ]

[ 2018-05-21T09:54:40+08:00 ] 127.0.0.1 /index.php/Home/IndexClass/getGoodsClass.html
INFO: [ app_init ] --START--
INFO: Run Behavior\BuildLiteBehavior [ RunTime:0.000000s ]
INFO: [ app_init ] --END-- [ RunTime:0.000000s ]
INFO: [ app_begin ] --START--
INFO: Run Behavior\ReadHtmlCacheBehavior [ RunTime:0.002000s ]
INFO: [ app_begin ] --END-- [ RunTime:0.002000s ]
NOTIC: [2048] Declaration of Common\Model\BaseModel::check() should be compatible with Think\Model::check($value, $rule, $type = 'regex') D:\shopsn\Application\Common\Model\BaseModel.class.php 第 22 行.
NOTIC: [8] Undefined offset: 1 D:\shopsn\Application\Home\Controller\IndexClassController.class.php 第 44 行.
NOTIC: [8] Undefined offset: 1 D:\shopsn\Application\Home\Controller\IndexClassController.class.php 第 45 行.

[ 2018-05-21T09:54:41+08:00 ] 127.0.0.1 /index.php/Home/Index/index
INFO: [ app_init ] --START--
INFO: Run Behavior\BuildLiteBehavior [ RunTime:0.000000s ]
INFO: [ app_init ] --END-- [ RunTime:0.000000s ]

[ 2018-05-21T09:54:43+08:00 ] 127.0.0.1 /index.php/Home/IndexClass/getGoodsClass.html
INFO: [ app_init ] --START--
INFO: Run Behavior\BuildLiteBehavior [ RunTime:0.000000s ]
INFO: [ app_init ] --END-- [ RunTime:0.000000s ]
INFO: [ app_begin ] --START--
INFO: Run Behavior\ReadHtmlCacheBehavior [ RunTime:0.006000s ]
INFO: [ app_begin ] --END-- [ RunTime:0.006000s ]
NOTIC: [2048] Declaration of Common\Model\BaseModel::check() should be compatible with Think\Model::check($value, $rule, $type = 'regex') D:\shopsn\Application\Common\Model\BaseModel.class.php 第 22 行.
NOTIC: [8] Undefined offset: 1 D:\shopsn\Application\Home\Controller\IndexClassController.class.php 第 44 行.
NOTIC: [8] Undefined offset: 1 D:\shopsn\Application\Home\Controller\IndexClassController.class.php 第 45 行.

[ 2018-05-21T09:54:44+08:00 ] 127.0.0.1 /index.php/Home/Index/index
INFO: [ app_init ] --START--
INFO: Run Behavior\BuildLiteBehavior [ RunTime:0.000000s ]
INFO: [ app_init ] --END-- [ RunTime:0.000000s ]

[ 2018-05-21T09:54:45+08:00 ] 127.0.0.1 /index.php/Home/IndexClass/getGoodsClass.html
INFO: [ app_init ] --START--
INFO: Run Behavior\BuildLiteBehavior [ RunTime:0.000000s ]
INFO: [ app_init ] --END-- [ RunTime:0.000000s ]
INFO: [ app_begin ] --START--
INFO: Run Behavior\ReadHtmlCacheBehavior [ RunTime:0.001000s ]
INFO: [ app_begin ] --END-- [ RunTime:0.001000s ]
NOTIC: [2048] Declaration of Common\Model\BaseModel::check() should be compatible with Think\Model::check($value, $rule, $type = 'regex') D:\shopsn\Application\Common\Model\BaseModel.class.php 第 22 行.
NOTIC: [8] Undefined offset: 1 D:\shopsn\Application\Home\Controller\IndexClassController.class.php 第 44 行.
NOTIC: [8] Undefined offset: 1 D:\shopsn\Application\Home\Controller\IndexClassController.class.php 第 45 行.

[ 2018-05-21T09:54:47+08:00 ] 127.0.0.1 /index.php/Home/Index/index
INFO: [ app_init ] --START--
INFO: Run Behavior\BuildLiteBehavior [ RunTime:0.000000s ]
INFO: [ app_init ] --END-- [ RunTime:0.001000s ]

[ 2018-05-21T09:54:48+08:00 ] 127.0.0.1 /index.php/Home/IndexClass/getGoodsClass.html
INFO: [ app_init ] --START--
INFO: Run Behavior\BuildLiteBehavior [ RunTime:0.000000s ]
INFO: [ app_init ] --END-- [ RunTime:0.000000s ]
INFO: [ app_begin ] --START--
INFO: Run Behavior\ReadHtmlCacheBehavior [ RunTime:0.001000s ]
INFO: [ app_begin ] --END-- [ RunTime:0.001000s ]
NOTIC: [2048] Declaration of Common\Model\BaseModel::check() should be compatible with Think\Model::check($value, $rule, $type = 'regex') D:\shopsn\Application\Common\Model\BaseModel.class.php 第 22 行.
NOTIC: [8] Undefined offset: 1 D:\shopsn\Application\Home\Controller\IndexClassController.class.php 第 44 行.
NOTIC: [8] Undefined offset: 1 D:\shopsn\Application\Home\Controller\IndexClassController.class.php 第 45 行.

[ 2018-05-21T09:54:50+08:00 ] 127.0.0.1 /index.php/Home/Goods/goodsDetails/id/3427.html
INFO: [ app_init ] --START--
INFO: Run Behavior\BuildLiteBehavior [ RunTime:0.000000s ]
INFO: [ app_init ] --END-- [ RunTime:0.000000s ]

[ 2018-05-21T09:54:51+08:00 ] 127.0.0.1 /index.php/Home/Index/index
INFO: [ app_init ] --START--
INFO: Run Behavior\BuildLiteBehavior [ RunTime:0.000000s ]
INFO: [ app_init ] --END-- [ RunTime:0.001000s ]

[ 2018-05-21T09:54:52+08:00 ] 127.0.0.1 /index.php/Home/Goods/getList.html
INFO: [ app_init ] --START--
INFO: Run Behavior\BuildLiteBehavior [ RunTime:0.000000s ]
INFO: [ app_init ] --END-- [ RunTime:0.000000s ]
INFO: [ app_begin ] --START--
INFO: Run Behavior\ReadHtmlCacheBehavior [ RunTime:0.001000s ]
INFO: [ app_begin ] --END-- [ RunTime:0.001000s ]
NOTIC: [2048] Declaration of Common\Model\BaseModel::check() should be compatible with Think\Model::check($value, $rule, $type = 'regex') D:\shopsn\Application\Common\Model\BaseModel.class.php 第 22 行.
NOTIC: [2048] Declaration of Home\Model\SiteModel::getData() should be compatible with Common\Model\BaseModel::getData($id, array $field) D:\shopsn\Application\Home\Model\SiteModel.class.php 第 140 行.
NOTIC: [8] Undefined index: area_id D:\shopsn\Application\Common\Model\RegionModel.class.php 第 486 行.
INFO: [ view_parse ] --START--
INFO: [ template_filter ] --START--
INFO: Run Behavior\ContentReplaceBehavior [ RunTime:0.000000s ]
INFO: [ template_filter ] --END-- [ RunTime:0.000000s ]
NOTIC: [8] Undefined index: name D:\shopsn\Runtime\Cache\Home\a44462bd0de1755670f0790f3f87e7a7.php 第 13 行.
INFO: Run Behavior\ParseTemplateBehavior [ RunTime:0.004001s ]
INFO: [ view_parse ] --END-- [ RunTime:0.004001s ]
INFO: [ view_filter ] --START--
INFO: Run Behavior\WriteHtmlCacheBehavior [ RunTime:0.000000s ]
INFO: [ view_filter ] --END-- [ RunTime:0.000000s ]
INFO: [ app_end ] --START--
INFO: Run Behavior\ShowPageTraceBehavior [ RunTime:0.000000s ]
INFO: [ app_end ] --END-- [ RunTime:0.000000s ]

[ 2018-05-21T09:54:53+08:00 ] 127.0.0.1 /index.php/Home/Goods/ajaxGetGoodsComment.html?goods_id=3427&show=view
INFO: [ app_init ] --START--
INFO: Run Behavior\BuildLiteBehavior [ RunTime:0.000000s ]
INFO: [ app_init ] --END-- [ RunTime:0.000000s ]
INFO: [ app_begin ] --START--
INFO: Run Behavior\ReadHtmlCacheBehavior [ RunTime:0.001000s ]
INFO: [ app_begin ] --END-- [ RunTime:0.001000s ]
NOTIC: [2048] Declaration of Common\Model\BaseModel::check() should be compatible with Think\Model::check($value, $rule, $type = 'regex') D:\shopsn\Application\Common\Model\BaseModel.class.php 第 22 行.
NOTIC: [8] Undefined variable: type D:\shopsn\Application\Home\Controller\GoodsController.class.php 第 449 行.
INFO: [ view_parse ] --START--
INFO: [ template_filter ] --START--
INFO: Run Behavior\ContentReplaceBehavior [ RunTime:0.000000s ]
INFO: [ template_filter ] --END-- [ RunTime:0.000000s ]
NOTIC: [8] Undefined variable: type D:\shopsn\Runtime\Cache\Home\7777a54b383d320fb84e979923870376.php 第 44 行.
NOTIC: [8] Undefined variable: type D:\shopsn\Runtime\Cache\Home\7777a54b383d320fb84e979923870376.php 第 45 行.
NOTIC: [8] Undefined variable: type D:\shopsn\Runtime\Cache\Home\7777a54b383d320fb84e979923870376.php 第 46 行.
NOTIC: [8] Undefined variable: type D:\shopsn\Runtime\Cache\Home\7777a54b383d320fb84e979923870376.php 第 47 行.
NOTIC: [8] Undefined variable: type D:\shopsn\Runtime\Cache\Home\7777a54b383d320fb84e979923870376.php 第 48 行.
NOTIC: [8] Undefined variable: type D:\shopsn\Runtime\Cache\Home\7777a54b383d320fb84e979923870376.php 第 49 行.
INFO: Run Behavior\ParseTemplateBehavior [ RunTime:0.017001s ]
INFO: [ view_parse ] --END-- [ RunTime:0.017001s ]
INFO: [ view_filter ] --START--
INFO: Run Behavior\WriteHtmlCacheBehavior [ RunTime:0.001000s ]
INFO: [ view_filter ] --END-- [ RunTime:0.001000s ]

[ 2018-05-21T09:54:55+08:00 ] 127.0.0.1 /index.php/Home/Goods/ajaxGetGuessLove.html
INFO: [ app_init ] --START--
INFO: Run Behavior\BuildLiteBehavior [ RunTime:0.000000s ]
INFO: [ app_init ] --END-- [ RunTime:0.000000s ]
INFO: [ app_begin ] --START--
INFO: Run Behavior\ReadHtmlCacheBehavior [ RunTime:0.001000s ]
INFO: [ app_begin ] --END-- [ RunTime:0.001000s ]
NOTIC: [2048] Declaration of Common\Model\BaseModel::check() should be compatible with Think\Model::check($value, $rule, $type = 'regex') D:\shopsn\Application\Common\Model\BaseModel.class.php 第 22 行.
INFO: [ view_parse ] --START--
INFO: [ template_filter ] --START--
INFO: Run Behavior\ContentReplaceBehavior [ RunTime:0.000000s ]
INFO: [ template_filter ] --END-- [ RunTime:0.000000s ]
INFO: Run Behavior\ParseTemplateBehavior [ RunTime:0.009000s ]
INFO: [ view_parse ] --END-- [ RunTime:0.009000s ]
INFO: [ view_filter ] --START--
INFO: Run Behavior\WriteHtmlCacheBehavior [ RunTime:0.001000s ]
INFO: [ view_filter ] --END-- [ RunTime:0.001000s ]
INFO: [ app_end ] --START--
INFO: Run Behavior\ShowPageTraceBehavior [ RunTime:0.001000s ]
INFO: [ app_end ] --END-- [ RunTime:0.001000s ]

[ 2018-05-21T09:54:56+08:00 ] 127.0.0.1 /index.php/Home/Goods/bestSelling.html
INFO: [ app_init ] --START--
INFO: Run Behavior\BuildLiteBehavior [ RunTime:0.000000s ]
INFO: [ app_init ] --END-- [ RunTime:0.000000s ]
INFO: [ app_begin ] --START--
INFO: Run Behavior\ReadHtmlCacheBehavior [ RunTime:0.001000s ]
INFO: [ app_begin ] --END-- [ RunTime:0.002000s ]
NOTIC: [2048] Declaration of Common\Model\BaseModel::check() should be compatible with Think\Model::check($value, $rule, $type = 'regex') D:\shopsn\Application\Common\Model\BaseModel.class.php 第 22 行.
NOTIC: [8] Undefined index: id D:\shopsn\Application\Common\Tool\Extend\parseString.class.php 第 251 行.
NOTIC: [8] Undefined index: id D:\shopsn\Application\Common\Tool\Extend\parseString.class.php 第 251 行.
NOTIC: [8] Undefined index: id D:\shopsn\Application\Common\Tool\Extend\parseString.class.php 第 251 行.
NOTIC: [8] Undefined index: id D:\shopsn\Application\Common\Tool\Extend\parseString.class.php 第 251 行.
INFO: [ view_parse ] --START--
INFO: [ template_filter ] --START--
INFO: Run Behavior\ContentReplaceBehavior [ RunTime:0.000000s ]
INFO: [ template_filter ] --END-- [ RunTime:0.000000s ]
INFO: Run Behavior\ParseTemplateBehavior [ RunTime:0.012001s ]
INFO: [ view_parse ] --END-- [ RunTime:0.012001s ]
INFO: [ view_filter ] --START--
INFO: Run Behavior\WriteHtmlCacheBehavior [ RunTime:0.001000s ]
INFO: [ view_filter ] --END-- [ RunTime:0.001000s ]
INFO: [ app_end ] --START--
INFO: Run Behavior\ShowPageTraceBehavior [ RunTime:0.002000s ]
INFO: [ app_end ] --END-- [ RunTime:0.002000s ]

[ 2018-05-21T09:54:57+08:00 ] 127.0.0.1 /index.php/Home/Goods/ajaxGetGoodsConsulation.html
INFO: [ app_init ] --START--
INFO: Run Behavior\BuildLiteBehavior [ RunTime:0.000000s ]
INFO: [ app_init ] --END-- [ RunTime:0.001000s ]
INFO: [ app_begin ] --START--
INFO: Run Behavior\ReadHtmlCacheBehavior [ RunTime:0.001000s ]
INFO: [ app_begin ] --END-- [ RunTime:0.001000s ]
NOTIC: [2048] Declaration of Common\Model\BaseModel::check() should be compatible with Think\Model::check($value, $rule, $type = 'regex') D:\shopsn\Application\Common\Model\BaseModel.class.php 第 22 行.
INFO: [ view_parse ] --START--
INFO: [ template_filter ] --START--
INFO: Run Behavior\ContentReplaceBehavior [ RunTime:0.000000s ]
INFO: [ template_filter ] --END-- [ RunTime:0.000000s ]
NOTIC: [8] Undefined index: page D:\shopsn\Runtime\Cache\Home\1eb902c520d2b859d526265c6a78e36f.php 第 25 行.
INFO: Run Behavior\ParseTemplateBehavior [ RunTime:0.009000s ]
INFO: [ view_parse ] --END-- [ RunTime:0.009000s ]
INFO: [ view_filter ] --START--
INFO: Run Behavior\WriteHtmlCacheBehavior [ RunTime:0.001000s ]
INFO: [ view_filter ] --END-- [ RunTime:0.001000s ]
INFO: [ app_end ] --START--
INFO: Run Behavior\ShowPageTraceBehavior [ RunTime:0.001000s ]
INFO: [ app_end ] --END-- [ RunTime:0.001000s ]

[ 2018-05-21T09:54:58+08:00 ] 127.0.0.1 /index.php/Home/Goods/ajaxGetGoodsRecommend.html?goods_id=3427
INFO: [ app_init ] --START--
INFO: Run Behavior\BuildLiteBehavior [ RunTime:0.001000s ]
INFO: [ app_init ] --END-- [ RunTime:0.001000s ]
INFO: [ app_begin ] --START--
INFO: Run Behavior\ReadHtmlCacheBehavior [ RunTime:0.002000s ]
INFO: [ app_begin ] --END-- [ RunTime:0.002000s ]
NOTIC: [2048] Declaration of Common\Model\BaseModel::check() should be compatible with Think\Model::check($value, $rule, $type = 'regex') D:\shopsn\Application\Common\Model\BaseModel.class.php 第 22 行.
NOTIC: [8] Undefined variable: str D:\shopsn\Application\Home\Model\GoodsModel.class.php 第 1008 行.
INFO: [ view_parse ] --START--
INFO: [ template_filter ] --START--
INFO: Run Behavior\ContentReplaceBehavior [ RunTime:0.000000s ]
INFO: [ template_filter ] --END-- [ RunTime:0.000000s ]
INFO: Run Behavior\ParseTemplateBehavior [ RunTime:0.013001s ]
INFO: [ view_parse ] --END-- [ RunTime:0.013001s ]
INFO: [ view_filter ] --START--
INFO: Run Behavior\WriteHtmlCacheBehavior [ RunTime:0.000000s ]
INFO: [ view_filter ] --END-- [ RunTime:0.000000s ]
INFO: [ app_end ] --START--
INFO: Run Behavior\ShowPageTraceBehavior [ RunTime:0.001000s ]
INFO: [ app_end ] --END-- [ RunTime:0.001000s ]

[ 2018-05-21T09:55:00+08:00 ] 127.0.0.1 /index.php/Home/Settlement/buyNow.html
INFO: [ app_init ] --START--
INFO: Run Behavior\BuildLiteBehavior [ RunTime:0.000000s ]
INFO: [ app_init ] --END-- [ RunTime:0.000000s ]

[ 2018-05-21T09:55:01+08:00 ] 127.0.0.1 /index.php/Home/Settlement/coupon.html
INFO: [ app_init ] --START--
INFO: Run Behavior\BuildLiteBehavior [ RunTime:0.000000s ]
INFO: [ app_init ] --END-- [ RunTime:0.000000s ]
INFO: [ app_begin ] --START--
INFO: Run Behavior\ReadHtmlCacheBehavior [ RunTime:0.001000s ]
INFO: [ app_begin ] --END-- [ RunTime:0.001000s ]
NOTIC: [2048] Declaration of Common\Model\BaseModel::check() should be compatible with Think\Model::check($value, $rule, $type = 'regex') D:\shopsn\Application\Common\Model\BaseModel.class.php 第 22 行.
INFO: [ reade ] --START--
INFO: Run Common\Behavior\WangJinTing [ RunTime:0.000000s ]
INFO: [ reade ] --END-- [ RunTime:0.000000s ]
NOTIC: [8] Undefined offset: 0 D:\shopsn\Core\Library\Think\Model.class.php 第 222 行.
INFO: [ view_parse ] --START--
INFO: [ template_filter ] --START--
INFO: Run Behavior\ContentReplaceBehavior [ RunTime:0.000000s ]
INFO: [ template_filter ] --END-- [ RunTime:0.000000s ]
INFO: Run Behavior\ParseTemplateBehavior [ RunTime:0.011001s ]
INFO: [ view_parse ] --END-- [ RunTime:0.011001s ]
INFO: [ view_filter ] --START--
INFO: Run Behavior\WriteHtmlCacheBehavior [ RunTime:0.000000s ]
INFO: [ view_filter ] --END-- [ RunTime:0.000000s ]
INFO: [ app_end ] --START--
INFO: Run Behavior\ShowPageTraceBehavior [ RunTime:0.001000s ]
INFO: [ app_end ] --END-- [ RunTime:0.001000s ]

[ 2018-05-21T09:55:03+08:00 ] 127.0.0.1 /index.php/Home/Settlement/invoice.html
INFO: [ app_init ] --START--
INFO: Run Behavior\BuildLiteBehavior [ RunTime:0.000000s ]
INFO: [ app_init ] --END-- [ RunTime:0.000000s ]
INFO: [ app_begin ] --START--
INFO: Run Behavior\ReadHtmlCacheBehavior [ RunTime:0.002000s ]
INFO: [ app_begin ] --END-- [ RunTime:0.003000s ]
NOTIC: [2048] Declaration of Common\Model\BaseModel::check() should be compatible with Think\Model::check($value, $rule, $type = 'regex') D:\shopsn\Application\Common\Model\BaseModel.class.php 第 22 行.
INFO: [ reade ] --START--
INFO: Run Common\Behavior\WangJinTing [ RunTime:0.001000s ]
INFO: [ reade ] --END-- [ RunTime:0.001000s ]
INFO: [ view_parse ] --START--
INFO: [ template_filter ] --START--
INFO: Run Behavior\ContentReplaceBehavior [ RunTime:0.001000s ]
INFO: [ template_filter ] --END-- [ RunTime:0.001000s ]
INFO: Run Behavior\ParseTemplateBehavior [ RunTime:0.009000s ]
INFO: [ view_parse ] --END-- [ RunTime:0.009000s ]
INFO: [ view_filter ] --START--
INFO: Run Behavior\WriteHtmlCacheBehavior [ RunTime:0.001000s ]
INFO: [ view_filter ] --END-- [ RunTime:0.001000s ]
INFO: [ app_end ] --START--
INFO: Run Behavior\ShowPageTraceBehavior [ RunTime:0.001000s ]
INFO: [ app_end ] --END-- [ RunTime:0.001000s ]

[ 2018-05-21T09:55:04+08:00 ] 127.0.0.1 /index.php/Home/Settlement/getAreaList.html
INFO: [ app_init ] --START--
INFO: Run Behavior\BuildLiteBehavior [ RunTime:0.000000s ]
INFO: [ app_init ] --END-- [ RunTime:0.001000s ]
INFO: [ app_begin ] --START--
INFO: Run Behavior\ReadHtmlCacheBehavior [ RunTime:0.002000s ]
INFO: [ app_begin ] --END-- [ RunTime:0.002000s ]
NOTIC: [2048] Declaration of Common\Model\BaseModel::check() should be compatible with Think\Model::check($value, $rule, $type = 'regex') D:\shopsn\Application\Common\Model\BaseModel.class.php 第 22 行.
INFO: [ reade ] --START--
INFO: Run Common\Behavior\WangJinTing [ RunTime:0.001000s ]
INFO: [ reade ] --END-- [ RunTime:0.001000s ]

[ 2018-05-21T09:55:05+08:00 ] 127.0.0.1 /index.php/Home/Settlement/getAreaListByUserId.html
INFO: [ app_init ] --START--
INFO: Run Behavior\BuildLiteBehavior [ RunTime:0.000000s ]
INFO: [ app_init ] --END-- [ RunTime:0.000000s ]
INFO: [ app_begin ] --START--
INFO: Run Behavior\ReadHtmlCacheBehavior [ RunTime:0.003000s ]
INFO: [ app_begin ] --END-- [ RunTime:0.003000s ]
NOTIC: [2048] Declaration of Common\Model\BaseModel::check() should be compatible with Think\Model::check($value, $rule, $type = 'regex') D:\shopsn\Application\Common\Model\BaseModel.class.php 第 22 行.
INFO: [ reade ] --START--
INFO: Run Common\Behavior\WangJinTing [ RunTime:0.001000s ]
INFO: [ reade ] --END-- [ RunTime:0.001000s ]
INFO: [ view_parse ] --START--
INFO: [ template_filter ] --START--
INFO: Run Behavior\ContentReplaceBehavior [ RunTime:0.000000s ]
INFO: [ template_filter ] --END-- [ RunTime:0.001000s ]
INFO: Run Behavior\ParseTemplateBehavior [ RunTime:0.023001s ]
INFO: [ view_parse ] --END-- [ RunTime:0.023001s ]
INFO: [ view_filter ] --START--
INFO: Run Behavior\WriteHtmlCacheBehavior [ RunTime:0.000000s ]
INFO: [ view_filter ] --END-- [ RunTime:0.000000s ]
INFO: [ app_end ] --START--
INFO: Run Behavior\ShowPageTraceBehavior [ RunTime:0.000000s ]
INFO: [ app_end ] --END-- [ RunTime:0.001000s ]

[ 2018-05-21T09:55:06+08:00 ] 127.0.0.1 /index.php/Home/Settlement/getList.html
INFO: [ app_init ] --START--
INFO: Run Behavior\BuildLiteBehavior [ RunTime:0.000000s ]
INFO: [ app_init ] --END-- [ RunTime:0.000000s ]
INFO: [ app_begin ] --START--
INFO: Run Behavior\ReadHtmlCacheBehavior [ RunTime:0.001000s ]
INFO: [ app_begin ] --END-- [ RunTime:0.001000s ]
NOTIC: [2048] Declaration of Common\Model\BaseModel::check() should be compatible with Think\Model::check($value, $rule, $type = 'regex') D:\shopsn\Application\Common\Model\BaseModel.class.php 第 22 行.
INFO: [ reade ] --START--
INFO: Run Common\Behavior\WangJinTing [ RunTime:0.001000s ]
INFO: [ reade ] --END-- [ RunTime:0.001000s ]
NOTIC: [2048] Declaration of Home\Model\SiteModel::getData() should be compatible with Common\Model\BaseModel::getData($id, array $field) D:\shopsn\Application\Home\Model\SiteModel.class.php 第 140 行.
NOTIC: [8] Undefined index: area_id D:\shopsn\Application\Common\Model\RegionModel.class.php 第 486 行.
INFO: [ view_parse ] --START--
INFO: [ template_filter ] --START--
INFO: Run Behavior\ContentReplaceBehavior [ RunTime:0.000000s ]
INFO: [ template_filter ] --END-- [ RunTime:0.000000s ]
NOTIC: [8] Undefined variable: areaLocation D:\shopsn\Runtime\Cache\Home\a44462bd0de1755670f0790f3f87e7a7.php 第 7 行.
NOTIC: [8] Undefined index: name D:\shopsn\Runtime\Cache\Home\a44462bd0de1755670f0790f3f87e7a7.php 第 13 行.
INFO: Run Behavior\ParseTemplateBehavior [ RunTime:0.000000s ]
INFO: [ view_parse ] --END-- [ RunTime:0.000000s ]
INFO: [ view_filter ] --START--
INFO: Run Behavior\WriteHtmlCacheBehavior [ RunTime:0.000000s ]
INFO: [ view_filter ] --END-- [ RunTime:0.000000s ]
INFO: [ app_end ] --START--
INFO: Run Behavior\ShowPageTraceBehavior [ RunTime:0.000000s ]
INFO: [ app_end ] --END-- [ RunTime:0.000000s ]

[ 2018-05-21T09:55:07+08:00 ] 127.0.0.1 /index.php/Home/Settlement/getGiftInfo.html
INFO: [ app_init ] --START--
INFO: Run Behavior\BuildLiteBehavior [ RunTime:0.000000s ]
INFO: [ app_init ] --END-- [ RunTime:0.000000s ]
INFO: [ app_begin ] --START--
INFO: Run Behavior\ReadHtmlCacheBehavior [ RunTime:0.002001s ]
INFO: [ app_begin ] --END-- [ RunTime:0.002001s ]
NOTIC: [2048] Declaration of Common\Model\BaseModel::check() should be compatible with Think\Model::check($value, $rule, $type = 'regex') D:\shopsn\Application\Common\Model\BaseModel.class.php 第 22 行.
INFO: [ reade ] --START--
INFO: Run Common\Behavior\WangJinTing [ RunTime:0.001000s ]
INFO: [ reade ] --END-- [ RunTime:0.002001s ]

[ 2018-05-21T09:55:09+08:00 ] 127.0.0.1 /index.php/Home/Settlement/getGiftInfo.html
INFO: [ app_init ] --START--
INFO: Run Behavior\BuildLiteBehavior [ RunTime:0.000000s ]
INFO: [ app_init ] --END-- [ RunTime:0.000000s ]
INFO: [ app_begin ] --START--
INFO: Run Behavior\ReadHtmlCacheBehavior [ RunTime:0.000000s ]
INFO: [ app_begin ] --END-- [ RunTime:0.000000s ]
NOTIC: [2048] Declaration of Common\Model\BaseModel::check() should be compatible with Think\Model::check($value, $rule, $type = 'regex') D:\shopsn\Application\Common\Model\BaseModel.class.php 第 22 行.
INFO: [ reade ] --START--
INFO: Run Common\Behavior\WangJinTing [ RunTime:0.001000s ]
INFO: [ reade ] --END-- [ RunTime:0.001000s ]

[ 2018-05-21T09:55:10+08:00 ] 127.0.0.1 /index.php/Home/Settlement/shipping.html
INFO: [ app_init ] --START--
INFO: Run Behavior\BuildLiteBehavior [ RunTime:0.000000s ]
INFO: [ app_init ] --END-- [ RunTime:0.000000s ]
INFO: [ app_begin ] --START--
INFO: Run Behavior\ReadHtmlCacheBehavior [ RunTime:0.000000s ]
INFO: [ app_begin ] --END-- [ RunTime:0.001000s ]
NOTIC: [2048] Declaration of Common\Model\BaseModel::check() should be compatible with Think\Model::check($value, $rule, $type = 'regex') D:\shopsn\Application\Common\Model\BaseModel.class.php 第 22 行.
INFO: [ reade ] --START--
INFO: Run Common\Behavior\WangJinTing [ RunTime:0.002001s ]
INFO: [ reade ] --END-- [ RunTime:0.002001s ]
INFO: [ view_parse ] --START--
INFO: [ template_filter ] --START--
INFO: Run Behavior\ContentReplaceBehavior [ RunTime:0.000000s ]
INFO: [ template_filter ] --END-- [ RunTime:0.000000s ]
INFO: Run Behavior\ParseTemplateBehavior [ RunTime:0.008000s ]
INFO: [ view_parse ] --END-- [ RunTime:0.009001s ]
INFO: [ view_filter ] --START--
INFO: Run Behavior\WriteHtmlCacheBehavior [ RunTime:0.001000s ]
INFO: [ view_filter ] --END-- [ RunTime:0.001000s ]
INFO: [ app_end ] --START--
INFO: Run Behavior\ShowPageTraceBehavior [ RunTime:0.001000s ]
INFO: [ app_end ] --END-- [ RunTime:0.001000s ]

[ 2018-05-21T09:55:11+08:00 ] 127.0.0.1 /index.php/Home/Settlement/sumFreight.html
INFO: [ app_init ] --START--
INFO: Run Behavior\BuildLiteBehavior [ RunTime:0.000000s ]
INFO: [ app_init ] --END-- [ RunTime:0.000000s ]
INFO: [ app_begin ] --START--
INFO: Run Behavior\ReadHtmlCacheBehavior [ RunTime:0.000000s ]
INFO: [ app_begin ] --END-- [ RunTime:0.001000s ]
NOTIC: [2048] Declaration of Common\Model\BaseModel::check() should be compatible with Think\Model::check($value, $rule, $type = 'regex') D:\shopsn\Application\Common\Model\BaseModel.class.php 第 22 行.
INFO: [ reade ] --START--
INFO: Run Common\Behavior\WangJinTing [ RunTime:0.000000s ]
INFO: [ reade ] --END-- [ RunTime:0.000000s ]

[ 2018-05-21T09:55:15+08:00 ] 127.0.0.1 /index.php/Home/Settlement/sumFreight.html
INFO: [ app_init ] --START--
INFO: Run Behavior\BuildLiteBehavior [ RunTime:0.000000s ]
INFO: [ app_init ] --END-- [ RunTime:0.000000s ]
INFO: [ app_begin ] --START--
INFO: Run Behavior\ReadHtmlCacheBehavior [ RunTime:0.000000s ]
INFO: [ app_begin ] --END-- [ RunTime:0.000000s ]
NOTIC: [2048] Declaration of Common\Model\BaseModel::check() should be compatible with Think\Model::check($value, $rule, $type = 'regex') D:\shopsn\Application\Common\Model\BaseModel.class.php 第 22 行.
INFO: [ reade ] --START--
INFO: Run Common\Behavior\WangJinTing [ RunTime:0.001000s ]
INFO: [ reade ] --END-- [ RunTime:0.001000s ]

[ 2018-05-21T10:30:13+08:00 ] 127.0.0.1 /
INFO: [ app_init ] --START--
INFO: Run Behavior\BuildLiteBehavior [ RunTime:0.000000s ]
INFO: [ app_init ] --END-- [ RunTime:0.000000s ]

[ 2018-05-21T17:15:20+08:00 ] 127.0.0.1 /
INFO: [ app_init ] --START--
INFO: Run Behavior\BuildLiteBehavior [ RunTime:0.000000s ]
INFO: [ app_init ] --END-- [ RunTime:0.000000s ]

[ 2018-05-21T17:16:28+08:00 ] 127.0.0.1 /index.php/Home/Index/list
INFO: [ app_init ] --START--
INFO: Run Behavior\BuildLiteBehavior [ RunTime:0.000000s ]
INFO: [ app_init ] --END-- [ RunTime:0.001000s ]
ERR: 非法操作:list

[ 2018-05-21T17:17:53+08:00 ] 127.0.0.1 /index.php/Home/Index/list
INFO: [ app_init ] --START--
INFO: Run Behavior\BuildLiteBehavior [ RunTime:0.000000s ]
INFO: [ app_init ] --END-- [ RunTime:0.000000s ]
ERR: 非法操作:list

[ 2018-05-21T17:18:08+08:00 ] 127.0.0.1 /index.php/Home/Index/list
INFO: [ app_init ] --START--
INFO: Run Behavior\BuildLiteBehavior [ RunTime:0.000000s ]
INFO: [ app_init ] --END-- [ RunTime:0.000000s ]
ERR: 非法操作:list

[ 2018-05-21T17:18:12+08:00 ] 127.0.0.1 /index.php/Home/Index/list
INFO: [ app_init ] --START--
INFO: Run Behavior\BuildLiteBehavior [ RunTime:0.000000s ]
INFO: [ app_init ] --END-- [ RunTime:0.000000s ]
ERR: 非法操作:list

[ 2018-05-21T17:20:19+08:00 ] 127.0.0.1 /index.php/Home/Index/list
INFO: [ app_init ] --START--
INFO: Run Behavior\BuildLiteBehavior [ RunTime:0.000000s ]
INFO: [ app_init ] --END-- [ RunTime:0.000000s ]
ERR: 非法操作:list

[ 2018-05-21T17:20:22+08:00 ] 127.0.0.1 /index.php/Home/Index/list
INFO: [ app_init ] --START--
INFO: Run Behavior\BuildLiteBehavior [ RunTime:0.000000s ]
INFO: [ app_init ] --END-- [ RunTime:0.000000s ]
ERR: 非法操作:list

[ 2018-05-21T17:20:30+08:00 ] 127.0.0.1 /index.php/Home/Index/list
INFO: [ app_init ] --START--
INFO: Run Behavior\BuildLiteBehavior [ RunTime:0.000000s ]
INFO: [ app_init ] --END-- [ RunTime:0.000000s ]
ERR: 非法操作:list

[ 2018-05-21T17:26:28+08:00 ] 127.0.0.1 /index.php/Home/Index/list
INFO: [ app_init ] --START--
INFO: Run Behavior\BuildLiteBehavior [ RunTime:0.000000s ]
INFO: [ app_init ] --END-- [ RunTime:0.000000s ]
ERR: 非法操作:list

[ 2018-05-21T17:26:38+08:00 ] 127.0.0.1 /index.php/Home/Index/getGoodsClass
INFO: [ app_init ] --START--
INFO: Run Behavior\BuildLiteBehavior [ RunTime:0.000000s ]
INFO: [ app_init ] --END-- [ RunTime:0.000000s ]

