[ 2018-09-07T15:35:30+08:00 ] 127.0.0.1 /adminprov.php
INFO: [ app_init ] --START--
INFO: Run Behavior\BuildLiteBehavior [ RunTime:0.000000s ]
INFO: [ app_init ] --END-- [ RunTime:0.001000s ]
NOTIC: [8] Constant UPLOAD_PATH already defined D:\shopsn\Application\Admin\Conf\config.php 第 2 行.

[ 2018-09-07T15:35:30+08:00 ] 127.0.0.1 /adminprov.php/Public/verify
INFO: [ app_init ] --START--
INFO: Run Behavior\BuildLiteBehavior [ RunTime:0.000000s ]
INFO: [ app_init ] --END-- [ RunTime:0.000000s ]
NOTIC: [8] Constant UPLOAD_PATH already defined D:\shopsn\Application\Admin\Conf\config.php 第 2 行.

[ 2018-09-07T15:35:38+08:00 ] 127.0.0.1 /adminprov.php/Public/verify/time/0.41011883461936205
INFO: [ app_init ] --START--
INFO: Run Behavior\BuildLiteBehavior [ RunTime:0.000000s ]
INFO: [ app_init ] --END-- [ RunTime:0.000000s ]
NOTIC: [8] Constant UPLOAD_PATH already defined D:\shopsn\Application\Admin\Conf\config.php 第 2 行.

[ 2018-09-07T15:35:39+08:00 ] 127.0.0.1 /adminprov.php/Public/verify/time/0.8119480900266536
INFO: [ app_init ] --START--
INFO: Run Behavior\BuildLiteBehavior [ RunTime:0.000000s ]
INFO: [ app_init ] --END-- [ RunTime:0.000000s ]
NOTIC: [8] Constant UPLOAD_PATH already defined D:\shopsn\Application\Admin\Conf\config.php 第 2 行.

[ 2018-09-07T15:35:45+08:00 ] 127.0.0.1 /adminprov.php/Public/check_code?code=wmd4
INFO: [ app_init ] --START--
INFO: Run Behavior\BuildLiteBehavior [ RunTime:0.000000s ]
INFO: [ app_init ] --END-- [ RunTime:0.000000s ]
NOTIC: [8] Constant UPLOAD_PATH already defined D:\shopsn\Application\Admin\Conf\config.php 第 2 行.
INFO: [ app_begin ] --START--
INFO: Run Behavior\ReadHtmlCacheBehavior [ RunTime:0.002000s ]
INFO: [ app_begin ] --END-- [ RunTime:0.002000s ]

[ 2018-09-07T15:35:46+08:00 ] 127.0.0.1 /adminprov.php/Public/login
INFO: [ app_init ] --START--
INFO: Run Behavior\BuildLiteBehavior [ RunTime:0.000000s ]
INFO: [ app_init ] --END-- [ RunTime:0.000000s ]
NOTIC: [8] Constant UPLOAD_PATH already defined D:\shopsn\Application\Admin\Conf\config.php 第 2 行.

[ 2018-09-07T15:35:49+08:00 ] 127.0.0.1 /adminprov.php/Index/index
INFO: [ app_init ] --START--
INFO: Run Behavior\BuildLiteBehavior [ RunTime:0.000000s ]
INFO: [ app_init ] --END-- [ RunTime:0.000000s ]
NOTIC: [8] Constant UPLOAD_PATH already defined D:\shopsn\Application\Admin\Conf\config.php 第 2 行.

[ 2018-09-07T15:35:51+08:00 ] 127.0.0.1 /adminprov.php/Index/main
INFO: [ app_init ] --START--
INFO: Run Behavior\BuildLiteBehavior [ RunTime:0.000000s ]
INFO: [ app_init ] --END-- [ RunTime:0.001000s ]
NOTIC: [8] Constant UPLOAD_PATH already defined D:\shopsn\Application\Admin\Conf\config.php 第 2 行.

[ 2018-09-07T15:35:52+08:00 ] 127.0.0.1 /adminprov.php/User/userList
INFO: [ app_init ] --START--
INFO: Run Behavior\BuildLiteBehavior [ RunTime:0.000000s ]
INFO: [ app_init ] --END-- [ RunTime:0.000000s ]
NOTIC: [8] Constant UPLOAD_PATH already defined D:\shopsn\Application\Admin\Conf\config.php 第 2 行.

[ 2018-09-07T15:35:53+08:00 ] 127.0.0.1 /adminprov.php/User/ajaxUserList?p=1
INFO: [ app_init ] --START--
INFO: Run Behavior\BuildLiteBehavior [ RunTime:0.000000s ]
INFO: [ app_init ] --END-- [ RunTime:0.000000s ]
NOTIC: [8] Constant UPLOAD_PATH already defined D:\shopsn\Application\Admin\Conf\config.php 第 2 行.
INFO: [ app_begin ] --START--
INFO: Run Behavior\ReadHtmlCacheBehavior [ RunTime:0.001000s ]
INFO: [ app_begin ] --END-- [ RunTime:0.001000s ]
INFO: [ Search ] --START--
INFO: Run Common\Behavior\SearParamBehavior [ RunTime:0.002000s ]
INFO: [ Search ] --END-- [ RunTime:0.002000s ]
INFO: [ view_parse ] --START--
INFO: [ template_filter ] --START--
INFO: Run Behavior\ContentReplaceBehavior [ RunTime:0.000000s ]
INFO: [ template_filter ] --END-- [ RunTime:0.000000s ]
NOTIC: [8] Undefined index: validate_email D:\shopsn\Runtime\Cache\Admin\44357395255aa20c147dd64fd5f0b803.php 第 46 行.
NOTIC: [8] Undefined index: account_balance D:\shopsn\Runtime\Cache\Admin\44357395255aa20c147dd64fd5f0b803.php 第 49 行.
NOTIC: [8] Undefined index: lock_balance D:\shopsn\Runtime\Cache\Admin\44357395255aa20c147dd64fd5f0b803.php 第 50 行.
NOTIC: [8] Undefined index: validate_email D:\shopsn\Runtime\Cache\Admin\44357395255aa20c147dd64fd5f0b803.php 第 46 行.
NOTIC: [8] Undefined index: account_balance D:\shopsn\Runtime\Cache\Admin\44357395255aa20c147dd64fd5f0b803.php 第 49 行.
NOTIC: [8] Undefined index: lock_balance D:\shopsn\Runtime\Cache\Admin\44357395255aa20c147dd64fd5f0b803.php 第 50 行.
NOTIC: [8] Undefined index: validate_email D:\shopsn\Runtime\Cache\Admin\44357395255aa20c147dd64fd5f0b803.php 第 46 行.
NOTIC: [8] Undefined index: account_balance D:\shopsn\Runtime\Cache\Admin\44357395255aa20c147dd64fd5f0b803.php 第 49 行.
NOTIC: [8] Undefined index: lock_balance D:\shopsn\Runtime\Cache\Admin\44357395255aa20c147dd64fd5f0b803.php 第 50 行.
INFO: Run Behavior\ParseTemplateBehavior [ RunTime:0.017001s ]
INFO: [ view_parse ] --END-- [ RunTime:0.017001s ]
INFO: [ view_filter ] --START--
INFO: Run Behavior\WriteHtmlCacheBehavior [ RunTime:0.001000s ]
INFO: [ view_filter ] --END-- [ RunTime:0.001000s ]
INFO: [ app_end ] --START--
INFO: Run Behavior\ShowPageTraceBehavior [ RunTime:0.000000s ]
INFO: [ app_end ] --END-- [ RunTime:0.001001s ]

[ 2018-09-07T15:35:54+08:00 ] 127.0.0.1 /adminprov.php/User/userList
INFO: [ app_init ] --START--
INFO: Run Behavior\BuildLiteBehavior [ RunTime:0.000000s ]
INFO: [ app_init ] --END-- [ RunTime:0.000000s ]
NOTIC: [8] Constant UPLOAD_PATH already defined D:\shopsn\Application\Admin\Conf\config.php 第 2 行.

[ 2018-09-07T15:35:56+08:00 ] 127.0.0.1 /adminprov.php/User/ajaxUserList?p=1
INFO: [ app_init ] --START--
INFO: Run Behavior\BuildLiteBehavior [ RunTime:0.000000s ]
INFO: [ app_init ] --END-- [ RunTime:0.000000s ]
NOTIC: [8] Constant UPLOAD_PATH already defined D:\shopsn\Application\Admin\Conf\config.php 第 2 行.
INFO: [ app_begin ] --START--
INFO: Run Behavior\ReadHtmlCacheBehavior [ RunTime:0.001000s ]
INFO: [ app_begin ] --END-- [ RunTime:0.001000s ]
INFO: [ Search ] --START--
INFO: Run Common\Behavior\SearParamBehavior [ RunTime:0.002000s ]
INFO: [ Search ] --END-- [ RunTime:0.002000s ]
INFO: [ view_parse ] --START--
INFO: [ template_filter ] --START--
INFO: Run Behavior\ContentReplaceBehavior [ RunTime:0.000000s ]
INFO: [ template_filter ] --END-- [ RunTime:0.000000s ]
NOTIC: [8] Undefined index: validate_email D:\shopsn\Runtime\Cache\Admin\44357395255aa20c147dd64fd5f0b803.php 第 46 行.
NOTIC: [8] Undefined index: account_balance D:\shopsn\Runtime\Cache\Admin\44357395255aa20c147dd64fd5f0b803.php 第 49 行.
NOTIC: [8] Undefined index: lock_balance D:\shopsn\Runtime\Cache\Admin\44357395255aa20c147dd64fd5f0b803.php 第 50 行.
NOTIC: [8] Undefined index: validate_email D:\shopsn\Runtime\Cache\Admin\44357395255aa20c147dd64fd5f0b803.php 第 46 行.
NOTIC: [8] Undefined index: account_balance D:\shopsn\Runtime\Cache\Admin\44357395255aa20c147dd64fd5f0b803.php 第 49 行.
NOTIC: [8] Undefined index: lock_balance D:\shopsn\Runtime\Cache\Admin\44357395255aa20c147dd64fd5f0b803.php 第 50 行.
NOTIC: [8] Undefined index: validate_email D:\shopsn\Runtime\Cache\Admin\44357395255aa20c147dd64fd5f0b803.php 第 46 行.
NOTIC: [8] Undefined index: account_balance D:\shopsn\Runtime\Cache\Admin\44357395255aa20c147dd64fd5f0b803.php 第 49 行.
NOTIC: [8] Undefined index: lock_balance D:\shopsn\Runtime\Cache\Admin\44357395255aa20c147dd64fd5f0b803.php 第 50 行.
INFO: Run Behavior\ParseTemplateBehavior [ RunTime:0.012000s ]
INFO: [ view_parse ] --END-- [ RunTime:0.012000s ]
INFO: [ view_filter ] --START--
INFO: Run Behavior\WriteHtmlCacheBehavior [ RunTime:0.000000s ]
INFO: [ view_filter ] --END-- [ RunTime:0.000000s ]
INFO: [ app_end ] --START--
INFO: Run Behavior\ShowPageTraceBehavior [ RunTime:0.002000s ]
INFO: [ app_end ] --END-- [ RunTime:0.002000s ]

[ 2018-09-07T15:36:00+08:00 ] 127.0.0.1 /adminprov.php/User/showUserAddress/id/5
INFO: [ app_init ] --START--
INFO: Run Behavior\BuildLiteBehavior [ RunTime:0.000000s ]
INFO: [ app_init ] --END-- [ RunTime:0.000000s ]
NOTIC: [8] Constant UPLOAD_PATH already defined D:\shopsn\Application\Admin\Conf\config.php 第 2 行.

[ 2018-09-07T15:36:08+08:00 ] 127.0.0.1 /adminprov.php/User/showUserAddress/id/3
INFO: [ app_init ] --START--
INFO: Run Behavior\BuildLiteBehavior [ RunTime:0.000000s ]
INFO: [ app_init ] --END-- [ RunTime:0.000000s ]
NOTIC: [8] Constant UPLOAD_PATH already defined D:\shopsn\Application\Admin\Conf\config.php 第 2 行.

[ 2018-09-07T15:36:12+08:00 ] 127.0.0.1 /adminprov.php/User/showUserAddress/id/5
INFO: [ app_init ] --START--
INFO: Run Behavior\BuildLiteBehavior [ RunTime:0.000000s ]
INFO: [ app_init ] --END-- [ RunTime:0.000000s ]
NOTIC: [8] Constant UPLOAD_PATH already defined D:\shopsn\Application\Admin\Conf\config.php 第 2 行.

[ 2018-09-07T15:36:15+08:00 ] 127.0.0.1 /adminprov.php/User/showUserAddress/id/4
INFO: [ app_init ] --START--
INFO: Run Behavior\BuildLiteBehavior [ RunTime:0.000000s ]
INFO: [ app_init ] --END-- [ RunTime:0.000000s ]
NOTIC: [8] Constant UPLOAD_PATH already defined D:\shopsn\Application\Admin\Conf\config.php 第 2 行.

