[ 2018-06-06T17:29:02+08:00 ] 127.0.0.1 /adminprov.php
INFO: [ app_init ] --START--
INFO: Run Behavior\BuildLiteBehavior [ RunTime:0.000000s ]
INFO: [ app_init ] --END-- [ RunTime:0.000000s ]
NOTIC: [8] Constant UPLOAD_PATH already defined D:\shopsn\Application\Admin\Conf\config.php 第 2 行.

[ 2018-06-06T17:29:02+08:00 ] 127.0.0.1 /adminprov.php/Public/verify
INFO: [ app_init ] --START--
INFO: Run Behavior\BuildLiteBehavior [ RunTime:0.000000s ]
INFO: [ app_init ] --END-- [ RunTime:0.001000s ]
NOTIC: [8] Constant UPLOAD_PATH already defined D:\shopsn\Application\Admin\Conf\config.php 第 2 行.

[ 2018-06-06T17:29:10+08:00 ] 127.0.0.1 /adminprov.php/Public/check_code?code=nxnn
INFO: [ app_init ] --START--
INFO: Run Behavior\BuildLiteBehavior [ RunTime:0.000000s ]
INFO: [ app_init ] --END-- [ RunTime:0.000000s ]
NOTIC: [8] Constant UPLOAD_PATH already defined D:\shopsn\Application\Admin\Conf\config.php 第 2 行.
INFO: [ app_begin ] --START--
INFO: Run Behavior\ReadHtmlCacheBehavior [ RunTime:0.000000s ]
INFO: [ app_begin ] --END-- [ RunTime:0.000000s ]

[ 2018-06-06T17:29:12+08:00 ] 127.0.0.1 /adminprov.php/Public/login
INFO: [ app_init ] --START--
INFO: Run Behavior\BuildLiteBehavior [ RunTime:0.000000s ]
INFO: [ app_init ] --END-- [ RunTime:0.001000s ]
NOTIC: [8] Constant UPLOAD_PATH already defined D:\shopsn\Application\Admin\Conf\config.php 第 2 行.

[ 2018-06-06T17:29:15+08:00 ] 127.0.0.1 /adminprov.php/Index/index
INFO: [ app_init ] --START--
INFO: Run Behavior\BuildLiteBehavior [ RunTime:0.000000s ]
INFO: [ app_init ] --END-- [ RunTime:0.000000s ]
NOTIC: [8] Constant UPLOAD_PATH already defined D:\shopsn\Application\Admin\Conf\config.php 第 2 行.

[ 2018-06-06T17:29:16+08:00 ] 127.0.0.1 /adminprov.php/Index/main
INFO: [ app_init ] --START--
INFO: Run Behavior\BuildLiteBehavior [ RunTime:0.000000s ]
INFO: [ app_init ] --END-- [ RunTime:0.000000s ]
NOTIC: [8] Constant UPLOAD_PATH already defined D:\shopsn\Application\Admin\Conf\config.php 第 2 行.

[ 2018-06-06T17:29:17+08:00 ] 127.0.0.1 /adminprov.php/Index/getTodayShopInformation
INFO: [ app_init ] --START--
INFO: Run Behavior\BuildLiteBehavior [ RunTime:0.000000s ]
INFO: [ app_init ] --END-- [ RunTime:0.001000s ]
NOTIC: [8] Constant UPLOAD_PATH already defined D:\shopsn\Application\Admin\Conf\config.php 第 2 行.
INFO: [ app_begin ] --START--
INFO: Run Behavior\ReadHtmlCacheBehavior [ RunTime:0.001000s ]
INFO: [ app_begin ] --END-- [ RunTime:0.001000s ]
NOTIC: [2048] Declaration of Common\Model\BaseModel::check() should be compatible with Think\Model::check($value, $rule, $type = 'regex') D:\shopsn\Application\Common\Model\BaseModel.class.php 第 22 行.
NOTIC: [2048] Declaration of Admin\Model\OrderModel::getOrder() should be compatible with Common\Model\BaseModel::getOrder() D:\shopsn\Application\Admin\Model\OrderModel.class.php 第 24 行.
INFO: [ view_parse ] --START--
INFO: [ template_filter ] --START--
INFO: Run Behavior\ContentReplaceBehavior [ RunTime:0.000000s ]
INFO: [ template_filter ] --END-- [ RunTime:0.000000s ]
NOTIC: [8] Undefined variable: count D:\shopsn\Runtime\Cache\Admin\cb2a3056dfdbbb320ffa3516da0f28db.php 第 29 行.
INFO: Run Behavior\ParseTemplateBehavior [ RunTime:0.002000s ]
INFO: [ view_parse ] --END-- [ RunTime:0.002000s ]
INFO: [ view_filter ] --START--
INFO: Run Behavior\WriteHtmlCacheBehavior [ RunTime:0.000000s ]
INFO: [ view_filter ] --END-- [ RunTime:0.000000s ]
INFO: [ app_end ] --START--
INFO: Run Behavior\ShowPageTraceBehavior [ RunTime:0.000000s ]
INFO: [ app_end ] --END-- [ RunTime:0.000000s ]

[ 2018-06-06T17:29:18+08:00 ] 127.0.0.1 /adminprov.php/Index/getAllShopInformation
INFO: [ app_init ] --START--
INFO: Run Behavior\BuildLiteBehavior [ RunTime:0.000000s ]
INFO: [ app_init ] --END-- [ RunTime:0.000000s ]
NOTIC: [8] Constant UPLOAD_PATH already defined D:\shopsn\Application\Admin\Conf\config.php 第 2 行.
INFO: [ app_begin ] --START--
INFO: Run Behavior\ReadHtmlCacheBehavior [ RunTime:0.002000s ]
INFO: [ app_begin ] --END-- [ RunTime:0.002000s ]
NOTIC: [2048] Declaration of Common\Model\BaseModel::check() should be compatible with Think\Model::check($value, $rule, $type = 'regex') D:\shopsn\Application\Common\Model\BaseModel.class.php 第 22 行.
NOTIC: [2048] Declaration of Admin\Model\OrderModel::getOrder() should be compatible with Common\Model\BaseModel::getOrder() D:\shopsn\Application\Admin\Model\OrderModel.class.php 第 24 行.
INFO: [ view_parse ] --START--
INFO: [ template_filter ] --START--
INFO: Run Behavior\ContentReplaceBehavior [ RunTime:0.000000s ]
INFO: [ template_filter ] --END-- [ RunTime:0.000000s ]
INFO: Run Behavior\ParseTemplateBehavior [ RunTime:0.003000s ]
INFO: [ view_parse ] --END-- [ RunTime:0.003000s ]
INFO: [ view_filter ] --START--
INFO: Run Behavior\WriteHtmlCacheBehavior [ RunTime:0.015600s ]
INFO: [ view_filter ] --END-- [ RunTime:0.015600s ]
INFO: [ app_end ] --START--
INFO: Run Behavior\ShowPageTraceBehavior [ RunTime:0.000000s ]
INFO: [ app_end ] --END-- [ RunTime:0.000000s ]

[ 2018-06-06T17:29:21+08:00 ] 127.0.0.1 /adminprov.php/Goods/goods_list
INFO: [ app_init ] --START--
INFO: Run Behavior\BuildLiteBehavior [ RunTime:0.000000s ]
INFO: [ app_init ] --END-- [ RunTime:0.000000s ]
NOTIC: [8] Constant UPLOAD_PATH already defined D:\shopsn\Application\Admin\Conf\config.php 第 2 行.

[ 2018-06-06T17:29:23+08:00 ] 127.0.0.1 /adminprov.php/Goods/goods_add
INFO: [ app_init ] --START--
INFO: Run Behavior\BuildLiteBehavior [ RunTime:0.000000s ]
INFO: [ app_init ] --END-- [ RunTime:0.000000s ]
NOTIC: [8] Constant UPLOAD_PATH already defined D:\shopsn\Application\Admin\Conf\config.php 第 2 行.

[ 2018-06-06T17:29:25+08:00 ] 127.0.0.1 /adminprov.php/Goods/goodsCategory
INFO: [ app_init ] --START--
INFO: Run Behavior\BuildLiteBehavior [ RunTime:0.000000s ]
INFO: [ app_init ] --END-- [ RunTime:0.000000s ]
NOTIC: [8] Constant UPLOAD_PATH already defined D:\shopsn\Application\Admin\Conf\config.php 第 2 行.
INFO: [ app_begin ] --START--
INFO: Run Behavior\ReadHtmlCacheBehavior [ RunTime:0.001000s ]
INFO: [ app_begin ] --END-- [ RunTime:0.001000s ]
NOTIC: [2048] Common\Controller\AuthController and Common\TraitClass\SmsVerification define the same property ($error) in the composition of Admin\Controller\GoodsController. This might be incompatible, to improve maintainability consider using accessor methods in traits instead. Class was composed D:\shopsn\Application\Admin\Controller\GoodsController.class.php 第 1088 行.
NOTIC: [2048] Common\Controller\AuthController and Common\TraitClass\SmsVerification define the same property ($key) in the composition of Admin\Controller\GoodsController. This might be incompatible, to improve maintainability consider using accessor methods in traits instead. Class was composed D:\shopsn\Application\Admin\Controller\GoodsController.class.php 第 1088 行.
NOTIC: [2048] Declaration of Common\Model\BaseModel::check() should be compatible with Think\Model::check($value, $rule, $type = 'regex') D:\shopsn\Application\Common\Model\BaseModel.class.php 第 22 行.

[ 2018-06-06T17:29:26+08:00 ] 127.0.0.1 /adminprov.php/Goods/goodsCategory
INFO: [ app_init ] --START--
INFO: Run Behavior\BuildLiteBehavior [ RunTime:0.000000s ]
INFO: [ app_init ] --END-- [ RunTime:0.000000s ]
NOTIC: [8] Constant UPLOAD_PATH already defined D:\shopsn\Application\Admin\Conf\config.php 第 2 行.
INFO: [ app_begin ] --START--
INFO: Run Behavior\ReadHtmlCacheBehavior [ RunTime:0.001000s ]
INFO: [ app_begin ] --END-- [ RunTime:0.001000s ]
NOTIC: [2048] Common\Controller\AuthController and Common\TraitClass\SmsVerification define the same property ($error) in the composition of Admin\Controller\GoodsController. This might be incompatible, to improve maintainability consider using accessor methods in traits instead. Class was composed D:\shopsn\Application\Admin\Controller\GoodsController.class.php 第 1088 行.
NOTIC: [2048] Common\Controller\AuthController and Common\TraitClass\SmsVerification define the same property ($key) in the composition of Admin\Controller\GoodsController. This might be incompatible, to improve maintainability consider using accessor methods in traits instead. Class was composed D:\shopsn\Application\Admin\Controller\GoodsController.class.php 第 1088 行.
NOTIC: [2048] Declaration of Common\Model\BaseModel::check() should be compatible with Think\Model::check($value, $rule, $type = 'regex') D:\shopsn\Application\Common\Model\BaseModel.class.php 第 22 行.

[ 2018-06-06T17:30:18+08:00 ] 127.0.0.1 /adminprov.php/Goods/goodsCategory
INFO: [ app_init ] --START--
INFO: Run Behavior\BuildLiteBehavior [ RunTime:0.000000s ]
INFO: [ app_init ] --END-- [ RunTime:0.000000s ]
NOTIC: [8] Constant UPLOAD_PATH already defined D:\shopsn\Application\Admin\Conf\config.php 第 2 行.
INFO: [ app_begin ] --START--
INFO: Run Behavior\ReadHtmlCacheBehavior [ RunTime:0.001000s ]
INFO: [ app_begin ] --END-- [ RunTime:0.001000s ]
NOTIC: [2048] Common\Controller\AuthController and Common\TraitClass\SmsVerification define the same property ($error) in the composition of Admin\Controller\GoodsController. This might be incompatible, to improve maintainability consider using accessor methods in traits instead. Class was composed D:\shopsn\Application\Admin\Controller\GoodsController.class.php 第 1088 行.
NOTIC: [2048] Common\Controller\AuthController and Common\TraitClass\SmsVerification define the same property ($key) in the composition of Admin\Controller\GoodsController. This might be incompatible, to improve maintainability consider using accessor methods in traits instead. Class was composed D:\shopsn\Application\Admin\Controller\GoodsController.class.php 第 1088 行.
NOTIC: [2048] Declaration of Common\Model\BaseModel::check() should be compatible with Think\Model::check($value, $rule, $type = 'regex') D:\shopsn\Application\Common\Model\BaseModel.class.php 第 22 行.

[ 2018-06-06T17:30:20+08:00 ] 127.0.0.1 /adminprov.php/Goods/goodsCategory
INFO: [ app_init ] --START--
INFO: Run Behavior\BuildLiteBehavior [ RunTime:0.000000s ]
INFO: [ app_init ] --END-- [ RunTime:0.000000s ]
NOTIC: [8] Constant UPLOAD_PATH already defined D:\shopsn\Application\Admin\Conf\config.php 第 2 行.
INFO: [ app_begin ] --START--
INFO: Run Behavior\ReadHtmlCacheBehavior [ RunTime:0.001000s ]
INFO: [ app_begin ] --END-- [ RunTime:0.001000s ]
NOTIC: [2048] Common\Controller\AuthController and Common\TraitClass\SmsVerification define the same property ($error) in the composition of Admin\Controller\GoodsController. This might be incompatible, to improve maintainability consider using accessor methods in traits instead. Class was composed D:\shopsn\Application\Admin\Controller\GoodsController.class.php 第 1088 行.
NOTIC: [2048] Common\Controller\AuthController and Common\TraitClass\SmsVerification define the same property ($key) in the composition of Admin\Controller\GoodsController. This might be incompatible, to improve maintainability consider using accessor methods in traits instead. Class was composed D:\shopsn\Application\Admin\Controller\GoodsController.class.php 第 1088 行.
NOTIC: [2048] Declaration of Common\Model\BaseModel::check() should be compatible with Think\Model::check($value, $rule, $type = 'regex') D:\shopsn\Application\Common\Model\BaseModel.class.php 第 22 行.

[ 2018-06-06T17:30:25+08:00 ] 127.0.0.1 /adminprov.php/Goods/goodsCategory
INFO: [ app_init ] --START--
INFO: Run Behavior\BuildLiteBehavior [ RunTime:0.000000s ]
INFO: [ app_init ] --END-- [ RunTime:0.000000s ]
NOTIC: [8] Constant UPLOAD_PATH already defined D:\shopsn\Application\Admin\Conf\config.php 第 2 行.
INFO: [ app_begin ] --START--
INFO: Run Behavior\ReadHtmlCacheBehavior [ RunTime:0.001000s ]
INFO: [ app_begin ] --END-- [ RunTime:0.001000s ]
NOTIC: [2048] Common\Controller\AuthController and Common\TraitClass\SmsVerification define the same property ($error) in the composition of Admin\Controller\GoodsController. This might be incompatible, to improve maintainability consider using accessor methods in traits instead. Class was composed D:\shopsn\Application\Admin\Controller\GoodsController.class.php 第 1088 行.
NOTIC: [2048] Common\Controller\AuthController and Common\TraitClass\SmsVerification define the same property ($key) in the composition of Admin\Controller\GoodsController. This might be incompatible, to improve maintainability consider using accessor methods in traits instead. Class was composed D:\shopsn\Application\Admin\Controller\GoodsController.class.php 第 1088 行.
NOTIC: [2048] Declaration of Common\Model\BaseModel::check() should be compatible with Think\Model::check($value, $rule, $type = 'regex') D:\shopsn\Application\Common\Model\BaseModel.class.php 第 22 行.

[ 2018-06-06T17:30:27+08:00 ] 127.0.0.1 /adminprov.php/Goods/goodsCategory
INFO: [ app_init ] --START--
INFO: Run Behavior\BuildLiteBehavior [ RunTime:0.000000s ]
INFO: [ app_init ] --END-- [ RunTime:0.000000s ]
NOTIC: [8] Constant UPLOAD_PATH already defined D:\shopsn\Application\Admin\Conf\config.php 第 2 行.
INFO: [ app_begin ] --START--
INFO: Run Behavior\ReadHtmlCacheBehavior [ RunTime:0.004000s ]
INFO: [ app_begin ] --END-- [ RunTime:0.004000s ]
NOTIC: [2048] Common\Controller\AuthController and Common\TraitClass\SmsVerification define the same property ($error) in the composition of Admin\Controller\GoodsController. This might be incompatible, to improve maintainability consider using accessor methods in traits instead. Class was composed D:\shopsn\Application\Admin\Controller\GoodsController.class.php 第 1088 行.
NOTIC: [2048] Common\Controller\AuthController and Common\TraitClass\SmsVerification define the same property ($key) in the composition of Admin\Controller\GoodsController. This might be incompatible, to improve maintainability consider using accessor methods in traits instead. Class was composed D:\shopsn\Application\Admin\Controller\GoodsController.class.php 第 1088 行.
NOTIC: [2048] Declaration of Common\Model\BaseModel::check() should be compatible with Think\Model::check($value, $rule, $type = 'regex') D:\shopsn\Application\Common\Model\BaseModel.class.php 第 22 行.

