[ 2018-07-10T15:49:46+08:00 ] 127.0.0.1 /adminprov.php
INFO: [ app_init ] --START--
INFO: Run Behavior\BuildLiteBehavior [ RunTime:0.000000s ]
INFO: [ app_init ] --END-- [ RunTime:0.000000s ]
NOTIC: [8] Constant UPLOAD_PATH already defined D:\shopsn\Application\Admin\Conf\config.php 第 2 行.

[ 2018-07-10T15:49:47+08:00 ] 127.0.0.1 /adminprov.php/Public/verify
INFO: [ app_init ] --START--
INFO: Run Behavior\BuildLiteBehavior [ RunTime:0.000000s ]
INFO: [ app_init ] --END-- [ RunTime:0.000000s ]
NOTIC: [8] Constant UPLOAD_PATH already defined D:\shopsn\Application\Admin\Conf\config.php 第 2 行.

[ 2018-07-10T15:49:54+08:00 ] 127.0.0.1 /adminprov.php/Public/check_code?code=dvby
INFO: [ app_init ] --START--
INFO: Run Behavior\BuildLiteBehavior [ RunTime:0.000000s ]
INFO: [ app_init ] --END-- [ RunTime:0.001000s ]
NOTIC: [8] Constant UPLOAD_PATH already defined D:\shopsn\Application\Admin\Conf\config.php 第 2 行.
INFO: [ app_begin ] --START--
INFO: Run Behavior\ReadHtmlCacheBehavior [ RunTime:0.002001s ]
INFO: [ app_begin ] --END-- [ RunTime:0.002001s ]

[ 2018-07-10T15:50:01+08:00 ] 127.0.0.1 /adminprov.php/Public/verify/time/0.848936706779218
INFO: [ app_init ] --START--
INFO: Run Behavior\BuildLiteBehavior [ RunTime:0.000000s ]
INFO: [ app_init ] --END-- [ RunTime:0.001001s ]
NOTIC: [8] Constant UPLOAD_PATH already defined D:\shopsn\Application\Admin\Conf\config.php 第 2 行.

[ 2018-07-10T15:50:06+08:00 ] 127.0.0.1 /adminprov.php/Public/check_code?code=pfuh
INFO: [ app_init ] --START--
INFO: Run Behavior\BuildLiteBehavior [ RunTime:0.000000s ]
INFO: [ app_init ] --END-- [ RunTime:0.000000s ]
NOTIC: [8] Constant UPLOAD_PATH already defined D:\shopsn\Application\Admin\Conf\config.php 第 2 行.
INFO: [ app_begin ] --START--
INFO: Run Behavior\ReadHtmlCacheBehavior [ RunTime:0.001000s ]
INFO: [ app_begin ] --END-- [ RunTime:0.001000s ]

[ 2018-07-10T15:50:08+08:00 ] 127.0.0.1 /adminprov.php/Public/login
INFO: [ app_init ] --START--
INFO: Run Behavior\BuildLiteBehavior [ RunTime:0.000000s ]
INFO: [ app_init ] --END-- [ RunTime:0.001000s ]
NOTIC: [8] Constant UPLOAD_PATH already defined D:\shopsn\Application\Admin\Conf\config.php 第 2 行.

[ 2018-07-10T15:50:11+08:00 ] 127.0.0.1 /adminprov.php/Index/index
INFO: [ app_init ] --START--
INFO: Run Behavior\BuildLiteBehavior [ RunTime:0.000000s ]
INFO: [ app_init ] --END-- [ RunTime:0.001000s ]
NOTIC: [8] Constant UPLOAD_PATH already defined D:\shopsn\Application\Admin\Conf\config.php 第 2 行.

[ 2018-07-10T15:50:12+08:00 ] 127.0.0.1 /adminprov.php/Index/main
INFO: [ app_init ] --START--
INFO: Run Behavior\BuildLiteBehavior [ RunTime:0.000000s ]
INFO: [ app_init ] --END-- [ RunTime:0.000000s ]
NOTIC: [8] Constant UPLOAD_PATH already defined D:\shopsn\Application\Admin\Conf\config.php 第 2 行.

[ 2018-07-10T15:50:13+08:00 ] 127.0.0.1 /adminprov.php/Index/getTodayShopInformation
INFO: [ app_init ] --START--
INFO: Run Behavior\BuildLiteBehavior [ RunTime:0.000000s ]
INFO: [ app_init ] --END-- [ RunTime:0.001000s ]
NOTIC: [8] Constant UPLOAD_PATH already defined D:\shopsn\Application\Admin\Conf\config.php 第 2 行.
INFO: [ app_begin ] --START--
INFO: Run Behavior\ReadHtmlCacheBehavior [ RunTime:0.002000s ]
INFO: [ app_begin ] --END-- [ RunTime:0.002000s ]
NOTIC: [2] Declaration of Admin\Model\OrderModel::getOrder($userAddress, $field = NULL, $default = 'select') should be compatible with Common\Model\BaseModel::getOrder() D:\shopsn\Application\Admin\Model\OrderModel.class.php 第 23 行.
NOTIC: [2] Declaration of Admin\Model\OrderModel::getData($where = NULL) should be compatible with Common\Model\BaseModel::getData($id, array $field) D:\shopsn\Application\Admin\Model\OrderModel.class.php 第 23 行.
INFO: [ view_parse ] --START--
INFO: [ template_filter ] --START--
INFO: Run Behavior\ContentReplaceBehavior [ RunTime:0.000000s ]
INFO: [ template_filter ] --END-- [ RunTime:0.000000s ]
NOTIC: [8] Undefined variable: count D:\shopsn\Runtime\Cache\Admin\cb2a3056dfdbbb320ffa3516da0f28db.php 第 29 行.
INFO: Run Behavior\ParseTemplateBehavior [ RunTime:0.006000s ]
INFO: [ view_parse ] --END-- [ RunTime:0.007000s ]
INFO: [ view_filter ] --START--
INFO: Run Behavior\WriteHtmlCacheBehavior [ RunTime:0.001000s ]
INFO: [ view_filter ] --END-- [ RunTime:0.001000s ]
INFO: [ app_end ] --START--
INFO: Run Behavior\ShowPageTraceBehavior [ RunTime:0.001000s ]
INFO: [ app_end ] --END-- [ RunTime:0.001000s ]

[ 2018-07-10T15:50:15+08:00 ] 127.0.0.1 /adminprov.php/Index/getAllShopInformation
INFO: [ app_init ] --START--
INFO: Run Behavior\BuildLiteBehavior [ RunTime:0.000000s ]
INFO: [ app_init ] --END-- [ RunTime:0.001000s ]
NOTIC: [8] Constant UPLOAD_PATH already defined D:\shopsn\Application\Admin\Conf\config.php 第 2 行.
INFO: [ app_begin ] --START--
INFO: Run Behavior\ReadHtmlCacheBehavior [ RunTime:0.002000s ]
INFO: [ app_begin ] --END-- [ RunTime:0.002000s ]
NOTIC: [2] Declaration of Admin\Model\OrderModel::getOrder($userAddress, $field = NULL, $default = 'select') should be compatible with Common\Model\BaseModel::getOrder() D:\shopsn\Application\Admin\Model\OrderModel.class.php 第 23 行.
NOTIC: [2] Declaration of Admin\Model\OrderModel::getData($where = NULL) should be compatible with Common\Model\BaseModel::getData($id, array $field) D:\shopsn\Application\Admin\Model\OrderModel.class.php 第 23 行.
INFO: [ view_parse ] --START--
INFO: [ template_filter ] --START--
INFO: Run Behavior\ContentReplaceBehavior [ RunTime:0.000000s ]
INFO: [ template_filter ] --END-- [ RunTime:0.000000s ]
INFO: Run Behavior\ParseTemplateBehavior [ RunTime:0.008000s ]
INFO: [ view_parse ] --END-- [ RunTime:0.009000s ]
INFO: [ view_filter ] --START--
INFO: Run Behavior\WriteHtmlCacheBehavior [ RunTime:0.000000s ]
INFO: [ view_filter ] --END-- [ RunTime:0.000000s ]
INFO: [ app_end ] --START--
INFO: Run Behavior\ShowPageTraceBehavior [ RunTime:0.000000s ]
INFO: [ app_end ] --END-- [ RunTime:0.000000s ]

[ 2018-07-10T15:50:16+08:00 ] 127.0.0.1 /adminprov.php/Goods/goods_list
INFO: [ app_init ] --START--
INFO: Run Behavior\BuildLiteBehavior [ RunTime:0.000000s ]
INFO: [ app_init ] --END-- [ RunTime:0.000000s ]
NOTIC: [8] Constant UPLOAD_PATH already defined D:\shopsn\Application\Admin\Conf\config.php 第 2 行.

[ 2018-07-10T15:50:22+08:00 ] 127.0.0.1 /adminprov.php/Goods/goods_add
INFO: [ app_init ] --START--
INFO: Run Behavior\BuildLiteBehavior [ RunTime:0.000000s ]
INFO: [ app_init ] --END-- [ RunTime:0.001000s ]
NOTIC: [8] Constant UPLOAD_PATH already defined D:\shopsn\Application\Admin\Conf\config.php 第 2 行.

[ 2018-07-10T15:50:23+08:00 ] 127.0.0.1 /adminprov.php/Goods/goodsCategory
INFO: [ app_init ] --START--
INFO: Run Behavior\BuildLiteBehavior [ RunTime:0.000000s ]
INFO: [ app_init ] --END-- [ RunTime:0.001000s ]
NOTIC: [8] Constant UPLOAD_PATH already defined D:\shopsn\Application\Admin\Conf\config.php 第 2 行.
INFO: [ app_begin ] --START--
INFO: Run Behavior\ReadHtmlCacheBehavior [ RunTime:0.001000s ]
INFO: [ app_begin ] --END-- [ RunTime:0.001000s ]

[ 2018-07-10T15:50:24+08:00 ] 127.0.0.1 /adminprov.php/Goods/goodsCategory
INFO: [ app_init ] --START--
INFO: Run Behavior\BuildLiteBehavior [ RunTime:0.000000s ]
INFO: [ app_init ] --END-- [ RunTime:0.001000s ]
NOTIC: [8] Constant UPLOAD_PATH already defined D:\shopsn\Application\Admin\Conf\config.php 第 2 行.
INFO: [ app_begin ] --START--
INFO: Run Behavior\ReadHtmlCacheBehavior [ RunTime:0.001000s ]
INFO: [ app_begin ] --END-- [ RunTime:0.001000s ]

[ 2018-07-10T15:50:31+08:00 ] 127.0.0.1 /adminprov.php/Goods/ajaxGetSpecSelect?goods_id=0&spec_type=31
INFO: [ app_init ] --START--
INFO: Run Behavior\BuildLiteBehavior [ RunTime:0.000000s ]
INFO: [ app_init ] --END-- [ RunTime:0.001001s ]
NOTIC: [8] Constant UPLOAD_PATH already defined D:\shopsn\Application\Admin\Conf\config.php 第 2 行.
INFO: [ app_begin ] --START--
INFO: Run Behavior\ReadHtmlCacheBehavior [ RunTime:0.001000s ]
INFO: [ app_begin ] --END-- [ RunTime:0.001000s ]
INFO: [ view_parse ] --START--
INFO: [ template_filter ] --START--
INFO: Run Behavior\ContentReplaceBehavior [ RunTime:0.000000s ]
INFO: [ template_filter ] --END-- [ RunTime:0.000000s ]
NOTIC: [8] Use of undefined constant name - assumed 'name' D:\shopsn\Runtime\Cache\Admin\7a4da6bf08c0de0caf505edbc90666ad.php 第 6 行.
NOTIC: [8] Use of undefined constant spec_item - assumed 'spec_item' D:\shopsn\Runtime\Cache\Admin\7a4da6bf08c0de0caf505edbc90666ad.php 第 8 行.
NOTIC: [8] Use of undefined constant spec_item - assumed 'spec_item' D:\shopsn\Runtime\Cache\Admin\7a4da6bf08c0de0caf505edbc90666ad.php 第 8 行.
NOTIC: [8] Use of undefined constant id - assumed 'id' D:\shopsn\Runtime\Cache\Admin\7a4da6bf08c0de0caf505edbc90666ad.php 第 8 行.
NOTIC: [8] Undefined variable: specImageList D:\shopsn\Runtime\Cache\Admin\7a4da6bf08c0de0caf505edbc90666ad.php 第 13 行.
NOTIC: [8] Use of undefined constant id - assumed 'id' D:\shopsn\Runtime\Cache\Admin\7a4da6bf08c0de0caf505edbc90666ad.php 第 8 行.
NOTIC: [8] Undefined variable: specImageList D:\shopsn\Runtime\Cache\Admin\7a4da6bf08c0de0caf505edbc90666ad.php 第 13 行.
NOTIC: [8] Use of undefined constant id - assumed 'id' D:\shopsn\Runtime\Cache\Admin\7a4da6bf08c0de0caf505edbc90666ad.php 第 8 行.
NOTIC: [8] Undefined variable: specImageList D:\shopsn\Runtime\Cache\Admin\7a4da6bf08c0de0caf505edbc90666ad.php 第 13 行.
NOTIC: [8] Use of undefined constant id - assumed 'id' D:\shopsn\Runtime\Cache\Admin\7a4da6bf08c0de0caf505edbc90666ad.php 第 8 行.
NOTIC: [8] Undefined variable: specImageList D:\shopsn\Runtime\Cache\Admin\7a4da6bf08c0de0caf505edbc90666ad.php 第 13 行.
NOTIC: [8] Use of undefined constant id - assumed 'id' D:\shopsn\Runtime\Cache\Admin\7a4da6bf08c0de0caf505edbc90666ad.php 第 8 行.
NOTIC: [8] Undefined variable: specImageList D:\shopsn\Runtime\Cache\Admin\7a4da6bf08c0de0caf505edbc90666ad.php 第 13 行.
NOTIC: [8] Use of undefined constant id - assumed 'id' D:\shopsn\Runtime\Cache\Admin\7a4da6bf08c0de0caf505edbc90666ad.php 第 8 行.
NOTIC: [8] Undefined variable: specImageList D:\shopsn\Runtime\Cache\Admin\7a4da6bf08c0de0caf505edbc90666ad.php 第 13 行.
NOTIC: [8] Use of undefined constant id - assumed 'id' D:\shopsn\Runtime\Cache\Admin\7a4da6bf08c0de0caf505edbc90666ad.php 第 8 行.
NOTIC: [8] Undefined variable: specImageList D:\shopsn\Runtime\Cache\Admin\7a4da6bf08c0de0caf505edbc90666ad.php 第 13 行.
NOTIC: [8] Use of undefined constant id - assumed 'id' D:\shopsn\Runtime\Cache\Admin\7a4da6bf08c0de0caf505edbc90666ad.php 第 8 行.
NOTIC: [8] Undefined variable: specImageList D:\shopsn\Runtime\Cache\Admin\7a4da6bf08c0de0caf505edbc90666ad.php 第 13 行.
NOTIC: [8] Use of undefined constant id - assumed 'id' D:\shopsn\Runtime\Cache\Admin\7a4da6bf08c0de0caf505edbc90666ad.php 第 8 行.
NOTIC: [8] Undefined variable: specImageList D:\shopsn\Runtime\Cache\Admin\7a4da6bf08c0de0caf505edbc90666ad.php 第 13 行.
NOTIC: [8] Use of undefined constant id - assumed 'id' D:\shopsn\Runtime\Cache\Admin\7a4da6bf08c0de0caf505edbc90666ad.php 第 8 行.
NOTIC: [8] Undefined variable: specImageList D:\shopsn\Runtime\Cache\Admin\7a4da6bf08c0de0caf505edbc90666ad.php 第 13 行.
NOTIC: [8] Use of undefined constant id - assumed 'id' D:\shopsn\Runtime\Cache\Admin\7a4da6bf08c0de0caf505edbc90666ad.php 第 8 行.
NOTIC: [8] Undefined variable: specImageList D:\shopsn\Runtime\Cache\Admin\7a4da6bf08c0de0caf505edbc90666ad.php 第 13 行.
NOTIC: [8] Use of undefined constant id - assumed 'id' D:\shopsn\Runtime\Cache\Admin\7a4da6bf08c0de0caf505edbc90666ad.php 第 8 行.
NOTIC: [8] Undefined variable: specImageList D:\shopsn\Runtime\Cache\Admin\7a4da6bf08c0de0caf505edbc90666ad.php 第 13 行.
NOTIC: [8] Use of undefined constant id - assumed 'id' D:\shopsn\Runtime\Cache\Admin\7a4da6bf08c0de0caf505edbc90666ad.php 第 8 行.
NOTIC: [8] Undefined variable: specImageList D:\shopsn\Runtime\Cache\Admin\7a4da6bf08c0de0caf505edbc90666ad.php 第 13 行.
NOTIC: [8] Use of undefined constant id - assumed 'id' D:\shopsn\Runtime\Cache\Admin\7a4da6bf08c0de0caf505edbc90666ad.php 第 8 行.
NOTIC: [8] Undefined variable: specImageList D:\shopsn\Runtime\Cache\Admin\7a4da6bf08c0de0caf505edbc90666ad.php 第 13 行.
NOTIC: [8] Use of undefined constant id - assumed 'id' D:\shopsn\Runtime\Cache\Admin\7a4da6bf08c0de0caf505edbc90666ad.php 第 8 行.
NOTIC: [8] Undefined variable: specImageList D:\shopsn\Runtime\Cache\Admin\7a4da6bf08c0de0caf505edbc90666ad.php 第 13 行.
NOTIC: [8] Use of undefined constant id - assumed 'id' D:\shopsn\Runtime\Cache\Admin\7a4da6bf08c0de0caf505edbc90666ad.php 第 8 行.
NOTIC: [8] Undefined variable: specImageList D:\shopsn\Runtime\Cache\Admin\7a4da6bf08c0de0caf505edbc90666ad.php 第 13 行.
NOTIC: [8] Use of undefined constant id - assumed 'id' D:\shopsn\Runtime\Cache\Admin\7a4da6bf08c0de0caf505edbc90666ad.php 第 8 行.
NOTIC: [8] Undefined variable: specImageList D:\shopsn\Runtime\Cache\Admin\7a4da6bf08c0de0caf505edbc90666ad.php 第 13 行.
NOTIC: [8] Use of undefined constant id - assumed 'id' D:\shopsn\Runtime\Cache\Admin\7a4da6bf08c0de0caf505edbc90666ad.php 第 8 行.
NOTIC: [8] Undefined variable: specImageList D:\shopsn\Runtime\Cache\Admin\7a4da6bf08c0de0caf505edbc90666ad.php 第 13 行.
NOTIC: [8] Use of undefined constant id - assumed 'id' D:\shopsn\Runtime\Cache\Admin\7a4da6bf08c0de0caf505edbc90666ad.php 第 8 行.
NOTIC: [8] Undefined variable: specImageList D:\shopsn\Runtime\Cache\Admin\7a4da6bf08c0de0caf505edbc90666ad.php 第 13 行.
NOTIC: [8] Use of undefined constant id - assumed 'id' D:\shopsn\Runtime\Cache\Admin\7a4da6bf08c0de0caf505edbc90666ad.php 第 8 行.
NOTIC: [8] Undefined variable: specImageList D:\shopsn\Runtime\Cache\Admin\7a4da6bf08c0de0caf505edbc90666ad.php 第 13 行.
NOTIC: [8] Use of undefined constant id - assumed 'id' D:\shopsn\Runtime\Cache\Admin\7a4da6bf08c0de0caf505edbc90666ad.php 第 8 行.
NOTIC: [8] Undefined variable: specImageList D:\shopsn\Runtime\Cache\Admin\7a4da6bf08c0de0caf505edbc90666ad.php 第 13 行.
NOTIC: [8] Use of undefined constant id - assumed 'id' D:\shopsn\Runtime\Cache\Admin\7a4da6bf08c0de0caf505edbc90666ad.php 第 8 行.
NOTIC: [8] Undefined variable: specImageList D:\shopsn\Runtime\Cache\Admin\7a4da6bf08c0de0caf505edbc90666ad.php 第 13 行.
NOTIC: [8] Use of undefined constant id - assumed 'id' D:\shopsn\Runtime\Cache\Admin\7a4da6bf08c0de0caf505edbc90666ad.php 第 8 行.
NOTIC: [8] Undefined variable: specImageList D:\shopsn\Runtime\Cache\Admin\7a4da6bf08c0de0caf505edbc90666ad.php 第 13 行.
NOTIC: [8] Use of undefined constant id - assumed 'id' D:\shopsn\Runtime\Cache\Admin\7a4da6bf08c0de0caf505edbc90666ad.php 第 8 行.
NOTIC: [8] Undefined variable: specImageList D:\shopsn\Runtime\Cache\Admin\7a4da6bf08c0de0caf505edbc90666ad.php 第 13 行.
NOTIC: [8] Use of undefined constant id - assumed 'id' D:\shopsn\Runtime\Cache\Admin\7a4da6bf08c0de0caf505edbc90666ad.php 第 8 行.
NOTIC: [8] Undefined variable: specImageList D:\shopsn\Runtime\Cache\Admin\7a4da6bf08c0de0caf505edbc90666ad.php 第 13 行.
NOTIC: [8] Use of undefined constant id - assumed 'id' D:\shopsn\Runtime\Cache\Admin\7a4da6bf08c0de0caf505edbc90666ad.php 第 8 行.
NOTIC: [8] Undefined variable: specImageList D:\shopsn\Runtime\Cache\Admin\7a4da6bf08c0de0caf505edbc90666ad.php 第 13 行.
NOTIC: [8] Use of undefined constant id - assumed 'id' D:\shopsn\Runtime\Cache\Admin\7a4da6bf08c0de0caf505edbc90666ad.php 第 8 行.
NOTIC: [8] Undefined variable: specImageList D:\shopsn\Runtime\Cache\Admin\7a4da6bf08c0de0caf505edbc90666ad.php 第 13 行.
NOTIC: [8] Use of undefined constant id - assumed 'id' D:\shopsn\Runtime\Cache\Admin\7a4da6bf08c0de0caf505edbc90666ad.php 第 8 行.
NOTIC: [8] Undefined variable: specImageList D:\shopsn\Runtime\Cache\Admin\7a4da6bf08c0de0caf505edbc90666ad.php 第 13 行.
NOTIC: [8] Use of undefined constant id - assumed 'id' D:\shopsn\Runtime\Cache\Admin\7a4da6bf08c0de0caf505edbc90666ad.php 第 8 行.
NOTIC: [8] Undefined variable: specImageList D:\shopsn\Runtime\Cache\Admin\7a4da6bf08c0de0caf505edbc90666ad.php 第 13 行.
NOTIC: [8] Use of undefined constant id - assumed 'id' D:\shopsn\Runtime\Cache\Admin\7a4da6bf08c0de0caf505edbc90666ad.php 第 8 行.
NOTIC: [8] Undefined variable: specImageList D:\shopsn\Runtime\Cache\Admin\7a4da6bf08c0de0caf505edbc90666ad.php 第 13 行.
NOTIC: [8] Use of undefined constant id - assumed 'id' D:\shopsn\Runtime\Cache\Admin\7a4da6bf08c0de0caf505edbc90666ad.php 第 8 行.
NOTIC: [8] Undefined variable: specImageList D:\shopsn\Runtime\Cache\Admin\7a4da6bf08c0de0caf505edbc90666ad.php 第 13 行.
NOTIC: [8] Use of undefined constant id - assumed 'id' D:\shopsn\Runtime\Cache\Admin\7a4da6bf08c0de0caf505edbc90666ad.php 第 8 行.
NOTIC: [8] Undefined variable: specImageList D:\shopsn\Runtime\Cache\Admin\7a4da6bf08c0de0caf505edbc90666ad.php 第 13 行.
NOTIC: [8] Use of undefined constant id - assumed 'id' D:\shopsn\Runtime\Cache\Admin\7a4da6bf08c0de0caf505edbc90666ad.php 第 8 行.
NOTIC: [8] Undefined variable: specImageList D:\shopsn\Runtime\Cache\Admin\7a4da6bf08c0de0caf505edbc90666ad.php 第 13 行.
NOTIC: [8] Use of undefined constant id - assumed 'id' D:\shopsn\Runtime\Cache\Admin\7a4da6bf08c0de0caf505edbc90666ad.php 第 8 行.
NOTIC: [8] Undefined variable: specImageList D:\shopsn\Runtime\Cache\Admin\7a4da6bf08c0de0caf505edbc90666ad.php 第 13 行.
NOTIC: [8] Use of undefined constant id - assumed 'id' D:\shopsn\Runtime\Cache\Admin\7a4da6bf08c0de0caf505edbc90666ad.php 第 8 行.
NOTIC: [8] Undefined variable: specImageList D:\shopsn\Runtime\Cache\Admin\7a4da6bf08c0de0caf505edbc90666ad.php 第 13 行.
NOTIC: [8] Use of undefined constant id - assumed 'id' D:\shopsn\Runtime\Cache\Admin\7a4da6bf08c0de0caf505edbc90666ad.php 第 8 行.
NOTIC: [8] Undefined variable: specImageList D:\shopsn\Runtime\Cache\Admin\7a4da6bf08c0de0caf505edbc90666ad.php 第 13 行.
NOTIC: [8] Use of undefined constant id - assumed 'id' D:\shopsn\Runtime\Cache\Admin\7a4da6bf08c0de0caf505edbc90666ad.php 第 8 行.
NOTIC: [8] Undefined variable: specImageList D:\shopsn\Runtime\Cache\Admin\7a4da6bf08c0de0caf505edbc90666ad.php 第 13 行.
NOTIC: [8] Use of undefined constant id - assumed 'id' D:\shopsn\Runtime\Cache\Admin\7a4da6bf08c0de0caf505edbc90666ad.php 第 8 行.
NOTIC: [8] Undefined variable: specImageList D:\shopsn\Runtime\Cache\Admin\7a4da6bf08c0de0caf505edbc90666ad.php 第 13 行.
NOTIC: [8] Use of undefined constant id - assumed 'id' D:\shopsn\Runtime\Cache\Admin\7a4da6bf08c0de0caf505edbc90666ad.php 第 8 行.
NOTIC: [8] Undefined variable: specImageList D:\shopsn\Runtime\Cache\Admin\7a4da6bf08c0de0caf505edbc90666ad.php 第 13 行.
NOTIC: [8] Use of undefined constant id - assumed 'id' D:\shopsn\Runtime\Cache\Admin\7a4da6bf08c0de0caf505edbc90666ad.php 第 8 行.
NOTIC: [8] Undefined variable: specImageList D:\shopsn\Runtime\Cache\Admin\7a4da6bf08c0de0caf505edbc90666ad.php 第 13 行.
NOTIC: [8] Use of undefined constant id - assumed 'id' D:\shopsn\Runtime\Cache\Admin\7a4da6bf08c0de0caf505edbc90666ad.php 第 8 行.
NOTIC: [8] Undefined variable: specImageList D:\shopsn\Runtime\Cache\Admin\7a4da6bf08c0de0caf505edbc90666ad.php 第 13 行.
NOTIC: [8] Use of undefined constant id - assumed 'id' D:\shopsn\Runtime\Cache\Admin\7a4da6bf08c0de0caf505edbc90666ad.php 第 8 行.
NOTIC: [8] Undefined variable: specImageList D:\shopsn\Runtime\Cache\Admin\7a4da6bf08c0de0caf505edbc90666ad.php 第 13 行.
NOTIC: [8] Use of undefined constant id - assumed 'id' D:\shopsn\Runtime\Cache\Admin\7a4da6bf08c0de0caf505edbc90666ad.php 第 8 行.
NOTIC: [8] Undefined variable: specImageList D:\shopsn\Runtime\Cache\Admin\7a4da6bf08c0de0caf505edbc90666ad.php 第 13 行.
NOTIC: [8] Use of undefined constant name - assumed 'name' D:\shopsn\Runtime\Cache\Admin\7a4da6bf08c0de0caf505edbc90666ad.php 第 6 行.
NOTIC: [8] Use of undefined constant spec_item - assumed 'spec_item' D:\shopsn\Runtime\Cache\Admin\7a4da6bf08c0de0caf505edbc90666ad.php 第 8 行.
NOTIC: [8] Use of undefined constant spec_item - assumed 'spec_item' D:\shopsn\Runtime\Cache\Admin\7a4da6bf08c0de0caf505edbc90666ad.php 第 8 行.
NOTIC: [8] Use of undefined constant id - assumed 'id' D:\shopsn\Runtime\Cache\Admin\7a4da6bf08c0de0caf505edbc90666ad.php 第 8 行.
NOTIC: [8] Undefined variable: specImageList D:\shopsn\Runtime\Cache\Admin\7a4da6bf08c0de0caf505edbc90666ad.php 第 13 行.
NOTIC: [8] Use of undefined constant id - assumed 'id' D:\shopsn\Runtime\Cache\Admin\7a4da6bf08c0de0caf505edbc90666ad.php 第 8 行.
NOTIC: [8] Undefined variable: specImageList D:\shopsn\Runtime\Cache\Admin\7a4da6bf08c0de0caf505edbc90666ad.php 第 13 行.
NOTIC: [8] Use of undefined constant id - assumed 'id' D:\shopsn\Runtime\Cache\Admin\7a4da6bf08c0de0caf505edbc90666ad.php 第 8 行.
NOTIC: [8] Undefined variable: specImageList D:\shopsn\Runtime\Cache\Admin\7a4da6bf08c0de0caf505edbc90666ad.php 第 13 行.
NOTIC: [8] Use of undefined constant id - assumed 'id' D:\shopsn\Runtime\Cache\Admin\7a4da6bf08c0de0caf505edbc90666ad.php 第 8 行.
NOTIC: [8] Undefined variable: specImageList D:\shopsn\Runtime\Cache\Admin\7a4da6bf08c0de0caf505edbc90666ad.php 第 13 行.
NOTIC: [8] Use of undefined constant id - assumed 'id' D:\shopsn\Runtime\Cache\Admin\7a4da6bf08c0de0caf505edbc90666ad.php 第 8 行.
NOTIC: [8] Undefined variable: specImageList D:\shopsn\Runtime\Cache\Admin\7a4da6bf08c0de0caf505edbc90666ad.php 第 13 行.
NOTIC: [8] Use of undefined constant id - assumed 'id' D:\shopsn\Runtime\Cache\Admin\7a4da6bf08c0de0caf505edbc90666ad.php 第 8 行.
NOTIC: [8] Undefined variable: specImageList D:\shopsn\Runtime\Cache\Admin\7a4da6bf08c0de0caf505edbc90666ad.php 第 13 行.
NOTIC: [8] Use of undefined constant id - assumed 'id' D:\shopsn\Runtime\Cache\Admin\7a4da6bf08c0de0caf505edbc90666ad.php 第 8 行.
NOTIC: [8] Undefined variable: specImageList D:\shopsn\Runtime\Cache\Admin\7a4da6bf08c0de0caf505edbc90666ad.php 第 13 行.
NOTIC: [8] Use of undefined constant id - assumed 'id' D:\shopsn\Runtime\Cache\Admin\7a4da6bf08c0de0caf505edbc90666ad.php 第 8 行.
NOTIC: [8] Undefined variable: specImageList D:\shopsn\Runtime\Cache\Admin\7a4da6bf08c0de0caf505edbc90666ad.php 第 13 行.
NOTIC: [8] Use of undefined constant id - assumed 'id' D:\shopsn\Runtime\Cache\Admin\7a4da6bf08c0de0caf505edbc90666ad.php 第 8 行.
NOTIC: [8] Undefined variable: specImageList D:\shopsn\Runtime\Cache\Admin\7a4da6bf08c0de0caf505edbc90666ad.php 第 13 行.
NOTIC: [8] Use of undefined constant id - assumed 'id' D:\shopsn\Runtime\Cache\Admin\7a4da6bf08c0de0caf505edbc90666ad.php 第 8 行.
NOTIC: [8] Undefined variable: specImageList D:\shopsn\Runtime\Cache\Admin\7a4da6bf08c0de0caf505edbc90666ad.php 第 13 行.
NOTIC: [8] Use of undefined constant id - assumed 'id' D:\shopsn\Runtime\Cache\Admin\7a4da6bf08c0de0caf505edbc90666ad.php 第 8 行.
NOTIC: [8] Undefined variable: specImageList D:\shopsn\Runtime\Cache\Admin\7a4da6bf08c0de0caf505edbc90666ad.php 第 13 行.
NOTIC: [8] Use of undefined constant id - assumed 'id' D:\shopsn\Runtime\Cache\Admin\7a4da6bf08c0de0caf505edbc90666ad.php 第 8 行.
NOTIC: [8] Undefined variable: specImageList D:\shopsn\Runtime\Cache\Admin\7a4da6bf08c0de0caf505edbc90666ad.php 第 13 行.
NOTIC: [8] Use of undefined constant id - assumed 'id' D:\shopsn\Runtime\Cache\Admin\7a4da6bf08c0de0caf505edbc90666ad.php 第 8 行.
NOTIC: [8] Undefined variable: specImageList D:\shopsn\Runtime\Cache\Admin\7a4da6bf08c0de0caf505edbc90666ad.php 第 13 行.
NOTIC: [8] Use of undefined constant id - assumed 'id' D:\shopsn\Runtime\Cache\Admin\7a4da6bf08c0de0caf505edbc90666ad.php 第 8 行.
NOTIC: [8] Undefined variable: specImageList D:\shopsn\Runtime\Cache\Admin\7a4da6bf08c0de0caf505edbc90666ad.php 第 13 行.
NOTIC: [8] Use of undefined constant id - assumed 'id' D:\shopsn\Runtime\Cache\Admin\7a4da6bf08c0de0caf505edbc90666ad.php 第 8 行.
NOTIC: [8] Undefined variable: specImageList D:\shopsn\Runtime\Cache\Admin\7a4da6bf08c0de0caf505edbc90666ad.php 第 13 行.
NOTIC: [8] Use of undefined constant name - assumed 'name' D:\shopsn\Runtime\Cache\Admin\7a4da6bf08c0de0caf505edbc90666ad.php 第 6 行.
NOTIC: [8] Use of undefined constant spec_item - assumed 'spec_item' D:\shopsn\Runtime\Cache\Admin\7a4da6bf08c0de0caf505edbc90666ad.php 第 8 行.
NOTIC: [8] Use of undefined constant spec_item - assumed 'spec_item' D:\shopsn\Runtime\Cache\Admin\7a4da6bf08c0de0caf505edbc90666ad.php 第 8 行.
NOTIC: [8] Use of undefined constant id - assumed 'id' D:\shopsn\Runtime\Cache\Admin\7a4da6bf08c0de0caf505edbc90666ad.php 第 8 行.
NOTIC: [8] Undefined variable: specImageList D:\shopsn\Runtime\Cache\Admin\7a4da6bf08c0de0caf505edbc90666ad.php 第 13 行.
NOTIC: [8] Use of undefined constant id - assumed 'id' D:\shopsn\Runtime\Cache\Admin\7a4da6bf08c0de0caf505edbc90666ad.php 第 8 行.
NOTIC: [8] Undefined variable: specImageList D:\shopsn\Runtime\Cache\Admin\7a4da6bf08c0de0caf505edbc90666ad.php 第 13 行.
NOTIC: [8] Use of undefined constant id - assumed 'id' D:\shopsn\Runtime\Cache\Admin\7a4da6bf08c0de0caf505edbc90666ad.php 第 8 行.
NOTIC: [8] Undefined variable: specImageList D:\shopsn\Runtime\Cache\Admin\7a4da6bf08c0de0caf505edbc90666ad.php 第 13 行.
NOTIC: [8] Use of undefined constant id - assumed 'id' D:\shopsn\Runtime\Cache\Admin\7a4da6bf08c0de0caf505edbc90666ad.php 第 8 行.
NOTIC: [8] Undefined variable: specImageList D:\shopsn\Runtime\Cache\Admin\7a4da6bf08c0de0caf505edbc90666ad.php 第 13 行.
NOTIC: [8] Use of undefined constant id - assumed 'id' D:\shopsn\Runtime\Cache\Admin\7a4da6bf08c0de0caf505edbc90666ad.php 第 8 行.
NOTIC: [8] Undefined variable: specImageList D:\shopsn\Runtime\Cache\Admin\7a4da6bf08c0de0caf505edbc90666ad.php 第 13 行.
NOTIC: [8] Use of undefined constant id - assumed 'id' D:\shopsn\Runtime\Cache\Admin\7a4da6bf08c0de0caf505edbc90666ad.php 第 8 行.
NOTIC: [8] Undefined variable: specImageList D:\shopsn\Runtime\Cache\Admin\7a4da6bf08c0de0caf505edbc90666ad.php 第 13 行.
NOTIC: [8] Use of undefined constant id - assumed 'id' D:\shopsn\Runtime\Cache\Admin\7a4da6bf08c0de0caf505edbc90666ad.php 第 8 行.
NOTIC: [8] Undefined variable: specImageList D:\shopsn\Runtime\Cache\Admin\7a4da6bf08c0de0caf505edbc90666ad.php 第 13 行.
NOTIC: [8] Use of undefined constant id - assumed 'id' D:\shopsn\Runtime\Cache\Admin\7a4da6bf08c0de0caf505edbc90666ad.php 第 8 行.
NOTIC: [8] Undefined variable: specImageList D:\shopsn\Runtime\Cache\Admin\7a4da6bf08c0de0caf505edbc90666ad.php 第 13 行.
NOTIC: [8] Use of undefined constant id - assumed 'id' D:\shopsn\Runtime\Cache\Admin\7a4da6bf08c0de0caf505edbc90666ad.php 第 8 行.
NOTIC: [8] Undefined variable: specImageList D:\shopsn\Runtime\Cache\Admin\7a4da6bf08c0de0caf505edbc90666ad.php 第 13 行.
NOTIC: [8] Use of undefined constant id - assumed 'id' D:\shopsn\Runtime\Cache\Admin\7a4da6bf08c0de0caf505edbc90666ad.php 第 8 行.
NOTIC: [8] Undefined variable: specImageList D:\shopsn\Runtime\Cache\Admin\7a4da6bf08c0de0caf505edbc90666ad.php 第 13 行.
NOTIC: [8] Use of undefined constant id - assumed 'id' D:\shopsn\Runtime\Cache\Admin\7a4da6bf08c0de0caf505edbc90666ad.php 第 8 行.
NOTIC: [8] Undefined variable: specImageList D:\shopsn\Runtime\Cache\Admin\7a4da6bf08c0de0caf505edbc90666ad.php 第 13 行.
NOTIC: [8] Use of undefined constant id - assumed 'id' D:\shopsn\Runtime\Cache\Admin\7a4da6bf08c0de0caf505edbc90666ad.php 第 8 行.
NOTIC: [8] Undefined variable: specImageList D:\shopsn\Runtime\Cache\Admin\7a4da6bf08c0de0caf505edbc90666ad.php 第 13 行.
NOTIC: [8] Use of undefined constant id - assumed 'id' D:\shopsn\Runtime\Cache\Admin\7a4da6bf08c0de0caf505edbc90666ad.php 第 8 行.
NOTIC: [8] Undefined variable: specImageList D:\shopsn\Runtime\Cache\Admin\7a4da6bf08c0de0caf505edbc90666ad.php 第 13 行.
NOTIC: [8] Use of undefined constant id - assumed 'id' D:\shopsn\Runtime\Cache\Admin\7a4da6bf08c0de0caf505edbc90666ad.php 第 8 行.
NOTIC: [8] Undefined variable: specImageList D:\shopsn\Runtime\Cache\Admin\7a4da6bf08c0de0caf505edbc90666ad.php 第 13 行.
NOTIC: [8] Use of undefined constant id - assumed 'id' D:\shopsn\Runtime\Cache\Admin\7a4da6bf08c0de0caf505edbc90666ad.php 第 8 行.
NOTIC: [8] Undefined variable: specImageList D:\shopsn\Runtime\Cache\Admin\7a4da6bf08c0de0caf505edbc90666ad.php 第 13 行.
NOTIC: [8] Use of undefined constant id - assumed 'id' D:\shopsn\Runtime\Cache\Admin\7a4da6bf08c0de0caf505edbc90666ad.php 第 8 行.
NOTIC: [8] Undefined variable: specImageList D:\shopsn\Runtime\Cache\Admin\7a4da6bf08c0de0caf505edbc90666ad.php 第 13 行.
NOTIC: [8] Use of undefined constant id - assumed 'id' D:\shopsn\Runtime\Cache\Admin\7a4da6bf08c0de0caf505edbc90666ad.php 第 8 行.
NOTIC: [8] Undefined variable: specImageList D:\shopsn\Runtime\Cache\Admin\7a4da6bf08c0de0caf505edbc90666ad.php 第 13 行.
NOTIC: [8] Use of undefined constant id - assumed 'id' D:\shopsn\Runtime\Cache\Admin\7a4da6bf08c0de0caf505edbc90666ad.php 第 8 行.
NOTIC: [8] Undefined variable: specImageList D:\shopsn\Runtime\Cache\Admin\7a4da6bf08c0de0caf505edbc90666ad.php 第 13 行.
NOTIC: [8] Use of undefined constant id - assumed 'id' D:\shopsn\Runtime\Cache\Admin\7a4da6bf08c0de0caf505edbc90666ad.php 第 8 行.
NOTIC: [8] Undefined variable: specImageList D:\shopsn\Runtime\Cache\Admin\7a4da6bf08c0de0caf505edbc90666ad.php 第 13 行.
NOTIC: [8] Use of undefined constant id - assumed 'id' D:\shopsn\Runtime\Cache\Admin\7a4da6bf08c0de0caf505edbc90666ad.php 第 8 行.
NOTIC: [8] Undefined variable: specImageList D:\shopsn\Runtime\Cache\Admin\7a4da6bf08c0de0caf505edbc90666ad.php 第 13 行.
NOTIC: [8] Use of undefined constant id - assumed 'id' D:\shopsn\Runtime\Cache\Admin\7a4da6bf08c0de0caf505edbc90666ad.php 第 8 行.
NOTIC: [8] Undefined variable: specImageList D:\shopsn\Runtime\Cache\Admin\7a4da6bf08c0de0caf505edbc90666ad.php 第 13 行.
NOTIC: [8] Use of undefined constant id - assumed 'id' D:\shopsn\Runtime\Cache\Admin\7a4da6bf08c0de0caf505edbc90666ad.php 第 8 行.
NOTIC: [8] Undefined variable: specImageList D:\shopsn\Runtime\Cache\Admin\7a4da6bf08c0de0caf505edbc90666ad.php 第 13 行.
NOTIC: [8] Use of undefined constant id - assumed 'id' D:\shopsn\Runtime\Cache\Admin\7a4da6bf08c0de0caf505edbc90666ad.php 第 8 行.
NOTIC: [8] Undefined variable: specImageList D:\shopsn\Runtime\Cache\Admin\7a4da6bf08c0de0caf505edbc90666ad.php 第 13 行.
NOTIC: [8] Use of undefined constant id - assumed 'id' D:\shopsn\Runtime\Cache\Admin\7a4da6bf08c0de0caf505edbc90666ad.php 第 8 行.
NOTIC: [8] Undefined variable: specImageList D:\shopsn\Runtime\Cache\Admin\7a4da6bf08c0de0caf505edbc90666ad.php 第 13 行.
NOTIC: [8] Use of undefined constant id - assumed 'id' D:\shopsn\Runtime\Cache\Admin\7a4da6bf08c0de0caf505edbc90666ad.php 第 8 行.
NOTIC: [8] Undefined variable: specImageList D:\shopsn\Runtime\Cache\Admin\7a4da6bf08c0de0caf505edbc90666ad.php 第 13 行.
NOTIC: [8] Use of undefined constant id - assumed 'id' D:\shopsn\Runtime\Cache\Admin\7a4da6bf08c0de0caf505edbc90666ad.php 第 8 行.
NOTIC: [8] Undefined variable: specImageList D:\shopsn\Runtime\Cache\Admin\7a4da6bf08c0de0caf505edbc90666ad.php 第 13 行.
NOTIC: [8] Use of undefined constant id - assumed 'id' D:\shopsn\Runtime\Cache\Admin\7a4da6bf08c0de0caf505edbc90666ad.php 第 8 行.
NOTIC: [8] Undefined variable: specImageList D:\shopsn\Runtime\Cache\Admin\7a4da6bf08c0de0caf505edbc90666ad.php 第 13 行.
NOTIC: [8] Use of undefined constant id - assumed 'id' D:\shopsn\Runtime\Cache\Admin\7a4da6bf08c0de0caf505edbc90666ad.php 第 8 行.
NOTIC: [8] Undefined variable: specImageList D:\shopsn\Runtime\Cache\Admin\7a4da6bf08c0de0caf505edbc90666ad.php 第 13 行.
NOTIC: [8] Use of undefined constant id - assumed 'id' D:\shopsn\Runtime\Cache\Admin\7a4da6bf08c0de0caf505edbc90666ad.php 第 8 行.
NOTIC: [8] Undefined variable: specImageList D:\shopsn\Runtime\Cache\Admin\7a4da6bf08c0de0caf505edbc90666ad.php 第 13 行.
NOTIC: [8] Use of undefined constant id - assumed 'id' D:\shopsn\Runtime\Cache\Admin\7a4da6bf08c0de0caf505edbc90666ad.php 第 8 行.
NOTIC: [8] Undefined variable: specImageList D:\shopsn\Runtime\Cache\Admin\7a4da6bf08c0de0caf505edbc90666ad.php 第 13 行.
NOTIC: [8] Use of undefined constant id - assumed 'id' D:\shopsn\Runtime\Cache\Admin\7a4da6bf08c0de0caf505edbc90666ad.php 第 8 行.
NOTIC: [8] Undefined variable: specImageList D:\shopsn\Runtime\Cache\Admin\7a4da6bf08c0de0caf505edbc90666ad.php 第 13 行.
NOTIC: [8] Use of undefined constant id - assumed 'id' D:\shopsn\Runtime\Cache\Admin\7a4da6bf08c0de0caf505edbc90666ad.php 第 8 行.
NOTIC: [8] Undefined variable: specImageList D:\shopsn\Runtime\Cache\Admin\7a4da6bf08c0de0caf505edbc90666ad.php 第 13 行.
NOTIC: [8] Use of undefined constant id - assumed 'id' D:\shopsn\Runtime\Cache\Admin\7a4da6bf08c0de0caf505edbc90666ad.php 第 8 行.
NOTIC: [8] Undefined variable: specImageList D:\shopsn\Runtime\Cache\Admin\7a4da6bf08c0de0caf505edbc90666ad.php 第 13 行.
NOTIC: [8] Use of undefined constant id - assumed 'id' D:\shopsn\Runtime\Cache\Admin\7a4da6bf08c0de0caf505edbc90666ad.php 第 8 行.
NOTIC: [8] Undefined variable: specImageList D:\shopsn\Runtime\Cache\Admin\7a4da6bf08c0de0caf505edbc90666ad.php 第 13 行.
NOTIC: [8] Use of undefined constant id - assumed 'id' D:\shopsn\Runtime\Cache\Admin\7a4da6bf08c0de0caf505edbc90666ad.php 第 8 行.
NOTIC: [8] Undefined variable: specImageList D:\shopsn\Runtime\Cache\Admin\7a4da6bf08c0de0caf505edbc90666ad.php 第 13 行.
NOTIC: [8] Use of undefined constant id - assumed 'id' D:\shopsn\Runtime\Cache\Admin\7a4da6bf08c0de0caf505edbc90666ad.php 第 8 行.
NOTIC: [8] Undefined variable: specImageList D:\shopsn\Runtime\Cache\Admin\7a4da6bf08c0de0caf505edbc90666ad.php 第 13 行.
NOTIC: [8] Use of undefined constant id - assumed 'id' D:\shopsn\Runtime\Cache\Admin\7a4da6bf08c0de0caf505edbc90666ad.php 第 8 行.
NOTIC: [8] Undefined variable: specImageList D:\shopsn\Runtime\Cache\Admin\7a4da6bf08c0de0caf505edbc90666ad.php 第 13 行.
NOTIC: [8] Use of undefined constant id - assumed 'id' D:\shopsn\Runtime\Cache\Admin\7a4da6bf08c0de0caf505edbc90666ad.php 第 8 行.
NOTIC: [8] Undefined variable: specImageList D:\shopsn\Runtime\Cache\Admin\7a4da6bf08c0de0caf505edbc90666ad.php 第 13 行.
NOTIC: [8] Use of undefined constant id - assumed 'id' D:\shopsn\Runtime\Cache\Admin\7a4da6bf08c0de0caf505edbc90666ad.php 第 8 行.
NOTIC: [8] Undefined variable: specImageList D:\shopsn\Runtime\Cache\Admin\7a4da6bf08c0de0caf505edbc90666ad.php 第 13 行.
NOTIC: [8] Use of undefined constant id - assumed 'id' D:\shopsn\Runtime\Cache\Admin\7a4da6bf08c0de0caf505edbc90666ad.php 第 8 行.
NOTIC: [8] Undefined variable: specImageList D:\shopsn\Runtime\Cache\Admin\7a4da6bf08c0de0caf505edbc90666ad.php 第 13 行.
NOTIC: [8] Use of undefined constant id - assumed 'id' D:\shopsn\Runtime\Cache\Admin\7a4da6bf08c0de0caf505edbc90666ad.php 第 8 行.
NOTIC: [8] Undefined variable: specImageList D:\shopsn\Runtime\Cache\Admin\7a4da6bf08c0de0caf505edbc90666ad.php 第 13 行.
NOTIC: [8] Use of undefined constant id - assumed 'id' D:\shopsn\Runtime\Cache\Admin\7a4da6bf08c0de0caf505edbc90666ad.php 第 8 行.
NOTIC: [8] Undefined variable: specImageList D:\shopsn\Runtime\Cache\Admin\7a4da6bf08c0de0caf505edbc90666ad.php 第 13 行.
NOTIC: [8] Use of undefined constant id - assumed 'id' D:\shopsn\Runtime\Cache\Admin\7a4da6bf08c0de0caf505edbc90666ad.php 第 8 行.
NOTIC: [8] Undefined variable: specImageList D:\shopsn\Runtime\Cache\Admin\7a4da6bf08c0de0caf505edbc90666ad.php 第 13 行.
NOTIC: [8] Use of undefined constant id - assumed 'id' D:\shopsn\Runtime\Cache\Admin\7a4da6bf08c0de0caf505edbc90666ad.php 第 8 行.
NOTIC: [8] Undefined variable: specImageList D:\shopsn\Runtime\Cache\Admin\7a4da6bf08c0de0caf505edbc90666ad.php 第 13 行.
NOTIC: [8] Use of undefined constant id - assumed 'id' D:\shopsn\Runtime\Cache\Admin\7a4da6bf08c0de0caf505edbc90666ad.php 第 8 行.
NOTIC: [8] Undefined variable: specImageList D:\shopsn\Runtime\Cache\Admin\7a4da6bf08c0de0caf505edbc90666ad.php 第 13 行.
NOTIC: [8] Use of undefined constant id - assumed 'id' D:\shopsn\Runtime\Cache\Admin\7a4da6bf08c0de0caf505edbc90666ad.php 第 8 行.
NOTIC: [8] Undefined variable: specImageList D:\shopsn\Runtime\Cache\Admin\7a4da6bf08c0de0caf505edbc90666ad.php 第 13 行.
NOTIC: [8] Use of undefined constant id - assumed 'id' D:\shopsn\Runtime\Cache\Admin\7a4da6bf08c0de0caf505edbc90666ad.php 第 8 行.
NOTIC: [8] Undefined variable: specImageList D:\shopsn\Runtime\Cache\Admin\7a4da6bf08c0de0caf505edbc90666ad.php 第 13 行.
NOTIC: [8] Use of undefined constant id - assumed 'id' D:\shopsn\Runtime\Cache\Admin\7a4da6bf08c0de0caf505edbc90666ad.php 第 8 行.
NOTIC: [8] Undefined variable: specImageList D:\shopsn\Runtime\Cache\Admin\7a4da6bf08c0de0caf505edbc90666ad.php 第 13 行.
NOTIC: [8] Use of undefined constant id - assumed 'id' D:\shopsn\Runtime\Cache\Admin\7a4da6bf08c0de0caf505edbc90666ad.php 第 8 行.
NOTIC: [8] Undefined variable: specImageList D:\shopsn\Runtime\Cache\Admin\7a4da6bf08c0de0caf505edbc90666ad.php 第 13 行.
NOTIC: [8] Use of undefined constant id - assumed 'id' D:\shopsn\Runtime\Cache\Admin\7a4da6bf08c0de0caf505edbc90666ad.php 第 8 行.
NOTIC: [8] Undefined variable: specImageList D:\shopsn\Runtime\Cache\Admin\7a4da6bf08c0de0caf505edbc90666ad.php 第 13 行.
NOTIC: [8] Use of undefined constant id - assumed 'id' D:\shopsn\Runtime\Cache\Admin\7a4da6bf08c0de0caf505edbc90666ad.php 第 8 行.
NOTIC: [8] Undefined variable: specImageList D:\shopsn\Runtime\Cache\Admin\7a4da6bf08c0de0caf505edbc90666ad.php 第 13 行.
NOTIC: [8] Use of undefined constant id - assumed 'id' D:\shopsn\Runtime\Cache\Admin\7a4da6bf08c0de0caf505edbc90666ad.php 第 8 行.
NOTIC: [8] Undefined variable: specImageList D:\shopsn\Runtime\Cache\Admin\7a4da6bf08c0de0caf505edbc90666ad.php 第 13 行.
NOTIC: [8] Use of undefined constant id - assumed 'id' D:\shopsn\Runtime\Cache\Admin\7a4da6bf08c0de0caf505edbc90666ad.php 第 8 行.
NOTIC: [8] Undefined variable: specImageList D:\shopsn\Runtime\Cache\Admin\7a4da6bf08c0de0caf505edbc90666ad.php 第 13 行.
NOTIC: [8] Use of undefined constant id - assumed 'id' D:\shopsn\Runtime\Cache\Admin\7a4da6bf08c0de0caf505edbc90666ad.php 第 8 行.
NOTIC: [8] Undefined variable: specImageList D:\shopsn\Runtime\Cache\Admin\7a4da6bf08c0de0caf505edbc90666ad.php 第 13 行.
NOTIC: [8] Use of undefined constant id - assumed 'id' D:\shopsn\Runtime\Cache\Admin\7a4da6bf08c0de0caf505edbc90666ad.php 第 8 行.
NOTIC: [8] Undefined variable: specImageList D:\shopsn\Runtime\Cache\Admin\7a4da6bf08c0de0caf505edbc90666ad.php 第 13 行.
NOTIC: [8] Use of undefined constant id - assumed 'id' D:\shopsn\Runtime\Cache\Admin\7a4da6bf08c0de0caf505edbc90666ad.php 第 8 行.
NOTIC: [8] Undefined variable: specImageList D:\shopsn\Runtime\Cache\Admin\7a4da6bf08c0de0caf505edbc90666ad.php 第 13 行.
NOTIC: [8] Use of undefined constant id - assumed 'id' D:\shopsn\Runtime\Cache\Admin\7a4da6bf08c0de0caf505edbc90666ad.php 第 8 行.
NOTIC: [8] Undefined variable: specImageList D:\shopsn\Runtime\Cache\Admin\7a4da6bf08c0de0caf505edbc90666ad.php 第 13 行.
NOTIC: [8] Use of undefined constant id - assumed 'id' D:\shopsn\Runtime\Cache\Admin\7a4da6bf08c0de0caf505edbc90666ad.php 第 8 行.
NOTIC: [8] Undefined variable: specImageList D:\shopsn\Runtime\Cache\Admin\7a4da6bf08c0de0caf505edbc90666ad.php 第 13 行.
NOTIC: [8] Use of undefined constant id - assumed 'id' D:\shopsn\Runtime\Cache\Admin\7a4da6bf08c0de0caf505edbc90666ad.php 第 8 行.
NOTIC: [8] Undefined variable: specImageList D:\shopsn\Runtime\Cache\Admin\7a4da6bf08c0de0caf505edbc90666ad.php 第 13 行.
NOTIC: [8] Use of undefined constant id - assumed 'id' D:\shopsn\Runtime\Cache\Admin\7a4da6bf08c0de0caf505edbc90666ad.php 第 8 行.
NOTIC: [8] Undefined variable: specImageList D:\shopsn\Runtime\Cache\Admin\7a4da6bf08c0de0caf505edbc90666ad.php 第 13 行.
NOTIC: [8] Use of undefined constant id - assumed 'id' D:\shopsn\Runtime\Cache\Admin\7a4da6bf08c0de0caf505edbc90666ad.php 第 8 行.
NOTIC: [8] Undefined variable: specImageList D:\shopsn\Runtime\Cache\Admin\7a4da6bf08c0de0caf505edbc90666ad.php 第 13 行.
NOTIC: [8] Use of undefined constant id - assumed 'id' D:\shopsn\Runtime\Cache\Admin\7a4da6bf08c0de0caf505edbc90666ad.php 第 8 行.
NOTIC: [8] Undefined variable: specImageList D:\shopsn\Runtime\Cache\Admin\7a4da6bf08c0de0caf505edbc90666ad.php 第 13 行.
NOTIC: [8] Use of undefined constant id - assumed 'id' D:\shopsn\Runtime\Cache\Admin\7a4da6bf08c0de0caf505edbc90666ad.php 第 8 行.
NOTIC: [8] Undefined variable: specImageList D:\shopsn\Runtime\Cache\Admin\7a4da6bf08c0de0caf505edbc90666ad.php 第 13 行.
NOTIC: [8] Use of undefined constant id - assumed 'id' D:\shopsn\Runtime\Cache\Admin\7a4da6bf08c0de0caf505edbc90666ad.php 第 8 行.
NOTIC: [8] Undefined variable: specImageList D:\shopsn\Runtime\Cache\Admin\7a4da6bf08c0de0caf505edbc90666ad.php 第 13 行.
NOTIC: [8] Use of undefined constant id - assumed 'id' D:\shopsn\Runtime\Cache\Admin\7a4da6bf08c0de0caf505edbc90666ad.php 第 8 行.
NOTIC: [8] Undefined variable: specImageList D:\shopsn\Runtime\Cache\Admin\7a4da6bf08c0de0caf505edbc90666ad.php 第 13 行.
NOTIC: [8] Use of undefined constant id - assumed 'id' D:\shopsn\Runtime\Cache\Admin\7a4da6bf08c0de0caf505edbc90666ad.php 第 8 行.
NOTIC: [8] Undefined variable: specImageList D:\shopsn\Runtime\Cache\Admin\7a4da6bf08c0de0caf505edbc90666ad.php 第 13 行.
NOTIC: [8] Use of undefined constant id - assumed 'id' D:\shopsn\Runtime\Cache\Admin\7a4da6bf08c0de0caf505edbc90666ad.php 第 8 行.
NOTIC: [8] Undefined variable: specImageList D:\shopsn\Runtime\Cache\Admin\7a4da6bf08c0de0caf505edbc90666ad.php 第 13 行.
NOTIC: [8] Use of undefined constant id - assumed 'id' D:\shopsn\Runtime\Cache\Admin\7a4da6bf08c0de0caf505edbc90666ad.php 第 8 行.
NOTIC: [8] Undefined variable: specImageList D:\shopsn\Runtime\Cache\Admin\7a4da6bf08c0de0caf505edbc90666ad.php 第 13 行.
NOTIC: [8] Use of undefined constant id - assumed 'id' D:\shopsn\Runtime\Cache\Admin\7a4da6bf08c0de0caf505edbc90666ad.php 第 8 行.
NOTIC: [8] Undefined variable: specImageList D:\shopsn\Runtime\Cache\Admin\7a4da6bf08c0de0caf505edbc90666ad.php 第 13 行.
NOTIC: [8] Use of undefined constant id - assumed 'id' D:\shopsn\Runtime\Cache\Admin\7a4da6bf08c0de0caf505edbc90666ad.php 第 8 行.
NOTIC: [8] Undefined variable: specImageList D:\shopsn\Runtime\Cache\Admin\7a4da6bf08c0de0caf505edbc90666ad.php 第 13 行.
NOTIC: [8] Use of undefined constant id - assumed 'id' D:\shopsn\Runtime\Cache\Admin\7a4da6bf08c0de0caf505edbc90666ad.php 第 8 行.
NOTIC: [8] Undefined variable: specImageList D:\shopsn\Runtime\Cache\Admin\7a4da6bf08c0de0caf505edbc90666ad.php 第 13 行.
NOTIC: [8] Use of undefined constant id - assumed 'id' D:\shopsn\Runtime\Cache\Admin\7a4da6bf08c0de0caf505edbc90666ad.php 第 8 行.
NOTIC: [8] Undefined variable: specImageList D:\shopsn\Runtime\Cache\Admin\7a4da6bf08c0de0caf505edbc90666ad.php 第 13 行.
NOTIC: [8] Use of undefined constant id - assumed 'id' D:\shopsn\Runtime\Cache\Admin\7a4da6bf08c0de0caf505edbc90666ad.php 第 8 行.
NOTIC: [8] Undefined variable: specImageList D:\shopsn\Runtime\Cache\Admin\7a4da6bf08c0de0caf505edbc90666ad.php 第 13 行.
NOTIC: [8] Use of undefined constant id - assumed 'id' D:\shopsn\Runtime\Cache\Admin\7a4da6bf08c0de0caf505edbc90666ad.php 第 8 行.
NOTIC: [8] Undefined variable: specImageList D:\shopsn\Runtime\Cache\Admin\7a4da6bf08c0de0caf505edbc90666ad.php 第 13 行.
NOTIC: [8] Use of undefined constant id - assumed 'id' D:\shopsn\Runtime\Cache\Admin\7a4da6bf08c0de0caf505edbc90666ad.php 第 8 行.
NOTIC: [8] Undefined variable: specImageList D:\shopsn\Runtime\Cache\Admin\7a4da6bf08c0de0caf505edbc90666ad.php 第 13 行.
NOTIC: [8] Use of undefined constant id - assumed 'id' D:\shopsn\Runtime\Cache\Admin\7a4da6bf08c0de0caf505edbc90666ad.php 第 8 行.
NOTIC: [8] Undefined variable: specImageList D:\shopsn\Runtime\Cache\Admin\7a4da6bf08c0de0caf505edbc90666ad.php 第 13 行.
NOTIC: [8] Use of undefined constant id - assumed 'id' D:\shopsn\Runtime\Cache\Admin\7a4da6bf08c0de0caf505edbc90666ad.php 第 8 行.
NOTIC: [8] Undefined variable: specImageList D:\shopsn\Runtime\Cache\Admin\7a4da6bf08c0de0caf505edbc90666ad.php 第 13 行.
NOTIC: [8] Use of undefined constant id - assumed 'id' D:\shopsn\Runtime\Cache\Admin\7a4da6bf08c0de0caf505edbc90666ad.php 第 8 行.
NOTIC: [8] Undefined variable: specImageList D:\shopsn\Runtime\Cache\Admin\7a4da6bf08c0de0caf505edbc90666ad.php 第 13 行.
NOTIC: [8] Use of undefined constant id - assumed 'id' D:\shopsn\Runtime\Cache\Admin\7a4da6bf08c0de0caf505edbc90666ad.php 第 8 行.
NOTIC: [8] Undefined variable: specImageList D:\shopsn\Runtime\Cache\Admin\7a4da6bf08c0de0caf505edbc90666ad.php 第 13 行.
NOTIC: [8] Use of undefined constant id - assumed 'id' D:\shopsn\Runtime\Cache\Admin\7a4da6bf08c0de0caf505edbc90666ad.php 第 8 行.
NOTIC: [8] Undefined variable: specImageList D:\shopsn\Runtime\Cache\Admin\7a4da6bf08c0de0caf505edbc90666ad.php 第 13 行.
NOTIC: [8] Use of undefined constant id - assumed 'id' D:\shopsn\Runtime\Cache\Admin\7a4da6bf08c0de0caf505edbc90666ad.php 第 8 行.
NOTIC: [8] Undefined variable: specImageList D:\shopsn\Runtime\Cache\Admin\7a4da6bf08c0de0caf505edbc90666ad.php 第 13 行.
NOTIC: [8] Use of undefined constant id - assumed 'id' D:\shopsn\Runtime\Cache\Admin\7a4da6bf08c0de0caf505edbc90666ad.php 第 8 行.
NOTIC: [8] Undefined variable: specImageList D:\shopsn\Runtime\Cache\Admin\7a4da6bf08c0de0caf505edbc90666ad.php 第 13 行.
NOTIC: [8] Use of undefined constant id - assumed 'id' D:\shopsn\Runtime\Cache\Admin\7a4da6bf08c0de0caf505edbc90666ad.php 第 8 行.
NOTIC: [8] Undefined variable: specImageList D:\shopsn\Runtime\Cache\Admin\7a4da6bf08c0de0caf505edbc90666ad.php 第 13 行.
NOTIC: [8] Use of undefined constant id - assumed 'id' D:\shopsn\Runtime\Cache\Admin\7a4da6bf08c0de0caf505edbc90666ad.php 第 8 行.
NOTIC: [8] Undefined variable: specImageList D:\shopsn\Runtime\Cache\Admin\7a4da6bf08c0de0caf505edbc90666ad.php 第 13 行.
NOTIC: [8] Use of undefined constant name - assumed 'name' D:\shopsn\Runtime\Cache\Admin\7a4da6bf08c0de0caf505edbc90666ad.php 第 6 行.
NOTIC: [8] Use of undefined constant spec_item - assumed 'spec_item' D:\shopsn\Runtime\Cache\Admin\7a4da6bf08c0de0caf505edbc90666ad.php 第 8 行.
NOTIC: [8] Use of undefined constant spec_item - assumed 'spec_item' D:\shopsn\Runtime\Cache\Admin\7a4da6bf08c0de0caf505edbc90666ad.php 第 8 行.
NOTIC: [8] Use of undefined constant id - assumed 'id' D:\shopsn\Runtime\Cache\Admin\7a4da6bf08c0de0caf505edbc90666ad.php 第 8 行.
NOTIC: [8] Undefined variable: specImageList D:\shopsn\Runtime\Cache\Admin\7a4da6bf08c0de0caf505edbc90666ad.php 第 13 行.
NOTIC: [8] Use of undefined constant id - assumed 'id' D:\shopsn\Runtime\Cache\Admin\7a4da6bf08c0de0caf505edbc90666ad.php 第 8 行.
NOTIC: [8] Undefined variable: specImageList D:\shopsn\Runtime\Cache\Admin\7a4da6bf08c0de0caf505edbc90666ad.php 第 13 行.
INFO: Run Behavior\ParseTemplateBehavior [ RunTime:0.015000s ]
INFO: [ view_parse ] --END-- [ RunTime:0.015000s ]
INFO: [ view_filter ] --START--
INFO: Run Behavior\WriteHtmlCacheBehavior [ RunTime:0.001001s ]
INFO: [ view_filter ] --END-- [ RunTime:0.001001s ]
INFO: [ app_end ] --START--
INFO: Run Behavior\ShowPageTraceBehavior [ RunTime:0.001000s ]
INFO: [ app_end ] --END-- [ RunTime:0.001000s ]

[ 2018-07-10T15:50:31+08:00 ] 127.0.0.1 /adminprov.php/Goods/getAddContentByGoodsAttribute
INFO: [ app_init ] --START--
INFO: Run Behavior\BuildLiteBehavior [ RunTime:0.000000s ]
INFO: [ app_init ] --END-- [ RunTime:0.000000s ]
NOTIC: [8] Constant UPLOAD_PATH already defined D:\shopsn\Application\Admin\Conf\config.php 第 2 行.
INFO: [ app_begin ] --START--
INFO: Run Behavior\ReadHtmlCacheBehavior [ RunTime:0.001000s ]
INFO: [ app_begin ] --END-- [ RunTime:0.001000s ]

[ 2018-07-10T15:50:55+08:00 ] 127.0.0.1 /adminprov.php/Goods/ajaxGetSpecSelect?goods_id=0&spec_type=32
INFO: [ app_init ] --START--
INFO: Run Behavior\BuildLiteBehavior [ RunTime:0.000000s ]
INFO: [ app_init ] --END-- [ RunTime:0.001000s ]
NOTIC: [8] Constant UPLOAD_PATH already defined D:\shopsn\Application\Admin\Conf\config.php 第 2 行.
INFO: [ app_begin ] --START--
INFO: Run Behavior\ReadHtmlCacheBehavior [ RunTime:0.001000s ]
INFO: [ app_begin ] --END-- [ RunTime:0.001000s ]
INFO: [ view_parse ] --START--
INFO: [ template_filter ] --START--
INFO: Run Behavior\ContentReplaceBehavior [ RunTime:0.000000s ]
INFO: [ template_filter ] --END-- [ RunTime:0.000000s ]
INFO: Run Behavior\ParseTemplateBehavior [ RunTime:0.007000s ]
INFO: [ view_parse ] --END-- [ RunTime:0.007000s ]
INFO: [ view_filter ] --START--
INFO: Run Behavior\WriteHtmlCacheBehavior [ RunTime:0.000000s ]
INFO: [ view_filter ] --END-- [ RunTime:0.000000s ]
INFO: [ app_end ] --START--
INFO: Run Behavior\ShowPageTraceBehavior [ RunTime:0.001000s ]
INFO: [ app_end ] --END-- [ RunTime:0.001000s ]

[ 2018-07-10T15:50:56+08:00 ] 127.0.0.1 /adminprov.php/Goods/getAddContentByGoodsAttribute
INFO: [ app_init ] --START--
INFO: Run Behavior\BuildLiteBehavior [ RunTime:0.000000s ]
INFO: [ app_init ] --END-- [ RunTime:0.001000s ]
NOTIC: [8] Constant UPLOAD_PATH already defined D:\shopsn\Application\Admin\Conf\config.php 第 2 行.
INFO: [ app_begin ] --START--
INFO: Run Behavior\ReadHtmlCacheBehavior [ RunTime:0.001000s ]
INFO: [ app_begin ] --END-- [ RunTime:0.001000s ]

[ 2018-07-10T15:50:59+08:00 ] 127.0.0.1 /adminprov.php/Goods/ajaxGetSpecSelect?goods_id=0&spec_type=31
INFO: [ app_init ] --START--
INFO: Run Behavior\BuildLiteBehavior [ RunTime:0.000000s ]
INFO: [ app_init ] --END-- [ RunTime:0.001000s ]
NOTIC: [8] Constant UPLOAD_PATH already defined D:\shopsn\Application\Admin\Conf\config.php 第 2 行.
INFO: [ app_begin ] --START--
INFO: Run Behavior\ReadHtmlCacheBehavior [ RunTime:0.001000s ]
INFO: [ app_begin ] --END-- [ RunTime:0.001000s ]
INFO: [ view_parse ] --START--
INFO: [ template_filter ] --START--
INFO: Run Behavior\ContentReplaceBehavior [ RunTime:0.000000s ]
INFO: [ template_filter ] --END-- [ RunTime:0.000000s ]
NOTIC: [8] Use of undefined constant name - assumed 'name' D:\shopsn\Runtime\Cache\Admin\7a4da6bf08c0de0caf505edbc90666ad.php 第 6 行.
NOTIC: [8] Use of undefined constant spec_item - assumed 'spec_item' D:\shopsn\Runtime\Cache\Admin\7a4da6bf08c0de0caf505edbc90666ad.php 第 8 行.
NOTIC: [8] Use of undefined constant spec_item - assumed 'spec_item' D:\shopsn\Runtime\Cache\Admin\7a4da6bf08c0de0caf505edbc90666ad.php 第 8 行.
NOTIC: [8] Use of undefined constant id - assumed 'id' D:\shopsn\Runtime\Cache\Admin\7a4da6bf08c0de0caf505edbc90666ad.php 第 8 行.
NOTIC: [8] Undefined variable: specImageList D:\shopsn\Runtime\Cache\Admin\7a4da6bf08c0de0caf505edbc90666ad.php 第 13 行.
NOTIC: [8] Use of undefined constant id - assumed 'id' D:\shopsn\Runtime\Cache\Admin\7a4da6bf08c0de0caf505edbc90666ad.php 第 8 行.
NOTIC: [8] Undefined variable: specImageList D:\shopsn\Runtime\Cache\Admin\7a4da6bf08c0de0caf505edbc90666ad.php 第 13 行.
NOTIC: [8] Use of undefined constant id - assumed 'id' D:\shopsn\Runtime\Cache\Admin\7a4da6bf08c0de0caf505edbc90666ad.php 第 8 行.
NOTIC: [8] Undefined variable: specImageList D:\shopsn\Runtime\Cache\Admin\7a4da6bf08c0de0caf505edbc90666ad.php 第 13 行.
NOTIC: [8] Use of undefined constant id - assumed 'id' D:\shopsn\Runtime\Cache\Admin\7a4da6bf08c0de0caf505edbc90666ad.php 第 8 行.
NOTIC: [8] Undefined variable: specImageList D:\shopsn\Runtime\Cache\Admin\7a4da6bf08c0de0caf505edbc90666ad.php 第 13 行.
NOTIC: [8] Use of undefined constant id - assumed 'id' D:\shopsn\Runtime\Cache\Admin\7a4da6bf08c0de0caf505edbc90666ad.php 第 8 行.
NOTIC: [8] Undefined variable: specImageList D:\shopsn\Runtime\Cache\Admin\7a4da6bf08c0de0caf505edbc90666ad.php 第 13 行.
NOTIC: [8] Use of undefined constant id - assumed 'id' D:\shopsn\Runtime\Cache\Admin\7a4da6bf08c0de0caf505edbc90666ad.php 第 8 行.
NOTIC: [8] Undefined variable: specImageList D:\shopsn\Runtime\Cache\Admin\7a4da6bf08c0de0caf505edbc90666ad.php 第 13 行.
NOTIC: [8] Use of undefined constant id - assumed 'id' D:\shopsn\Runtime\Cache\Admin\7a4da6bf08c0de0caf505edbc90666ad.php 第 8 行.
NOTIC: [8] Undefined variable: specImageList D:\shopsn\Runtime\Cache\Admin\7a4da6bf08c0de0caf505edbc90666ad.php 第 13 行.
NOTIC: [8] Use of undefined constant id - assumed 'id' D:\shopsn\Runtime\Cache\Admin\7a4da6bf08c0de0caf505edbc90666ad.php 第 8 行.
NOTIC: [8] Undefined variable: specImageList D:\shopsn\Runtime\Cache\Admin\7a4da6bf08c0de0caf505edbc90666ad.php 第 13 行.
NOTIC: [8] Use of undefined constant id - assumed 'id' D:\shopsn\Runtime\Cache\Admin\7a4da6bf08c0de0caf505edbc90666ad.php 第 8 行.
NOTIC: [8] Undefined variable: specImageList D:\shopsn\Runtime\Cache\Admin\7a4da6bf08c0de0caf505edbc90666ad.php 第 13 行.
NOTIC: [8] Use of undefined constant id - assumed 'id' D:\shopsn\Runtime\Cache\Admin\7a4da6bf08c0de0caf505edbc90666ad.php 第 8 行.
NOTIC: [8] Undefined variable: specImageList D:\shopsn\Runtime\Cache\Admin\7a4da6bf08c0de0caf505edbc90666ad.php 第 13 行.
NOTIC: [8] Use of undefined constant id - assumed 'id' D:\shopsn\Runtime\Cache\Admin\7a4da6bf08c0de0caf505edbc90666ad.php 第 8 行.
NOTIC: [8] Undefined variable: specImageList D:\shopsn\Runtime\Cache\Admin\7a4da6bf08c0de0caf505edbc90666ad.php 第 13 行.
NOTIC: [8] Use of undefined constant id - assumed 'id' D:\shopsn\Runtime\Cache\Admin\7a4da6bf08c0de0caf505edbc90666ad.php 第 8 行.
NOTIC: [8] Undefined variable: specImageList D:\shopsn\Runtime\Cache\Admin\7a4da6bf08c0de0caf505edbc90666ad.php 第 13 行.
NOTIC: [8] Use of undefined constant id - assumed 'id' D:\shopsn\Runtime\Cache\Admin\7a4da6bf08c0de0caf505edbc90666ad.php 第 8 行.
NOTIC: [8] Undefined variable: specImageList D:\shopsn\Runtime\Cache\Admin\7a4da6bf08c0de0caf505edbc90666ad.php 第 13 行.
NOTIC: [8] Use of undefined constant id - assumed 'id' D:\shopsn\Runtime\Cache\Admin\7a4da6bf08c0de0caf505edbc90666ad.php 第 8 行.
NOTIC: [8] Undefined variable: specImageList D:\shopsn\Runtime\Cache\Admin\7a4da6bf08c0de0caf505edbc90666ad.php 第 13 行.
NOTIC: [8] Use of undefined constant id - assumed 'id' D:\shopsn\Runtime\Cache\Admin\7a4da6bf08c0de0caf505edbc90666ad.php 第 8 行.
NOTIC: [8] Undefined variable: specImageList D:\shopsn\Runtime\Cache\Admin\7a4da6bf08c0de0caf505edbc90666ad.php 第 13 行.
NOTIC: [8] Use of undefined constant id - assumed 'id' D:\shopsn\Runtime\Cache\Admin\7a4da6bf08c0de0caf505edbc90666ad.php 第 8 行.
NOTIC: [8] Undefined variable: specImageList D:\shopsn\Runtime\Cache\Admin\7a4da6bf08c0de0caf505edbc90666ad.php 第 13 行.
NOTIC: [8] Use of undefined constant id - assumed 'id' D:\shopsn\Runtime\Cache\Admin\7a4da6bf08c0de0caf505edbc90666ad.php 第 8 行.
NOTIC: [8] Undefined variable: specImageList D:\shopsn\Runtime\Cache\Admin\7a4da6bf08c0de0caf505edbc90666ad.php 第 13 行.
NOTIC: [8] Use of undefined constant id - assumed 'id' D:\shopsn\Runtime\Cache\Admin\7a4da6bf08c0de0caf505edbc90666ad.php 第 8 行.
NOTIC: [8] Undefined variable: specImageList D:\shopsn\Runtime\Cache\Admin\7a4da6bf08c0de0caf505edbc90666ad.php 第 13 行.
NOTIC: [8] Use of undefined constant id - assumed 'id' D:\shopsn\Runtime\Cache\Admin\7a4da6bf08c0de0caf505edbc90666ad.php 第 8 行.
NOTIC: [8] Undefined variable: specImageList D:\shopsn\Runtime\Cache\Admin\7a4da6bf08c0de0caf505edbc90666ad.php 第 13 行.
NOTIC: [8] Use of undefined constant id - assumed 'id' D:\shopsn\Runtime\Cache\Admin\7a4da6bf08c0de0caf505edbc90666ad.php 第 8 行.
NOTIC: [8] Undefined variable: specImageList D:\shopsn\Runtime\Cache\Admin\7a4da6bf08c0de0caf505edbc90666ad.php 第 13 行.
NOTIC: [8] Use of undefined constant id - assumed 'id' D:\shopsn\Runtime\Cache\Admin\7a4da6bf08c0de0caf505edbc90666ad.php 第 8 行.
NOTIC: [8] Undefined variable: specImageList D:\shopsn\Runtime\Cache\Admin\7a4da6bf08c0de0caf505edbc90666ad.php 第 13 行.
NOTIC: [8] Use of undefined constant id - assumed 'id' D:\shopsn\Runtime\Cache\Admin\7a4da6bf08c0de0caf505edbc90666ad.php 第 8 行.
NOTIC: [8] Undefined variable: specImageList D:\shopsn\Runtime\Cache\Admin\7a4da6bf08c0de0caf505edbc90666ad.php 第 13 行.
NOTIC: [8] Use of undefined constant id - assumed 'id' D:\shopsn\Runtime\Cache\Admin\7a4da6bf08c0de0caf505edbc90666ad.php 第 8 行.
NOTIC: [8] Undefined variable: specImageList D:\shopsn\Runtime\Cache\Admin\7a4da6bf08c0de0caf505edbc90666ad.php 第 13 行.
NOTIC: [8] Use of undefined constant id - assumed 'id' D:\shopsn\Runtime\Cache\Admin\7a4da6bf08c0de0caf505edbc90666ad.php 第 8 行.
NOTIC: [8] Undefined variable: specImageList D:\shopsn\Runtime\Cache\Admin\7a4da6bf08c0de0caf505edbc90666ad.php 第 13 行.
NOTIC: [8] Use of undefined constant id - assumed 'id' D:\shopsn\Runtime\Cache\Admin\7a4da6bf08c0de0caf505edbc90666ad.php 第 8 行.
NOTIC: [8] Undefined variable: specImageList D:\shopsn\Runtime\Cache\Admin\7a4da6bf08c0de0caf505edbc90666ad.php 第 13 行.
NOTIC: [8] Use of undefined constant id - assumed 'id' D:\shopsn\Runtime\Cache\Admin\7a4da6bf08c0de0caf505edbc90666ad.php 第 8 行.
NOTIC: [8] Undefined variable: specImageList D:\shopsn\Runtime\Cache\Admin\7a4da6bf08c0de0caf505edbc90666ad.php 第 13 行.
NOTIC: [8] Use of undefined constant id - assumed 'id' D:\shopsn\Runtime\Cache\Admin\7a4da6bf08c0de0caf505edbc90666ad.php 第 8 行.
NOTIC: [8] Undefined variable: specImageList D:\shopsn\Runtime\Cache\Admin\7a4da6bf08c0de0caf505edbc90666ad.php 第 13 行.
NOTIC: [8] Use of undefined constant id - assumed 'id' D:\shopsn\Runtime\Cache\Admin\7a4da6bf08c0de0caf505edbc90666ad.php 第 8 行.
NOTIC: [8] Undefined variable: specImageList D:\shopsn\Runtime\Cache\Admin\7a4da6bf08c0de0caf505edbc90666ad.php 第 13 行.
NOTIC: [8] Use of undefined constant id - assumed 'id' D:\shopsn\Runtime\Cache\Admin\7a4da6bf08c0de0caf505edbc90666ad.php 第 8 行.
NOTIC: [8] Undefined variable: specImageList D:\shopsn\Runtime\Cache\Admin\7a4da6bf08c0de0caf505edbc90666ad.php 第 13 行.
NOTIC: [8] Use of undefined constant id - assumed 'id' D:\shopsn\Runtime\Cache\Admin\7a4da6bf08c0de0caf505edbc90666ad.php 第 8 行.
NOTIC: [8] Undefined variable: specImageList D:\shopsn\Runtime\Cache\Admin\7a4da6bf08c0de0caf505edbc90666ad.php 第 13 行.
NOTIC: [8] Use of undefined constant id - assumed 'id' D:\shopsn\Runtime\Cache\Admin\7a4da6bf08c0de0caf505edbc90666ad.php 第 8 行.
NOTIC: [8] Undefined variable: specImageList D:\shopsn\Runtime\Cache\Admin\7a4da6bf08c0de0caf505edbc90666ad.php 第 13 行.
NOTIC: [8] Use of undefined constant id - assumed 'id' D:\shopsn\Runtime\Cache\Admin\7a4da6bf08c0de0caf505edbc90666ad.php 第 8 行.
NOTIC: [8] Undefined variable: specImageList D:\shopsn\Runtime\Cache\Admin\7a4da6bf08c0de0caf505edbc90666ad.php 第 13 行.
NOTIC: [8] Use of undefined constant id - assumed 'id' D:\shopsn\Runtime\Cache\Admin\7a4da6bf08c0de0caf505edbc90666ad.php 第 8 行.
NOTIC: [8] Undefined variable: specImageList D:\shopsn\Runtime\Cache\Admin\7a4da6bf08c0de0caf505edbc90666ad.php 第 13 行.
NOTIC: [8] Use of undefined constant id - assumed 'id' D:\shopsn\Runtime\Cache\Admin\7a4da6bf08c0de0caf505edbc90666ad.php 第 8 行.
NOTIC: [8] Undefined variable: specImageList D:\shopsn\Runtime\Cache\Admin\7a4da6bf08c0de0caf505edbc90666ad.php 第 13 行.
NOTIC: [8] Use of undefined constant id - assumed 'id' D:\shopsn\Runtime\Cache\Admin\7a4da6bf08c0de0caf505edbc90666ad.php 第 8 行.
NOTIC: [8] Undefined variable: specImageList D:\shopsn\Runtime\Cache\Admin\7a4da6bf08c0de0caf505edbc90666ad.php 第 13 行.
NOTIC: [8] Use of undefined constant id - assumed 'id' D:\shopsn\Runtime\Cache\Admin\7a4da6bf08c0de0caf505edbc90666ad.php 第 8 行.
NOTIC: [8] Undefined variable: specImageList D:\shopsn\Runtime\Cache\Admin\7a4da6bf08c0de0caf505edbc90666ad.php 第 13 行.
NOTIC: [8] Use of undefined constant id - assumed 'id' D:\shopsn\Runtime\Cache\Admin\7a4da6bf08c0de0caf505edbc90666ad.php 第 8 行.
NOTIC: [8] Undefined variable: specImageList D:\shopsn\Runtime\Cache\Admin\7a4da6bf08c0de0caf505edbc90666ad.php 第 13 行.
NOTIC: [8] Use of undefined constant id - assumed 'id' D:\shopsn\Runtime\Cache\Admin\7a4da6bf08c0de0caf505edbc90666ad.php 第 8 行.
NOTIC: [8] Undefined variable: specImageList D:\shopsn\Runtime\Cache\Admin\7a4da6bf08c0de0caf505edbc90666ad.php 第 13 行.
NOTIC: [8] Use of undefined constant id - assumed 'id' D:\shopsn\Runtime\Cache\Admin\7a4da6bf08c0de0caf505edbc90666ad.php 第 8 行.
NOTIC: [8] Undefined variable: specImageList D:\shopsn\Runtime\Cache\Admin\7a4da6bf08c0de0caf505edbc90666ad.php 第 13 行.
NOTIC: [8] Use of undefined constant id - assumed 'id' D:\shopsn\Runtime\Cache\Admin\7a4da6bf08c0de0caf505edbc90666ad.php 第 8 行.
NOTIC: [8] Undefined variable: specImageList D:\shopsn\Runtime\Cache\Admin\7a4da6bf08c0de0caf505edbc90666ad.php 第 13 行.
NOTIC: [8] Use of undefined constant id - assumed 'id' D:\shopsn\Runtime\Cache\Admin\7a4da6bf08c0de0caf505edbc90666ad.php 第 8 行.
NOTIC: [8] Undefined variable: specImageList D:\shopsn\Runtime\Cache\Admin\7a4da6bf08c0de0caf505edbc90666ad.php 第 13 行.
NOTIC: [8] Use of undefined constant id - assumed 'id' D:\shopsn\Runtime\Cache\Admin\7a4da6bf08c0de0caf505edbc90666ad.php 第 8 行.
NOTIC: [8] Undefined variable: specImageList D:\shopsn\Runtime\Cache\Admin\7a4da6bf08c0de0caf505edbc90666ad.php 第 13 行.
NOTIC: [8] Use of undefined constant id - assumed 'id' D:\shopsn\Runtime\Cache\Admin\7a4da6bf08c0de0caf505edbc90666ad.php 第 8 行.
NOTIC: [8] Undefined variable: specImageList D:\shopsn\Runtime\Cache\Admin\7a4da6bf08c0de0caf505edbc90666ad.php 第 13 行.
NOTIC: [8] Use of undefined constant name - assumed 'name' D:\shopsn\Runtime\Cache\Admin\7a4da6bf08c0de0caf505edbc90666ad.php 第 6 行.
NOTIC: [8] Use of undefined constant spec_item - assumed 'spec_item' D:\shopsn\Runtime\Cache\Admin\7a4da6bf08c0de0caf505edbc90666ad.php 第 8 行.
NOTIC: [8] Use of undefined constant spec_item - assumed 'spec_item' D:\shopsn\Runtime\Cache\Admin\7a4da6bf08c0de0caf505edbc90666ad.php 第 8 行.
NOTIC: [8] Use of undefined constant id - assumed 'id' D:\shopsn\Runtime\Cache\Admin\7a4da6bf08c0de0caf505edbc90666ad.php 第 8 行.
NOTIC: [8] Undefined variable: specImageList D:\shopsn\Runtime\Cache\Admin\7a4da6bf08c0de0caf505edbc90666ad.php 第 13 行.
NOTIC: [8] Use of undefined constant id - assumed 'id' D:\shopsn\Runtime\Cache\Admin\7a4da6bf08c0de0caf505edbc90666ad.php 第 8 行.
NOTIC: [8] Undefined variable: specImageList D:\shopsn\Runtime\Cache\Admin\7a4da6bf08c0de0caf505edbc90666ad.php 第 13 行.
NOTIC: [8] Use of undefined constant id - assumed 'id' D:\shopsn\Runtime\Cache\Admin\7a4da6bf08c0de0caf505edbc90666ad.php 第 8 行.
NOTIC: [8] Undefined variable: specImageList D:\shopsn\Runtime\Cache\Admin\7a4da6bf08c0de0caf505edbc90666ad.php 第 13 行.
NOTIC: [8] Use of undefined constant id - assumed 'id' D:\shopsn\Runtime\Cache\Admin\7a4da6bf08c0de0caf505edbc90666ad.php 第 8 行.
NOTIC: [8] Undefined variable: specImageList D:\shopsn\Runtime\Cache\Admin\7a4da6bf08c0de0caf505edbc90666ad.php 第 13 行.
NOTIC: [8] Use of undefined constant id - assumed 'id' D:\shopsn\Runtime\Cache\Admin\7a4da6bf08c0de0caf505edbc90666ad.php 第 8 行.
NOTIC: [8] Undefined variable: specImageList D:\shopsn\Runtime\Cache\Admin\7a4da6bf08c0de0caf505edbc90666ad.php 第 13 行.
NOTIC: [8] Use of undefined constant id - assumed 'id' D:\shopsn\Runtime\Cache\Admin\7a4da6bf08c0de0caf505edbc90666ad.php 第 8 行.
NOTIC: [8] Undefined variable: specImageList D:\shopsn\Runtime\Cache\Admin\7a4da6bf08c0de0caf505edbc90666ad.php 第 13 行.
NOTIC: [8] Use of undefined constant id - assumed 'id' D:\shopsn\Runtime\Cache\Admin\7a4da6bf08c0de0caf505edbc90666ad.php 第 8 行.
NOTIC: [8] Undefined variable: specImageList D:\shopsn\Runtime\Cache\Admin\7a4da6bf08c0de0caf505edbc90666ad.php 第 13 行.
NOTIC: [8] Use of undefined constant id - assumed 'id' D:\shopsn\Runtime\Cache\Admin\7a4da6bf08c0de0caf505edbc90666ad.php 第 8 行.
NOTIC: [8] Undefined variable: specImageList D:\shopsn\Runtime\Cache\Admin\7a4da6bf08c0de0caf505edbc90666ad.php 第 13 行.
NOTIC: [8] Use of undefined constant id - assumed 'id' D:\shopsn\Runtime\Cache\Admin\7a4da6bf08c0de0caf505edbc90666ad.php 第 8 行.
NOTIC: [8] Undefined variable: specImageList D:\shopsn\Runtime\Cache\Admin\7a4da6bf08c0de0caf505edbc90666ad.php 第 13 行.
NOTIC: [8] Use of undefined constant id - assumed 'id' D:\shopsn\Runtime\Cache\Admin\7a4da6bf08c0de0caf505edbc90666ad.php 第 8 行.
NOTIC: [8] Undefined variable: specImageList D:\shopsn\Runtime\Cache\Admin\7a4da6bf08c0de0caf505edbc90666ad.php 第 13 行.
NOTIC: [8] Use of undefined constant id - assumed 'id' D:\shopsn\Runtime\Cache\Admin\7a4da6bf08c0de0caf505edbc90666ad.php 第 8 行.
NOTIC: [8] Undefined variable: specImageList D:\shopsn\Runtime\Cache\Admin\7a4da6bf08c0de0caf505edbc90666ad.php 第 13 行.
NOTIC: [8] Use of undefined constant id - assumed 'id' D:\shopsn\Runtime\Cache\Admin\7a4da6bf08c0de0caf505edbc90666ad.php 第 8 行.
NOTIC: [8] Undefined variable: specImageList D:\shopsn\Runtime\Cache\Admin\7a4da6bf08c0de0caf505edbc90666ad.php 第 13 行.
NOTIC: [8] Use of undefined constant id - assumed 'id' D:\shopsn\Runtime\Cache\Admin\7a4da6bf08c0de0caf505edbc90666ad.php 第 8 行.
NOTIC: [8] Undefined variable: specImageList D:\shopsn\Runtime\Cache\Admin\7a4da6bf08c0de0caf505edbc90666ad.php 第 13 行.
NOTIC: [8] Use of undefined constant id - assumed 'id' D:\shopsn\Runtime\Cache\Admin\7a4da6bf08c0de0caf505edbc90666ad.php 第 8 行.
NOTIC: [8] Undefined variable: specImageList D:\shopsn\Runtime\Cache\Admin\7a4da6bf08c0de0caf505edbc90666ad.php 第 13 行.
NOTIC: [8] Use of undefined constant id - assumed 'id' D:\shopsn\Runtime\Cache\Admin\7a4da6bf08c0de0caf505edbc90666ad.php 第 8 行.
NOTIC: [8] Undefined variable: specImageList D:\shopsn\Runtime\Cache\Admin\7a4da6bf08c0de0caf505edbc90666ad.php 第 13 行.
NOTIC: [8] Use of undefined constant name - assumed 'name' D:\shopsn\Runtime\Cache\Admin\7a4da6bf08c0de0caf505edbc90666ad.php 第 6 行.
NOTIC: [8] Use of undefined constant spec_item - assumed 'spec_item' D:\shopsn\Runtime\Cache\Admin\7a4da6bf08c0de0caf505edbc90666ad.php 第 8 行.
NOTIC: [8] Use of undefined constant spec_item - assumed 'spec_item' D:\shopsn\Runtime\Cache\Admin\7a4da6bf08c0de0caf505edbc90666ad.php 第 8 行.
NOTIC: [8] Use of undefined constant id - assumed 'id' D:\shopsn\Runtime\Cache\Admin\7a4da6bf08c0de0caf505edbc90666ad.php 第 8 行.
NOTIC: [8] Undefined variable: specImageList D:\shopsn\Runtime\Cache\Admin\7a4da6bf08c0de0caf505edbc90666ad.php 第 13 行.
NOTIC: [8] Use of undefined constant id - assumed 'id' D:\shopsn\Runtime\Cache\Admin\7a4da6bf08c0de0caf505edbc90666ad.php 第 8 行.
NOTIC: [8] Undefined variable: specImageList D:\shopsn\Runtime\Cache\Admin\7a4da6bf08c0de0caf505edbc90666ad.php 第 13 行.
NOTIC: [8] Use of undefined constant id - assumed 'id' D:\shopsn\Runtime\Cache\Admin\7a4da6bf08c0de0caf505edbc90666ad.php 第 8 行.
NOTIC: [8] Undefined variable: specImageList D:\shopsn\Runtime\Cache\Admin\7a4da6bf08c0de0caf505edbc90666ad.php 第 13 行.
NOTIC: [8] Use of undefined constant id - assumed 'id' D:\shopsn\Runtime\Cache\Admin\7a4da6bf08c0de0caf505edbc90666ad.php 第 8 行.
NOTIC: [8] Undefined variable: specImageList D:\shopsn\Runtime\Cache\Admin\7a4da6bf08c0de0caf505edbc90666ad.php 第 13 行.
NOTIC: [8] Use of undefined constant id - assumed 'id' D:\shopsn\Runtime\Cache\Admin\7a4da6bf08c0de0caf505edbc90666ad.php 第 8 行.
NOTIC: [8] Undefined variable: specImageList D:\shopsn\Runtime\Cache\Admin\7a4da6bf08c0de0caf505edbc90666ad.php 第 13 行.
NOTIC: [8] Use of undefined constant id - assumed 'id' D:\shopsn\Runtime\Cache\Admin\7a4da6bf08c0de0caf505edbc90666ad.php 第 8 行.
NOTIC: [8] Undefined variable: specImageList D:\shopsn\Runtime\Cache\Admin\7a4da6bf08c0de0caf505edbc90666ad.php 第 13 行.
NOTIC: [8] Use of undefined constant id - assumed 'id' D:\shopsn\Runtime\Cache\Admin\7a4da6bf08c0de0caf505edbc90666ad.php 第 8 行.
NOTIC: [8] Undefined variable: specImageList D:\shopsn\Runtime\Cache\Admin\7a4da6bf08c0de0caf505edbc90666ad.php 第 13 行.
NOTIC: [8] Use of undefined constant id - assumed 'id' D:\shopsn\Runtime\Cache\Admin\7a4da6bf08c0de0caf505edbc90666ad.php 第 8 行.
NOTIC: [8] Undefined variable: specImageList D:\shopsn\Runtime\Cache\Admin\7a4da6bf08c0de0caf505edbc90666ad.php 第 13 行.
NOTIC: [8] Use of undefined constant id - assumed 'id' D:\shopsn\Runtime\Cache\Admin\7a4da6bf08c0de0caf505edbc90666ad.php 第 8 行.
NOTIC: [8] Undefined variable: specImageList D:\shopsn\Runtime\Cache\Admin\7a4da6bf08c0de0caf505edbc90666ad.php 第 13 行.
NOTIC: [8] Use of undefined constant id - assumed 'id' D:\shopsn\Runtime\Cache\Admin\7a4da6bf08c0de0caf505edbc90666ad.php 第 8 行.
NOTIC: [8] Undefined variable: specImageList D:\shopsn\Runtime\Cache\Admin\7a4da6bf08c0de0caf505edbc90666ad.php 第 13 行.
NOTIC: [8] Use of undefined constant id - assumed 'id' D:\shopsn\Runtime\Cache\Admin\7a4da6bf08c0de0caf505edbc90666ad.php 第 8 行.
NOTIC: [8] Undefined variable: specImageList D:\shopsn\Runtime\Cache\Admin\7a4da6bf08c0de0caf505edbc90666ad.php 第 13 行.
NOTIC: [8] Use of undefined constant id - assumed 'id' D:\shopsn\Runtime\Cache\Admin\7a4da6bf08c0de0caf505edbc90666ad.php 第 8 行.
NOTIC: [8] Undefined variable: specImageList D:\shopsn\Runtime\Cache\Admin\7a4da6bf08c0de0caf505edbc90666ad.php 第 13 行.
NOTIC: [8] Use of undefined constant id - assumed 'id' D:\shopsn\Runtime\Cache\Admin\7a4da6bf08c0de0caf505edbc90666ad.php 第 8 行.
NOTIC: [8] Undefined variable: specImageList D:\shopsn\Runtime\Cache\Admin\7a4da6bf08c0de0caf505edbc90666ad.php 第 13 行.
NOTIC: [8] Use of undefined constant id - assumed 'id' D:\shopsn\Runtime\Cache\Admin\7a4da6bf08c0de0caf505edbc90666ad.php 第 8 行.
NOTIC: [8] Undefined variable: specImageList D:\shopsn\Runtime\Cache\Admin\7a4da6bf08c0de0caf505edbc90666ad.php 第 13 行.
NOTIC: [8] Use of undefined constant id - assumed 'id' D:\shopsn\Runtime\Cache\Admin\7a4da6bf08c0de0caf505edbc90666ad.php 第 8 行.
NOTIC: [8] Undefined variable: specImageList D:\shopsn\Runtime\Cache\Admin\7a4da6bf08c0de0caf505edbc90666ad.php 第 13 行.
NOTIC: [8] Use of undefined constant id - assumed 'id' D:\shopsn\Runtime\Cache\Admin\7a4da6bf08c0de0caf505edbc90666ad.php 第 8 行.
NOTIC: [8] Undefined variable: specImageList D:\shopsn\Runtime\Cache\Admin\7a4da6bf08c0de0caf505edbc90666ad.php 第 13 行.
NOTIC: [8] Use of undefined constant id - assumed 'id' D:\shopsn\Runtime\Cache\Admin\7a4da6bf08c0de0caf505edbc90666ad.php 第 8 行.
NOTIC: [8] Undefined variable: specImageList D:\shopsn\Runtime\Cache\Admin\7a4da6bf08c0de0caf505edbc90666ad.php 第 13 行.
NOTIC: [8] Use of undefined constant id - assumed 'id' D:\shopsn\Runtime\Cache\Admin\7a4da6bf08c0de0caf505edbc90666ad.php 第 8 行.
NOTIC: [8] Undefined variable: specImageList D:\shopsn\Runtime\Cache\Admin\7a4da6bf08c0de0caf505edbc90666ad.php 第 13 行.
NOTIC: [8] Use of undefined constant id - assumed 'id' D:\shopsn\Runtime\Cache\Admin\7a4da6bf08c0de0caf505edbc90666ad.php 第 8 行.
NOTIC: [8] Undefined variable: specImageList D:\shopsn\Runtime\Cache\Admin\7a4da6bf08c0de0caf505edbc90666ad.php 第 13 行.
NOTIC: [8] Use of undefined constant id - assumed 'id' D:\shopsn\Runtime\Cache\Admin\7a4da6bf08c0de0caf505edbc90666ad.php 第 8 行.
NOTIC: [8] Undefined variable: specImageList D:\shopsn\Runtime\Cache\Admin\7a4da6bf08c0de0caf505edbc90666ad.php 第 13 行.
NOTIC: [8] Use of undefined constant id - assumed 'id' D:\shopsn\Runtime\Cache\Admin\7a4da6bf08c0de0caf505edbc90666ad.php 第 8 行.
NOTIC: [8] Undefined variable: specImageList D:\shopsn\Runtime\Cache\Admin\7a4da6bf08c0de0caf505edbc90666ad.php 第 13 行.
NOTIC: [8] Use of undefined constant id - assumed 'id' D:\shopsn\Runtime\Cache\Admin\7a4da6bf08c0de0caf505edbc90666ad.php 第 8 行.
NOTIC: [8] Undefined variable: specImageList D:\shopsn\Runtime\Cache\Admin\7a4da6bf08c0de0caf505edbc90666ad.php 第 13 行.
NOTIC: [8] Use of undefined constant id - assumed 'id' D:\shopsn\Runtime\Cache\Admin\7a4da6bf08c0de0caf505edbc90666ad.php 第 8 行.
NOTIC: [8] Undefined variable: specImageList D:\shopsn\Runtime\Cache\Admin\7a4da6bf08c0de0caf505edbc90666ad.php 第 13 行.
NOTIC: [8] Use of undefined constant id - assumed 'id' D:\shopsn\Runtime\Cache\Admin\7a4da6bf08c0de0caf505edbc90666ad.php 第 8 行.
NOTIC: [8] Undefined variable: specImageList D:\shopsn\Runtime\Cache\Admin\7a4da6bf08c0de0caf505edbc90666ad.php 第 13 行.
NOTIC: [8] Use of undefined constant id - assumed 'id' D:\shopsn\Runtime\Cache\Admin\7a4da6bf08c0de0caf505edbc90666ad.php 第 8 行.
NOTIC: [8] Undefined variable: specImageList D:\shopsn\Runtime\Cache\Admin\7a4da6bf08c0de0caf505edbc90666ad.php 第 13 行.
NOTIC: [8] Use of undefined constant id - assumed 'id' D:\shopsn\Runtime\Cache\Admin\7a4da6bf08c0de0caf505edbc90666ad.php 第 8 行.
NOTIC: [8] Undefined variable: specImageList D:\shopsn\Runtime\Cache\Admin\7a4da6bf08c0de0caf505edbc90666ad.php 第 13 行.
NOTIC: [8] Use of undefined constant id - assumed 'id' D:\shopsn\Runtime\Cache\Admin\7a4da6bf08c0de0caf505edbc90666ad.php 第 8 行.
NOTIC: [8] Undefined variable: specImageList D:\shopsn\Runtime\Cache\Admin\7a4da6bf08c0de0caf505edbc90666ad.php 第 13 行.
NOTIC: [8] Use of undefined constant id - assumed 'id' D:\shopsn\Runtime\Cache\Admin\7a4da6bf08c0de0caf505edbc90666ad.php 第 8 行.
NOTIC: [8] Undefined variable: specImageList D:\shopsn\Runtime\Cache\Admin\7a4da6bf08c0de0caf505edbc90666ad.php 第 13 行.
NOTIC: [8] Use of undefined constant id - assumed 'id' D:\shopsn\Runtime\Cache\Admin\7a4da6bf08c0de0caf505edbc90666ad.php 第 8 行.
NOTIC: [8] Undefined variable: specImageList D:\shopsn\Runtime\Cache\Admin\7a4da6bf08c0de0caf505edbc90666ad.php 第 13 行.
NOTIC: [8] Use of undefined constant id - assumed 'id' D:\shopsn\Runtime\Cache\Admin\7a4da6bf08c0de0caf505edbc90666ad.php 第 8 行.
NOTIC: [8] Undefined variable: specImageList D:\shopsn\Runtime\Cache\Admin\7a4da6bf08c0de0caf505edbc90666ad.php 第 13 行.
NOTIC: [8] Use of undefined constant id - assumed 'id' D:\shopsn\Runtime\Cache\Admin\7a4da6bf08c0de0caf505edbc90666ad.php 第 8 行.
NOTIC: [8] Undefined variable: specImageList D:\shopsn\Runtime\Cache\Admin\7a4da6bf08c0de0caf505edbc90666ad.php 第 13 行.
NOTIC: [8] Use of undefined constant id - assumed 'id' D:\shopsn\Runtime\Cache\Admin\7a4da6bf08c0de0caf505edbc90666ad.php 第 8 行.
NOTIC: [8] Undefined variable: specImageList D:\shopsn\Runtime\Cache\Admin\7a4da6bf08c0de0caf505edbc90666ad.php 第 13 行.
NOTIC: [8] Use of undefined constant id - assumed 'id' D:\shopsn\Runtime\Cache\Admin\7a4da6bf08c0de0caf505edbc90666ad.php 第 8 行.
NOTIC: [8] Undefined variable: specImageList D:\shopsn\Runtime\Cache\Admin\7a4da6bf08c0de0caf505edbc90666ad.php 第 13 行.
NOTIC: [8] Use of undefined constant id - assumed 'id' D:\shopsn\Runtime\Cache\Admin\7a4da6bf08c0de0caf505edbc90666ad.php 第 8 行.
NOTIC: [8] Undefined variable: specImageList D:\shopsn\Runtime\Cache\Admin\7a4da6bf08c0de0caf505edbc90666ad.php 第 13 行.
NOTIC: [8] Use of undefined constant id - assumed 'id' D:\shopsn\Runtime\Cache\Admin\7a4da6bf08c0de0caf505edbc90666ad.php 第 8 行.
NOTIC: [8] Undefined variable: specImageList D:\shopsn\Runtime\Cache\Admin\7a4da6bf08c0de0caf505edbc90666ad.php 第 13 行.
NOTIC: [8] Use of undefined constant id - assumed 'id' D:\shopsn\Runtime\Cache\Admin\7a4da6bf08c0de0caf505edbc90666ad.php 第 8 行.
NOTIC: [8] Undefined variable: specImageList D:\shopsn\Runtime\Cache\Admin\7a4da6bf08c0de0caf505edbc90666ad.php 第 13 行.
NOTIC: [8] Use of undefined constant id - assumed 'id' D:\shopsn\Runtime\Cache\Admin\7a4da6bf08c0de0caf505edbc90666ad.php 第 8 行.
NOTIC: [8] Undefined variable: specImageList D:\shopsn\Runtime\Cache\Admin\7a4da6bf08c0de0caf505edbc90666ad.php 第 13 行.
NOTIC: [8] Use of undefined constant id - assumed 'id' D:\shopsn\Runtime\Cache\Admin\7a4da6bf08c0de0caf505edbc90666ad.php 第 8 行.
NOTIC: [8] Undefined variable: specImageList D:\shopsn\Runtime\Cache\Admin\7a4da6bf08c0de0caf505edbc90666ad.php 第 13 行.
NOTIC: [8] Use of undefined constant id - assumed 'id' D:\shopsn\Runtime\Cache\Admin\7a4da6bf08c0de0caf505edbc90666ad.php 第 8 行.
NOTIC: [8] Undefined variable: specImageList D:\shopsn\Runtime\Cache\Admin\7a4da6bf08c0de0caf505edbc90666ad.php 第 13 行.
NOTIC: [8] Use of undefined constant id - assumed 'id' D:\shopsn\Runtime\Cache\Admin\7a4da6bf08c0de0caf505edbc90666ad.php 第 8 行.
NOTIC: [8] Undefined variable: specImageList D:\shopsn\Runtime\Cache\Admin\7a4da6bf08c0de0caf505edbc90666ad.php 第 13 行.
NOTIC: [8] Use of undefined constant id - assumed 'id' D:\shopsn\Runtime\Cache\Admin\7a4da6bf08c0de0caf505edbc90666ad.php 第 8 行.
NOTIC: [8] Undefined variable: specImageList D:\shopsn\Runtime\Cache\Admin\7a4da6bf08c0de0caf505edbc90666ad.php 第 13 行.
NOTIC: [8] Use of undefined constant id - assumed 'id' D:\shopsn\Runtime\Cache\Admin\7a4da6bf08c0de0caf505edbc90666ad.php 第 8 行.
NOTIC: [8] Undefined variable: specImageList D:\shopsn\Runtime\Cache\Admin\7a4da6bf08c0de0caf505edbc90666ad.php 第 13 行.
NOTIC: [8] Use of undefined constant id - assumed 'id' D:\shopsn\Runtime\Cache\Admin\7a4da6bf08c0de0caf505edbc90666ad.php 第 8 行.
NOTIC: [8] Undefined variable: specImageList D:\shopsn\Runtime\Cache\Admin\7a4da6bf08c0de0caf505edbc90666ad.php 第 13 行.
NOTIC: [8] Use of undefined constant id - assumed 'id' D:\shopsn\Runtime\Cache\Admin\7a4da6bf08c0de0caf505edbc90666ad.php 第 8 行.
NOTIC: [8] Undefined variable: specImageList D:\shopsn\Runtime\Cache\Admin\7a4da6bf08c0de0caf505edbc90666ad.php 第 13 行.
NOTIC: [8] Use of undefined constant id - assumed 'id' D:\shopsn\Runtime\Cache\Admin\7a4da6bf08c0de0caf505edbc90666ad.php 第 8 行.
NOTIC: [8] Undefined variable: specImageList D:\shopsn\Runtime\Cache\Admin\7a4da6bf08c0de0caf505edbc90666ad.php 第 13 行.
NOTIC: [8] Use of undefined constant id - assumed 'id' D:\shopsn\Runtime\Cache\Admin\7a4da6bf08c0de0caf505edbc90666ad.php 第 8 行.
NOTIC: [8] Undefined variable: specImageList D:\shopsn\Runtime\Cache\Admin\7a4da6bf08c0de0caf505edbc90666ad.php 第 13 行.
NOTIC: [8] Use of undefined constant id - assumed 'id' D:\shopsn\Runtime\Cache\Admin\7a4da6bf08c0de0caf505edbc90666ad.php 第 8 行.
NOTIC: [8] Undefined variable: specImageList D:\shopsn\Runtime\Cache\Admin\7a4da6bf08c0de0caf505edbc90666ad.php 第 13 行.
NOTIC: [8] Use of undefined constant id - assumed 'id' D:\shopsn\Runtime\Cache\Admin\7a4da6bf08c0de0caf505edbc90666ad.php 第 8 行.
NOTIC: [8] Undefined variable: specImageList D:\shopsn\Runtime\Cache\Admin\7a4da6bf08c0de0caf505edbc90666ad.php 第 13 行.
NOTIC: [8] Use of undefined constant id - assumed 'id' D:\shopsn\Runtime\Cache\Admin\7a4da6bf08c0de0caf505edbc90666ad.php 第 8 行.
NOTIC: [8] Undefined variable: specImageList D:\shopsn\Runtime\Cache\Admin\7a4da6bf08c0de0caf505edbc90666ad.php 第 13 行.
NOTIC: [8] Use of undefined constant id - assumed 'id' D:\shopsn\Runtime\Cache\Admin\7a4da6bf08c0de0caf505edbc90666ad.php 第 8 行.
NOTIC: [8] Undefined variable: specImageList D:\shopsn\Runtime\Cache\Admin\7a4da6bf08c0de0caf505edbc90666ad.php 第 13 行.
NOTIC: [8] Use of undefined constant id - assumed 'id' D:\shopsn\Runtime\Cache\Admin\7a4da6bf08c0de0caf505edbc90666ad.php 第 8 行.
NOTIC: [8] Undefined variable: specImageList D:\shopsn\Runtime\Cache\Admin\7a4da6bf08c0de0caf505edbc90666ad.php 第 13 行.
NOTIC: [8] Use of undefined constant id - assumed 'id' D:\shopsn\Runtime\Cache\Admin\7a4da6bf08c0de0caf505edbc90666ad.php 第 8 行.
NOTIC: [8] Undefined variable: specImageList D:\shopsn\Runtime\Cache\Admin\7a4da6bf08c0de0caf505edbc90666ad.php 第 13 行.
NOTIC: [8] Use of undefined constant id - assumed 'id' D:\shopsn\Runtime\Cache\Admin\7a4da6bf08c0de0caf505edbc90666ad.php 第 8 行.
NOTIC: [8] Undefined variable: specImageList D:\shopsn\Runtime\Cache\Admin\7a4da6bf08c0de0caf505edbc90666ad.php 第 13 行.
NOTIC: [8] Use of undefined constant id - assumed 'id' D:\shopsn\Runtime\Cache\Admin\7a4da6bf08c0de0caf505edbc90666ad.php 第 8 行.
NOTIC: [8] Undefined variable: specImageList D:\shopsn\Runtime\Cache\Admin\7a4da6bf08c0de0caf505edbc90666ad.php 第 13 行.
NOTIC: [8] Use of undefined constant id - assumed 'id' D:\shopsn\Runtime\Cache\Admin\7a4da6bf08c0de0caf505edbc90666ad.php 第 8 行.
NOTIC: [8] Undefined variable: specImageList D:\shopsn\Runtime\Cache\Admin\7a4da6bf08c0de0caf505edbc90666ad.php 第 13 行.
NOTIC: [8] Use of undefined constant id - assumed 'id' D:\shopsn\Runtime\Cache\Admin\7a4da6bf08c0de0caf505edbc90666ad.php 第 8 行.
NOTIC: [8] Undefined variable: specImageList D:\shopsn\Runtime\Cache\Admin\7a4da6bf08c0de0caf505edbc90666ad.php 第 13 行.
NOTIC: [8] Use of undefined constant id - assumed 'id' D:\shopsn\Runtime\Cache\Admin\7a4da6bf08c0de0caf505edbc90666ad.php 第 8 行.
NOTIC: [8] Undefined variable: specImageList D:\shopsn\Runtime\Cache\Admin\7a4da6bf08c0de0caf505edbc90666ad.php 第 13 行.
NOTIC: [8] Use of undefined constant id - assumed 'id' D:\shopsn\Runtime\Cache\Admin\7a4da6bf08c0de0caf505edbc90666ad.php 第 8 行.
NOTIC: [8] Undefined variable: specImageList D:\shopsn\Runtime\Cache\Admin\7a4da6bf08c0de0caf505edbc90666ad.php 第 13 行.
NOTIC: [8] Use of undefined constant id - assumed 'id' D:\shopsn\Runtime\Cache\Admin\7a4da6bf08c0de0caf505edbc90666ad.php 第 8 行.
NOTIC: [8] Undefined variable: specImageList D:\shopsn\Runtime\Cache\Admin\7a4da6bf08c0de0caf505edbc90666ad.php 第 13 行.
NOTIC: [8] Use of undefined constant id - assumed 'id' D:\shopsn\Runtime\Cache\Admin\7a4da6bf08c0de0caf505edbc90666ad.php 第 8 行.
NOTIC: [8] Undefined variable: specImageList D:\shopsn\Runtime\Cache\Admin\7a4da6bf08c0de0caf505edbc90666ad.php 第 13 行.
NOTIC: [8] Use of undefined constant id - assumed 'id' D:\shopsn\Runtime\Cache\Admin\7a4da6bf08c0de0caf505edbc90666ad.php 第 8 行.
NOTIC: [8] Undefined variable: specImageList D:\shopsn\Runtime\Cache\Admin\7a4da6bf08c0de0caf505edbc90666ad.php 第 13 行.
NOTIC: [8] Use of undefined constant id - assumed 'id' D:\shopsn\Runtime\Cache\Admin\7a4da6bf08c0de0caf505edbc90666ad.php 第 8 行.
NOTIC: [8] Undefined variable: specImageList D:\shopsn\Runtime\Cache\Admin\7a4da6bf08c0de0caf505edbc90666ad.php 第 13 行.
NOTIC: [8] Use of undefined constant id - assumed 'id' D:\shopsn\Runtime\Cache\Admin\7a4da6bf08c0de0caf505edbc90666ad.php 第 8 行.
NOTIC: [8] Undefined variable: specImageList D:\shopsn\Runtime\Cache\Admin\7a4da6bf08c0de0caf505edbc90666ad.php 第 13 行.
NOTIC: [8] Use of undefined constant id - assumed 'id' D:\shopsn\Runtime\Cache\Admin\7a4da6bf08c0de0caf505edbc90666ad.php 第 8 行.
NOTIC: [8] Undefined variable: specImageList D:\shopsn\Runtime\Cache\Admin\7a4da6bf08c0de0caf505edbc90666ad.php 第 13 行.
NOTIC: [8] Use of undefined constant id - assumed 'id' D:\shopsn\Runtime\Cache\Admin\7a4da6bf08c0de0caf505edbc90666ad.php 第 8 行.
NOTIC: [8] Undefined variable: specImageList D:\shopsn\Runtime\Cache\Admin\7a4da6bf08c0de0caf505edbc90666ad.php 第 13 行.
NOTIC: [8] Use of undefined constant id - assumed 'id' D:\shopsn\Runtime\Cache\Admin\7a4da6bf08c0de0caf505edbc90666ad.php 第 8 行.
NOTIC: [8] Undefined variable: specImageList D:\shopsn\Runtime\Cache\Admin\7a4da6bf08c0de0caf505edbc90666ad.php 第 13 行.
NOTIC: [8] Use of undefined constant id - assumed 'id' D:\shopsn\Runtime\Cache\Admin\7a4da6bf08c0de0caf505edbc90666ad.php 第 8 行.
NOTIC: [8] Undefined variable: specImageList D:\shopsn\Runtime\Cache\Admin\7a4da6bf08c0de0caf505edbc90666ad.php 第 13 行.
NOTIC: [8] Use of undefined constant id - assumed 'id' D:\shopsn\Runtime\Cache\Admin\7a4da6bf08c0de0caf505edbc90666ad.php 第 8 行.
NOTIC: [8] Undefined variable: specImageList D:\shopsn\Runtime\Cache\Admin\7a4da6bf08c0de0caf505edbc90666ad.php 第 13 行.
NOTIC: [8] Use of undefined constant id - assumed 'id' D:\shopsn\Runtime\Cache\Admin\7a4da6bf08c0de0caf505edbc90666ad.php 第 8 行.
NOTIC: [8] Undefined variable: specImageList D:\shopsn\Runtime\Cache\Admin\7a4da6bf08c0de0caf505edbc90666ad.php 第 13 行.
NOTIC: [8] Use of undefined constant id - assumed 'id' D:\shopsn\Runtime\Cache\Admin\7a4da6bf08c0de0caf505edbc90666ad.php 第 8 行.
NOTIC: [8] Undefined variable: specImageList D:\shopsn\Runtime\Cache\Admin\7a4da6bf08c0de0caf505edbc90666ad.php 第 13 行.
NOTIC: [8] Use of undefined constant id - assumed 'id' D:\shopsn\Runtime\Cache\Admin\7a4da6bf08c0de0caf505edbc90666ad.php 第 8 行.
NOTIC: [8] Undefined variable: specImageList D:\shopsn\Runtime\Cache\Admin\7a4da6bf08c0de0caf505edbc90666ad.php 第 13 行.
NOTIC: [8] Use of undefined constant id - assumed 'id' D:\shopsn\Runtime\Cache\Admin\7a4da6bf08c0de0caf505edbc90666ad.php 第 8 行.
NOTIC: [8] Undefined variable: specImageList D:\shopsn\Runtime\Cache\Admin\7a4da6bf08c0de0caf505edbc90666ad.php 第 13 行.
NOTIC: [8] Use of undefined constant id - assumed 'id' D:\shopsn\Runtime\Cache\Admin\7a4da6bf08c0de0caf505edbc90666ad.php 第 8 行.
NOTIC: [8] Undefined variable: specImageList D:\shopsn\Runtime\Cache\Admin\7a4da6bf08c0de0caf505edbc90666ad.php 第 13 行.
NOTIC: [8] Use of undefined constant id - assumed 'id' D:\shopsn\Runtime\Cache\Admin\7a4da6bf08c0de0caf505edbc90666ad.php 第 8 行.
NOTIC: [8] Undefined variable: specImageList D:\shopsn\Runtime\Cache\Admin\7a4da6bf08c0de0caf505edbc90666ad.php 第 13 行.
NOTIC: [8] Use of undefined constant id - assumed 'id' D:\shopsn\Runtime\Cache\Admin\7a4da6bf08c0de0caf505edbc90666ad.php 第 8 行.
NOTIC: [8] Undefined variable: specImageList D:\shopsn\Runtime\Cache\Admin\7a4da6bf08c0de0caf505edbc90666ad.php 第 13 行.
NOTIC: [8] Use of undefined constant id - assumed 'id' D:\shopsn\Runtime\Cache\Admin\7a4da6bf08c0de0caf505edbc90666ad.php 第 8 行.
NOTIC: [8] Undefined variable: specImageList D:\shopsn\Runtime\Cache\Admin\7a4da6bf08c0de0caf505edbc90666ad.php 第 13 行.
NOTIC: [8] Use of undefined constant id - assumed 'id' D:\shopsn\Runtime\Cache\Admin\7a4da6bf08c0de0caf505edbc90666ad.php 第 8 行.
NOTIC: [8] Undefined variable: specImageList D:\shopsn\Runtime\Cache\Admin\7a4da6bf08c0de0caf505edbc90666ad.php 第 13 行.
NOTIC: [8] Use of undefined constant id - assumed 'id' D:\shopsn\Runtime\Cache\Admin\7a4da6bf08c0de0caf505edbc90666ad.php 第 8 行.
NOTIC: [8] Undefined variable: specImageList D:\shopsn\Runtime\Cache\Admin\7a4da6bf08c0de0caf505edbc90666ad.php 第 13 行.
NOTIC: [8] Use of undefined constant id - assumed 'id' D:\shopsn\Runtime\Cache\Admin\7a4da6bf08c0de0caf505edbc90666ad.php 第 8 行.
NOTIC: [8] Undefined variable: specImageList D:\shopsn\Runtime\Cache\Admin\7a4da6bf08c0de0caf505edbc90666ad.php 第 13 行.
NOTIC: [8] Use of undefined constant id - assumed 'id' D:\shopsn\Runtime\Cache\Admin\7a4da6bf08c0de0caf505edbc90666ad.php 第 8 行.
NOTIC: [8] Undefined variable: specImageList D:\shopsn\Runtime\Cache\Admin\7a4da6bf08c0de0caf505edbc90666ad.php 第 13 行.
NOTIC: [8] Use of undefined constant id - assumed 'id' D:\shopsn\Runtime\Cache\Admin\7a4da6bf08c0de0caf505edbc90666ad.php 第 8 行.
NOTIC: [8] Undefined variable: specImageList D:\shopsn\Runtime\Cache\Admin\7a4da6bf08c0de0caf505edbc90666ad.php 第 13 行.
NOTIC: [8] Use of undefined constant id - assumed 'id' D:\shopsn\Runtime\Cache\Admin\7a4da6bf08c0de0caf505edbc90666ad.php 第 8 行.
NOTIC: [8] Undefined variable: specImageList D:\shopsn\Runtime\Cache\Admin\7a4da6bf08c0de0caf505edbc90666ad.php 第 13 行.
NOTIC: [8] Use of undefined constant id - assumed 'id' D:\shopsn\Runtime\Cache\Admin\7a4da6bf08c0de0caf505edbc90666ad.php 第 8 行.
NOTIC: [8] Undefined variable: specImageList D:\shopsn\Runtime\Cache\Admin\7a4da6bf08c0de0caf505edbc90666ad.php 第 13 行.
NOTIC: [8] Use of undefined constant id - assumed 'id' D:\shopsn\Runtime\Cache\Admin\7a4da6bf08c0de0caf505edbc90666ad.php 第 8 行.
NOTIC: [8] Undefined variable: specImageList D:\shopsn\Runtime\Cache\Admin\7a4da6bf08c0de0caf505edbc90666ad.php 第 13 行.
NOTIC: [8] Use of undefined constant name - assumed 'name' D:\shopsn\Runtime\Cache\Admin\7a4da6bf08c0de0caf505edbc90666ad.php 第 6 行.
NOTIC: [8] Use of undefined constant spec_item - assumed 'spec_item' D:\shopsn\Runtime\Cache\Admin\7a4da6bf08c0de0caf505edbc90666ad.php 第 8 行.
NOTIC: [8] Use of undefined constant spec_item - assumed 'spec_item' D:\shopsn\Runtime\Cache\Admin\7a4da6bf08c0de0caf505edbc90666ad.php 第 8 行.
NOTIC: [8] Use of undefined constant id - assumed 'id' D:\shopsn\Runtime\Cache\Admin\7a4da6bf08c0de0caf505edbc90666ad.php 第 8 行.
NOTIC: [8] Undefined variable: specImageList D:\shopsn\Runtime\Cache\Admin\7a4da6bf08c0de0caf505edbc90666ad.php 第 13 行.
NOTIC: [8] Use of undefined constant id - assumed 'id' D:\shopsn\Runtime\Cache\Admin\7a4da6bf08c0de0caf505edbc90666ad.php 第 8 行.
NOTIC: [8] Undefined variable: specImageList D:\shopsn\Runtime\Cache\Admin\7a4da6bf08c0de0caf505edbc90666ad.php 第 13 行.
INFO: Run Behavior\ParseTemplateBehavior [ RunTime:0.016001s ]
INFO: [ view_parse ] --END-- [ RunTime:0.016001s ]
INFO: [ view_filter ] --START--
INFO: Run Behavior\WriteHtmlCacheBehavior [ RunTime:0.001000s ]
INFO: [ view_filter ] --END-- [ RunTime:0.001000s ]
INFO: [ app_end ] --START--
INFO: Run Behavior\ShowPageTraceBehavior [ RunTime:0.001000s ]
INFO: [ app_end ] --END-- [ RunTime:0.001000s ]

[ 2018-07-10T15:50:59+08:00 ] 127.0.0.1 /adminprov.php/Goods/getAddContentByGoodsAttribute
INFO: [ app_init ] --START--
INFO: Run Behavior\BuildLiteBehavior [ RunTime:0.000000s ]
INFO: [ app_init ] --END-- [ RunTime:0.000000s ]
NOTIC: [8] Constant UPLOAD_PATH already defined D:\shopsn\Application\Admin\Conf\config.php 第 2 行.
INFO: [ app_begin ] --START--
INFO: Run Behavior\ReadHtmlCacheBehavior [ RunTime:0.000000s ]
INFO: [ app_begin ] --END-- [ RunTime:0.000000s ]

