[ 2018-07-09T17:19:35+08:00 ] 127.0.0.1 /adminprov.php
INFO: [ app_init ] --START--
INFO: Run Behavior\BuildLiteBehavior [ RunTime:0.000000s ]
INFO: [ app_init ] --END-- [ RunTime:0.000000s ]
NOTIC: [8] Constant UPLOAD_PATH already defined D:\shopsn\Application\Admin\Conf\config.php 第 2 行.

[ 2018-07-09T17:19:36+08:00 ] 127.0.0.1 /adminprov.php/Public/verify
INFO: [ app_init ] --START--
INFO: Run Behavior\BuildLiteBehavior [ RunTime:0.000000s ]
INFO: [ app_init ] --END-- [ RunTime:0.000000s ]
NOTIC: [8] Constant UPLOAD_PATH already defined D:\shopsn\Application\Admin\Conf\config.php 第 2 行.

[ 2018-07-09T17:19:43+08:00 ] 127.0.0.1 /adminprov.php/Public/check_code?code=kdvx
INFO: [ app_init ] --START--
INFO: Run Behavior\BuildLiteBehavior [ RunTime:0.000000s ]
INFO: [ app_init ] --END-- [ RunTime:0.001000s ]
NOTIC: [8] Constant UPLOAD_PATH already defined D:\shopsn\Application\Admin\Conf\config.php 第 2 行.
INFO: [ app_begin ] --START--
INFO: Run Behavior\ReadHtmlCacheBehavior [ RunTime:0.001000s ]
INFO: [ app_begin ] --END-- [ RunTime:0.002000s ]

[ 2018-07-09T17:19:45+08:00 ] 127.0.0.1 /adminprov.php/Public/login
INFO: [ app_init ] --START--
INFO: Run Behavior\BuildLiteBehavior [ RunTime:0.000000s ]
INFO: [ app_init ] --END-- [ RunTime:0.000000s ]
NOTIC: [8] Constant UPLOAD_PATH already defined D:\shopsn\Application\Admin\Conf\config.php 第 2 行.

[ 2018-07-09T17:19:45+08:00 ] 127.0.0.1 /adminprov.php/Public/check_code?code=kdvx
INFO: [ app_init ] --START--
INFO: Run Behavior\BuildLiteBehavior [ RunTime:0.000000s ]
INFO: [ app_init ] --END-- [ RunTime:0.000000s ]
NOTIC: [8] Constant UPLOAD_PATH already defined D:\shopsn\Application\Admin\Conf\config.php 第 2 行.
INFO: [ app_begin ] --START--
INFO: Run Behavior\ReadHtmlCacheBehavior [ RunTime:0.002000s ]
INFO: [ app_begin ] --END-- [ RunTime:0.002000s ]

[ 2018-07-09T17:19:47+08:00 ] 127.0.0.1 /adminprov.php/Index/index
INFO: [ app_init ] --START--
INFO: Run Behavior\BuildLiteBehavior [ RunTime:0.000000s ]
INFO: [ app_init ] --END-- [ RunTime:0.001000s ]
NOTIC: [8] Constant UPLOAD_PATH already defined D:\shopsn\Application\Admin\Conf\config.php 第 2 行.

[ 2018-07-09T17:19:48+08:00 ] 127.0.0.1 /adminprov.php/Index/main
INFO: [ app_init ] --START--
INFO: Run Behavior\BuildLiteBehavior [ RunTime:0.000000s ]
INFO: [ app_init ] --END-- [ RunTime:0.000000s ]
NOTIC: [8] Constant UPLOAD_PATH already defined D:\shopsn\Application\Admin\Conf\config.php 第 2 行.

[ 2018-07-09T17:19:50+08:00 ] 127.0.0.1 /adminprov.php/Coupons/couponsList
INFO: [ app_init ] --START--
INFO: Run Behavior\BuildLiteBehavior [ RunTime:0.000000s ]
INFO: [ app_init ] --END-- [ RunTime:0.000000s ]
NOTIC: [8] Constant UPLOAD_PATH already defined D:\shopsn\Application\Admin\Conf\config.php 第 2 行.

[ 2018-07-09T17:19:51+08:00 ] 127.0.0.1 /adminprov.php/Ad/adList
INFO: [ app_init ] --START--
INFO: Run Behavior\BuildLiteBehavior [ RunTime:0.000000s ]
INFO: [ app_init ] --END-- [ RunTime:0.000000s ]
NOTIC: [8] Constant UPLOAD_PATH already defined D:\shopsn\Application\Admin\Conf\config.php 第 2 行.

[ 2018-07-09T17:19:51+08:00 ] 127.0.0.1 /adminprov.php/Order/orderList
INFO: [ app_init ] --START--
INFO: Run Behavior\BuildLiteBehavior [ RunTime:0.000000s ]
INFO: [ app_init ] --END-- [ RunTime:0.001000s ]
NOTIC: [8] Constant UPLOAD_PATH already defined D:\shopsn\Application\Admin\Conf\config.php 第 2 行.

[ 2018-07-09T17:19:52+08:00 ] 127.0.0.1 /adminprov.php/Order/ajaxGetData?p=1
INFO: [ app_init ] --START--
INFO: Run Behavior\BuildLiteBehavior [ RunTime:0.000000s ]
INFO: [ app_init ] --END-- [ RunTime:0.000000s ]
NOTIC: [8] Constant UPLOAD_PATH already defined D:\shopsn\Application\Admin\Conf\config.php 第 2 行.
INFO: [ app_begin ] --START--
INFO: Run Behavior\ReadHtmlCacheBehavior [ RunTime:0.001000s ]
INFO: [ app_begin ] --END-- [ RunTime:0.001000s ]
NOTIC: [2048] Declaration of Admin\Model\OrderModel::getOrder() should be compatible with Common\Model\BaseModel::getOrder() D:\shopsn\Application\Admin\Model\OrderModel.class.php 第 24 行.
NOTIC: [2048] Declaration of Admin\Model\OrderModel::getData() should be compatible with Common\Model\BaseModel::getData($id, array $field) D:\shopsn\Application\Admin\Model\OrderModel.class.php 第 24 行.
INFO: [ Search ] --START--
INFO: Run Common\Behavior\SearParamBehavior [ RunTime:0.001000s ]
INFO: [ Search ] --END-- [ RunTime:0.001000s ]
INFO: [ view_parse ] --START--
INFO: [ template_filter ] --START--
INFO: Run Behavior\ContentReplaceBehavior [ RunTime:0.001000s ]
INFO: [ template_filter ] --END-- [ RunTime:0.001000s ]
NOTIC: [8] Undefined index: name D:\shopsn\Runtime\Cache\Admin\87599b4e7b3dad4b5be0f0268dd45ff3.php 第 31 行.
NOTIC: [8] Undefined index:  D:\shopsn\Runtime\Cache\Admin\87599b4e7b3dad4b5be0f0268dd45ff3.php 第 29 行.
NOTIC: [8] Undefined index:  D:\shopsn\Runtime\Cache\Admin\87599b4e7b3dad4b5be0f0268dd45ff3.php 第 29 行.
NOTIC: [8] Undefined index: name D:\shopsn\Runtime\Cache\Admin\87599b4e7b3dad4b5be0f0268dd45ff3.php 第 31 行.
NOTIC: [8] Undefined index:  D:\shopsn\Runtime\Cache\Admin\87599b4e7b3dad4b5be0f0268dd45ff3.php 第 29 行.
NOTIC: [8] Undefined index: name D:\shopsn\Runtime\Cache\Admin\87599b4e7b3dad4b5be0f0268dd45ff3.php 第 31 行.
NOTIC: [8] Undefined index:  D:\shopsn\Runtime\Cache\Admin\87599b4e7b3dad4b5be0f0268dd45ff3.php 第 29 行.
NOTIC: [8] Undefined index: name D:\shopsn\Runtime\Cache\Admin\87599b4e7b3dad4b5be0f0268dd45ff3.php 第 31 行.
NOTIC: [8] Undefined index:  D:\shopsn\Runtime\Cache\Admin\87599b4e7b3dad4b5be0f0268dd45ff3.php 第 29 行.
NOTIC: [8] Undefined index:  D:\shopsn\Runtime\Cache\Admin\87599b4e7b3dad4b5be0f0268dd45ff3.php 第 29 行.
NOTIC: [8] Undefined index:  D:\shopsn\Runtime\Cache\Admin\87599b4e7b3dad4b5be0f0268dd45ff3.php 第 29 行.
NOTIC: [8] Undefined index:  D:\shopsn\Runtime\Cache\Admin\87599b4e7b3dad4b5be0f0268dd45ff3.php 第 29 行.
INFO: Run Behavior\ParseTemplateBehavior [ RunTime:0.012001s ]
INFO: [ view_parse ] --END-- [ RunTime:0.012001s ]
INFO: [ view_filter ] --START--
INFO: Run Behavior\WriteHtmlCacheBehavior [ RunTime:0.000000s ]
INFO: [ view_filter ] --END-- [ RunTime:0.001000s ]
INFO: [ app_end ] --START--
INFO: Run Behavior\ShowPageTraceBehavior [ RunTime:0.002000s ]
INFO: [ app_end ] --END-- [ RunTime:0.002000s ]

[ 2018-07-09T17:19:53+08:00 ] 127.0.0.1 /adminprov.php/Order/orderList
INFO: [ app_init ] --START--
INFO: Run Behavior\BuildLiteBehavior [ RunTime:0.000000s ]
INFO: [ app_init ] --END-- [ RunTime:0.000000s ]
NOTIC: [8] Constant UPLOAD_PATH already defined D:\shopsn\Application\Admin\Conf\config.php 第 2 行.

[ 2018-07-09T17:19:55+08:00 ] 127.0.0.1 /adminprov.php/Order/ajaxGetData?p=1
INFO: [ app_init ] --START--
INFO: Run Behavior\BuildLiteBehavior [ RunTime:0.000000s ]
INFO: [ app_init ] --END-- [ RunTime:0.000000s ]
NOTIC: [8] Constant UPLOAD_PATH already defined D:\shopsn\Application\Admin\Conf\config.php 第 2 行.
INFO: [ app_begin ] --START--
INFO: Run Behavior\ReadHtmlCacheBehavior [ RunTime:0.001000s ]
INFO: [ app_begin ] --END-- [ RunTime:0.001000s ]
NOTIC: [2048] Declaration of Admin\Model\OrderModel::getOrder() should be compatible with Common\Model\BaseModel::getOrder() D:\shopsn\Application\Admin\Model\OrderModel.class.php 第 24 行.
NOTIC: [2048] Declaration of Admin\Model\OrderModel::getData() should be compatible with Common\Model\BaseModel::getData($id, array $field) D:\shopsn\Application\Admin\Model\OrderModel.class.php 第 24 行.
INFO: [ view_parse ] --START--
INFO: [ template_filter ] --START--
INFO: Run Behavior\ContentReplaceBehavior [ RunTime:0.000000s ]
INFO: [ template_filter ] --END-- [ RunTime:0.000000s ]
NOTIC: [8] Undefined index: name D:\shopsn\Runtime\Cache\Admin\87599b4e7b3dad4b5be0f0268dd45ff3.php 第 31 行.
NOTIC: [8] Undefined index:  D:\shopsn\Runtime\Cache\Admin\87599b4e7b3dad4b5be0f0268dd45ff3.php 第 29 行.
NOTIC: [8] Undefined index:  D:\shopsn\Runtime\Cache\Admin\87599b4e7b3dad4b5be0f0268dd45ff3.php 第 29 行.
NOTIC: [8] Undefined index: name D:\shopsn\Runtime\Cache\Admin\87599b4e7b3dad4b5be0f0268dd45ff3.php 第 31 行.
NOTIC: [8] Undefined index:  D:\shopsn\Runtime\Cache\Admin\87599b4e7b3dad4b5be0f0268dd45ff3.php 第 29 行.
NOTIC: [8] Undefined index: name D:\shopsn\Runtime\Cache\Admin\87599b4e7b3dad4b5be0f0268dd45ff3.php 第 31 行.
NOTIC: [8] Undefined index:  D:\shopsn\Runtime\Cache\Admin\87599b4e7b3dad4b5be0f0268dd45ff3.php 第 29 行.
NOTIC: [8] Undefined index: name D:\shopsn\Runtime\Cache\Admin\87599b4e7b3dad4b5be0f0268dd45ff3.php 第 31 行.
NOTIC: [8] Undefined index:  D:\shopsn\Runtime\Cache\Admin\87599b4e7b3dad4b5be0f0268dd45ff3.php 第 29 行.
NOTIC: [8] Undefined index:  D:\shopsn\Runtime\Cache\Admin\87599b4e7b3dad4b5be0f0268dd45ff3.php 第 29 行.
NOTIC: [8] Undefined index:  D:\shopsn\Runtime\Cache\Admin\87599b4e7b3dad4b5be0f0268dd45ff3.php 第 29 行.
NOTIC: [8] Undefined index:  D:\shopsn\Runtime\Cache\Admin\87599b4e7b3dad4b5be0f0268dd45ff3.php 第 29 行.
INFO: Run Behavior\ParseTemplateBehavior [ RunTime:0.010001s ]
INFO: [ view_parse ] --END-- [ RunTime:0.010001s ]
INFO: [ view_filter ] --START--
INFO: Run Behavior\WriteHtmlCacheBehavior [ RunTime:0.001000s ]
INFO: [ view_filter ] --END-- [ RunTime:0.001000s ]
INFO: [ app_end ] --START--
INFO: Run Behavior\ShowPageTraceBehavior [ RunTime:0.001000s ]
INFO: [ app_end ] --END-- [ RunTime:0.001000s ]

[ 2018-07-09T17:19:55+08:00 ] 127.0.0.1 /adminprov.php/Order/orderList
INFO: [ app_init ] --START--
INFO: Run Behavior\BuildLiteBehavior [ RunTime:0.000000s ]
INFO: [ app_init ] --END-- [ RunTime:0.000000s ]
NOTIC: [8] Constant UPLOAD_PATH already defined D:\shopsn\Application\Admin\Conf\config.php 第 2 行.

[ 2018-07-09T17:19:56+08:00 ] 127.0.0.1 /adminprov.php/Order/ajaxGetData?p=1
INFO: [ app_init ] --START--
INFO: Run Behavior\BuildLiteBehavior [ RunTime:0.000000s ]
INFO: [ app_init ] --END-- [ RunTime:0.000000s ]
NOTIC: [8] Constant UPLOAD_PATH already defined D:\shopsn\Application\Admin\Conf\config.php 第 2 行.
INFO: [ app_begin ] --START--
INFO: Run Behavior\ReadHtmlCacheBehavior [ RunTime:0.001000s ]
INFO: [ app_begin ] --END-- [ RunTime:0.001000s ]
NOTIC: [2048] Declaration of Admin\Model\OrderModel::getOrder() should be compatible with Common\Model\BaseModel::getOrder() D:\shopsn\Application\Admin\Model\OrderModel.class.php 第 24 行.
NOTIC: [2048] Declaration of Admin\Model\OrderModel::getData() should be compatible with Common\Model\BaseModel::getData($id, array $field) D:\shopsn\Application\Admin\Model\OrderModel.class.php 第 24 行.
INFO: [ view_parse ] --START--
INFO: [ template_filter ] --START--
INFO: Run Behavior\ContentReplaceBehavior [ RunTime:0.000000s ]
INFO: [ template_filter ] --END-- [ RunTime:0.000000s ]
NOTIC: [8] Undefined index: name D:\shopsn\Runtime\Cache\Admin\87599b4e7b3dad4b5be0f0268dd45ff3.php 第 31 行.
NOTIC: [8] Undefined index:  D:\shopsn\Runtime\Cache\Admin\87599b4e7b3dad4b5be0f0268dd45ff3.php 第 29 行.
NOTIC: [8] Undefined index:  D:\shopsn\Runtime\Cache\Admin\87599b4e7b3dad4b5be0f0268dd45ff3.php 第 29 行.
NOTIC: [8] Undefined index: name D:\shopsn\Runtime\Cache\Admin\87599b4e7b3dad4b5be0f0268dd45ff3.php 第 31 行.
NOTIC: [8] Undefined index:  D:\shopsn\Runtime\Cache\Admin\87599b4e7b3dad4b5be0f0268dd45ff3.php 第 29 行.
NOTIC: [8] Undefined index: name D:\shopsn\Runtime\Cache\Admin\87599b4e7b3dad4b5be0f0268dd45ff3.php 第 31 行.
NOTIC: [8] Undefined index:  D:\shopsn\Runtime\Cache\Admin\87599b4e7b3dad4b5be0f0268dd45ff3.php 第 29 行.
NOTIC: [8] Undefined index: name D:\shopsn\Runtime\Cache\Admin\87599b4e7b3dad4b5be0f0268dd45ff3.php 第 31 行.
NOTIC: [8] Undefined index:  D:\shopsn\Runtime\Cache\Admin\87599b4e7b3dad4b5be0f0268dd45ff3.php 第 29 行.
NOTIC: [8] Undefined index:  D:\shopsn\Runtime\Cache\Admin\87599b4e7b3dad4b5be0f0268dd45ff3.php 第 29 行.
NOTIC: [8] Undefined index:  D:\shopsn\Runtime\Cache\Admin\87599b4e7b3dad4b5be0f0268dd45ff3.php 第 29 行.
NOTIC: [8] Undefined index:  D:\shopsn\Runtime\Cache\Admin\87599b4e7b3dad4b5be0f0268dd45ff3.php 第 29 行.
INFO: Run Behavior\ParseTemplateBehavior [ RunTime:0.011001s ]
INFO: [ view_parse ] --END-- [ RunTime:0.012001s ]
INFO: [ view_filter ] --START--
INFO: Run Behavior\WriteHtmlCacheBehavior [ RunTime:0.000000s ]
INFO: [ view_filter ] --END-- [ RunTime:0.000000s ]
INFO: [ app_end ] --START--
INFO: Run Behavior\ShowPageTraceBehavior [ RunTime:0.001000s ]
INFO: [ app_end ] --END-- [ RunTime:0.001000s ]

[ 2018-07-09T17:20:01+08:00 ] 127.0.0.1 /adminprov.php/Admin/admin_list
INFO: [ app_init ] --START--
INFO: Run Behavior\BuildLiteBehavior [ RunTime:0.000000s ]
INFO: [ app_init ] --END-- [ RunTime:0.000000s ]
NOTIC: [8] Constant UPLOAD_PATH already defined D:\shopsn\Application\Admin\Conf\config.php 第 2 行.

[ 2018-07-09T17:20:34+08:00 ] 127.0.0.1 /adminprov.php/Admin/auth_rule
INFO: [ app_init ] --START--
INFO: Run Behavior\BuildLiteBehavior [ RunTime:0.000000s ]
INFO: [ app_init ] --END-- [ RunTime:0.000000s ]
NOTIC: [8] Constant UPLOAD_PATH already defined D:\shopsn\Application\Admin\Conf\config.php 第 2 行.

[ 2018-07-09T17:21:01+08:00 ] 127.0.0.1 /adminprov.php/Admin/addJurisdiction
INFO: [ app_init ] --START--
INFO: Run Behavior\BuildLiteBehavior [ RunTime:0.000000s ]
INFO: [ app_init ] --END-- [ RunTime:0.000000s ]
NOTIC: [8] Constant UPLOAD_PATH already defined D:\shopsn\Application\Admin\Conf\config.php 第 2 行.

[ 2018-07-09T17:21:03+08:00 ] 127.0.0.1 /adminprov.php/Admin/auth_rule
INFO: [ app_init ] --START--
INFO: Run Behavior\BuildLiteBehavior [ RunTime:0.000000s ]
INFO: [ app_init ] --END-- [ RunTime:0.000000s ]
NOTIC: [8] Constant UPLOAD_PATH already defined D:\shopsn\Application\Admin\Conf\config.php 第 2 行.

[ 2018-07-09T17:21:04+08:00 ] 127.0.0.1 /adminprov.php/Order/orderList
INFO: [ app_init ] --START--
INFO: Run Behavior\BuildLiteBehavior [ RunTime:0.000000s ]
INFO: [ app_init ] --END-- [ RunTime:0.001000s ]
NOTIC: [8] Constant UPLOAD_PATH already defined D:\shopsn\Application\Admin\Conf\config.php 第 2 行.

[ 2018-07-09T17:21:05+08:00 ] 127.0.0.1 /adminprov.php/Order/ajaxGetData?p=1
INFO: [ app_init ] --START--
INFO: Run Behavior\BuildLiteBehavior [ RunTime:0.000000s ]
INFO: [ app_init ] --END-- [ RunTime:0.000000s ]
NOTIC: [8] Constant UPLOAD_PATH already defined D:\shopsn\Application\Admin\Conf\config.php 第 2 行.
INFO: [ app_begin ] --START--
INFO: Run Behavior\ReadHtmlCacheBehavior [ RunTime:0.001000s ]
INFO: [ app_begin ] --END-- [ RunTime:0.001000s ]
NOTIC: [2048] Declaration of Admin\Model\OrderModel::getOrder() should be compatible with Common\Model\BaseModel::getOrder() D:\shopsn\Application\Admin\Model\OrderModel.class.php 第 24 行.
NOTIC: [2048] Declaration of Admin\Model\OrderModel::getData() should be compatible with Common\Model\BaseModel::getData($id, array $field) D:\shopsn\Application\Admin\Model\OrderModel.class.php 第 24 行.
INFO: [ Search ] --START--
INFO: Run Common\Behavior\SearParamBehavior [ RunTime:0.002000s ]
INFO: [ Search ] --END-- [ RunTime:0.002000s ]
INFO: [ view_parse ] --START--
INFO: [ template_filter ] --START--
INFO: Run Behavior\ContentReplaceBehavior [ RunTime:0.000000s ]
INFO: [ template_filter ] --END-- [ RunTime:0.000000s ]
NOTIC: [8] Undefined index: name D:\shopsn\Runtime\Cache\Admin\87599b4e7b3dad4b5be0f0268dd45ff3.php 第 31 行.
NOTIC: [8] Undefined index:  D:\shopsn\Runtime\Cache\Admin\87599b4e7b3dad4b5be0f0268dd45ff3.php 第 29 行.
NOTIC: [8] Undefined index:  D:\shopsn\Runtime\Cache\Admin\87599b4e7b3dad4b5be0f0268dd45ff3.php 第 29 行.
NOTIC: [8] Undefined index: name D:\shopsn\Runtime\Cache\Admin\87599b4e7b3dad4b5be0f0268dd45ff3.php 第 31 行.
NOTIC: [8] Undefined index:  D:\shopsn\Runtime\Cache\Admin\87599b4e7b3dad4b5be0f0268dd45ff3.php 第 29 行.
NOTIC: [8] Undefined index: name D:\shopsn\Runtime\Cache\Admin\87599b4e7b3dad4b5be0f0268dd45ff3.php 第 31 行.
NOTIC: [8] Undefined index:  D:\shopsn\Runtime\Cache\Admin\87599b4e7b3dad4b5be0f0268dd45ff3.php 第 29 行.
NOTIC: [8] Undefined index: name D:\shopsn\Runtime\Cache\Admin\87599b4e7b3dad4b5be0f0268dd45ff3.php 第 31 行.
NOTIC: [8] Undefined index:  D:\shopsn\Runtime\Cache\Admin\87599b4e7b3dad4b5be0f0268dd45ff3.php 第 29 行.
NOTIC: [8] Undefined index:  D:\shopsn\Runtime\Cache\Admin\87599b4e7b3dad4b5be0f0268dd45ff3.php 第 29 行.
NOTIC: [8] Undefined index:  D:\shopsn\Runtime\Cache\Admin\87599b4e7b3dad4b5be0f0268dd45ff3.php 第 29 行.
NOTIC: [8] Undefined index:  D:\shopsn\Runtime\Cache\Admin\87599b4e7b3dad4b5be0f0268dd45ff3.php 第 29 行.
INFO: Run Behavior\ParseTemplateBehavior [ RunTime:0.018001s ]
INFO: [ view_parse ] --END-- [ RunTime:0.018001s ]
INFO: [ view_filter ] --START--
INFO: Run Behavior\WriteHtmlCacheBehavior [ RunTime:0.000000s ]
INFO: [ view_filter ] --END-- [ RunTime:0.000000s ]
INFO: [ app_end ] --START--
INFO: Run Behavior\ShowPageTraceBehavior [ RunTime:0.001000s ]
INFO: [ app_end ] --END-- [ RunTime:0.001000s ]

[ 2018-07-09T17:21:07+08:00 ] 127.0.0.1 /adminprov.php/Index/index
INFO: [ app_init ] --START--
INFO: Run Behavior\BuildLiteBehavior [ RunTime:0.000000s ]
INFO: [ app_init ] --END-- [ RunTime:0.000000s ]
NOTIC: [8] Constant UPLOAD_PATH already defined D:\shopsn\Application\Admin\Conf\config.php 第 2 行.

[ 2018-07-09T17:21:08+08:00 ] 127.0.0.1 /adminprov.php/Index/main
INFO: [ app_init ] --START--
INFO: Run Behavior\BuildLiteBehavior [ RunTime:0.000000s ]
INFO: [ app_init ] --END-- [ RunTime:0.000000s ]
NOTIC: [8] Constant UPLOAD_PATH already defined D:\shopsn\Application\Admin\Conf\config.php 第 2 行.

[ 2018-07-09T17:21:10+08:00 ] 127.0.0.1 /adminprov.php/Index/getAllShopInformation
INFO: [ app_init ] --START--
INFO: Run Behavior\BuildLiteBehavior [ RunTime:0.000000s ]
INFO: [ app_init ] --END-- [ RunTime:0.000000s ]
NOTIC: [8] Constant UPLOAD_PATH already defined D:\shopsn\Application\Admin\Conf\config.php 第 2 行.
INFO: [ app_begin ] --START--
INFO: Run Behavior\ReadHtmlCacheBehavior [ RunTime:0.002000s ]
INFO: [ app_begin ] --END-- [ RunTime:0.002000s ]
NOTIC: [2048] Declaration of Admin\Model\OrderModel::getOrder() should be compatible with Common\Model\BaseModel::getOrder() D:\shopsn\Application\Admin\Model\OrderModel.class.php 第 24 行.
NOTIC: [2048] Declaration of Admin\Model\OrderModel::getData() should be compatible with Common\Model\BaseModel::getData($id, array $field) D:\shopsn\Application\Admin\Model\OrderModel.class.php 第 24 行.
INFO: [ view_parse ] --START--
INFO: [ template_filter ] --START--
INFO: Run Behavior\ContentReplaceBehavior [ RunTime:0.000000s ]
INFO: [ template_filter ] --END-- [ RunTime:0.000000s ]
INFO: Run Behavior\ParseTemplateBehavior [ RunTime:0.009000s ]
INFO: [ view_parse ] --END-- [ RunTime:0.009000s ]
INFO: [ view_filter ] --START--
INFO: Run Behavior\WriteHtmlCacheBehavior [ RunTime:0.000000s ]
INFO: [ view_filter ] --END-- [ RunTime:0.000000s ]
INFO: [ app_end ] --START--
INFO: Run Behavior\ShowPageTraceBehavior [ RunTime:0.001000s ]
INFO: [ app_end ] --END-- [ RunTime:0.001000s ]

[ 2018-07-09T17:21:11+08:00 ] 127.0.0.1 /adminprov.php/Index/getTodayShopInformation
INFO: [ app_init ] --START--
INFO: Run Behavior\BuildLiteBehavior [ RunTime:0.000000s ]
INFO: [ app_init ] --END-- [ RunTime:0.001000s ]
NOTIC: [8] Constant UPLOAD_PATH already defined D:\shopsn\Application\Admin\Conf\config.php 第 2 行.
INFO: [ app_begin ] --START--
INFO: Run Behavior\ReadHtmlCacheBehavior [ RunTime:0.002000s ]
INFO: [ app_begin ] --END-- [ RunTime:0.003000s ]
NOTIC: [2048] Declaration of Admin\Model\OrderModel::getOrder() should be compatible with Common\Model\BaseModel::getOrder() D:\shopsn\Application\Admin\Model\OrderModel.class.php 第 24 行.
NOTIC: [2048] Declaration of Admin\Model\OrderModel::getData() should be compatible with Common\Model\BaseModel::getData($id, array $field) D:\shopsn\Application\Admin\Model\OrderModel.class.php 第 24 行.
INFO: [ view_parse ] --START--
INFO: [ template_filter ] --START--
INFO: Run Behavior\ContentReplaceBehavior [ RunTime:0.000000s ]
INFO: [ template_filter ] --END-- [ RunTime:0.000000s ]
NOTIC: [8] Undefined variable: count D:\shopsn\Runtime\Cache\Admin\cb2a3056dfdbbb320ffa3516da0f28db.php 第 29 行.
INFO: Run Behavior\ParseTemplateBehavior [ RunTime:0.008000s ]
INFO: [ view_parse ] --END-- [ RunTime:0.008000s ]
INFO: [ view_filter ] --START--
INFO: Run Behavior\WriteHtmlCacheBehavior [ RunTime:0.000000s ]
INFO: [ view_filter ] --END-- [ RunTime:0.000000s ]
INFO: [ app_end ] --START--
INFO: Run Behavior\ShowPageTraceBehavior [ RunTime:0.000000s ]
INFO: [ app_end ] --END-- [ RunTime:0.000000s ]

[ 2018-07-09T17:21:11+08:00 ] 127.0.0.1 /adminprov.php/Order/orderList
INFO: [ app_init ] --START--
INFO: Run Behavior\BuildLiteBehavior [ RunTime:0.000000s ]
INFO: [ app_init ] --END-- [ RunTime:0.000000s ]
NOTIC: [8] Constant UPLOAD_PATH already defined D:\shopsn\Application\Admin\Conf\config.php 第 2 行.

[ 2018-07-09T17:21:11+08:00 ] 127.0.0.1 /adminprov.php/Distribution/index
INFO: [ app_init ] --START--
INFO: Run Behavior\BuildLiteBehavior [ RunTime:0.000000s ]
INFO: [ app_init ] --END-- [ RunTime:0.000000s ]
NOTIC: [8] Constant UPLOAD_PATH already defined D:\shopsn\Application\Admin\Conf\config.php 第 2 行.

[ 2018-07-09T17:21:12+08:00 ] 127.0.0.1 /adminprov.php/Distribution/ajaxGetData?p=1
INFO: [ app_init ] --START--
INFO: Run Behavior\BuildLiteBehavior [ RunTime:0.000000s ]
INFO: [ app_init ] --END-- [ RunTime:0.000000s ]
NOTIC: [8] Constant UPLOAD_PATH already defined D:\shopsn\Application\Admin\Conf\config.php 第 2 行.
INFO: [ app_begin ] --START--
INFO: Run Behavior\ReadHtmlCacheBehavior [ RunTime:0.001000s ]
INFO: [ app_begin ] --END-- [ RunTime:0.002000s ]
INFO: [ view_parse ] --START--
INFO: [ template_filter ] --START--
INFO: Run Behavior\ContentReplaceBehavior [ RunTime:0.000000s ]
INFO: [ template_filter ] --END-- [ RunTime:0.000000s ]
INFO: Run Behavior\ParseTemplateBehavior [ RunTime:0.014001s ]
INFO: [ view_parse ] --END-- [ RunTime:0.014001s ]
INFO: [ view_filter ] --START--
INFO: Run Behavior\WriteHtmlCacheBehavior [ RunTime:0.001000s ]
INFO: [ view_filter ] --END-- [ RunTime:0.001000s ]
INFO: [ app_end ] --START--
INFO: Run Behavior\ShowPageTraceBehavior [ RunTime:0.002000s ]
INFO: [ app_end ] --END-- [ RunTime:0.002000s ]

