[ 2018-08-30T13:52:04+08:00 ] 127.0.0.1 /adminprov.php
INFO: [ app_init ] --START--
INFO: Run Behavior\BuildLiteBehavior [ RunTime:0.000000s ]
INFO: [ app_init ] --END-- [ RunTime:0.000000s ]
NOTIC: [8] Constant UPLOAD_PATH already defined D:\shopsn\Application\Admin\Conf\config.php 第 2 行.

[ 2018-08-30T13:52:05+08:00 ] 127.0.0.1 /adminprov.php/Public/verify
INFO: [ app_init ] --START--
INFO: Run Behavior\BuildLiteBehavior [ RunTime:0.000000s ]
INFO: [ app_init ] --END-- [ RunTime:0.000000s ]
NOTIC: [8] Constant UPLOAD_PATH already defined D:\shopsn\Application\Admin\Conf\config.php 第 2 行.

[ 2018-08-30T13:52:11+08:00 ] 127.0.0.1 /adminprov.php/Public/verify/time/0.992319503487465
INFO: [ app_init ] --START--
INFO: Run Behavior\BuildLiteBehavior [ RunTime:0.000000s ]
INFO: [ app_init ] --END-- [ RunTime:0.000000s ]
NOTIC: [8] Constant UPLOAD_PATH already defined D:\shopsn\Application\Admin\Conf\config.php 第 2 行.

[ 2018-08-30T13:52:15+08:00 ] 127.0.0.1 /adminprov.php/Public/check_code?code=bk4x
INFO: [ app_init ] --START--
INFO: Run Behavior\BuildLiteBehavior [ RunTime:0.000000s ]
INFO: [ app_init ] --END-- [ RunTime:0.000000s ]
NOTIC: [8] Constant UPLOAD_PATH already defined D:\shopsn\Application\Admin\Conf\config.php 第 2 行.
INFO: [ app_begin ] --START--
INFO: Run Behavior\ReadHtmlCacheBehavior [ RunTime:0.000000s ]
INFO: [ app_begin ] --END-- [ RunTime:0.000000s ]

[ 2018-08-30T13:52:17+08:00 ] 127.0.0.1 /adminprov.php/Public/login
INFO: [ app_init ] --START--
INFO: Run Behavior\BuildLiteBehavior [ RunTime:0.000000s ]
INFO: [ app_init ] --END-- [ RunTime:0.000000s ]
NOTIC: [8] Constant UPLOAD_PATH already defined D:\shopsn\Application\Admin\Conf\config.php 第 2 行.

[ 2018-08-30T13:52:20+08:00 ] 127.0.0.1 /adminprov.php/Index/index
INFO: [ app_init ] --START--
INFO: Run Behavior\BuildLiteBehavior [ RunTime:0.000000s ]
INFO: [ app_init ] --END-- [ RunTime:0.000000s ]
NOTIC: [8] Constant UPLOAD_PATH already defined D:\shopsn\Application\Admin\Conf\config.php 第 2 行.

[ 2018-08-30T13:52:21+08:00 ] 127.0.0.1 /adminprov.php/Index/main
INFO: [ app_init ] --START--
INFO: Run Behavior\BuildLiteBehavior [ RunTime:0.000000s ]
INFO: [ app_init ] --END-- [ RunTime:0.000000s ]
NOTIC: [8] Constant UPLOAD_PATH already defined D:\shopsn\Application\Admin\Conf\config.php 第 2 行.

[ 2018-08-30T13:52:23+08:00 ] 127.0.0.1 /adminprov.php/Goods/goods_list
INFO: [ app_init ] --START--
INFO: Run Behavior\BuildLiteBehavior [ RunTime:0.000000s ]
INFO: [ app_init ] --END-- [ RunTime:0.000000s ]
NOTIC: [8] Constant UPLOAD_PATH already defined D:\shopsn\Application\Admin\Conf\config.php 第 2 行.

[ 2018-08-30T13:52:25+08:00 ] 127.0.0.1 /adminprov.php/Comment/comment_list
INFO: [ app_init ] --START--
INFO: Run Behavior\BuildLiteBehavior [ RunTime:0.000000s ]
INFO: [ app_init ] --END-- [ RunTime:0.000000s ]
NOTIC: [8] Constant UPLOAD_PATH already defined D:\shopsn\Application\Admin\Conf\config.php 第 2 行.

[ 2018-08-30T13:52:27+08:00 ] 127.0.0.1 /adminprov.php/Goods/goods_list
INFO: [ app_init ] --START--
INFO: Run Behavior\BuildLiteBehavior [ RunTime:0.000000s ]
INFO: [ app_init ] --END-- [ RunTime:0.000000s ]
NOTIC: [8] Constant UPLOAD_PATH already defined D:\shopsn\Application\Admin\Conf\config.php 第 2 行.

[ 2018-08-30T13:52:49+08:00 ] 127.0.0.1 /adminprov.php/Goods/editSorm?sort=%E6%B5%B7%E4%BF%A1
INFO: [ app_init ] --START--
INFO: Run Behavior\BuildLiteBehavior [ RunTime:0.000000s ]
INFO: [ app_init ] --END-- [ RunTime:0.000000s ]
NOTIC: [8] Constant UPLOAD_PATH already defined D:\shopsn\Application\Admin\Conf\config.php 第 2 行.
INFO: [ app_begin ] --START--
INFO: Run Behavior\ReadHtmlCacheBehavior [ RunTime:0.001000s ]
INFO: [ app_begin ] --END-- [ RunTime:0.001000s ]
NOTIC: [2048] Common\Controller\AuthController and Common\TraitClass\SmsVerification define the same property ($error) in the composition of Admin\Controller\GoodsController. This might be incompatible, to improve maintainability consider using accessor methods in traits instead. Class was composed D:\shopsn\Application\Admin\Controller\GoodsController.class.php 第 1088 行.
NOTIC: [2048] Common\Controller\AuthController and Common\TraitClass\SmsVerification define the same property ($key) in the composition of Admin\Controller\GoodsController. This might be incompatible, to improve maintainability consider using accessor methods in traits instead. Class was composed D:\shopsn\Application\Admin\Controller\GoodsController.class.php 第 1088 行.
ERR: 非法操作:editSorm

[ 2018-08-30T13:52:50+08:00 ] 127.0.0.1 /adminprov.php/Goods/goods_list?class_id=&brand_id=&shelves=&title=%E6%B5%B7%E4%BF%A1
INFO: [ app_init ] --START--
INFO: Run Behavior\BuildLiteBehavior [ RunTime:0.000000s ]
INFO: [ app_init ] --END-- [ RunTime:0.000000s ]
NOTIC: [8] Constant UPLOAD_PATH already defined D:\shopsn\Application\Admin\Conf\config.php 第 2 行.

[ 2018-08-30T13:52:59+08:00 ] 127.0.0.1 /adminprov.php/Goods/modifyGoods/id/3600
INFO: [ app_init ] --START--
INFO: Run Behavior\BuildLiteBehavior [ RunTime:0.000000s ]
INFO: [ app_init ] --END-- [ RunTime:0.000000s ]
NOTIC: [8] Constant UPLOAD_PATH already defined D:\shopsn\Application\Admin\Conf\config.php 第 2 行.

[ 2018-08-30T13:53:00+08:00 ] 127.0.0.1 /adminprov.php/AjaxGetAttribute/ajaxGetAttributeInput
INFO: [ app_init ] --START--
INFO: Run Behavior\BuildLiteBehavior [ RunTime:0.000000s ]
INFO: [ app_init ] --END-- [ RunTime:0.000000s ]
NOTIC: [8] Constant UPLOAD_PATH already defined D:\shopsn\Application\Admin\Conf\config.php 第 2 行.
INFO: [ app_begin ] --START--
INFO: Run Behavior\ReadHtmlCacheBehavior [ RunTime:0.002001s ]
INFO: [ app_begin ] --END-- [ RunTime:0.002001s ]
NOTIC: [8] Undefined index: attr_type D:\shopsn\Application\Admin\Model\GoodsAttrModel.class.php 第 84 行.
NOTIC: [8] Undefined index: attr_type D:\shopsn\Application\Admin\Model\GoodsAttrModel.class.php 第 84 行.
NOTIC: [8] Undefined index: attr_type D:\shopsn\Application\Admin\Model\GoodsAttrModel.class.php 第 84 行.
NOTIC: [8] Undefined index: attr_type D:\shopsn\Application\Admin\Model\GoodsAttrModel.class.php 第 84 行.

[ 2018-08-30T13:53:02+08:00 ] 127.0.0.1 /adminprov.php/Goods/ajaxGetSpecSelect?goods_id=3600&spec_type=31
INFO: [ app_init ] --START--
INFO: Run Behavior\BuildLiteBehavior [ RunTime:0.000000s ]
INFO: [ app_init ] --END-- [ RunTime:0.000000s ]
NOTIC: [8] Constant UPLOAD_PATH already defined D:\shopsn\Application\Admin\Conf\config.php 第 2 行.
INFO: [ app_begin ] --START--
INFO: Run Behavior\ReadHtmlCacheBehavior [ RunTime:0.001000s ]
INFO: [ app_begin ] --END-- [ RunTime:0.002000s ]
NOTIC: [2048] Common\Controller\AuthController and Common\TraitClass\SmsVerification define the same property ($error) in the composition of Admin\Controller\GoodsController. This might be incompatible, to improve maintainability consider using accessor methods in traits instead. Class was composed D:\shopsn\Application\Admin\Controller\GoodsController.class.php 第 1088 行.
NOTIC: [2048] Common\Controller\AuthController and Common\TraitClass\SmsVerification define the same property ($key) in the composition of Admin\Controller\GoodsController. This might be incompatible, to improve maintainability consider using accessor methods in traits instead. Class was composed D:\shopsn\Application\Admin\Controller\GoodsController.class.php 第 1088 行.
INFO: [ view_parse ] --START--
INFO: [ template_filter ] --START--
INFO: Run Behavior\ContentReplaceBehavior [ RunTime:0.000000s ]
INFO: [ template_filter ] --END-- [ RunTime:0.000000s ]
NOTIC: [8] Use of undefined constant name - assumed 'name' D:\shopsn\Runtime\Cache\Admin\7a4da6bf08c0de0caf505edbc90666ad.php 第 6 行.
NOTIC: [8] Use of undefined constant spec_item - assumed 'spec_item' D:\shopsn\Runtime\Cache\Admin\7a4da6bf08c0de0caf505edbc90666ad.php 第 8 行.
NOTIC: [8] Use of undefined constant spec_item - assumed 'spec_item' D:\shopsn\Runtime\Cache\Admin\7a4da6bf08c0de0caf505edbc90666ad.php 第 8 行.
NOTIC: [8] Use of undefined constant id - assumed 'id' D:\shopsn\Runtime\Cache\Admin\7a4da6bf08c0de0caf505edbc90666ad.php 第 8 行.
NOTIC: [8] Undefined variable: specImageList D:\shopsn\Runtime\Cache\Admin\7a4da6bf08c0de0caf505edbc90666ad.php 第 13 行.
NOTIC: [8] Use of undefined constant id - assumed 'id' D:\shopsn\Runtime\Cache\Admin\7a4da6bf08c0de0caf505edbc90666ad.php 第 8 行.
NOTIC: [8] Undefined variable: specImageList D:\shopsn\Runtime\Cache\Admin\7a4da6bf08c0de0caf505edbc90666ad.php 第 13 行.
NOTIC: [8] Use of undefined constant id - assumed 'id' D:\shopsn\Runtime\Cache\Admin\7a4da6bf08c0de0caf505edbc90666ad.php 第 8 行.
NOTIC: [8] Undefined variable: specImageList D:\shopsn\Runtime\Cache\Admin\7a4da6bf08c0de0caf505edbc90666ad.php 第 13 行.
NOTIC: [8] Use of undefined constant id - assumed 'id' D:\shopsn\Runtime\Cache\Admin\7a4da6bf08c0de0caf505edbc90666ad.php 第 8 行.
NOTIC: [8] Undefined variable: specImageList D:\shopsn\Runtime\Cache\Admin\7a4da6bf08c0de0caf505edbc90666ad.php 第 13 行.
NOTIC: [8] Use of undefined constant id - assumed 'id' D:\shopsn\Runtime\Cache\Admin\7a4da6bf08c0de0caf505edbc90666ad.php 第 8 行.
NOTIC: [8] Undefined variable: specImageList D:\shopsn\Runtime\Cache\Admin\7a4da6bf08c0de0caf505edbc90666ad.php 第 13 行.
NOTIC: [8] Use of undefined constant id - assumed 'id' D:\shopsn\Runtime\Cache\Admin\7a4da6bf08c0de0caf505edbc90666ad.php 第 8 行.
NOTIC: [8] Undefined variable: specImageList D:\shopsn\Runtime\Cache\Admin\7a4da6bf08c0de0caf505edbc90666ad.php 第 13 行.
NOTIC: [8] Use of undefined constant id - assumed 'id' D:\shopsn\Runtime\Cache\Admin\7a4da6bf08c0de0caf505edbc90666ad.php 第 8 行.
NOTIC: [8] Undefined variable: specImageList D:\shopsn\Runtime\Cache\Admin\7a4da6bf08c0de0caf505edbc90666ad.php 第 13 行.
NOTIC: [8] Use of undefined constant id - assumed 'id' D:\shopsn\Runtime\Cache\Admin\7a4da6bf08c0de0caf505edbc90666ad.php 第 8 行.
NOTIC: [8] Undefined variable: specImageList D:\shopsn\Runtime\Cache\Admin\7a4da6bf08c0de0caf505edbc90666ad.php 第 13 行.
NOTIC: [8] Use of undefined constant id - assumed 'id' D:\shopsn\Runtime\Cache\Admin\7a4da6bf08c0de0caf505edbc90666ad.php 第 8 行.
NOTIC: [8] Undefined variable: specImageList D:\shopsn\Runtime\Cache\Admin\7a4da6bf08c0de0caf505edbc90666ad.php 第 13 行.
NOTIC: [8] Use of undefined constant id - assumed 'id' D:\shopsn\Runtime\Cache\Admin\7a4da6bf08c0de0caf505edbc90666ad.php 第 8 行.
NOTIC: [8] Undefined variable: specImageList D:\shopsn\Runtime\Cache\Admin\7a4da6bf08c0de0caf505edbc90666ad.php 第 13 行.
NOTIC: [8] Use of undefined constant id - assumed 'id' D:\shopsn\Runtime\Cache\Admin\7a4da6bf08c0de0caf505edbc90666ad.php 第 8 行.
NOTIC: [8] Undefined variable: specImageList D:\shopsn\Runtime\Cache\Admin\7a4da6bf08c0de0caf505edbc90666ad.php 第 13 行.
NOTIC: [8] Use of undefined constant id - assumed 'id' D:\shopsn\Runtime\Cache\Admin\7a4da6bf08c0de0caf505edbc90666ad.php 第 8 行.
NOTIC: [8] Undefined variable: specImageList D:\shopsn\Runtime\Cache\Admin\7a4da6bf08c0de0caf505edbc90666ad.php 第 13 行.
NOTIC: [8] Use of undefined constant id - assumed 'id' D:\shopsn\Runtime\Cache\Admin\7a4da6bf08c0de0caf505edbc90666ad.php 第 8 行.
NOTIC: [8] Undefined variable: specImageList D:\shopsn\Runtime\Cache\Admin\7a4da6bf08c0de0caf505edbc90666ad.php 第 13 行.
NOTIC: [8] Use of undefined constant id - assumed 'id' D:\shopsn\Runtime\Cache\Admin\7a4da6bf08c0de0caf505edbc90666ad.php 第 8 行.
NOTIC: [8] Undefined variable: specImageList D:\shopsn\Runtime\Cache\Admin\7a4da6bf08c0de0caf505edbc90666ad.php 第 13 行.
NOTIC: [8] Use of undefined constant id - assumed 'id' D:\shopsn\Runtime\Cache\Admin\7a4da6bf08c0de0caf505edbc90666ad.php 第 8 行.
NOTIC: [8] Undefined variable: specImageList D:\shopsn\Runtime\Cache\Admin\7a4da6bf08c0de0caf505edbc90666ad.php 第 13 行.
NOTIC: [8] Use of undefined constant id - assumed 'id' D:\shopsn\Runtime\Cache\Admin\7a4da6bf08c0de0caf505edbc90666ad.php 第 8 行.
NOTIC: [8] Undefined variable: specImageList D:\shopsn\Runtime\Cache\Admin\7a4da6bf08c0de0caf505edbc90666ad.php 第 13 行.
NOTIC: [8] Use of undefined constant id - assumed 'id' D:\shopsn\Runtime\Cache\Admin\7a4da6bf08c0de0caf505edbc90666ad.php 第 8 行.
NOTIC: [8] Undefined variable: specImageList D:\shopsn\Runtime\Cache\Admin\7a4da6bf08c0de0caf505edbc90666ad.php 第 13 行.
NOTIC: [8] Use of undefined constant id - assumed 'id' D:\shopsn\Runtime\Cache\Admin\7a4da6bf08c0de0caf505edbc90666ad.php 第 8 行.
NOTIC: [8] Undefined variable: specImageList D:\shopsn\Runtime\Cache\Admin\7a4da6bf08c0de0caf505edbc90666ad.php 第 13 行.
NOTIC: [8] Use of undefined constant id - assumed 'id' D:\shopsn\Runtime\Cache\Admin\7a4da6bf08c0de0caf505edbc90666ad.php 第 8 行.
NOTIC: [8] Undefined variable: specImageList D:\shopsn\Runtime\Cache\Admin\7a4da6bf08c0de0caf505edbc90666ad.php 第 13 行.
NOTIC: [8] Use of undefined constant id - assumed 'id' D:\shopsn\Runtime\Cache\Admin\7a4da6bf08c0de0caf505edbc90666ad.php 第 8 行.
NOTIC: [8] Undefined variable: specImageList D:\shopsn\Runtime\Cache\Admin\7a4da6bf08c0de0caf505edbc90666ad.php 第 13 行.
NOTIC: [8] Use of undefined constant id - assumed 'id' D:\shopsn\Runtime\Cache\Admin\7a4da6bf08c0de0caf505edbc90666ad.php 第 8 行.
NOTIC: [8] Undefined variable: specImageList D:\shopsn\Runtime\Cache\Admin\7a4da6bf08c0de0caf505edbc90666ad.php 第 13 行.
NOTIC: [8] Use of undefined constant id - assumed 'id' D:\shopsn\Runtime\Cache\Admin\7a4da6bf08c0de0caf505edbc90666ad.php 第 8 行.
NOTIC: [8] Undefined variable: specImageList D:\shopsn\Runtime\Cache\Admin\7a4da6bf08c0de0caf505edbc90666ad.php 第 13 行.
NOTIC: [8] Use of undefined constant id - assumed 'id' D:\shopsn\Runtime\Cache\Admin\7a4da6bf08c0de0caf505edbc90666ad.php 第 8 行.
NOTIC: [8] Undefined variable: specImageList D:\shopsn\Runtime\Cache\Admin\7a4da6bf08c0de0caf505edbc90666ad.php 第 13 行.
NOTIC: [8] Use of undefined constant id - assumed 'id' D:\shopsn\Runtime\Cache\Admin\7a4da6bf08c0de0caf505edbc90666ad.php 第 8 行.
NOTIC: [8] Undefined variable: specImageList D:\shopsn\Runtime\Cache\Admin\7a4da6bf08c0de0caf505edbc90666ad.php 第 13 行.
NOTIC: [8] Use of undefined constant id - assumed 'id' D:\shopsn\Runtime\Cache\Admin\7a4da6bf08c0de0caf505edbc90666ad.php 第 8 行.
NOTIC: [8] Undefined variable: specImageList D:\shopsn\Runtime\Cache\Admin\7a4da6bf08c0de0caf505edbc90666ad.php 第 13 行.
NOTIC: [8] Use of undefined constant id - assumed 'id' D:\shopsn\Runtime\Cache\Admin\7a4da6bf08c0de0caf505edbc90666ad.php 第 8 行.
NOTIC: [8] Undefined variable: specImageList D:\shopsn\Runtime\Cache\Admin\7a4da6bf08c0de0caf505edbc90666ad.php 第 13 行.
NOTIC: [8] Use of undefined constant id - assumed 'id' D:\shopsn\Runtime\Cache\Admin\7a4da6bf08c0de0caf505edbc90666ad.php 第 8 行.
NOTIC: [8] Undefined variable: specImageList D:\shopsn\Runtime\Cache\Admin\7a4da6bf08c0de0caf505edbc90666ad.php 第 13 行.
NOTIC: [8] Use of undefined constant id - assumed 'id' D:\shopsn\Runtime\Cache\Admin\7a4da6bf08c0de0caf505edbc90666ad.php 第 8 行.
NOTIC: [8] Undefined variable: specImageList D:\shopsn\Runtime\Cache\Admin\7a4da6bf08c0de0caf505edbc90666ad.php 第 13 行.
NOTIC: [8] Use of undefined constant id - assumed 'id' D:\shopsn\Runtime\Cache\Admin\7a4da6bf08c0de0caf505edbc90666ad.php 第 8 行.
NOTIC: [8] Undefined variable: specImageList D:\shopsn\Runtime\Cache\Admin\7a4da6bf08c0de0caf505edbc90666ad.php 第 13 行.
NOTIC: [8] Use of undefined constant id - assumed 'id' D:\shopsn\Runtime\Cache\Admin\7a4da6bf08c0de0caf505edbc90666ad.php 第 8 行.
NOTIC: [8] Undefined variable: specImageList D:\shopsn\Runtime\Cache\Admin\7a4da6bf08c0de0caf505edbc90666ad.php 第 13 行.
NOTIC: [8] Use of undefined constant id - assumed 'id' D:\shopsn\Runtime\Cache\Admin\7a4da6bf08c0de0caf505edbc90666ad.php 第 8 行.
NOTIC: [8] Undefined variable: specImageList D:\shopsn\Runtime\Cache\Admin\7a4da6bf08c0de0caf505edbc90666ad.php 第 13 行.
NOTIC: [8] Use of undefined constant id - assumed 'id' D:\shopsn\Runtime\Cache\Admin\7a4da6bf08c0de0caf505edbc90666ad.php 第 8 行.
NOTIC: [8] Undefined variable: specImageList D:\shopsn\Runtime\Cache\Admin\7a4da6bf08c0de0caf505edbc90666ad.php 第 13 行.
NOTIC: [8] Use of undefined constant id - assumed 'id' D:\shopsn\Runtime\Cache\Admin\7a4da6bf08c0de0caf505edbc90666ad.php 第 8 行.
NOTIC: [8] Undefined variable: specImageList D:\shopsn\Runtime\Cache\Admin\7a4da6bf08c0de0caf505edbc90666ad.php 第 13 行.
NOTIC: [8] Use of undefined constant id - assumed 'id' D:\shopsn\Runtime\Cache\Admin\7a4da6bf08c0de0caf505edbc90666ad.php 第 8 行.
NOTIC: [8] Undefined variable: specImageList D:\shopsn\Runtime\Cache\Admin\7a4da6bf08c0de0caf505edbc90666ad.php 第 13 行.
NOTIC: [8] Use of undefined constant id - assumed 'id' D:\shopsn\Runtime\Cache\Admin\7a4da6bf08c0de0caf505edbc90666ad.php 第 8 行.
NOTIC: [8] Undefined variable: specImageList D:\shopsn\Runtime\Cache\Admin\7a4da6bf08c0de0caf505edbc90666ad.php 第 13 行.
NOTIC: [8] Use of undefined constant id - assumed 'id' D:\shopsn\Runtime\Cache\Admin\7a4da6bf08c0de0caf505edbc90666ad.php 第 8 行.
NOTIC: [8] Undefined variable: specImageList D:\shopsn\Runtime\Cache\Admin\7a4da6bf08c0de0caf505edbc90666ad.php 第 13 行.
NOTIC: [8] Use of undefined constant id - assumed 'id' D:\shopsn\Runtime\Cache\Admin\7a4da6bf08c0de0caf505edbc90666ad.php 第 8 行.
NOTIC: [8] Undefined variable: specImageList D:\shopsn\Runtime\Cache\Admin\7a4da6bf08c0de0caf505edbc90666ad.php 第 13 行.
NOTIC: [8] Use of undefined constant id - assumed 'id' D:\shopsn\Runtime\Cache\Admin\7a4da6bf08c0de0caf505edbc90666ad.php 第 8 行.
NOTIC: [8] Undefined variable: specImageList D:\shopsn\Runtime\Cache\Admin\7a4da6bf08c0de0caf505edbc90666ad.php 第 13 行.
NOTIC: [8] Use of undefined constant id - assumed 'id' D:\shopsn\Runtime\Cache\Admin\7a4da6bf08c0de0caf505edbc90666ad.php 第 8 行.
NOTIC: [8] Undefined variable: specImageList D:\shopsn\Runtime\Cache\Admin\7a4da6bf08c0de0caf505edbc90666ad.php 第 13 行.
NOTIC: [8] Use of undefined constant id - assumed 'id' D:\shopsn\Runtime\Cache\Admin\7a4da6bf08c0de0caf505edbc90666ad.php 第 8 行.
NOTIC: [8] Undefined variable: specImageList D:\shopsn\Runtime\Cache\Admin\7a4da6bf08c0de0caf505edbc90666ad.php 第 13 行.
NOTIC: [8] Use of undefined constant id - assumed 'id' D:\shopsn\Runtime\Cache\Admin\7a4da6bf08c0de0caf505edbc90666ad.php 第 8 行.
NOTIC: [8] Undefined variable: specImageList D:\shopsn\Runtime\Cache\Admin\7a4da6bf08c0de0caf505edbc90666ad.php 第 13 行.
NOTIC: [8] Use of undefined constant id - assumed 'id' D:\shopsn\Runtime\Cache\Admin\7a4da6bf08c0de0caf505edbc90666ad.php 第 8 行.
NOTIC: [8] Undefined variable: specImageList D:\shopsn\Runtime\Cache\Admin\7a4da6bf08c0de0caf505edbc90666ad.php 第 13 行.
NOTIC: [8] Use of undefined constant id - assumed 'id' D:\shopsn\Runtime\Cache\Admin\7a4da6bf08c0de0caf505edbc90666ad.php 第 8 行.
NOTIC: [8] Undefined variable: specImageList D:\shopsn\Runtime\Cache\Admin\7a4da6bf08c0de0caf505edbc90666ad.php 第 13 行.
NOTIC: [8] Use of undefined constant name - assumed 'name' D:\shopsn\Runtime\Cache\Admin\7a4da6bf08c0de0caf505edbc90666ad.php 第 6 行.
NOTIC: [8] Use of undefined constant spec_item - assumed 'spec_item' D:\shopsn\Runtime\Cache\Admin\7a4da6bf08c0de0caf505edbc90666ad.php 第 8 行.
NOTIC: [8] Use of undefined constant spec_item - assumed 'spec_item' D:\shopsn\Runtime\Cache\Admin\7a4da6bf08c0de0caf505edbc90666ad.php 第 8 行.
NOTIC: [8] Use of undefined constant id - assumed 'id' D:\shopsn\Runtime\Cache\Admin\7a4da6bf08c0de0caf505edbc90666ad.php 第 8 行.
NOTIC: [8] Undefined variable: specImageList D:\shopsn\Runtime\Cache\Admin\7a4da6bf08c0de0caf505edbc90666ad.php 第 13 行.
NOTIC: [8] Use of undefined constant id - assumed 'id' D:\shopsn\Runtime\Cache\Admin\7a4da6bf08c0de0caf505edbc90666ad.php 第 8 行.
NOTIC: [8] Undefined variable: specImageList D:\shopsn\Runtime\Cache\Admin\7a4da6bf08c0de0caf505edbc90666ad.php 第 13 行.
NOTIC: [8] Use of undefined constant id - assumed 'id' D:\shopsn\Runtime\Cache\Admin\7a4da6bf08c0de0caf505edbc90666ad.php 第 8 行.
NOTIC: [8] Undefined variable: specImageList D:\shopsn\Runtime\Cache\Admin\7a4da6bf08c0de0caf505edbc90666ad.php 第 13 行.
NOTIC: [8] Use of undefined constant id - assumed 'id' D:\shopsn\Runtime\Cache\Admin\7a4da6bf08c0de0caf505edbc90666ad.php 第 8 行.
NOTIC: [8] Undefined variable: specImageList D:\shopsn\Runtime\Cache\Admin\7a4da6bf08c0de0caf505edbc90666ad.php 第 13 行.
NOTIC: [8] Use of undefined constant id - assumed 'id' D:\shopsn\Runtime\Cache\Admin\7a4da6bf08c0de0caf505edbc90666ad.php 第 8 行.
NOTIC: [8] Undefined variable: specImageList D:\shopsn\Runtime\Cache\Admin\7a4da6bf08c0de0caf505edbc90666ad.php 第 13 行.
NOTIC: [8] Use of undefined constant id - assumed 'id' D:\shopsn\Runtime\Cache\Admin\7a4da6bf08c0de0caf505edbc90666ad.php 第 8 行.
NOTIC: [8] Undefined variable: specImageList D:\shopsn\Runtime\Cache\Admin\7a4da6bf08c0de0caf505edbc90666ad.php 第 13 行.
NOTIC: [8] Use of undefined constant id - assumed 'id' D:\shopsn\Runtime\Cache\Admin\7a4da6bf08c0de0caf505edbc90666ad.php 第 8 行.
NOTIC: [8] Undefined variable: specImageList D:\shopsn\Runtime\Cache\Admin\7a4da6bf08c0de0caf505edbc90666ad.php 第 13 行.
NOTIC: [8] Use of undefined constant id - assumed 'id' D:\shopsn\Runtime\Cache\Admin\7a4da6bf08c0de0caf505edbc90666ad.php 第 8 行.
NOTIC: [8] Undefined variable: specImageList D:\shopsn\Runtime\Cache\Admin\7a4da6bf08c0de0caf505edbc90666ad.php 第 13 行.
NOTIC: [8] Use of undefined constant id - assumed 'id' D:\shopsn\Runtime\Cache\Admin\7a4da6bf08c0de0caf505edbc90666ad.php 第 8 行.
NOTIC: [8] Undefined variable: specImageList D:\shopsn\Runtime\Cache\Admin\7a4da6bf08c0de0caf505edbc90666ad.php 第 13 行.
NOTIC: [8] Use of undefined constant id - assumed 'id' D:\shopsn\Runtime\Cache\Admin\7a4da6bf08c0de0caf505edbc90666ad.php 第 8 行.
NOTIC: [8] Undefined variable: specImageList D:\shopsn\Runtime\Cache\Admin\7a4da6bf08c0de0caf505edbc90666ad.php 第 13 行.
NOTIC: [8] Use of undefined constant id - assumed 'id' D:\shopsn\Runtime\Cache\Admin\7a4da6bf08c0de0caf505edbc90666ad.php 第 8 行.
NOTIC: [8] Undefined variable: specImageList D:\shopsn\Runtime\Cache\Admin\7a4da6bf08c0de0caf505edbc90666ad.php 第 13 行.
NOTIC: [8] Use of undefined constant id - assumed 'id' D:\shopsn\Runtime\Cache\Admin\7a4da6bf08c0de0caf505edbc90666ad.php 第 8 行.
NOTIC: [8] Undefined variable: specImageList D:\shopsn\Runtime\Cache\Admin\7a4da6bf08c0de0caf505edbc90666ad.php 第 13 行.
NOTIC: [8] Use of undefined constant id - assumed 'id' D:\shopsn\Runtime\Cache\Admin\7a4da6bf08c0de0caf505edbc90666ad.php 第 8 行.
NOTIC: [8] Undefined variable: specImageList D:\shopsn\Runtime\Cache\Admin\7a4da6bf08c0de0caf505edbc90666ad.php 第 13 行.
NOTIC: [8] Use of undefined constant id - assumed 'id' D:\shopsn\Runtime\Cache\Admin\7a4da6bf08c0de0caf505edbc90666ad.php 第 8 行.
NOTIC: [8] Undefined variable: specImageList D:\shopsn\Runtime\Cache\Admin\7a4da6bf08c0de0caf505edbc90666ad.php 第 13 行.
NOTIC: [8] Use of undefined constant id - assumed 'id' D:\shopsn\Runtime\Cache\Admin\7a4da6bf08c0de0caf505edbc90666ad.php 第 8 行.
NOTIC: [8] Undefined variable: specImageList D:\shopsn\Runtime\Cache\Admin\7a4da6bf08c0de0caf505edbc90666ad.php 第 13 行.
NOTIC: [8] Use of undefined constant name - assumed 'name' D:\shopsn\Runtime\Cache\Admin\7a4da6bf08c0de0caf505edbc90666ad.php 第 6 行.
NOTIC: [8] Use of undefined constant spec_item - assumed 'spec_item' D:\shopsn\Runtime\Cache\Admin\7a4da6bf08c0de0caf505edbc90666ad.php 第 8 行.
NOTIC: [8] Use of undefined constant spec_item - assumed 'spec_item' D:\shopsn\Runtime\Cache\Admin\7a4da6bf08c0de0caf505edbc90666ad.php 第 8 行.
NOTIC: [8] Use of undefined constant id - assumed 'id' D:\shopsn\Runtime\Cache\Admin\7a4da6bf08c0de0caf505edbc90666ad.php 第 8 行.
NOTIC: [8] Undefined variable: specImageList D:\shopsn\Runtime\Cache\Admin\7a4da6bf08c0de0caf505edbc90666ad.php 第 13 行.
NOTIC: [8] Use of undefined constant id - assumed 'id' D:\shopsn\Runtime\Cache\Admin\7a4da6bf08c0de0caf505edbc90666ad.php 第 8 行.
NOTIC: [8] Undefined variable: specImageList D:\shopsn\Runtime\Cache\Admin\7a4da6bf08c0de0caf505edbc90666ad.php 第 13 行.
NOTIC: [8] Use of undefined constant id - assumed 'id' D:\shopsn\Runtime\Cache\Admin\7a4da6bf08c0de0caf505edbc90666ad.php 第 8 行.
NOTIC: [8] Undefined variable: specImageList D:\shopsn\Runtime\Cache\Admin\7a4da6bf08c0de0caf505edbc90666ad.php 第 13 行.
NOTIC: [8] Use of undefined constant id - assumed 'id' D:\shopsn\Runtime\Cache\Admin\7a4da6bf08c0de0caf505edbc90666ad.php 第 8 行.
NOTIC: [8] Undefined variable: specImageList D:\shopsn\Runtime\Cache\Admin\7a4da6bf08c0de0caf505edbc90666ad.php 第 13 行.
NOTIC: [8] Use of undefined constant id - assumed 'id' D:\shopsn\Runtime\Cache\Admin\7a4da6bf08c0de0caf505edbc90666ad.php 第 8 行.
NOTIC: [8] Undefined variable: specImageList D:\shopsn\Runtime\Cache\Admin\7a4da6bf08c0de0caf505edbc90666ad.php 第 13 行.
NOTIC: [8] Use of undefined constant id - assumed 'id' D:\shopsn\Runtime\Cache\Admin\7a4da6bf08c0de0caf505edbc90666ad.php 第 8 行.
NOTIC: [8] Undefined variable: specImageList D:\shopsn\Runtime\Cache\Admin\7a4da6bf08c0de0caf505edbc90666ad.php 第 13 行.
NOTIC: [8] Use of undefined constant id - assumed 'id' D:\shopsn\Runtime\Cache\Admin\7a4da6bf08c0de0caf505edbc90666ad.php 第 8 行.
NOTIC: [8] Undefined variable: specImageList D:\shopsn\Runtime\Cache\Admin\7a4da6bf08c0de0caf505edbc90666ad.php 第 13 行.
NOTIC: [8] Use of undefined constant id - assumed 'id' D:\shopsn\Runtime\Cache\Admin\7a4da6bf08c0de0caf505edbc90666ad.php 第 8 行.
NOTIC: [8] Undefined variable: specImageList D:\shopsn\Runtime\Cache\Admin\7a4da6bf08c0de0caf505edbc90666ad.php 第 13 行.
NOTIC: [8] Use of undefined constant id - assumed 'id' D:\shopsn\Runtime\Cache\Admin\7a4da6bf08c0de0caf505edbc90666ad.php 第 8 行.
NOTIC: [8] Undefined variable: specImageList D:\shopsn\Runtime\Cache\Admin\7a4da6bf08c0de0caf505edbc90666ad.php 第 13 行.
NOTIC: [8] Use of undefined constant id - assumed 'id' D:\shopsn\Runtime\Cache\Admin\7a4da6bf08c0de0caf505edbc90666ad.php 第 8 行.
NOTIC: [8] Undefined variable: specImageList D:\shopsn\Runtime\Cache\Admin\7a4da6bf08c0de0caf505edbc90666ad.php 第 13 行.
NOTIC: [8] Use of undefined constant id - assumed 'id' D:\shopsn\Runtime\Cache\Admin\7a4da6bf08c0de0caf505edbc90666ad.php 第 8 行.
NOTIC: [8] Undefined variable: specImageList D:\shopsn\Runtime\Cache\Admin\7a4da6bf08c0de0caf505edbc90666ad.php 第 13 行.
NOTIC: [8] Use of undefined constant id - assumed 'id' D:\shopsn\Runtime\Cache\Admin\7a4da6bf08c0de0caf505edbc90666ad.php 第 8 行.
NOTIC: [8] Undefined variable: specImageList D:\shopsn\Runtime\Cache\Admin\7a4da6bf08c0de0caf505edbc90666ad.php 第 13 行.
NOTIC: [8] Use of undefined constant id - assumed 'id' D:\shopsn\Runtime\Cache\Admin\7a4da6bf08c0de0caf505edbc90666ad.php 第 8 行.
NOTIC: [8] Undefined variable: specImageList D:\shopsn\Runtime\Cache\Admin\7a4da6bf08c0de0caf505edbc90666ad.php 第 13 行.
NOTIC: [8] Use of undefined constant id - assumed 'id' D:\shopsn\Runtime\Cache\Admin\7a4da6bf08c0de0caf505edbc90666ad.php 第 8 行.
NOTIC: [8] Undefined variable: specImageList D:\shopsn\Runtime\Cache\Admin\7a4da6bf08c0de0caf505edbc90666ad.php 第 13 行.
NOTIC: [8] Use of undefined constant id - assumed 'id' D:\shopsn\Runtime\Cache\Admin\7a4da6bf08c0de0caf505edbc90666ad.php 第 8 行.
NOTIC: [8] Undefined variable: specImageList D:\shopsn\Runtime\Cache\Admin\7a4da6bf08c0de0caf505edbc90666ad.php 第 13 行.
NOTIC: [8] Use of undefined constant id - assumed 'id' D:\shopsn\Runtime\Cache\Admin\7a4da6bf08c0de0caf505edbc90666ad.php 第 8 行.
NOTIC: [8] Undefined variable: specImageList D:\shopsn\Runtime\Cache\Admin\7a4da6bf08c0de0caf505edbc90666ad.php 第 13 行.
NOTIC: [8] Use of undefined constant id - assumed 'id' D:\shopsn\Runtime\Cache\Admin\7a4da6bf08c0de0caf505edbc90666ad.php 第 8 行.
NOTIC: [8] Undefined variable: specImageList D:\shopsn\Runtime\Cache\Admin\7a4da6bf08c0de0caf505edbc90666ad.php 第 13 行.
NOTIC: [8] Use of undefined constant id - assumed 'id' D:\shopsn\Runtime\Cache\Admin\7a4da6bf08c0de0caf505edbc90666ad.php 第 8 行.
NOTIC: [8] Undefined variable: specImageList D:\shopsn\Runtime\Cache\Admin\7a4da6bf08c0de0caf505edbc90666ad.php 第 13 行.
NOTIC: [8] Use of undefined constant id - assumed 'id' D:\shopsn\Runtime\Cache\Admin\7a4da6bf08c0de0caf505edbc90666ad.php 第 8 行.
NOTIC: [8] Undefined variable: specImageList D:\shopsn\Runtime\Cache\Admin\7a4da6bf08c0de0caf505edbc90666ad.php 第 13 行.
NOTIC: [8] Use of undefined constant id - assumed 'id' D:\shopsn\Runtime\Cache\Admin\7a4da6bf08c0de0caf505edbc90666ad.php 第 8 行.
NOTIC: [8] Undefined variable: specImageList D:\shopsn\Runtime\Cache\Admin\7a4da6bf08c0de0caf505edbc90666ad.php 第 13 行.
NOTIC: [8] Use of undefined constant id - assumed 'id' D:\shopsn\Runtime\Cache\Admin\7a4da6bf08c0de0caf505edbc90666ad.php 第 8 行.
NOTIC: [8] Undefined variable: specImageList D:\shopsn\Runtime\Cache\Admin\7a4da6bf08c0de0caf505edbc90666ad.php 第 13 行.
NOTIC: [8] Use of undefined constant id - assumed 'id' D:\shopsn\Runtime\Cache\Admin\7a4da6bf08c0de0caf505edbc90666ad.php 第 8 行.
NOTIC: [8] Undefined variable: specImageList D:\shopsn\Runtime\Cache\Admin\7a4da6bf08c0de0caf505edbc90666ad.php 第 13 行.
NOTIC: [8] Use of undefined constant id - assumed 'id' D:\shopsn\Runtime\Cache\Admin\7a4da6bf08c0de0caf505edbc90666ad.php 第 8 行.
NOTIC: [8] Undefined variable: specImageList D:\shopsn\Runtime\Cache\Admin\7a4da6bf08c0de0caf505edbc90666ad.php 第 13 行.
NOTIC: [8] Use of undefined constant id - assumed 'id' D:\shopsn\Runtime\Cache\Admin\7a4da6bf08c0de0caf505edbc90666ad.php 第 8 行.
NOTIC: [8] Undefined variable: specImageList D:\shopsn\Runtime\Cache\Admin\7a4da6bf08c0de0caf505edbc90666ad.php 第 13 行.
NOTIC: [8] Use of undefined constant id - assumed 'id' D:\shopsn\Runtime\Cache\Admin\7a4da6bf08c0de0caf505edbc90666ad.php 第 8 行.
NOTIC: [8] Undefined variable: specImageList D:\shopsn\Runtime\Cache\Admin\7a4da6bf08c0de0caf505edbc90666ad.php 第 13 行.
NOTIC: [8] Use of undefined constant id - assumed 'id' D:\shopsn\Runtime\Cache\Admin\7a4da6bf08c0de0caf505edbc90666ad.php 第 8 行.
NOTIC: [8] Undefined variable: specImageList D:\shopsn\Runtime\Cache\Admin\7a4da6bf08c0de0caf505edbc90666ad.php 第 13 行.
NOTIC: [8] Use of undefined constant id - assumed 'id' D:\shopsn\Runtime\Cache\Admin\7a4da6bf08c0de0caf505edbc90666ad.php 第 8 行.
NOTIC: [8] Undefined variable: specImageList D:\shopsn\Runtime\Cache\Admin\7a4da6bf08c0de0caf505edbc90666ad.php 第 13 行.
NOTIC: [8] Use of undefined constant id - assumed 'id' D:\shopsn\Runtime\Cache\Admin\7a4da6bf08c0de0caf505edbc90666ad.php 第 8 行.
NOTIC: [8] Undefined variable: specImageList D:\shopsn\Runtime\Cache\Admin\7a4da6bf08c0de0caf505edbc90666ad.php 第 13 行.
NOTIC: [8] Use of undefined constant id - assumed 'id' D:\shopsn\Runtime\Cache\Admin\7a4da6bf08c0de0caf505edbc90666ad.php 第 8 行.
NOTIC: [8] Undefined variable: specImageList D:\shopsn\Runtime\Cache\Admin\7a4da6bf08c0de0caf505edbc90666ad.php 第 13 行.
NOTIC: [8] Use of undefined constant id - assumed 'id' D:\shopsn\Runtime\Cache\Admin\7a4da6bf08c0de0caf505edbc90666ad.php 第 8 行.
NOTIC: [8] Undefined variable: specImageList D:\shopsn\Runtime\Cache\Admin\7a4da6bf08c0de0caf505edbc90666ad.php 第 13 行.
NOTIC: [8] Use of undefined constant id - assumed 'id' D:\shopsn\Runtime\Cache\Admin\7a4da6bf08c0de0caf505edbc90666ad.php 第 8 行.
NOTIC: [8] Undefined variable: specImageList D:\shopsn\Runtime\Cache\Admin\7a4da6bf08c0de0caf505edbc90666ad.php 第 13 行.
NOTIC: [8] Use of undefined constant id - assumed 'id' D:\shopsn\Runtime\Cache\Admin\7a4da6bf08c0de0caf505edbc90666ad.php 第 8 行.
NOTIC: [8] Undefined variable: specImageList D:\shopsn\Runtime\Cache\Admin\7a4da6bf08c0de0caf505edbc90666ad.php 第 13 行.
NOTIC: [8] Use of undefined constant id - assumed 'id' D:\shopsn\Runtime\Cache\Admin\7a4da6bf08c0de0caf505edbc90666ad.php 第 8 行.
NOTIC: [8] Undefined variable: specImageList D:\shopsn\Runtime\Cache\Admin\7a4da6bf08c0de0caf505edbc90666ad.php 第 13 行.
NOTIC: [8] Use of undefined constant id - assumed 'id' D:\shopsn\Runtime\Cache\Admin\7a4da6bf08c0de0caf505edbc90666ad.php 第 8 行.
NOTIC: [8] Undefined variable: specImageList D:\shopsn\Runtime\Cache\Admin\7a4da6bf08c0de0caf505edbc90666ad.php 第 13 行.
NOTIC: [8] Use of undefined constant id - assumed 'id' D:\shopsn\Runtime\Cache\Admin\7a4da6bf08c0de0caf505edbc90666ad.php 第 8 行.
NOTIC: [8] Undefined variable: specImageList D:\shopsn\Runtime\Cache\Admin\7a4da6bf08c0de0caf505edbc90666ad.php 第 13 行.
NOTIC: [8] Use of undefined constant id - assumed 'id' D:\shopsn\Runtime\Cache\Admin\7a4da6bf08c0de0caf505edbc90666ad.php 第 8 行.
NOTIC: [8] Undefined variable: specImageList D:\shopsn\Runtime\Cache\Admin\7a4da6bf08c0de0caf505edbc90666ad.php 第 13 行.
NOTIC: [8] Use of undefined constant id - assumed 'id' D:\shopsn\Runtime\Cache\Admin\7a4da6bf08c0de0caf505edbc90666ad.php 第 8 行.
NOTIC: [8] Undefined variable: specImageList D:\shopsn\Runtime\Cache\Admin\7a4da6bf08c0de0caf505edbc90666ad.php 第 13 行.
NOTIC: [8] Use of undefined constant id - assumed 'id' D:\shopsn\Runtime\Cache\Admin\7a4da6bf08c0de0caf505edbc90666ad.php 第 8 行.
NOTIC: [8] Undefined variable: specImageList D:\shopsn\Runtime\Cache\Admin\7a4da6bf08c0de0caf505edbc90666ad.php 第 13 行.
NOTIC: [8] Use of undefined constant id - assumed 'id' D:\shopsn\Runtime\Cache\Admin\7a4da6bf08c0de0caf505edbc90666ad.php 第 8 行.
NOTIC: [8] Undefined variable: specImageList D:\shopsn\Runtime\Cache\Admin\7a4da6bf08c0de0caf505edbc90666ad.php 第 13 行.
NOTIC: [8] Use of undefined constant id - assumed 'id' D:\shopsn\Runtime\Cache\Admin\7a4da6bf08c0de0caf505edbc90666ad.php 第 8 行.
NOTIC: [8] Undefined variable: specImageList D:\shopsn\Runtime\Cache\Admin\7a4da6bf08c0de0caf505edbc90666ad.php 第 13 行.
NOTIC: [8] Use of undefined constant id - assumed 'id' D:\shopsn\Runtime\Cache\Admin\7a4da6bf08c0de0caf505edbc90666ad.php 第 8 行.
NOTIC: [8] Undefined variable: specImageList D:\shopsn\Runtime\Cache\Admin\7a4da6bf08c0de0caf505edbc90666ad.php 第 13 行.
NOTIC: [8] Use of undefined constant id - assumed 'id' D:\shopsn\Runtime\Cache\Admin\7a4da6bf08c0de0caf505edbc90666ad.php 第 8 行.
NOTIC: [8] Undefined variable: specImageList D:\shopsn\Runtime\Cache\Admin\7a4da6bf08c0de0caf505edbc90666ad.php 第 13 行.
NOTIC: [8] Use of undefined constant id - assumed 'id' D:\shopsn\Runtime\Cache\Admin\7a4da6bf08c0de0caf505edbc90666ad.php 第 8 行.
NOTIC: [8] Undefined variable: specImageList D:\shopsn\Runtime\Cache\Admin\7a4da6bf08c0de0caf505edbc90666ad.php 第 13 行.
NOTIC: [8] Use of undefined constant id - assumed 'id' D:\shopsn\Runtime\Cache\Admin\7a4da6bf08c0de0caf505edbc90666ad.php 第 8 行.
NOTIC: [8] Undefined variable: specImageList D:\shopsn\Runtime\Cache\Admin\7a4da6bf08c0de0caf505edbc90666ad.php 第 13 行.
NOTIC: [8] Use of undefined constant id - assumed 'id' D:\shopsn\Runtime\Cache\Admin\7a4da6bf08c0de0caf505edbc90666ad.php 第 8 行.
NOTIC: [8] Undefined variable: specImageList D:\shopsn\Runtime\Cache\Admin\7a4da6bf08c0de0caf505edbc90666ad.php 第 13 行.
NOTIC: [8] Use of undefined constant id - assumed 'id' D:\shopsn\Runtime\Cache\Admin\7a4da6bf08c0de0caf505edbc90666ad.php 第 8 行.
NOTIC: [8] Undefined variable: specImageList D:\shopsn\Runtime\Cache\Admin\7a4da6bf08c0de0caf505edbc90666ad.php 第 13 行.
NOTIC: [8] Use of undefined constant id - assumed 'id' D:\shopsn\Runtime\Cache\Admin\7a4da6bf08c0de0caf505edbc90666ad.php 第 8 行.
NOTIC: [8] Undefined variable: specImageList D:\shopsn\Runtime\Cache\Admin\7a4da6bf08c0de0caf505edbc90666ad.php 第 13 行.
NOTIC: [8] Use of undefined constant id - assumed 'id' D:\shopsn\Runtime\Cache\Admin\7a4da6bf08c0de0caf505edbc90666ad.php 第 8 行.
NOTIC: [8] Undefined variable: specImageList D:\shopsn\Runtime\Cache\Admin\7a4da6bf08c0de0caf505edbc90666ad.php 第 13 行.
NOTIC: [8] Use of undefined constant id - assumed 'id' D:\shopsn\Runtime\Cache\Admin\7a4da6bf08c0de0caf505edbc90666ad.php 第 8 行.
NOTIC: [8] Undefined variable: specImageList D:\shopsn\Runtime\Cache\Admin\7a4da6bf08c0de0caf505edbc90666ad.php 第 13 行.
NOTIC: [8] Use of undefined constant id - assumed 'id' D:\shopsn\Runtime\Cache\Admin\7a4da6bf08c0de0caf505edbc90666ad.php 第 8 行.
NOTIC: [8] Undefined variable: specImageList D:\shopsn\Runtime\Cache\Admin\7a4da6bf08c0de0caf505edbc90666ad.php 第 13 行.
NOTIC: [8] Use of undefined constant id - assumed 'id' D:\shopsn\Runtime\Cache\Admin\7a4da6bf08c0de0caf505edbc90666ad.php 第 8 行.
NOTIC: [8] Undefined variable: specImageList D:\shopsn\Runtime\Cache\Admin\7a4da6bf08c0de0caf505edbc90666ad.php 第 13 行.
NOTIC: [8] Use of undefined constant id - assumed 'id' D:\shopsn\Runtime\Cache\Admin\7a4da6bf08c0de0caf505edbc90666ad.php 第 8 行.
NOTIC: [8] Undefined variable: specImageList D:\shopsn\Runtime\Cache\Admin\7a4da6bf08c0de0caf505edbc90666ad.php 第 13 行.
NOTIC: [8] Use of undefined constant id - assumed 'id' D:\shopsn\Runtime\Cache\Admin\7a4da6bf08c0de0caf505edbc90666ad.php 第 8 行.
NOTIC: [8] Undefined variable: specImageList D:\shopsn\Runtime\Cache\Admin\7a4da6bf08c0de0caf505edbc90666ad.php 第 13 行.
NOTIC: [8] Use of undefined constant id - assumed 'id' D:\shopsn\Runtime\Cache\Admin\7a4da6bf08c0de0caf505edbc90666ad.php 第 8 行.
NOTIC: [8] Undefined variable: specImageList D:\shopsn\Runtime\Cache\Admin\7a4da6bf08c0de0caf505edbc90666ad.php 第 13 行.
NOTIC: [8] Use of undefined constant id - assumed 'id' D:\shopsn\Runtime\Cache\Admin\7a4da6bf08c0de0caf505edbc90666ad.php 第 8 行.
NOTIC: [8] Undefined variable: specImageList D:\shopsn\Runtime\Cache\Admin\7a4da6bf08c0de0caf505edbc90666ad.php 第 13 行.
NOTIC: [8] Use of undefined constant id - assumed 'id' D:\shopsn\Runtime\Cache\Admin\7a4da6bf08c0de0caf505edbc90666ad.php 第 8 行.
NOTIC: [8] Undefined variable: specImageList D:\shopsn\Runtime\Cache\Admin\7a4da6bf08c0de0caf505edbc90666ad.php 第 13 行.
NOTIC: [8] Use of undefined constant id - assumed 'id' D:\shopsn\Runtime\Cache\Admin\7a4da6bf08c0de0caf505edbc90666ad.php 第 8 行.
NOTIC: [8] Undefined variable: specImageList D:\shopsn\Runtime\Cache\Admin\7a4da6bf08c0de0caf505edbc90666ad.php 第 13 行.
NOTIC: [8] Use of undefined constant id - assumed 'id' D:\shopsn\Runtime\Cache\Admin\7a4da6bf08c0de0caf505edbc90666ad.php 第 8 行.
NOTIC: [8] Undefined variable: specImageList D:\shopsn\Runtime\Cache\Admin\7a4da6bf08c0de0caf505edbc90666ad.php 第 13 行.
NOTIC: [8] Use of undefined constant id - assumed 'id' D:\shopsn\Runtime\Cache\Admin\7a4da6bf08c0de0caf505edbc90666ad.php 第 8 行.
NOTIC: [8] Undefined variable: specImageList D:\shopsn\Runtime\Cache\Admin\7a4da6bf08c0de0caf505edbc90666ad.php 第 13 行.
NOTIC: [8] Use of undefined constant id - assumed 'id' D:\shopsn\Runtime\Cache\Admin\7a4da6bf08c0de0caf505edbc90666ad.php 第 8 行.
NOTIC: [8] Undefined variable: specImageList D:\shopsn\Runtime\Cache\Admin\7a4da6bf08c0de0caf505edbc90666ad.php 第 13 行.
NOTIC: [8] Use of undefined constant id - assumed 'id' D:\shopsn\Runtime\Cache\Admin\7a4da6bf08c0de0caf505edbc90666ad.php 第 8 行.
NOTIC: [8] Undefined variable: specImageList D:\shopsn\Runtime\Cache\Admin\7a4da6bf08c0de0caf505edbc90666ad.php 第 13 行.
NOTIC: [8] Use of undefined constant id - assumed 'id' D:\shopsn\Runtime\Cache\Admin\7a4da6bf08c0de0caf505edbc90666ad.php 第 8 行.
NOTIC: [8] Undefined variable: specImageList D:\shopsn\Runtime\Cache\Admin\7a4da6bf08c0de0caf505edbc90666ad.php 第 13 行.
NOTIC: [8] Use of undefined constant id - assumed 'id' D:\shopsn\Runtime\Cache\Admin\7a4da6bf08c0de0caf505edbc90666ad.php 第 8 行.
NOTIC: [8] Undefined variable: specImageList D:\shopsn\Runtime\Cache\Admin\7a4da6bf08c0de0caf505edbc90666ad.php 第 13 行.
NOTIC: [8] Use of undefined constant id - assumed 'id' D:\shopsn\Runtime\Cache\Admin\7a4da6bf08c0de0caf505edbc90666ad.php 第 8 行.
NOTIC: [8] Undefined variable: specImageList D:\shopsn\Runtime\Cache\Admin\7a4da6bf08c0de0caf505edbc90666ad.php 第 13 行.
NOTIC: [8] Use of undefined constant id - assumed 'id' D:\shopsn\Runtime\Cache\Admin\7a4da6bf08c0de0caf505edbc90666ad.php 第 8 行.
NOTIC: [8] Undefined variable: specImageList D:\shopsn\Runtime\Cache\Admin\7a4da6bf08c0de0caf505edbc90666ad.php 第 13 行.
NOTIC: [8] Use of undefined constant id - assumed 'id' D:\shopsn\Runtime\Cache\Admin\7a4da6bf08c0de0caf505edbc90666ad.php 第 8 行.
NOTIC: [8] Undefined variable: specImageList D:\shopsn\Runtime\Cache\Admin\7a4da6bf08c0de0caf505edbc90666ad.php 第 13 行.
NOTIC: [8] Use of undefined constant id - assumed 'id' D:\shopsn\Runtime\Cache\Admin\7a4da6bf08c0de0caf505edbc90666ad.php 第 8 行.
NOTIC: [8] Undefined variable: specImageList D:\shopsn\Runtime\Cache\Admin\7a4da6bf08c0de0caf505edbc90666ad.php 第 13 行.
NOTIC: [8] Use of undefined constant id - assumed 'id' D:\shopsn\Runtime\Cache\Admin\7a4da6bf08c0de0caf505edbc90666ad.php 第 8 行.
NOTIC: [8] Undefined variable: specImageList D:\shopsn\Runtime\Cache\Admin\7a4da6bf08c0de0caf505edbc90666ad.php 第 13 行.
NOTIC: [8] Use of undefined constant id - assumed 'id' D:\shopsn\Runtime\Cache\Admin\7a4da6bf08c0de0caf505edbc90666ad.php 第 8 行.
NOTIC: [8] Undefined variable: specImageList D:\shopsn\Runtime\Cache\Admin\7a4da6bf08c0de0caf505edbc90666ad.php 第 13 行.
NOTIC: [8] Use of undefined constant id - assumed 'id' D:\shopsn\Runtime\Cache\Admin\7a4da6bf08c0de0caf505edbc90666ad.php 第 8 行.
NOTIC: [8] Undefined variable: specImageList D:\shopsn\Runtime\Cache\Admin\7a4da6bf08c0de0caf505edbc90666ad.php 第 13 行.
NOTIC: [8] Use of undefined constant id - assumed 'id' D:\shopsn\Runtime\Cache\Admin\7a4da6bf08c0de0caf505edbc90666ad.php 第 8 行.
NOTIC: [8] Undefined variable: specImageList D:\shopsn\Runtime\Cache\Admin\7a4da6bf08c0de0caf505edbc90666ad.php 第 13 行.
NOTIC: [8] Use of undefined constant id - assumed 'id' D:\shopsn\Runtime\Cache\Admin\7a4da6bf08c0de0caf505edbc90666ad.php 第 8 行.
NOTIC: [8] Undefined variable: specImageList D:\shopsn\Runtime\Cache\Admin\7a4da6bf08c0de0caf505edbc90666ad.php 第 13 行.
NOTIC: [8] Use of undefined constant id - assumed 'id' D:\shopsn\Runtime\Cache\Admin\7a4da6bf08c0de0caf505edbc90666ad.php 第 8 行.
NOTIC: [8] Undefined variable: specImageList D:\shopsn\Runtime\Cache\Admin\7a4da6bf08c0de0caf505edbc90666ad.php 第 13 行.
NOTIC: [8] Use of undefined constant id - assumed 'id' D:\shopsn\Runtime\Cache\Admin\7a4da6bf08c0de0caf505edbc90666ad.php 第 8 行.
NOTIC: [8] Undefined variable: specImageList D:\shopsn\Runtime\Cache\Admin\7a4da6bf08c0de0caf505edbc90666ad.php 第 13 行.
NOTIC: [8] Use of undefined constant id - assumed 'id' D:\shopsn\Runtime\Cache\Admin\7a4da6bf08c0de0caf505edbc90666ad.php 第 8 行.
NOTIC: [8] Undefined variable: specImageList D:\shopsn\Runtime\Cache\Admin\7a4da6bf08c0de0caf505edbc90666ad.php 第 13 行.
NOTIC: [8] Use of undefined constant id - assumed 'id' D:\shopsn\Runtime\Cache\Admin\7a4da6bf08c0de0caf505edbc90666ad.php 第 8 行.
NOTIC: [8] Undefined variable: specImageList D:\shopsn\Runtime\Cache\Admin\7a4da6bf08c0de0caf505edbc90666ad.php 第 13 行.
NOTIC: [8] Use of undefined constant id - assumed 'id' D:\shopsn\Runtime\Cache\Admin\7a4da6bf08c0de0caf505edbc90666ad.php 第 8 行.
NOTIC: [8] Undefined variable: specImageList D:\shopsn\Runtime\Cache\Admin\7a4da6bf08c0de0caf505edbc90666ad.php 第 13 行.
NOTIC: [8] Use of undefined constant id - assumed 'id' D:\shopsn\Runtime\Cache\Admin\7a4da6bf08c0de0caf505edbc90666ad.php 第 8 行.
NOTIC: [8] Undefined variable: specImageList D:\shopsn\Runtime\Cache\Admin\7a4da6bf08c0de0caf505edbc90666ad.php 第 13 行.
NOTIC: [8] Use of undefined constant id - assumed 'id' D:\shopsn\Runtime\Cache\Admin\7a4da6bf08c0de0caf505edbc90666ad.php 第 8 行.
NOTIC: [8] Undefined variable: specImageList D:\shopsn\Runtime\Cache\Admin\7a4da6bf08c0de0caf505edbc90666ad.php 第 13 行.
NOTIC: [8] Use of undefined constant id - assumed 'id' D:\shopsn\Runtime\Cache\Admin\7a4da6bf08c0de0caf505edbc90666ad.php 第 8 行.
NOTIC: [8] Undefined variable: specImageList D:\shopsn\Runtime\Cache\Admin\7a4da6bf08c0de0caf505edbc90666ad.php 第 13 行.
NOTIC: [8] Use of undefined constant id - assumed 'id' D:\shopsn\Runtime\Cache\Admin\7a4da6bf08c0de0caf505edbc90666ad.php 第 8 行.
NOTIC: [8] Undefined variable: specImageList D:\shopsn\Runtime\Cache\Admin\7a4da6bf08c0de0caf505edbc90666ad.php 第 13 行.
NOTIC: [8] Use of undefined constant id - assumed 'id' D:\shopsn\Runtime\Cache\Admin\7a4da6bf08c0de0caf505edbc90666ad.php 第 8 行.
NOTIC: [8] Undefined variable: specImageList D:\shopsn\Runtime\Cache\Admin\7a4da6bf08c0de0caf505edbc90666ad.php 第 13 行.
NOTIC: [8] Use of undefined constant id - assumed 'id' D:\shopsn\Runtime\Cache\Admin\7a4da6bf08c0de0caf505edbc90666ad.php 第 8 行.
NOTIC: [8] Undefined variable: specImageList D:\shopsn\Runtime\Cache\Admin\7a4da6bf08c0de0caf505edbc90666ad.php 第 13 行.
NOTIC: [8] Use of undefined constant name - assumed 'name' D:\shopsn\Runtime\Cache\Admin\7a4da6bf08c0de0caf505edbc90666ad.php 第 6 行.
NOTIC: [8] Use of undefined constant spec_item - assumed 'spec_item' D:\shopsn\Runtime\Cache\Admin\7a4da6bf08c0de0caf505edbc90666ad.php 第 8 行.
NOTIC: [8] Use of undefined constant spec_item - assumed 'spec_item' D:\shopsn\Runtime\Cache\Admin\7a4da6bf08c0de0caf505edbc90666ad.php 第 8 行.
NOTIC: [8] Use of undefined constant id - assumed 'id' D:\shopsn\Runtime\Cache\Admin\7a4da6bf08c0de0caf505edbc90666ad.php 第 8 行.
NOTIC: [8] Undefined variable: specImageList D:\shopsn\Runtime\Cache\Admin\7a4da6bf08c0de0caf505edbc90666ad.php 第 13 行.
NOTIC: [8] Use of undefined constant id - assumed 'id' D:\shopsn\Runtime\Cache\Admin\7a4da6bf08c0de0caf505edbc90666ad.php 第 8 行.
NOTIC: [8] Undefined variable: specImageList D:\shopsn\Runtime\Cache\Admin\7a4da6bf08c0de0caf505edbc90666ad.php 第 13 行.
NOTIC: [8] Use of undefined constant id - assumed 'id' D:\shopsn\Runtime\Cache\Admin\7a4da6bf08c0de0caf505edbc90666ad.php 第 8 行.
NOTIC: [8] Undefined variable: specImageList D:\shopsn\Runtime\Cache\Admin\7a4da6bf08c0de0caf505edbc90666ad.php 第 13 行.
NOTIC: [8] Use of undefined constant name - assumed 'name' D:\shopsn\Runtime\Cache\Admin\7a4da6bf08c0de0caf505edbc90666ad.php 第 6 行.
NOTIC: [8] Use of undefined constant spec_item - assumed 'spec_item' D:\shopsn\Runtime\Cache\Admin\7a4da6bf08c0de0caf505edbc90666ad.php 第 8 行.
NOTIC: [8] Use of undefined constant spec_item - assumed 'spec_item' D:\shopsn\Runtime\Cache\Admin\7a4da6bf08c0de0caf505edbc90666ad.php 第 8 行.
NOTIC: [8] Use of undefined constant id - assumed 'id' D:\shopsn\Runtime\Cache\Admin\7a4da6bf08c0de0caf505edbc90666ad.php 第 8 行.
NOTIC: [8] Undefined variable: specImageList D:\shopsn\Runtime\Cache\Admin\7a4da6bf08c0de0caf505edbc90666ad.php 第 13 行.
NOTIC: [8] Use of undefined constant id - assumed 'id' D:\shopsn\Runtime\Cache\Admin\7a4da6bf08c0de0caf505edbc90666ad.php 第 8 行.
NOTIC: [8] Undefined variable: specImageList D:\shopsn\Runtime\Cache\Admin\7a4da6bf08c0de0caf505edbc90666ad.php 第 13 行.
NOTIC: [8] Use of undefined constant id - assumed 'id' D:\shopsn\Runtime\Cache\Admin\7a4da6bf08c0de0caf505edbc90666ad.php 第 8 行.
NOTIC: [8] Undefined variable: specImageList D:\shopsn\Runtime\Cache\Admin\7a4da6bf08c0de0caf505edbc90666ad.php 第 13 行.
NOTIC: [8] Use of undefined constant id - assumed 'id' D:\shopsn\Runtime\Cache\Admin\7a4da6bf08c0de0caf505edbc90666ad.php 第 8 行.
NOTIC: [8] Undefined variable: specImageList D:\shopsn\Runtime\Cache\Admin\7a4da6bf08c0de0caf505edbc90666ad.php 第 13 行.
NOTIC: [8] Use of undefined constant id - assumed 'id' D:\shopsn\Runtime\Cache\Admin\7a4da6bf08c0de0caf505edbc90666ad.php 第 8 行.
NOTIC: [8] Undefined variable: specImageList D:\shopsn\Runtime\Cache\Admin\7a4da6bf08c0de0caf505edbc90666ad.php 第 13 行.
NOTIC: [8] Use of undefined constant id - assumed 'id' D:\shopsn\Runtime\Cache\Admin\7a4da6bf08c0de0caf505edbc90666ad.php 第 8 行.
NOTIC: [8] Undefined variable: specImageList D:\shopsn\Runtime\Cache\Admin\7a4da6bf08c0de0caf505edbc90666ad.php 第 13 行.
NOTIC: [8] Use of undefined constant id - assumed 'id' D:\shopsn\Runtime\Cache\Admin\7a4da6bf08c0de0caf505edbc90666ad.php 第 8 行.
NOTIC: [8] Undefined variable: specImageList D:\shopsn\Runtime\Cache\Admin\7a4da6bf08c0de0caf505edbc90666ad.php 第 13 行.
NOTIC: [8] Use of undefined constant id - assumed 'id' D:\shopsn\Runtime\Cache\Admin\7a4da6bf08c0de0caf505edbc90666ad.php 第 8 行.
NOTIC: [8] Undefined variable: specImageList D:\shopsn\Runtime\Cache\Admin\7a4da6bf08c0de0caf505edbc90666ad.php 第 13 行.
NOTIC: [8] Use of undefined constant id - assumed 'id' D:\shopsn\Runtime\Cache\Admin\7a4da6bf08c0de0caf505edbc90666ad.php 第 8 行.
NOTIC: [8] Undefined variable: specImageList D:\shopsn\Runtime\Cache\Admin\7a4da6bf08c0de0caf505edbc90666ad.php 第 13 行.
NOTIC: [8] Use of undefined constant id - assumed 'id' D:\shopsn\Runtime\Cache\Admin\7a4da6bf08c0de0caf505edbc90666ad.php 第 8 行.
NOTIC: [8] Undefined variable: specImageList D:\shopsn\Runtime\Cache\Admin\7a4da6bf08c0de0caf505edbc90666ad.php 第 13 行.
NOTIC: [8] Use of undefined constant id - assumed 'id' D:\shopsn\Runtime\Cache\Admin\7a4da6bf08c0de0caf505edbc90666ad.php 第 8 行.
NOTIC: [8] Undefined variable: specImageList D:\shopsn\Runtime\Cache\Admin\7a4da6bf08c0de0caf505edbc90666ad.php 第 13 行.
NOTIC: [8] Use of undefined constant id - assumed 'id' D:\shopsn\Runtime\Cache\Admin\7a4da6bf08c0de0caf505edbc90666ad.php 第 8 行.
NOTIC: [8] Undefined variable: specImageList D:\shopsn\Runtime\Cache\Admin\7a4da6bf08c0de0caf505edbc90666ad.php 第 13 行.
NOTIC: [8] Use of undefined constant id - assumed 'id' D:\shopsn\Runtime\Cache\Admin\7a4da6bf08c0de0caf505edbc90666ad.php 第 8 行.
NOTIC: [8] Undefined variable: specImageList D:\shopsn\Runtime\Cache\Admin\7a4da6bf08c0de0caf505edbc90666ad.php 第 13 行.
NOTIC: [8] Use of undefined constant id - assumed 'id' D:\shopsn\Runtime\Cache\Admin\7a4da6bf08c0de0caf505edbc90666ad.php 第 8 行.
NOTIC: [8] Undefined variable: specImageList D:\shopsn\Runtime\Cache\Admin\7a4da6bf08c0de0caf505edbc90666ad.php 第 13 行.
NOTIC: [8] Use of undefined constant id - assumed 'id' D:\shopsn\Runtime\Cache\Admin\7a4da6bf08c0de0caf505edbc90666ad.php 第 8 行.
NOTIC: [8] Undefined variable: specImageList D:\shopsn\Runtime\Cache\Admin\7a4da6bf08c0de0caf505edbc90666ad.php 第 13 行.
NOTIC: [8] Use of undefined constant name - assumed 'name' D:\shopsn\Runtime\Cache\Admin\7a4da6bf08c0de0caf505edbc90666ad.php 第 6 行.
NOTIC: [8] Use of undefined constant spec_item - assumed 'spec_item' D:\shopsn\Runtime\Cache\Admin\7a4da6bf08c0de0caf505edbc90666ad.php 第 8 行.
NOTIC: [8] Use of undefined constant spec_item - assumed 'spec_item' D:\shopsn\Runtime\Cache\Admin\7a4da6bf08c0de0caf505edbc90666ad.php 第 8 行.
NOTIC: [8] Use of undefined constant id - assumed 'id' D:\shopsn\Runtime\Cache\Admin\7a4da6bf08c0de0caf505edbc90666ad.php 第 8 行.
NOTIC: [8] Undefined variable: specImageList D:\shopsn\Runtime\Cache\Admin\7a4da6bf08c0de0caf505edbc90666ad.php 第 13 行.
NOTIC: [8] Use of undefined constant id - assumed 'id' D:\shopsn\Runtime\Cache\Admin\7a4da6bf08c0de0caf505edbc90666ad.php 第 8 行.
NOTIC: [8] Undefined variable: specImageList D:\shopsn\Runtime\Cache\Admin\7a4da6bf08c0de0caf505edbc90666ad.php 第 13 行.
NOTIC: [8] Use of undefined constant id - assumed 'id' D:\shopsn\Runtime\Cache\Admin\7a4da6bf08c0de0caf505edbc90666ad.php 第 8 行.
NOTIC: [8] Undefined variable: specImageList D:\shopsn\Runtime\Cache\Admin\7a4da6bf08c0de0caf505edbc90666ad.php 第 13 行.
NOTIC: [8] Use of undefined constant id - assumed 'id' D:\shopsn\Runtime\Cache\Admin\7a4da6bf08c0de0caf505edbc90666ad.php 第 8 行.
NOTIC: [8] Undefined variable: specImageList D:\shopsn\Runtime\Cache\Admin\7a4da6bf08c0de0caf505edbc90666ad.php 第 13 行.
NOTIC: [8] Use of undefined constant id - assumed 'id' D:\shopsn\Runtime\Cache\Admin\7a4da6bf08c0de0caf505edbc90666ad.php 第 8 行.
NOTIC: [8] Undefined variable: specImageList D:\shopsn\Runtime\Cache\Admin\7a4da6bf08c0de0caf505edbc90666ad.php 第 13 行.
NOTIC: [8] Use of undefined constant id - assumed 'id' D:\shopsn\Runtime\Cache\Admin\7a4da6bf08c0de0caf505edbc90666ad.php 第 8 行.
NOTIC: [8] Undefined variable: specImageList D:\shopsn\Runtime\Cache\Admin\7a4da6bf08c0de0caf505edbc90666ad.php 第 13 行.
NOTIC: [8] Use of undefined constant id - assumed 'id' D:\shopsn\Runtime\Cache\Admin\7a4da6bf08c0de0caf505edbc90666ad.php 第 8 行.
NOTIC: [8] Undefined variable: specImageList D:\shopsn\Runtime\Cache\Admin\7a4da6bf08c0de0caf505edbc90666ad.php 第 13 行.
NOTIC: [8] Use of undefined constant id - assumed 'id' D:\shopsn\Runtime\Cache\Admin\7a4da6bf08c0de0caf505edbc90666ad.php 第 8 行.
NOTIC: [8] Undefined variable: specImageList D:\shopsn\Runtime\Cache\Admin\7a4da6bf08c0de0caf505edbc90666ad.php 第 13 行.
INFO: Run Behavior\ParseTemplateBehavior [ RunTime:0.028002s ]
INFO: [ view_parse ] --END-- [ RunTime:0.028002s ]
INFO: [ view_filter ] --START--
INFO: Run Behavior\WriteHtmlCacheBehavior [ RunTime:0.001000s ]
INFO: [ view_filter ] --END-- [ RunTime:0.001000s ]
INFO: [ app_end ] --START--
INFO: Run Behavior\ShowPageTraceBehavior [ RunTime:0.002000s ]
INFO: [ app_end ] --END-- [ RunTime:0.002000s ]

[ 2018-08-30T13:53:03+08:00 ] 127.0.0.1 /adminprov.php/Goods/goodsCategory
INFO: [ app_init ] --START--
INFO: Run Behavior\BuildLiteBehavior [ RunTime:0.000000s ]
INFO: [ app_init ] --END-- [ RunTime:0.000000s ]
NOTIC: [8] Constant UPLOAD_PATH already defined D:\shopsn\Application\Admin\Conf\config.php 第 2 行.
INFO: [ app_begin ] --START--
INFO: Run Behavior\ReadHtmlCacheBehavior [ RunTime:0.001000s ]
INFO: [ app_begin ] --END-- [ RunTime:0.001000s ]
NOTIC: [2048] Common\Controller\AuthController and Common\TraitClass\SmsVerification define the same property ($error) in the composition of Admin\Controller\GoodsController. This might be incompatible, to improve maintainability consider using accessor methods in traits instead. Class was composed D:\shopsn\Application\Admin\Controller\GoodsController.class.php 第 1088 行.
NOTIC: [2048] Common\Controller\AuthController and Common\TraitClass\SmsVerification define the same property ($key) in the composition of Admin\Controller\GoodsController. This might be incompatible, to improve maintainability consider using accessor methods in traits instead. Class was composed D:\shopsn\Application\Admin\Controller\GoodsController.class.php 第 1088 行.

[ 2018-08-30T13:53:04+08:00 ] 127.0.0.1 /adminprov.php/Goods/goodsCategory
INFO: [ app_init ] --START--
INFO: Run Behavior\BuildLiteBehavior [ RunTime:0.001000s ]
INFO: [ app_init ] --END-- [ RunTime:0.001000s ]
NOTIC: [8] Constant UPLOAD_PATH already defined D:\shopsn\Application\Admin\Conf\config.php 第 2 行.
INFO: [ app_begin ] --START--
INFO: Run Behavior\ReadHtmlCacheBehavior [ RunTime:0.002000s ]
INFO: [ app_begin ] --END-- [ RunTime:0.002000s ]
NOTIC: [2048] Common\Controller\AuthController and Common\TraitClass\SmsVerification define the same property ($error) in the composition of Admin\Controller\GoodsController. This might be incompatible, to improve maintainability consider using accessor methods in traits instead. Class was composed D:\shopsn\Application\Admin\Controller\GoodsController.class.php 第 1088 行.
NOTIC: [2048] Common\Controller\AuthController and Common\TraitClass\SmsVerification define the same property ($key) in the composition of Admin\Controller\GoodsController. This might be incompatible, to improve maintainability consider using accessor methods in traits instead. Class was composed D:\shopsn\Application\Admin\Controller\GoodsController.class.php 第 1088 行.

[ 2018-08-30T13:53:05+08:00 ] 127.0.0.1 /adminprov.php/Goods/goodsCategory
INFO: [ app_init ] --START--
INFO: Run Behavior\BuildLiteBehavior [ RunTime:0.000000s ]
INFO: [ app_init ] --END-- [ RunTime:0.000000s ]
NOTIC: [8] Constant UPLOAD_PATH already defined D:\shopsn\Application\Admin\Conf\config.php 第 2 行.
INFO: [ app_begin ] --START--
INFO: Run Behavior\ReadHtmlCacheBehavior [ RunTime:0.001001s ]
INFO: [ app_begin ] --END-- [ RunTime:0.001001s ]
NOTIC: [2048] Common\Controller\AuthController and Common\TraitClass\SmsVerification define the same property ($error) in the composition of Admin\Controller\GoodsController. This might be incompatible, to improve maintainability consider using accessor methods in traits instead. Class was composed D:\shopsn\Application\Admin\Controller\GoodsController.class.php 第 1088 行.
NOTIC: [2048] Common\Controller\AuthController and Common\TraitClass\SmsVerification define the same property ($key) in the composition of Admin\Controller\GoodsController. This might be incompatible, to improve maintainability consider using accessor methods in traits instead. Class was composed D:\shopsn\Application\Admin\Controller\GoodsController.class.php 第 1088 行.

[ 2018-08-30T13:53:06+08:00 ] 127.0.0.1 /adminprov.php/Goods/goodsCategory
INFO: [ app_init ] --START--
INFO: Run Behavior\BuildLiteBehavior [ RunTime:0.000000s ]
INFO: [ app_init ] --END-- [ RunTime:0.000000s ]
NOTIC: [8] Constant UPLOAD_PATH already defined D:\shopsn\Application\Admin\Conf\config.php 第 2 行.
INFO: [ app_begin ] --START--
INFO: Run Behavior\ReadHtmlCacheBehavior [ RunTime:0.002000s ]
INFO: [ app_begin ] --END-- [ RunTime:0.003000s ]
NOTIC: [2048] Common\Controller\AuthController and Common\TraitClass\SmsVerification define the same property ($error) in the composition of Admin\Controller\GoodsController. This might be incompatible, to improve maintainability consider using accessor methods in traits instead. Class was composed D:\shopsn\Application\Admin\Controller\GoodsController.class.php 第 1088 行.
NOTIC: [2048] Common\Controller\AuthController and Common\TraitClass\SmsVerification define the same property ($key) in the composition of Admin\Controller\GoodsController. This might be incompatible, to improve maintainability consider using accessor methods in traits instead. Class was composed D:\shopsn\Application\Admin\Controller\GoodsController.class.php 第 1088 行.

[ 2018-08-30T13:53:07+08:00 ] 127.0.0.1 /adminprov.php/Goods/getAddContentByGoodsAttribute
INFO: [ app_init ] --START--
INFO: Run Behavior\BuildLiteBehavior [ RunTime:0.000000s ]
INFO: [ app_init ] --END-- [ RunTime:0.000000s ]
NOTIC: [8] Constant UPLOAD_PATH already defined D:\shopsn\Application\Admin\Conf\config.php 第 2 行.
INFO: [ app_begin ] --START--
INFO: Run Behavior\ReadHtmlCacheBehavior [ RunTime:0.001000s ]
INFO: [ app_begin ] --END-- [ RunTime:0.001000s ]
NOTIC: [2048] Common\Controller\AuthController and Common\TraitClass\SmsVerification define the same property ($error) in the composition of Admin\Controller\GoodsController. This might be incompatible, to improve maintainability consider using accessor methods in traits instead. Class was composed D:\shopsn\Application\Admin\Controller\GoodsController.class.php 第 1088 行.
NOTIC: [2048] Common\Controller\AuthController and Common\TraitClass\SmsVerification define the same property ($key) in the composition of Admin\Controller\GoodsController. This might be incompatible, to improve maintainability consider using accessor methods in traits instead. Class was composed D:\shopsn\Application\Admin\Controller\GoodsController.class.php 第 1088 行.

[ 2018-08-30T13:53:24+08:00 ] 127.0.0.1 /adminprov.php/Goods/saveGoods
INFO: [ app_init ] --START--
INFO: Run Behavior\BuildLiteBehavior [ RunTime:0.000000s ]
INFO: [ app_init ] --END-- [ RunTime:0.000000s ]
NOTIC: [8] Constant UPLOAD_PATH already defined D:\shopsn\Application\Admin\Conf\config.php 第 2 行.
INFO: [ app_begin ] --START--
INFO: Run Behavior\ReadHtmlCacheBehavior [ RunTime:0.003000s ]
INFO: [ app_begin ] --END-- [ RunTime:0.003000s ]
NOTIC: [2048] Common\Controller\AuthController and Common\TraitClass\SmsVerification define the same property ($error) in the composition of Admin\Controller\GoodsController. This might be incompatible, to improve maintainability consider using accessor methods in traits instead. Class was composed D:\shopsn\Application\Admin\Controller\GoodsController.class.php 第 1088 行.
NOTIC: [2048] Common\Controller\AuthController and Common\TraitClass\SmsVerification define the same property ($key) in the composition of Admin\Controller\GoodsController. This might be incompatible, to improve maintainability consider using accessor methods in traits instead. Class was composed D:\shopsn\Application\Admin\Controller\GoodsController.class.php 第 1088 行.
NOTIC: [8] Undefined index: stock D:\shopsn\Application\Admin\Model\GoodsModel.class.php 第 214 行.
NOTIC: [8] Undefined index: advance_date D:\shopsn\Application\Admin\Model\GoodsModel.class.php 第 218 行.
NOTIC: [8] Undefined index: advance_date D:\shopsn\Application\Admin\Model\GoodsModel.class.php 第 221 行.
INFO: [ UpdateLogStart ] --START--
INFO: Run Common\Behavior\UpdateLogBehavior [ RunTime:0.029002s ]
INFO: [ UpdateLogStart ] --END-- [ RunTime:0.029002s ]
INFO: [ UpdateLogEnd ] --START--
INFO: Run Common\Behavior\UpdateLogEndBehavior [ RunTime:0.032002s ]
INFO: [ UpdateLogEnd ] --END-- [ RunTime:0.032002s ]
INFO: [ UpdateLogStart ] --START--
NOTIC: [8] Undefined index: edit_colums D:\shopsn\Application\Admin\Model\LogModel.class.php 第 117 行.
NOTIC: [2] implode(): Invalid arguments passed D:\shopsn\Application\Admin\Model\LogModel.class.php 第 117 行.
NOTIC: [8] Undefined index: table_id D:\shopsn\Application\Admin\Model\LogModel.class.php 第 117 行.
INFO: Run Common\Behavior\UpdateLogBehavior [ RunTime:0.001000s ]
INFO: [ UpdateLogEnd ] --START--
INFO: Run Common\Behavior\UpdateLogEndBehavior [ RunTime:0.009001s ]
INFO: [ UpdateLogEnd ] --END-- [ RunTime:-0.022001s ]

[ 2018-08-30T13:53:26+08:00 ] 127.0.0.1 /adminprov.php/Goods/savePricture
INFO: [ app_init ] --START--
INFO: Run Behavior\BuildLiteBehavior [ RunTime:0.000000s ]
INFO: [ app_init ] --END-- [ RunTime:0.000000s ]
NOTIC: [8] Constant UPLOAD_PATH already defined D:\shopsn\Application\Admin\Conf\config.php 第 2 行.
INFO: [ app_begin ] --START--
INFO: Run Behavior\ReadHtmlCacheBehavior [ RunTime:0.001000s ]
INFO: [ app_begin ] --END-- [ RunTime:0.001000s ]
NOTIC: [2048] Common\Controller\AuthController and Common\TraitClass\SmsVerification define the same property ($error) in the composition of Admin\Controller\GoodsController. This might be incompatible, to improve maintainability consider using accessor methods in traits instead. Class was composed D:\shopsn\Application\Admin\Controller\GoodsController.class.php 第 1088 行.
NOTIC: [2048] Common\Controller\AuthController and Common\TraitClass\SmsVerification define the same property ($key) in the composition of Admin\Controller\GoodsController. This might be incompatible, to improve maintainability consider using accessor methods in traits instead. Class was composed D:\shopsn\Application\Admin\Controller\GoodsController.class.php 第 1088 行.
NOTIC: [8] Undefined index: insertId D:\shopsn\Application\Admin\Controller\GoodsController.class.php 第 342 行.

[ 2018-08-30T13:53:29+08:00 ] 127.0.0.1 /adminprov.php/Goods/editSpecGoods
INFO: [ app_init ] --START--
INFO: Run Behavior\BuildLiteBehavior [ RunTime:0.000000s ]
INFO: [ app_init ] --END-- [ RunTime:0.000000s ]
NOTIC: [8] Constant UPLOAD_PATH already defined D:\shopsn\Application\Admin\Conf\config.php 第 2 行.
INFO: [ app_begin ] --START--
INFO: Run Behavior\ReadHtmlCacheBehavior [ RunTime:0.001000s ]
INFO: [ app_begin ] --END-- [ RunTime:0.002000s ]
NOTIC: [2048] Common\Controller\AuthController and Common\TraitClass\SmsVerification define the same property ($error) in the composition of Admin\Controller\GoodsController. This might be incompatible, to improve maintainability consider using accessor methods in traits instead. Class was composed D:\shopsn\Application\Admin\Controller\GoodsController.class.php 第 1088 行.
NOTIC: [2048] Common\Controller\AuthController and Common\TraitClass\SmsVerification define the same property ($key) in the composition of Admin\Controller\GoodsController. This might be incompatible, to improve maintainability consider using accessor methods in traits instead. Class was composed D:\shopsn\Application\Admin\Controller\GoodsController.class.php 第 1088 行.

[ 2018-08-30T13:53:32+08:00 ] 127.0.0.1 /adminprov.php/Goods/editSpecGoods
INFO: [ app_init ] --START--
INFO: Run Behavior\BuildLiteBehavior [ RunTime:0.000000s ]
INFO: [ app_init ] --END-- [ RunTime:0.000000s ]
NOTIC: [8] Constant UPLOAD_PATH already defined D:\shopsn\Application\Admin\Conf\config.php 第 2 行.
INFO: [ app_begin ] --START--
INFO: Run Behavior\ReadHtmlCacheBehavior [ RunTime:0.001000s ]
INFO: [ app_begin ] --END-- [ RunTime:0.001000s ]
NOTIC: [2048] Common\Controller\AuthController and Common\TraitClass\SmsVerification define the same property ($error) in the composition of Admin\Controller\GoodsController. This might be incompatible, to improve maintainability consider using accessor methods in traits instead. Class was composed D:\shopsn\Application\Admin\Controller\GoodsController.class.php 第 1088 行.
NOTIC: [2048] Common\Controller\AuthController and Common\TraitClass\SmsVerification define the same property ($key) in the composition of Admin\Controller\GoodsController. This might be incompatible, to improve maintainability consider using accessor methods in traits instead. Class was composed D:\shopsn\Application\Admin\Controller\GoodsController.class.php 第 1088 行.

[ 2018-08-30T13:53:33+08:00 ] 127.0.0.1 /adminprov.php/Goods/goods_list
INFO: [ app_init ] --START--
INFO: Run Behavior\BuildLiteBehavior [ RunTime:0.000000s ]
INFO: [ app_init ] --END-- [ RunTime:0.000000s ]
NOTIC: [8] Constant UPLOAD_PATH already defined D:\shopsn\Application\Admin\Conf\config.php 第 2 行.

