[ 2018-07-24T17:39:44+08:00 ] 127.0.0.1 /adminprov.php
INFO: [ app_init ] --START--
INFO: Run Behavior\BuildLiteBehavior [ RunTime:0.000000s ]
INFO: [ app_init ] --END-- [ RunTime:0.000000s ]
NOTIC: [8] Constant UPLOAD_PATH already defined D:\shopsn\Application\Admin\Conf\config.php 第 2 行.

[ 2018-07-24T17:39:44+08:00 ] 127.0.0.1 /adminprov.php/Public/verify
INFO: [ app_init ] --START--
INFO: Run Behavior\BuildLiteBehavior [ RunTime:0.000000s ]
INFO: [ app_init ] --END-- [ RunTime:0.000000s ]
NOTIC: [8] Constant UPLOAD_PATH already defined D:\shopsn\Application\Admin\Conf\config.php 第 2 行.

[ 2018-07-24T17:39:52+08:00 ] 127.0.0.1 /adminprov.php/Public/check_code?code=ixee
INFO: [ app_init ] --START--
INFO: Run Behavior\BuildLiteBehavior [ RunTime:0.000000s ]
INFO: [ app_init ] --END-- [ RunTime:0.000000s ]
NOTIC: [8] Constant UPLOAD_PATH already defined D:\shopsn\Application\Admin\Conf\config.php 第 2 行.
INFO: [ app_begin ] --START--
INFO: Run Behavior\ReadHtmlCacheBehavior [ RunTime:0.001000s ]
INFO: [ app_begin ] --END-- [ RunTime:0.001000s ]

[ 2018-07-24T17:39:54+08:00 ] 127.0.0.1 /adminprov.php/Public/login
INFO: [ app_init ] --START--
INFO: Run Behavior\BuildLiteBehavior [ RunTime:0.000000s ]
INFO: [ app_init ] --END-- [ RunTime:0.000000s ]
NOTIC: [8] Constant UPLOAD_PATH already defined D:\shopsn\Application\Admin\Conf\config.php 第 2 行.

[ 2018-07-24T17:39:57+08:00 ] 127.0.0.1 /adminprov.php/Index/index
INFO: [ app_init ] --START--
INFO: Run Behavior\BuildLiteBehavior [ RunTime:0.000000s ]
INFO: [ app_init ] --END-- [ RunTime:0.000000s ]
NOTIC: [8] Constant UPLOAD_PATH already defined D:\shopsn\Application\Admin\Conf\config.php 第 2 行.

[ 2018-07-24T17:39:58+08:00 ] 127.0.0.1 /adminprov.php/Index/main
INFO: [ app_init ] --START--
INFO: Run Behavior\BuildLiteBehavior [ RunTime:0.000000s ]
INFO: [ app_init ] --END-- [ RunTime:0.000000s ]
NOTIC: [8] Constant UPLOAD_PATH already defined D:\shopsn\Application\Admin\Conf\config.php 第 2 行.

[ 2018-07-24T17:39:59+08:00 ] 127.0.0.1 /adminprov.php/Index/getTodayShopInformation
INFO: [ app_init ] --START--
INFO: Run Behavior\BuildLiteBehavior [ RunTime:0.000000s ]
INFO: [ app_init ] --END-- [ RunTime:0.000000s ]
NOTIC: [8] Constant UPLOAD_PATH already defined D:\shopsn\Application\Admin\Conf\config.php 第 2 行.
INFO: [ app_begin ] --START--
INFO: Run Behavior\ReadHtmlCacheBehavior [ RunTime:0.003000s ]
INFO: [ app_begin ] --END-- [ RunTime:0.003000s ]
NOTIC: [2048] Declaration of Admin\Model\OrderModel::getOrder() should be compatible with Common\Model\BaseModel::getOrder() D:\shopsn\Application\Admin\Model\OrderModel.class.php 第 24 行.
NOTIC: [2048] Declaration of Admin\Model\OrderModel::getData() should be compatible with Common\Model\BaseModel::getData($id, array $field) D:\shopsn\Application\Admin\Model\OrderModel.class.php 第 24 行.
INFO: [ view_parse ] --START--
INFO: [ template_filter ] --START--
INFO: Run Behavior\ContentReplaceBehavior [ RunTime:0.000000s ]
INFO: [ template_filter ] --END-- [ RunTime:0.000000s ]
NOTIC: [8] Undefined variable: count D:\shopsn\Runtime\Cache\Admin\cb2a3056dfdbbb320ffa3516da0f28db.php 第 29 行.
INFO: Run Behavior\ParseTemplateBehavior [ RunTime:0.011001s ]
INFO: [ view_parse ] --END-- [ RunTime:0.011001s ]
INFO: [ view_filter ] --START--
INFO: Run Behavior\WriteHtmlCacheBehavior [ RunTime:0.001000s ]
INFO: [ view_filter ] --END-- [ RunTime:0.001000s ]
INFO: [ app_end ] --START--
INFO: Run Behavior\ShowPageTraceBehavior [ RunTime:0.002000s ]
INFO: [ app_end ] --END-- [ RunTime:0.002000s ]

[ 2018-07-24T17:40:01+08:00 ] 127.0.0.1 /adminprov.php/Index/getAllShopInformation
INFO: [ app_init ] --START--
INFO: Run Behavior\BuildLiteBehavior [ RunTime:0.000000s ]
INFO: [ app_init ] --END-- [ RunTime:0.000000s ]
NOTIC: [8] Constant UPLOAD_PATH already defined D:\shopsn\Application\Admin\Conf\config.php 第 2 行.
INFO: [ app_begin ] --START--
INFO: Run Behavior\ReadHtmlCacheBehavior [ RunTime:0.002000s ]
INFO: [ app_begin ] --END-- [ RunTime:0.002000s ]
NOTIC: [2048] Declaration of Admin\Model\OrderModel::getOrder() should be compatible with Common\Model\BaseModel::getOrder() D:\shopsn\Application\Admin\Model\OrderModel.class.php 第 24 行.
NOTIC: [2048] Declaration of Admin\Model\OrderModel::getData() should be compatible with Common\Model\BaseModel::getData($id, array $field) D:\shopsn\Application\Admin\Model\OrderModel.class.php 第 24 行.
INFO: [ view_parse ] --START--
INFO: [ template_filter ] --START--
INFO: Run Behavior\ContentReplaceBehavior [ RunTime:0.000000s ]
INFO: [ template_filter ] --END-- [ RunTime:0.000000s ]
INFO: Run Behavior\ParseTemplateBehavior [ RunTime:0.010001s ]
INFO: [ view_parse ] --END-- [ RunTime:0.010001s ]
INFO: [ view_filter ] --START--
INFO: Run Behavior\WriteHtmlCacheBehavior [ RunTime:0.000000s ]
INFO: [ view_filter ] --END-- [ RunTime:0.000000s ]
INFO: [ app_end ] --START--
INFO: Run Behavior\ShowPageTraceBehavior [ RunTime:0.001000s ]
INFO: [ app_end ] --END-- [ RunTime:0.001000s ]

[ 2018-07-24T17:40:02+08:00 ] 127.0.0.1 /adminprov.php/Admin/admin_list
INFO: [ app_init ] --START--
INFO: Run Behavior\BuildLiteBehavior [ RunTime:0.000000s ]
INFO: [ app_init ] --END-- [ RunTime:0.000000s ]
NOTIC: [8] Constant UPLOAD_PATH already defined D:\shopsn\Application\Admin\Conf\config.php 第 2 行.

[ 2018-07-24T17:40:05+08:00 ] 127.0.0.1 /adminprov.php/Admin/notification_system
INFO: [ app_init ] --START--
INFO: Run Behavior\BuildLiteBehavior [ RunTime:0.000000s ]
INFO: [ app_init ] --END-- [ RunTime:0.000000s ]
NOTIC: [8] Constant UPLOAD_PATH already defined D:\shopsn\Application\Admin\Conf\config.php 第 2 行.

[ 2018-07-24T17:40:08+08:00 ] 127.0.0.1 /adminprov.php/Admin/admin_system_save
INFO: [ app_init ] --START--
INFO: Run Behavior\BuildLiteBehavior [ RunTime:0.000000s ]
INFO: [ app_init ] --END-- [ RunTime:0.000000s ]
NOTIC: [8] Constant UPLOAD_PATH already defined D:\shopsn\Application\Admin\Conf\config.php 第 2 行.

[ 2018-07-24T17:40:24+08:00 ] 127.0.0.1 /adminprov.php/SysConfig/index
INFO: [ app_init ] --START--
INFO: Run Behavior\BuildLiteBehavior [ RunTime:0.001000s ]
INFO: [ app_init ] --END-- [ RunTime:0.001000s ]
NOTIC: [8] Constant UPLOAD_PATH already defined D:\shopsn\Application\Admin\Conf\config.php 第 2 行.

[ 2018-07-24T17:40:33+08:00 ] 127.0.0.1 /adminprov.php/System/config
INFO: [ app_init ] --START--
INFO: Run Behavior\BuildLiteBehavior [ RunTime:0.000000s ]
INFO: [ app_init ] --END-- [ RunTime:0.000000s ]
NOTIC: [8] Constant UPLOAD_PATH already defined D:\shopsn\Application\Admin\Conf\config.php 第 2 行.

[ 2018-07-24T17:40:41+08:00 ] 127.0.0.1 /adminprov.php/Admin/notification_system
INFO: [ app_init ] --START--
INFO: Run Behavior\BuildLiteBehavior [ RunTime:0.000000s ]
INFO: [ app_init ] --END-- [ RunTime:0.000000s ]
NOTIC: [8] Constant UPLOAD_PATH already defined D:\shopsn\Application\Admin\Conf\config.php 第 2 行.

[ 2018-07-24T17:40:44+08:00 ] 127.0.0.1 /adminprov.php/Admin/admin_system_save
INFO: [ app_init ] --START--
INFO: Run Behavior\BuildLiteBehavior [ RunTime:0.000000s ]
INFO: [ app_init ] --END-- [ RunTime:0.000000s ]
NOTIC: [8] Constant UPLOAD_PATH already defined D:\shopsn\Application\Admin\Conf\config.php 第 2 行.

[ 2018-07-24T17:40:54+08:00 ] 127.0.0.1 /adminprov.php/Admin/admin_system_save
INFO: [ app_init ] --START--
INFO: Run Behavior\BuildLiteBehavior [ RunTime:0.000000s ]
INFO: [ app_init ] --END-- [ RunTime:0.000000s ]
NOTIC: [8] Constant UPLOAD_PATH already defined D:\shopsn\Application\Admin\Conf\config.php 第 2 行.

[ 2018-07-24T17:41:02+08:00 ] 127.0.0.1 /adminprov.php/Admin/admin_system_save
INFO: [ app_init ] --START--
INFO: Run Behavior\BuildLiteBehavior [ RunTime:0.000000s ]
INFO: [ app_init ] --END-- [ RunTime:0.000000s ]
NOTIC: [8] Constant UPLOAD_PATH already defined D:\shopsn\Application\Admin\Conf\config.php 第 2 行.
INFO: [ app_begin ] --START--
INFO: Run Behavior\ReadHtmlCacheBehavior [ RunTime:0.001000s ]
INFO: [ app_begin ] --END-- [ RunTime:0.001000s ]

[ 2018-07-24T17:41:03+08:00 ] 127.0.0.1 /adminprov.php/Index/index
INFO: [ app_init ] --START--
INFO: Run Behavior\BuildLiteBehavior [ RunTime:0.000000s ]
INFO: [ app_init ] --END-- [ RunTime:0.001000s ]
NOTIC: [8] Constant UPLOAD_PATH already defined D:\shopsn\Application\Admin\Conf\config.php 第 2 行.

[ 2018-07-24T17:41:04+08:00 ] 127.0.0.1 /adminprov.php/Index/main
INFO: [ app_init ] --START--
INFO: Run Behavior\BuildLiteBehavior [ RunTime:0.000000s ]
INFO: [ app_init ] --END-- [ RunTime:0.000000s ]
NOTIC: [8] Constant UPLOAD_PATH already defined D:\shopsn\Application\Admin\Conf\config.php 第 2 行.

[ 2018-07-24T17:41:05+08:00 ] 127.0.0.1 /adminprov.php/Index/getTodayShopInformation
INFO: [ app_init ] --START--
INFO: Run Behavior\BuildLiteBehavior [ RunTime:0.000000s ]
INFO: [ app_init ] --END-- [ RunTime:0.001000s ]
NOTIC: [8] Constant UPLOAD_PATH already defined D:\shopsn\Application\Admin\Conf\config.php 第 2 行.
INFO: [ app_begin ] --START--
INFO: Run Behavior\ReadHtmlCacheBehavior [ RunTime:0.001000s ]
INFO: [ app_begin ] --END-- [ RunTime:0.001000s ]
NOTIC: [2048] Declaration of Admin\Model\OrderModel::getOrder() should be compatible with Common\Model\BaseModel::getOrder() D:\shopsn\Application\Admin\Model\OrderModel.class.php 第 24 行.
NOTIC: [2048] Declaration of Admin\Model\OrderModel::getData() should be compatible with Common\Model\BaseModel::getData($id, array $field) D:\shopsn\Application\Admin\Model\OrderModel.class.php 第 24 行.
INFO: [ view_parse ] --START--
INFO: [ template_filter ] --START--
INFO: Run Behavior\ContentReplaceBehavior [ RunTime:0.000000s ]
INFO: [ template_filter ] --END-- [ RunTime:0.000000s ]
NOTIC: [8] Undefined variable: count D:\shopsn\Runtime\Cache\Admin\cb2a3056dfdbbb320ffa3516da0f28db.php 第 29 行.
INFO: Run Behavior\ParseTemplateBehavior [ RunTime:0.009000s ]
INFO: [ view_parse ] --END-- [ RunTime:0.009000s ]
INFO: [ view_filter ] --START--
INFO: Run Behavior\WriteHtmlCacheBehavior [ RunTime:0.001000s ]
INFO: [ view_filter ] --END-- [ RunTime:0.001000s ]
INFO: [ app_end ] --START--
INFO: Run Behavior\ShowPageTraceBehavior [ RunTime:0.001000s ]
INFO: [ app_end ] --END-- [ RunTime:0.001000s ]

[ 2018-07-24T17:41:07+08:00 ] 127.0.0.1 /adminprov.php/Index/getAllShopInformation
INFO: [ app_init ] --START--
INFO: Run Behavior\BuildLiteBehavior [ RunTime:0.000000s ]
INFO: [ app_init ] --END-- [ RunTime:0.000000s ]
NOTIC: [8] Constant UPLOAD_PATH already defined D:\shopsn\Application\Admin\Conf\config.php 第 2 行.
INFO: [ app_begin ] --START--
INFO: Run Behavior\ReadHtmlCacheBehavior [ RunTime:0.001000s ]
INFO: [ app_begin ] --END-- [ RunTime:0.001000s ]
NOTIC: [2048] Declaration of Admin\Model\OrderModel::getOrder() should be compatible with Common\Model\BaseModel::getOrder() D:\shopsn\Application\Admin\Model\OrderModel.class.php 第 24 行.
NOTIC: [2048] Declaration of Admin\Model\OrderModel::getData() should be compatible with Common\Model\BaseModel::getData($id, array $field) D:\shopsn\Application\Admin\Model\OrderModel.class.php 第 24 行.
INFO: [ view_parse ] --START--
INFO: [ template_filter ] --START--
INFO: Run Behavior\ContentReplaceBehavior [ RunTime:0.000000s ]
INFO: [ template_filter ] --END-- [ RunTime:0.000000s ]
INFO: Run Behavior\ParseTemplateBehavior [ RunTime:0.013001s ]
INFO: [ view_parse ] --END-- [ RunTime:0.014001s ]
INFO: [ view_filter ] --START--
INFO: Run Behavior\WriteHtmlCacheBehavior [ RunTime:0.001000s ]
INFO: [ view_filter ] --END-- [ RunTime:0.001000s ]
INFO: [ app_end ] --START--
INFO: Run Behavior\ShowPageTraceBehavior [ RunTime:0.001000s ]
INFO: [ app_end ] --END-- [ RunTime:0.001000s ]

[ 2018-07-24T17:43:06+08:00 ] 127.0.0.1 /adminprov.php/Admin/admin_list
INFO: [ app_init ] --START--
INFO: Run Behavior\BuildLiteBehavior [ RunTime:0.000000s ]
INFO: [ app_init ] --END-- [ RunTime:0.000000s ]
NOTIC: [8] Constant UPLOAD_PATH already defined D:\shopsn\Application\Admin\Conf\config.php 第 2 行.

[ 2018-07-24T17:43:10+08:00 ] 127.0.0.1 /adminprov.php/Log/logList
INFO: [ app_init ] --START--
INFO: Run Behavior\BuildLiteBehavior [ RunTime:0.000000s ]
INFO: [ app_init ] --END-- [ RunTime:0.001000s ]
NOTIC: [8] Constant UPLOAD_PATH already defined D:\shopsn\Application\Admin\Conf\config.php 第 2 行.

[ 2018-07-24T17:43:11+08:00 ] 127.0.0.1 /adminprov.php/Admin/notification_system
INFO: [ app_init ] --START--
INFO: Run Behavior\BuildLiteBehavior [ RunTime:0.000000s ]
INFO: [ app_init ] --END-- [ RunTime:0.000000s ]
NOTIC: [8] Constant UPLOAD_PATH already defined D:\shopsn\Application\Admin\Conf\config.php 第 2 行.

[ 2018-07-24T17:43:13+08:00 ] 127.0.0.1 /adminprov.php/Admin/admin_system_save
INFO: [ app_init ] --START--
INFO: Run Behavior\BuildLiteBehavior [ RunTime:0.000000s ]
INFO: [ app_init ] --END-- [ RunTime:0.000000s ]
NOTIC: [8] Constant UPLOAD_PATH already defined D:\shopsn\Application\Admin\Conf\config.php 第 2 行.

[ 2018-07-24T17:43:23+08:00 ] 127.0.0.1 /adminprov.php/Admin/admin_system_save
INFO: [ app_init ] --START--
INFO: Run Behavior\BuildLiteBehavior [ RunTime:0.000000s ]
INFO: [ app_init ] --END-- [ RunTime:0.000000s ]
NOTIC: [8] Constant UPLOAD_PATH already defined D:\shopsn\Application\Admin\Conf\config.php 第 2 行.
INFO: [ app_begin ] --START--
INFO: Run Behavior\ReadHtmlCacheBehavior [ RunTime:0.001001s ]
INFO: [ app_begin ] --END-- [ RunTime:0.001001s ]

[ 2018-07-24T17:43:24+08:00 ] 127.0.0.1 /adminprov.php/Index/index
INFO: [ app_init ] --START--
INFO: Run Behavior\BuildLiteBehavior [ RunTime:0.000000s ]
INFO: [ app_init ] --END-- [ RunTime:0.000000s ]
NOTIC: [8] Constant UPLOAD_PATH already defined D:\shopsn\Application\Admin\Conf\config.php 第 2 行.

[ 2018-07-24T17:43:25+08:00 ] 127.0.0.1 /adminprov.php/Index/main
INFO: [ app_init ] --START--
INFO: Run Behavior\BuildLiteBehavior [ RunTime:0.000000s ]
INFO: [ app_init ] --END-- [ RunTime:0.000000s ]
NOTIC: [8] Constant UPLOAD_PATH already defined D:\shopsn\Application\Admin\Conf\config.php 第 2 行.

[ 2018-07-24T17:43:27+08:00 ] 127.0.0.1 /adminprov.php/Index/getAllShopInformation
INFO: [ app_init ] --START--
INFO: Run Behavior\BuildLiteBehavior [ RunTime:0.000000s ]
INFO: [ app_init ] --END-- [ RunTime:0.000000s ]
NOTIC: [8] Constant UPLOAD_PATH already defined D:\shopsn\Application\Admin\Conf\config.php 第 2 行.
INFO: [ app_begin ] --START--
INFO: Run Behavior\ReadHtmlCacheBehavior [ RunTime:0.001000s ]
INFO: [ app_begin ] --END-- [ RunTime:0.001000s ]
NOTIC: [2048] Declaration of Admin\Model\OrderModel::getOrder() should be compatible with Common\Model\BaseModel::getOrder() D:\shopsn\Application\Admin\Model\OrderModel.class.php 第 24 行.
NOTIC: [2048] Declaration of Admin\Model\OrderModel::getData() should be compatible with Common\Model\BaseModel::getData($id, array $field) D:\shopsn\Application\Admin\Model\OrderModel.class.php 第 24 行.
INFO: [ view_parse ] --START--
INFO: [ template_filter ] --START--
INFO: Run Behavior\ContentReplaceBehavior [ RunTime:0.000000s ]
INFO: [ template_filter ] --END-- [ RunTime:0.000000s ]
INFO: Run Behavior\ParseTemplateBehavior [ RunTime:0.007000s ]
INFO: [ view_parse ] --END-- [ RunTime:0.007000s ]
INFO: [ view_filter ] --START--
INFO: Run Behavior\WriteHtmlCacheBehavior [ RunTime:0.001000s ]
INFO: [ view_filter ] --END-- [ RunTime:0.001000s ]
INFO: [ app_end ] --START--
INFO: Run Behavior\ShowPageTraceBehavior [ RunTime:0.000000s ]
INFO: [ app_end ] --END-- [ RunTime:0.001000s ]

[ 2018-07-24T17:43:28+08:00 ] 127.0.0.1 /adminprov.php/Index/getTodayShopInformation
INFO: [ app_init ] --START--
INFO: Run Behavior\BuildLiteBehavior [ RunTime:0.000000s ]
INFO: [ app_init ] --END-- [ RunTime:0.001000s ]
NOTIC: [8] Constant UPLOAD_PATH already defined D:\shopsn\Application\Admin\Conf\config.php 第 2 行.
INFO: [ app_begin ] --START--
INFO: Run Behavior\ReadHtmlCacheBehavior [ RunTime:0.001000s ]
INFO: [ app_begin ] --END-- [ RunTime:0.001000s ]
NOTIC: [2048] Declaration of Admin\Model\OrderModel::getOrder() should be compatible with Common\Model\BaseModel::getOrder() D:\shopsn\Application\Admin\Model\OrderModel.class.php 第 24 行.
NOTIC: [2048] Declaration of Admin\Model\OrderModel::getData() should be compatible with Common\Model\BaseModel::getData($id, array $field) D:\shopsn\Application\Admin\Model\OrderModel.class.php 第 24 行.
INFO: [ view_parse ] --START--
INFO: [ template_filter ] --START--
INFO: Run Behavior\ContentReplaceBehavior [ RunTime:0.000000s ]
INFO: [ template_filter ] --END-- [ RunTime:0.000000s ]
NOTIC: [8] Undefined variable: count D:\shopsn\Runtime\Cache\Admin\cb2a3056dfdbbb320ffa3516da0f28db.php 第 29 行.
INFO: Run Behavior\ParseTemplateBehavior [ RunTime:0.008000s ]
INFO: [ view_parse ] --END-- [ RunTime:0.008000s ]
INFO: [ view_filter ] --START--
INFO: Run Behavior\WriteHtmlCacheBehavior [ RunTime:0.000000s ]
INFO: [ view_filter ] --END-- [ RunTime:0.000000s ]
INFO: [ app_end ] --START--
INFO: Run Behavior\ShowPageTraceBehavior [ RunTime:0.000000s ]
INFO: [ app_end ] --END-- [ RunTime:0.000000s ]

