[ 2018-09-18T09:16:32+08:00 ] 127.0.0.1 /adminprov.php
INFO: [ app_init ] --START--
INFO: Run Behavior\BuildLiteBehavior [ RunTime:0.000000s ]
INFO: [ app_init ] --END-- [ RunTime:0.001000s ]
NOTIC: [8] Constant UPLOAD_PATH already defined D:\shopsn\Application\Admin\Conf\config.php 第 2 行.

[ 2018-09-18T09:16:32+08:00 ] 127.0.0.1 /adminprov.php/Public/verify
INFO: [ app_init ] --START--
INFO: Run Behavior\BuildLiteBehavior [ RunTime:0.000000s ]
INFO: [ app_init ] --END-- [ RunTime:0.001000s ]
NOTIC: [8] Constant UPLOAD_PATH already defined D:\shopsn\Application\Admin\Conf\config.php 第 2 行.

[ 2018-09-18T09:16:42+08:00 ] 127.0.0.1 /adminprov.php/Public/check_code?code=wanl
INFO: [ app_init ] --START--
INFO: Run Behavior\BuildLiteBehavior [ RunTime:0.000000s ]
INFO: [ app_init ] --END-- [ RunTime:0.001000s ]
NOTIC: [8] Constant UPLOAD_PATH already defined D:\shopsn\Application\Admin\Conf\config.php 第 2 行.
INFO: [ app_begin ] --START--
INFO: Run Behavior\ReadHtmlCacheBehavior [ RunTime:0.002001s ]
INFO: [ app_begin ] --END-- [ RunTime:0.002001s ]

[ 2018-09-18T09:16:45+08:00 ] 127.0.0.1 /adminprov.php/Public/login
INFO: [ app_init ] --START--
INFO: Run Behavior\BuildLiteBehavior [ RunTime:0.000000s ]
INFO: [ app_init ] --END-- [ RunTime:0.001000s ]
NOTIC: [8] Constant UPLOAD_PATH already defined D:\shopsn\Application\Admin\Conf\config.php 第 2 行.

[ 2018-09-18T09:16:48+08:00 ] 127.0.0.1 /adminprov.php/Index/index
INFO: [ app_init ] --START--
INFO: Run Behavior\BuildLiteBehavior [ RunTime:0.000000s ]
INFO: [ app_init ] --END-- [ RunTime:0.000000s ]
NOTIC: [8] Constant UPLOAD_PATH already defined D:\shopsn\Application\Admin\Conf\config.php 第 2 行.

[ 2018-09-18T09:16:49+08:00 ] 127.0.0.1 /adminprov.php/Index/main
INFO: [ app_init ] --START--
INFO: Run Behavior\BuildLiteBehavior [ RunTime:0.000000s ]
INFO: [ app_init ] --END-- [ RunTime:0.000000s ]
NOTIC: [8] Constant UPLOAD_PATH already defined D:\shopsn\Application\Admin\Conf\config.php 第 2 行.

[ 2018-09-18T09:16:51+08:00 ] 127.0.0.1 /adminprov.php/Index/getTodayShopInformation
INFO: [ app_init ] --START--
INFO: Run Behavior\BuildLiteBehavior [ RunTime:0.000000s ]
INFO: [ app_init ] --END-- [ RunTime:0.000000s ]
NOTIC: [8] Constant UPLOAD_PATH already defined D:\shopsn\Application\Admin\Conf\config.php 第 2 行.
INFO: [ app_begin ] --START--
INFO: Run Behavior\ReadHtmlCacheBehavior [ RunTime:0.001000s ]
INFO: [ app_begin ] --END-- [ RunTime:0.001000s ]
NOTIC: [2] Declaration of Admin\Model\OrderModel::getOrder($userAddress, $field = NULL, $default = 'select') should be compatible with Common\Model\BaseModel::getOrder() D:\shopsn\Application\Admin\Model\OrderModel.class.php 第 23 行.
NOTIC: [2] Declaration of Admin\Model\OrderModel::getData($where = NULL) should be compatible with Common\Model\BaseModel::getData($id, array $field) D:\shopsn\Application\Admin\Model\OrderModel.class.php 第 23 行.
NOTIC: [8192] Non-static method Common\Model\BaseModel::getLineNum() should not be called statically D:\shopsn\Application\Common\TraitClass\ModelToolTrait.class.php 第 374 行.
NOTIC: [8] Undefined offset: 0 D:\shopsn\Application\Common\Tool\Extend\ArrayChildren.class.php 第 315 行.
NOTIC: [8] Undefined offset: 0 D:\shopsn\Application\Common\Tool\Extend\ArrayChildren.class.php 第 316 行.
NOTIC: [8192] Non-static method Common\Model\BaseModel::insertContent() should not be called statically D:\shopsn\Application\Common\TraitClass\ModelToolTrait.class.php 第 398 行.
NOTIC: [8192] Non-static method Common\Model\BaseModel::rewriteFile() should not be called statically D:\shopsn\Application\Common\TraitClass\ModelToolTrait.class.php 第 400 行.
INFO: [ view_parse ] --START--
INFO: [ template_filter ] --START--
INFO: Run Behavior\ContentReplaceBehavior [ RunTime:0.000000s ]
INFO: [ template_filter ] --END-- [ RunTime:0.000000s ]
NOTIC: [8] Undefined variable: count D:\shopsn\Runtime\Cache\Admin\cb2a3056dfdbbb320ffa3516da0f28db.php 第 29 行.
INFO: Run Behavior\ParseTemplateBehavior [ RunTime:0.005001s ]
INFO: [ view_parse ] --END-- [ RunTime:0.005001s ]
INFO: [ view_filter ] --START--
INFO: Run Behavior\WriteHtmlCacheBehavior [ RunTime:0.001000s ]
INFO: [ view_filter ] --END-- [ RunTime:0.001000s ]
INFO: [ app_end ] --START--
INFO: Run Behavior\ShowPageTraceBehavior [ RunTime:0.000000s ]
INFO: [ app_end ] --END-- [ RunTime:0.000000s ]

[ 2018-09-18T09:16:52+08:00 ] 127.0.0.1 /adminprov.php/Index/getAllShopInformation
INFO: [ app_init ] --START--
INFO: Run Behavior\BuildLiteBehavior [ RunTime:0.000000s ]
INFO: [ app_init ] --END-- [ RunTime:0.001000s ]
NOTIC: [8] Constant UPLOAD_PATH already defined D:\shopsn\Application\Admin\Conf\config.php 第 2 行.
INFO: [ app_begin ] --START--
INFO: Run Behavior\ReadHtmlCacheBehavior [ RunTime:0.002000s ]
INFO: [ app_begin ] --END-- [ RunTime:0.002000s ]
NOTIC: [2] Declaration of Admin\Model\OrderModel::getOrder($userAddress, $field = NULL, $default = 'select') should be compatible with Common\Model\BaseModel::getOrder() D:\shopsn\Application\Admin\Model\OrderModel.class.php 第 23 行.
NOTIC: [2] Declaration of Admin\Model\OrderModel::getData($where = NULL) should be compatible with Common\Model\BaseModel::getData($id, array $field) D:\shopsn\Application\Admin\Model\OrderModel.class.php 第 23 行.
INFO: [ view_parse ] --START--
INFO: [ template_filter ] --START--
INFO: Run Behavior\ContentReplaceBehavior [ RunTime:0.000000s ]
INFO: [ template_filter ] --END-- [ RunTime:0.000000s ]
INFO: Run Behavior\ParseTemplateBehavior [ RunTime:0.006000s ]
INFO: [ view_parse ] --END-- [ RunTime:0.006000s ]
INFO: [ view_filter ] --START--
INFO: Run Behavior\WriteHtmlCacheBehavior [ RunTime:0.001000s ]
INFO: [ view_filter ] --END-- [ RunTime:0.001000s ]
INFO: [ app_end ] --START--
INFO: Run Behavior\ShowPageTraceBehavior [ RunTime:0.000000s ]
INFO: [ app_end ] --END-- [ RunTime:0.000000s ]

[ 2018-09-18T14:05:06+08:00 ] 127.0.0.1 /adminprov.php/Admin/admin_list
INFO: [ app_init ] --START--
INFO: Run Behavior\BuildLiteBehavior [ RunTime:0.000000s ]
INFO: [ app_init ] --END-- [ RunTime:0.001000s ]
NOTIC: [8] Constant UPLOAD_PATH already defined D:\shopsn\Application\Admin\Conf\config.php 第 2 行.

[ 2018-09-18T14:06:08+08:00 ] 127.0.0.1 /adminprov.php/Admin/auth_rule
INFO: [ app_init ] --START--
INFO: Run Behavior\BuildLiteBehavior [ RunTime:0.000000s ]
INFO: [ app_init ] --END-- [ RunTime:0.000000s ]
NOTIC: [8] Constant UPLOAD_PATH already defined D:\shopsn\Application\Admin\Conf\config.php 第 2 行.

[ 2018-09-18T14:06:53+08:00 ] 127.0.0.1 /adminprov.php/Admin/addJurisdiction
INFO: [ app_init ] --START--
INFO: Run Behavior\BuildLiteBehavior [ RunTime:0.000000s ]
INFO: [ app_init ] --END-- [ RunTime:0.001000s ]
NOTIC: [8] Constant UPLOAD_PATH already defined D:\shopsn\Application\Admin\Conf\config.php 第 2 行.

[ 2018-09-18T14:06:55+08:00 ] 127.0.0.1 /adminprov.php/Admin/auth_rule
INFO: [ app_init ] --START--
INFO: Run Behavior\BuildLiteBehavior [ RunTime:0.000000s ]
INFO: [ app_init ] --END-- [ RunTime:0.000000s ]
NOTIC: [8] Constant UPLOAD_PATH already defined D:\shopsn\Application\Admin\Conf\config.php 第 2 行.

[ 2018-09-18T14:06:59+08:00 ] 127.0.0.1 /adminprov.php/Index/index
INFO: [ app_init ] --START--
INFO: Run Behavior\BuildLiteBehavior [ RunTime:0.000000s ]
INFO: [ app_init ] --END-- [ RunTime:0.001001s ]
NOTIC: [8] Constant UPLOAD_PATH already defined D:\shopsn\Application\Admin\Conf\config.php 第 2 行.

[ 2018-09-18T14:07:01+08:00 ] 127.0.0.1 /adminprov.php/Index/main
INFO: [ app_init ] --START--
INFO: Run Behavior\BuildLiteBehavior [ RunTime:0.000000s ]
INFO: [ app_init ] --END-- [ RunTime:0.000000s ]
NOTIC: [8] Constant UPLOAD_PATH already defined D:\shopsn\Application\Admin\Conf\config.php 第 2 行.

[ 2018-09-18T14:07:02+08:00 ] 127.0.0.1 /adminprov.php/Index/getTodayShopInformation
INFO: [ app_init ] --START--
INFO: Run Behavior\BuildLiteBehavior [ RunTime:0.000000s ]
INFO: [ app_init ] --END-- [ RunTime:0.001000s ]
NOTIC: [8] Constant UPLOAD_PATH already defined D:\shopsn\Application\Admin\Conf\config.php 第 2 行.
INFO: [ app_begin ] --START--
INFO: Run Behavior\ReadHtmlCacheBehavior [ RunTime:0.002000s ]
INFO: [ app_begin ] --END-- [ RunTime:0.002000s ]
NOTIC: [2] Declaration of Admin\Model\OrderModel::getOrder($userAddress, $field = NULL, $default = 'select') should be compatible with Common\Model\BaseModel::getOrder() D:\shopsn\Application\Admin\Model\OrderModel.class.php 第 23 行.
NOTIC: [2] Declaration of Admin\Model\OrderModel::getData($where = NULL) should be compatible with Common\Model\BaseModel::getData($id, array $field) D:\shopsn\Application\Admin\Model\OrderModel.class.php 第 23 行.
INFO: [ view_parse ] --START--
INFO: [ template_filter ] --START--
INFO: Run Behavior\ContentReplaceBehavior [ RunTime:0.000000s ]
INFO: [ template_filter ] --END-- [ RunTime:0.000000s ]
NOTIC: [8] Undefined variable: count D:\shopsn\Runtime\Cache\Admin\cb2a3056dfdbbb320ffa3516da0f28db.php 第 29 行.
INFO: Run Behavior\ParseTemplateBehavior [ RunTime:0.005000s ]
INFO: [ view_parse ] --END-- [ RunTime:0.005000s ]
INFO: [ view_filter ] --START--
INFO: Run Behavior\WriteHtmlCacheBehavior [ RunTime:0.001000s ]
INFO: [ view_filter ] --END-- [ RunTime:0.001000s ]
INFO: [ app_end ] --START--
INFO: Run Behavior\ShowPageTraceBehavior [ RunTime:0.000000s ]
INFO: [ app_end ] --END-- [ RunTime:0.001000s ]

[ 2018-09-18T14:07:04+08:00 ] 127.0.0.1 /adminprov.php/User/userList
INFO: [ app_init ] --START--
INFO: Run Behavior\BuildLiteBehavior [ RunTime:0.000000s ]
INFO: [ app_init ] --END-- [ RunTime:0.000000s ]
NOTIC: [8] Constant UPLOAD_PATH already defined D:\shopsn\Application\Admin\Conf\config.php 第 2 行.

[ 2018-09-18T14:07:04+08:00 ] 127.0.0.1 /adminprov.php/Withdrawal/index
INFO: [ app_init ] --START--
INFO: Run Behavior\BuildLiteBehavior [ RunTime:0.000000s ]
INFO: [ app_init ] --END-- [ RunTime:0.000000s ]
NOTIC: [8] Constant UPLOAD_PATH already defined D:\shopsn\Application\Admin\Conf\config.php 第 2 行.

[ 2018-09-18T14:08:28+08:00 ] 127.0.0.1 /adminprov.php/Withdrawal/index
INFO: [ app_init ] --START--
INFO: Run Behavior\BuildLiteBehavior [ RunTime:0.000000s ]
INFO: [ app_init ] --END-- [ RunTime:0.001000s ]
NOTIC: [8] Constant UPLOAD_PATH already defined D:\shopsn\Application\Admin\Conf\config.php 第 2 行.

[ 2018-09-18T14:08:37+08:00 ] 127.0.0.1 /adminprov.php/Withdrawal/index
INFO: [ app_init ] --START--
INFO: Run Behavior\BuildLiteBehavior [ RunTime:0.000000s ]
INFO: [ app_init ] --END-- [ RunTime:0.001001s ]
NOTIC: [8] Constant UPLOAD_PATH already defined D:\shopsn\Application\Admin\Conf\config.php 第 2 行.

[ 2018-09-18T14:08:50+08:00 ] 127.0.0.1 /adminprov.php/Withdrawal/index
INFO: [ app_init ] --START--
INFO: Run Behavior\BuildLiteBehavior [ RunTime:0.000000s ]
INFO: [ app_init ] --END-- [ RunTime:0.001000s ]
NOTIC: [8] Constant UPLOAD_PATH already defined D:\shopsn\Application\Admin\Conf\config.php 第 2 行.

[ 2018-09-18T14:09:59+08:00 ] 127.0.0.1 /adminprov.php/Withdrawal/index
INFO: [ app_init ] --START--
INFO: Run Behavior\BuildLiteBehavior [ RunTime:0.000000s ]
INFO: [ app_init ] --END-- [ RunTime:0.000000s ]
NOTIC: [8] Constant UPLOAD_PATH already defined D:\shopsn\Application\Admin\Conf\config.php 第 2 行.

[ 2018-09-18T14:10:00+08:00 ] 127.0.0.1 /adminprov.php/Withdrawal/ajaxSelect?p=1
INFO: [ app_init ] --START--
INFO: Run Behavior\BuildLiteBehavior [ RunTime:0.000000s ]
INFO: [ app_init ] --END-- [ RunTime:0.000000s ]
NOTIC: [8] Constant UPLOAD_PATH already defined D:\shopsn\Application\Admin\Conf\config.php 第 2 行.
INFO: [ app_begin ] --START--
INFO: Run Behavior\ReadHtmlCacheBehavior [ RunTime:0.001000s ]
INFO: [ app_begin ] --END-- [ RunTime:0.001000s ]
NOTIC: [8] Undefined offset: 281 D:\shopsn\Application\Admin\Controller\WithdrawalController.class.php 第 51 行.
NOTIC: [8] Undefined offset: 281 D:\shopsn\Application\Admin\Controller\WithdrawalController.class.php 第 52 行.

[ 2018-09-18T14:11:35+08:00 ] 127.0.0.1 /adminprov.php/Withdrawal/index
INFO: [ app_init ] --START--
INFO: Run Behavior\BuildLiteBehavior [ RunTime:0.000000s ]
INFO: [ app_init ] --END-- [ RunTime:0.000000s ]
NOTIC: [8] Constant UPLOAD_PATH already defined D:\shopsn\Application\Admin\Conf\config.php 第 2 行.

[ 2018-09-18T14:11:36+08:00 ] 127.0.0.1 /adminprov.php/Withdrawal/ajaxSelect?p=1
INFO: [ app_init ] --START--
INFO: Run Behavior\BuildLiteBehavior [ RunTime:0.000000s ]
INFO: [ app_init ] --END-- [ RunTime:0.001000s ]
NOTIC: [8] Constant UPLOAD_PATH already defined D:\shopsn\Application\Admin\Conf\config.php 第 2 行.
INFO: [ app_begin ] --START--
INFO: Run Behavior\ReadHtmlCacheBehavior [ RunTime:0.001000s ]
INFO: [ app_begin ] --END-- [ RunTime:0.001000s ]
NOTIC: [8] Undefined index: bestir D:\shopsn\Application\Admin\Controller\WithdrawalController.class.php 第 56 行.
NOTIC: [8] Undefined index: bestir D:\shopsn\Application\Admin\Controller\WithdrawalController.class.php 第 56 行.
NOTIC: [8] Undefined index: bestir D:\shopsn\Application\Admin\Controller\WithdrawalController.class.php 第 56 行.
NOTIC: [8] Undefined index: bestir D:\shopsn\Application\Admin\Controller\WithdrawalController.class.php 第 56 行.
NOTIC: [8] Undefined index: bestir D:\shopsn\Application\Admin\Controller\WithdrawalController.class.php 第 56 行.
NOTIC: [8] Undefined index: bestir D:\shopsn\Application\Admin\Controller\WithdrawalController.class.php 第 56 行.
NOTIC: [8] Undefined index: bestir D:\shopsn\Application\Admin\Controller\WithdrawalController.class.php 第 56 行.
NOTIC: [8] Undefined offset: 281 D:\shopsn\Application\Admin\Controller\WithdrawalController.class.php 第 51 行.
NOTIC: [8] Undefined offset: 281 D:\shopsn\Application\Admin\Controller\WithdrawalController.class.php 第 52 行.
NOTIC: [8] Undefined index: bestir D:\shopsn\Application\Admin\Controller\WithdrawalController.class.php 第 56 行.
NOTIC: [8] Undefined index: bestir D:\shopsn\Application\Admin\Controller\WithdrawalController.class.php 第 56 行.
NOTIC: [8] Undefined index: bestir D:\shopsn\Application\Admin\Controller\WithdrawalController.class.php 第 56 行.

[ 2018-09-18T14:13:11+08:00 ] 127.0.0.1 /adminprov.php/Withdrawal/index
INFO: [ app_init ] --START--
INFO: Run Behavior\BuildLiteBehavior [ RunTime:0.000000s ]
INFO: [ app_init ] --END-- [ RunTime:0.000000s ]
NOTIC: [8] Constant UPLOAD_PATH already defined D:\shopsn\Application\Admin\Conf\config.php 第 2 行.

[ 2018-09-18T14:13:12+08:00 ] 127.0.0.1 /adminprov.php/Withdrawal/ajaxSelect?p=1
INFO: [ app_init ] --START--
INFO: Run Behavior\BuildLiteBehavior [ RunTime:0.000000s ]
INFO: [ app_init ] --END-- [ RunTime:0.001000s ]
NOTIC: [8] Constant UPLOAD_PATH already defined D:\shopsn\Application\Admin\Conf\config.php 第 2 行.
INFO: [ app_begin ] --START--
INFO: Run Behavior\ReadHtmlCacheBehavior [ RunTime:0.001000s ]
INFO: [ app_begin ] --END-- [ RunTime:0.001000s ]
NOTIC: [8] Undefined index: bestir D:\shopsn\Application\Admin\Controller\WithdrawalController.class.php 第 56 行.
NOTIC: [8] Undefined index: bestir D:\shopsn\Application\Admin\Controller\WithdrawalController.class.php 第 56 行.
NOTIC: [8] Undefined index: bestir D:\shopsn\Application\Admin\Controller\WithdrawalController.class.php 第 56 行.
NOTIC: [8] Undefined index: bestir D:\shopsn\Application\Admin\Controller\WithdrawalController.class.php 第 56 行.
NOTIC: [8] Undefined index: bestir D:\shopsn\Application\Admin\Controller\WithdrawalController.class.php 第 56 行.
NOTIC: [8] Undefined index: bestir D:\shopsn\Application\Admin\Controller\WithdrawalController.class.php 第 56 行.
NOTIC: [8] Undefined index: bestir D:\shopsn\Application\Admin\Controller\WithdrawalController.class.php 第 56 行.
NOTIC: [8] Undefined offset: 281 D:\shopsn\Application\Admin\Controller\WithdrawalController.class.php 第 51 行.
NOTIC: [8] Undefined offset: 281 D:\shopsn\Application\Admin\Controller\WithdrawalController.class.php 第 52 行.
NOTIC: [8] Undefined index: bestir D:\shopsn\Application\Admin\Controller\WithdrawalController.class.php 第 56 行.
NOTIC: [8] Undefined index: bestir D:\shopsn\Application\Admin\Controller\WithdrawalController.class.php 第 56 行.
NOTIC: [8] Undefined index: bestir D:\shopsn\Application\Admin\Controller\WithdrawalController.class.php 第 56 行.

[ 2018-09-18T14:14:37+08:00 ] 127.0.0.1 /adminprov.php/Withdrawal/index
INFO: [ app_init ] --START--
INFO: Run Behavior\BuildLiteBehavior [ RunTime:0.000000s ]
INFO: [ app_init ] --END-- [ RunTime:0.001000s ]
NOTIC: [8] Constant UPLOAD_PATH already defined D:\shopsn\Application\Admin\Conf\config.php 第 2 行.

[ 2018-09-18T14:14:38+08:00 ] 127.0.0.1 /adminprov.php/Withdrawal/ajaxSelect?p=1
INFO: [ app_init ] --START--
INFO: Run Behavior\BuildLiteBehavior [ RunTime:0.000000s ]
INFO: [ app_init ] --END-- [ RunTime:0.001000s ]
NOTIC: [8] Constant UPLOAD_PATH already defined D:\shopsn\Application\Admin\Conf\config.php 第 2 行.
INFO: [ app_begin ] --START--
INFO: Run Behavior\ReadHtmlCacheBehavior [ RunTime:0.000000s ]
INFO: [ app_begin ] --END-- [ RunTime:0.000000s ]
NOTIC: [8] Undefined index: bestir D:\shopsn\Application\Admin\Controller\WithdrawalController.class.php 第 56 行.
NOTIC: [8] Undefined index: bestir D:\shopsn\Application\Admin\Controller\WithdrawalController.class.php 第 56 行.
NOTIC: [8] Undefined index: bestir D:\shopsn\Application\Admin\Controller\WithdrawalController.class.php 第 56 行.
NOTIC: [8] Undefined index: bestir D:\shopsn\Application\Admin\Controller\WithdrawalController.class.php 第 56 行.
NOTIC: [8] Undefined index: bestir D:\shopsn\Application\Admin\Controller\WithdrawalController.class.php 第 56 行.
NOTIC: [8] Undefined index: bestir D:\shopsn\Application\Admin\Controller\WithdrawalController.class.php 第 56 行.
NOTIC: [8] Undefined index: bestir D:\shopsn\Application\Admin\Controller\WithdrawalController.class.php 第 56 行.
NOTIC: [8] Undefined offset: 281 D:\shopsn\Application\Admin\Controller\WithdrawalController.class.php 第 51 行.
NOTIC: [8] Undefined offset: 281 D:\shopsn\Application\Admin\Controller\WithdrawalController.class.php 第 52 行.
NOTIC: [8] Undefined index: bestir D:\shopsn\Application\Admin\Controller\WithdrawalController.class.php 第 56 行.
NOTIC: [8] Undefined index: bestir D:\shopsn\Application\Admin\Controller\WithdrawalController.class.php 第 56 行.
NOTIC: [8] Undefined index: bestir D:\shopsn\Application\Admin\Controller\WithdrawalController.class.php 第 56 行.

[ 2018-09-18T14:26:31+08:00 ] 127.0.0.1 /adminprov.php/Withdrawal/index
INFO: [ app_init ] --START--
INFO: Run Behavior\BuildLiteBehavior [ RunTime:0.000000s ]
INFO: [ app_init ] --END-- [ RunTime:0.001000s ]
NOTIC: [8] Constant UPLOAD_PATH already defined D:\shopsn\Application\Admin\Conf\config.php 第 2 行.

[ 2018-09-18T14:26:32+08:00 ] 127.0.0.1 /adminprov.php/Withdrawal/ajaxSelect?p=1
INFO: [ app_init ] --START--
INFO: Run Behavior\BuildLiteBehavior [ RunTime:0.000000s ]
INFO: [ app_init ] --END-- [ RunTime:0.001000s ]
NOTIC: [8] Constant UPLOAD_PATH already defined D:\shopsn\Application\Admin\Conf\config.php 第 2 行.
INFO: [ app_begin ] --START--
INFO: Run Behavior\ReadHtmlCacheBehavior [ RunTime:0.001001s ]
INFO: [ app_begin ] --END-- [ RunTime:0.001001s ]
NOTIC: [8] Undefined index: bestir D:\shopsn\Application\Admin\Controller\WithdrawalController.class.php 第 56 行.
NOTIC: [8] Undefined index: bestir D:\shopsn\Application\Admin\Controller\WithdrawalController.class.php 第 56 行.
NOTIC: [8] Undefined index: bestir D:\shopsn\Application\Admin\Controller\WithdrawalController.class.php 第 56 行.
NOTIC: [8] Undefined index: bestir D:\shopsn\Application\Admin\Controller\WithdrawalController.class.php 第 56 行.
NOTIC: [8] Undefined index: bestir D:\shopsn\Application\Admin\Controller\WithdrawalController.class.php 第 56 行.
NOTIC: [8] Undefined index: bestir D:\shopsn\Application\Admin\Controller\WithdrawalController.class.php 第 56 行.
NOTIC: [8] Undefined index: bestir D:\shopsn\Application\Admin\Controller\WithdrawalController.class.php 第 56 行.
NOTIC: [8] Undefined offset: 281 D:\shopsn\Application\Admin\Controller\WithdrawalController.class.php 第 51 行.
NOTIC: [8] Undefined offset: 281 D:\shopsn\Application\Admin\Controller\WithdrawalController.class.php 第 52 行.
NOTIC: [8] Undefined index: bestir D:\shopsn\Application\Admin\Controller\WithdrawalController.class.php 第 56 行.
NOTIC: [8] Undefined index: bestir D:\shopsn\Application\Admin\Controller\WithdrawalController.class.php 第 56 行.
NOTIC: [8] Undefined index: bestir D:\shopsn\Application\Admin\Controller\WithdrawalController.class.php 第 56 行.

[ 2018-09-18T14:26:50+08:00 ] 127.0.0.1 /adminprov.php/Withdrawal/index
INFO: [ app_init ] --START--
INFO: Run Behavior\BuildLiteBehavior [ RunTime:0.000000s ]
INFO: [ app_init ] --END-- [ RunTime:0.000000s ]
NOTIC: [8] Constant UPLOAD_PATH already defined D:\shopsn\Application\Admin\Conf\config.php 第 2 行.

[ 2018-09-18T14:26:52+08:00 ] 127.0.0.1 /adminprov.php/Withdrawal/ajaxSelect?p=1
INFO: [ app_init ] --START--
INFO: Run Behavior\BuildLiteBehavior [ RunTime:0.000000s ]
INFO: [ app_init ] --END-- [ RunTime:0.001000s ]
NOTIC: [8] Constant UPLOAD_PATH already defined D:\shopsn\Application\Admin\Conf\config.php 第 2 行.
INFO: [ app_begin ] --START--
INFO: Run Behavior\ReadHtmlCacheBehavior [ RunTime:0.000000s ]
INFO: [ app_begin ] --END-- [ RunTime:0.000000s ]
NOTIC: [8] Undefined index: bestir D:\shopsn\Application\Admin\Controller\WithdrawalController.class.php 第 56 行.
NOTIC: [8] Undefined index: bestir D:\shopsn\Application\Admin\Controller\WithdrawalController.class.php 第 56 行.
NOTIC: [8] Undefined index: bestir D:\shopsn\Application\Admin\Controller\WithdrawalController.class.php 第 56 行.
NOTIC: [8] Undefined index: bestir D:\shopsn\Application\Admin\Controller\WithdrawalController.class.php 第 56 行.
NOTIC: [8] Undefined index: bestir D:\shopsn\Application\Admin\Controller\WithdrawalController.class.php 第 56 行.
NOTIC: [8] Undefined index: bestir D:\shopsn\Application\Admin\Controller\WithdrawalController.class.php 第 56 行.
NOTIC: [8] Undefined index: bestir D:\shopsn\Application\Admin\Controller\WithdrawalController.class.php 第 56 行.
NOTIC: [8] Undefined offset: 281 D:\shopsn\Application\Admin\Controller\WithdrawalController.class.php 第 51 行.
NOTIC: [8] Undefined offset: 281 D:\shopsn\Application\Admin\Controller\WithdrawalController.class.php 第 52 行.
NOTIC: [8] Undefined index: bestir D:\shopsn\Application\Admin\Controller\WithdrawalController.class.php 第 56 行.
NOTIC: [8] Undefined index: bestir D:\shopsn\Application\Admin\Controller\WithdrawalController.class.php 第 56 行.
NOTIC: [8] Undefined index: bestir D:\shopsn\Application\Admin\Controller\WithdrawalController.class.php 第 56 行.

[ 2018-09-18T14:26:55+08:00 ] 127.0.0.1 /adminprov.php/Withdrawal/index
INFO: [ app_init ] --START--
INFO: Run Behavior\BuildLiteBehavior [ RunTime:0.000000s ]
INFO: [ app_init ] --END-- [ RunTime:0.001000s ]
NOTIC: [8] Constant UPLOAD_PATH already defined D:\shopsn\Application\Admin\Conf\config.php 第 2 行.

[ 2018-09-18T14:26:57+08:00 ] 127.0.0.1 /adminprov.php/Withdrawal/ajaxSelect?p=1
INFO: [ app_init ] --START--
INFO: Run Behavior\BuildLiteBehavior [ RunTime:0.000000s ]
INFO: [ app_init ] --END-- [ RunTime:0.001000s ]
NOTIC: [8] Constant UPLOAD_PATH already defined D:\shopsn\Application\Admin\Conf\config.php 第 2 行.
INFO: [ app_begin ] --START--
INFO: Run Behavior\ReadHtmlCacheBehavior [ RunTime:0.001000s ]
INFO: [ app_begin ] --END-- [ RunTime:0.001000s ]
NOTIC: [8] Undefined index: bestir D:\shopsn\Application\Admin\Controller\WithdrawalController.class.php 第 56 行.
NOTIC: [8] Undefined index: bestir D:\shopsn\Application\Admin\Controller\WithdrawalController.class.php 第 56 行.
NOTIC: [8] Undefined index: bestir D:\shopsn\Application\Admin\Controller\WithdrawalController.class.php 第 56 行.
NOTIC: [8] Undefined index: bestir D:\shopsn\Application\Admin\Controller\WithdrawalController.class.php 第 56 行.
NOTIC: [8] Undefined index: bestir D:\shopsn\Application\Admin\Controller\WithdrawalController.class.php 第 56 行.
NOTIC: [8] Undefined index: bestir D:\shopsn\Application\Admin\Controller\WithdrawalController.class.php 第 56 行.
NOTIC: [8] Undefined index: bestir D:\shopsn\Application\Admin\Controller\WithdrawalController.class.php 第 56 行.
NOTIC: [8] Undefined offset: 281 D:\shopsn\Application\Admin\Controller\WithdrawalController.class.php 第 51 行.
NOTIC: [8] Undefined offset: 281 D:\shopsn\Application\Admin\Controller\WithdrawalController.class.php 第 52 行.
NOTIC: [8] Undefined index: bestir D:\shopsn\Application\Admin\Controller\WithdrawalController.class.php 第 56 行.
NOTIC: [8] Undefined index: bestir D:\shopsn\Application\Admin\Controller\WithdrawalController.class.php 第 56 行.
NOTIC: [8] Undefined index: bestir D:\shopsn\Application\Admin\Controller\WithdrawalController.class.php 第 56 行.

[ 2018-09-18T14:27:08+08:00 ] 127.0.0.1 /adminprov.php/Withdrawal/toExamine
INFO: [ app_init ] --START--
INFO: Run Behavior\BuildLiteBehavior [ RunTime:0.000000s ]
INFO: [ app_init ] --END-- [ RunTime:0.001000s ]
NOTIC: [8] Constant UPLOAD_PATH already defined D:\shopsn\Application\Admin\Conf\config.php 第 2 行.
INFO: [ app_begin ] --START--
INFO: Run Behavior\ReadHtmlCacheBehavior [ RunTime:0.001000s ]
INFO: [ app_begin ] --END-- [ RunTime:0.001000s ]

[ 2018-09-18T14:27:10+08:00 ] 127.0.0.1 /adminprov.php/Withdrawal/index
INFO: [ app_init ] --START--
INFO: Run Behavior\BuildLiteBehavior [ RunTime:0.000000s ]
INFO: [ app_init ] --END-- [ RunTime:0.001000s ]
NOTIC: [8] Constant UPLOAD_PATH already defined D:\shopsn\Application\Admin\Conf\config.php 第 2 行.

[ 2018-09-18T14:27:11+08:00 ] 127.0.0.1 /adminprov.php/Withdrawal/ajaxSelect?p=1
INFO: [ app_init ] --START--
INFO: Run Behavior\BuildLiteBehavior [ RunTime:0.000000s ]
INFO: [ app_init ] --END-- [ RunTime:0.000000s ]
NOTIC: [8] Constant UPLOAD_PATH already defined D:\shopsn\Application\Admin\Conf\config.php 第 2 行.
INFO: [ app_begin ] --START--
INFO: Run Behavior\ReadHtmlCacheBehavior [ RunTime:0.000000s ]
INFO: [ app_begin ] --END-- [ RunTime:0.000000s ]
NOTIC: [8] Undefined index: bestir D:\shopsn\Application\Admin\Controller\WithdrawalController.class.php 第 56 行.
NOTIC: [8] Undefined index: bestir D:\shopsn\Application\Admin\Controller\WithdrawalController.class.php 第 56 行.
NOTIC: [8] Undefined index: bestir D:\shopsn\Application\Admin\Controller\WithdrawalController.class.php 第 56 行.
NOTIC: [8] Undefined index: bestir D:\shopsn\Application\Admin\Controller\WithdrawalController.class.php 第 56 行.
NOTIC: [8] Undefined index: bestir D:\shopsn\Application\Admin\Controller\WithdrawalController.class.php 第 56 行.
NOTIC: [8] Undefined index: bestir D:\shopsn\Application\Admin\Controller\WithdrawalController.class.php 第 56 行.
NOTIC: [8] Undefined index: bestir D:\shopsn\Application\Admin\Controller\WithdrawalController.class.php 第 56 行.
NOTIC: [8] Undefined offset: 281 D:\shopsn\Application\Admin\Controller\WithdrawalController.class.php 第 51 行.
NOTIC: [8] Undefined offset: 281 D:\shopsn\Application\Admin\Controller\WithdrawalController.class.php 第 52 行.
NOTIC: [8] Undefined index: bestir D:\shopsn\Application\Admin\Controller\WithdrawalController.class.php 第 56 行.
NOTIC: [8] Undefined index: bestir D:\shopsn\Application\Admin\Controller\WithdrawalController.class.php 第 56 行.
NOTIC: [8] Undefined index: bestir D:\shopsn\Application\Admin\Controller\WithdrawalController.class.php 第 56 行.

[ 2018-09-18T14:27:16+08:00 ] 127.0.0.1 /adminprov.php/Withdrawal/toExamine
INFO: [ app_init ] --START--
INFO: Run Behavior\BuildLiteBehavior [ RunTime:0.000000s ]
INFO: [ app_init ] --END-- [ RunTime:0.001000s ]
NOTIC: [8] Constant UPLOAD_PATH already defined D:\shopsn\Application\Admin\Conf\config.php 第 2 行.
INFO: [ app_begin ] --START--
INFO: Run Behavior\ReadHtmlCacheBehavior [ RunTime:0.001000s ]
INFO: [ app_begin ] --END-- [ RunTime:0.001000s ]

[ 2018-09-18T14:27:17+08:00 ] 127.0.0.1 /adminprov.php/Withdrawal/index
INFO: [ app_init ] --START--
INFO: Run Behavior\BuildLiteBehavior [ RunTime:0.000000s ]
INFO: [ app_init ] --END-- [ RunTime:0.001000s ]
NOTIC: [8] Constant UPLOAD_PATH already defined D:\shopsn\Application\Admin\Conf\config.php 第 2 行.

[ 2018-09-18T14:27:18+08:00 ] 127.0.0.1 /adminprov.php/Withdrawal/ajaxSelect?p=1
INFO: [ app_init ] --START--
INFO: Run Behavior\BuildLiteBehavior [ RunTime:0.000000s ]
INFO: [ app_init ] --END-- [ RunTime:0.001000s ]
NOTIC: [8] Constant UPLOAD_PATH already defined D:\shopsn\Application\Admin\Conf\config.php 第 2 行.
INFO: [ app_begin ] --START--
INFO: Run Behavior\ReadHtmlCacheBehavior [ RunTime:0.001000s ]
INFO: [ app_begin ] --END-- [ RunTime:0.001000s ]
NOTIC: [8] Undefined index: bestir D:\shopsn\Application\Admin\Controller\WithdrawalController.class.php 第 56 行.
NOTIC: [8] Undefined index: bestir D:\shopsn\Application\Admin\Controller\WithdrawalController.class.php 第 56 行.
NOTIC: [8] Undefined index: bestir D:\shopsn\Application\Admin\Controller\WithdrawalController.class.php 第 56 行.
NOTIC: [8] Undefined index: bestir D:\shopsn\Application\Admin\Controller\WithdrawalController.class.php 第 56 行.
NOTIC: [8] Undefined index: bestir D:\shopsn\Application\Admin\Controller\WithdrawalController.class.php 第 56 行.
NOTIC: [8] Undefined index: bestir D:\shopsn\Application\Admin\Controller\WithdrawalController.class.php 第 56 行.
NOTIC: [8] Undefined index: bestir D:\shopsn\Application\Admin\Controller\WithdrawalController.class.php 第 56 行.
NOTIC: [8] Undefined offset: 281 D:\shopsn\Application\Admin\Controller\WithdrawalController.class.php 第 51 行.
NOTIC: [8] Undefined offset: 281 D:\shopsn\Application\Admin\Controller\WithdrawalController.class.php 第 52 行.
NOTIC: [8] Undefined index: bestir D:\shopsn\Application\Admin\Controller\WithdrawalController.class.php 第 56 行.
NOTIC: [8] Undefined index: bestir D:\shopsn\Application\Admin\Controller\WithdrawalController.class.php 第 56 行.
NOTIC: [8] Undefined index: bestir D:\shopsn\Application\Admin\Controller\WithdrawalController.class.php 第 56 行.

[ 2018-09-18T14:46:20+08:00 ] 127.0.0.1 /adminprov.php/Withdrawal/index
INFO: [ app_init ] --START--
INFO: Run Behavior\BuildLiteBehavior [ RunTime:0.000000s ]
INFO: [ app_init ] --END-- [ RunTime:0.001000s ]
NOTIC: [8] Constant UPLOAD_PATH already defined D:\shopsn\Application\Admin\Conf\config.php 第 2 行.

[ 2018-09-18T14:46:21+08:00 ] 127.0.0.1 /adminprov.php/Withdrawal/ajaxSelect?p=1
INFO: [ app_init ] --START--
INFO: Run Behavior\BuildLiteBehavior [ RunTime:0.000000s ]
INFO: [ app_init ] --END-- [ RunTime:0.001001s ]
NOTIC: [8] Constant UPLOAD_PATH already defined D:\shopsn\Application\Admin\Conf\config.php 第 2 行.
INFO: [ app_begin ] --START--
INFO: Run Behavior\ReadHtmlCacheBehavior [ RunTime:0.001000s ]
INFO: [ app_begin ] --END-- [ RunTime:0.001000s ]
NOTIC: [8] Undefined index: bestir D:\shopsn\Application\Admin\Controller\WithdrawalController.class.php 第 56 行.
NOTIC: [8] Undefined index: bestir D:\shopsn\Application\Admin\Controller\WithdrawalController.class.php 第 56 行.
NOTIC: [8] Undefined index: bestir D:\shopsn\Application\Admin\Controller\WithdrawalController.class.php 第 56 行.
NOTIC: [8] Undefined index: bestir D:\shopsn\Application\Admin\Controller\WithdrawalController.class.php 第 56 行.
NOTIC: [8] Undefined index: bestir D:\shopsn\Application\Admin\Controller\WithdrawalController.class.php 第 56 行.
NOTIC: [8] Undefined index: bestir D:\shopsn\Application\Admin\Controller\WithdrawalController.class.php 第 56 行.
NOTIC: [8] Undefined index: bestir D:\shopsn\Application\Admin\Controller\WithdrawalController.class.php 第 56 行.
NOTIC: [8] Undefined offset: 281 D:\shopsn\Application\Admin\Controller\WithdrawalController.class.php 第 51 行.
NOTIC: [8] Undefined offset: 281 D:\shopsn\Application\Admin\Controller\WithdrawalController.class.php 第 52 行.
NOTIC: [8] Undefined index: bestir D:\shopsn\Application\Admin\Controller\WithdrawalController.class.php 第 56 行.
NOTIC: [8] Undefined index: bestir D:\shopsn\Application\Admin\Controller\WithdrawalController.class.php 第 56 行.
NOTIC: [8] Undefined index: bestir D:\shopsn\Application\Admin\Controller\WithdrawalController.class.php 第 56 行.

