[ 2018-07-27T10:11:18+08:00 ] 127.0.0.1 /adminprov.php
INFO: [ app_init ] --START--
INFO: Run Behavior\BuildLiteBehavior [ RunTime:0.000000s ]
INFO: [ app_init ] --END-- [ RunTime:0.000000s ]
NOTIC: [8] Constant UPLOAD_PATH already defined D:\shopsn\Application\Admin\Conf\config.php 第 2 行.

[ 2018-07-27T10:11:18+08:00 ] 127.0.0.1 /adminprov.php/Public/verify
INFO: [ app_init ] --START--
INFO: Run Behavior\BuildLiteBehavior [ RunTime:0.000000s ]
INFO: [ app_init ] --END-- [ RunTime:0.000000s ]
NOTIC: [8] Constant UPLOAD_PATH already defined D:\shopsn\Application\Admin\Conf\config.php 第 2 行.

[ 2018-07-27T10:11:30+08:00 ] 127.0.0.1 /adminprov.php/Public/check_code?code=mhfv
INFO: [ app_init ] --START--
INFO: Run Behavior\BuildLiteBehavior [ RunTime:0.000000s ]
INFO: [ app_init ] --END-- [ RunTime:0.000000s ]
NOTIC: [8] Constant UPLOAD_PATH already defined D:\shopsn\Application\Admin\Conf\config.php 第 2 行.
INFO: [ app_begin ] --START--
INFO: Run Behavior\ReadHtmlCacheBehavior [ RunTime:0.001000s ]
INFO: [ app_begin ] --END-- [ RunTime:0.001000s ]

[ 2018-07-27T10:11:32+08:00 ] 127.0.0.1 /adminprov.php/Public/login
INFO: [ app_init ] --START--
INFO: Run Behavior\BuildLiteBehavior [ RunTime:0.000000s ]
INFO: [ app_init ] --END-- [ RunTime:0.001000s ]
NOTIC: [8] Constant UPLOAD_PATH already defined D:\shopsn\Application\Admin\Conf\config.php 第 2 行.

[ 2018-07-27T10:11:35+08:00 ] 127.0.0.1 /adminprov.php/Index/index
INFO: [ app_init ] --START--
INFO: Run Behavior\BuildLiteBehavior [ RunTime:0.000000s ]
INFO: [ app_init ] --END-- [ RunTime:0.000000s ]
NOTIC: [8] Constant UPLOAD_PATH already defined D:\shopsn\Application\Admin\Conf\config.php 第 2 行.

[ 2018-07-27T10:11:36+08:00 ] 127.0.0.1 /adminprov.php/Index/main
INFO: [ app_init ] --START--
INFO: Run Behavior\BuildLiteBehavior [ RunTime:0.000000s ]
INFO: [ app_init ] --END-- [ RunTime:0.000000s ]
NOTIC: [8] Constant UPLOAD_PATH already defined D:\shopsn\Application\Admin\Conf\config.php 第 2 行.

[ 2018-07-27T10:11:37+08:00 ] 127.0.0.1 /adminprov.php/Index/getAllShopInformation
INFO: [ app_init ] --START--
INFO: Run Behavior\BuildLiteBehavior [ RunTime:0.000000s ]
INFO: [ app_init ] --END-- [ RunTime:0.000000s ]
NOTIC: [8] Constant UPLOAD_PATH already defined D:\shopsn\Application\Admin\Conf\config.php 第 2 行.
INFO: [ app_begin ] --START--
INFO: Run Behavior\ReadHtmlCacheBehavior [ RunTime:0.002000s ]
INFO: [ app_begin ] --END-- [ RunTime:0.002000s ]
NOTIC: [2048] Declaration of Admin\Model\OrderModel::getOrder() should be compatible with Common\Model\BaseModel::getOrder() D:\shopsn\Application\Admin\Model\OrderModel.class.php 第 24 行.
NOTIC: [2048] Declaration of Admin\Model\OrderModel::getData() should be compatible with Common\Model\BaseModel::getData($id, array $field) D:\shopsn\Application\Admin\Model\OrderModel.class.php 第 24 行.
INFO: [ view_parse ] --START--
INFO: [ template_filter ] --START--
INFO: Run Behavior\ContentReplaceBehavior [ RunTime:0.000000s ]
INFO: [ template_filter ] --END-- [ RunTime:0.000000s ]
INFO: Run Behavior\ParseTemplateBehavior [ RunTime:0.008001s ]
INFO: [ view_parse ] --END-- [ RunTime:0.008001s ]
INFO: [ view_filter ] --START--
INFO: Run Behavior\WriteHtmlCacheBehavior [ RunTime:0.001000s ]
INFO: [ view_filter ] --END-- [ RunTime:0.001000s ]
INFO: [ app_end ] --START--
INFO: Run Behavior\ShowPageTraceBehavior [ RunTime:0.001000s ]
INFO: [ app_end ] --END-- [ RunTime:0.001000s ]

[ 2018-07-27T10:11:38+08:00 ] 127.0.0.1 /adminprov.php/Index/getTodayShopInformation
INFO: [ app_init ] --START--
INFO: Run Behavior\BuildLiteBehavior [ RunTime:0.000000s ]
INFO: [ app_init ] --END-- [ RunTime:0.000000s ]
NOTIC: [8] Constant UPLOAD_PATH already defined D:\shopsn\Application\Admin\Conf\config.php 第 2 行.
INFO: [ app_begin ] --START--
INFO: Run Behavior\ReadHtmlCacheBehavior [ RunTime:0.001000s ]
INFO: [ app_begin ] --END-- [ RunTime:0.001000s ]
NOTIC: [2048] Declaration of Admin\Model\OrderModel::getOrder() should be compatible with Common\Model\BaseModel::getOrder() D:\shopsn\Application\Admin\Model\OrderModel.class.php 第 24 行.
NOTIC: [2048] Declaration of Admin\Model\OrderModel::getData() should be compatible with Common\Model\BaseModel::getData($id, array $field) D:\shopsn\Application\Admin\Model\OrderModel.class.php 第 24 行.
INFO: [ view_parse ] --START--
INFO: [ template_filter ] --START--
INFO: Run Behavior\ContentReplaceBehavior [ RunTime:0.000000s ]
INFO: [ template_filter ] --END-- [ RunTime:0.000000s ]
NOTIC: [8] Undefined variable: count D:\shopsn\Runtime\Cache\Admin\cb2a3056dfdbbb320ffa3516da0f28db.php 第 29 行.
INFO: Run Behavior\ParseTemplateBehavior [ RunTime:0.009000s ]
INFO: [ view_parse ] --END-- [ RunTime:0.009000s ]
INFO: [ view_filter ] --START--
INFO: Run Behavior\WriteHtmlCacheBehavior [ RunTime:0.001000s ]
INFO: [ view_filter ] --END-- [ RunTime:0.001000s ]
INFO: [ app_end ] --START--
INFO: Run Behavior\ShowPageTraceBehavior [ RunTime:0.001000s ]
INFO: [ app_end ] --END-- [ RunTime:0.001000s ]

[ 2018-07-27T10:11:40+08:00 ] 127.0.0.1 /adminprov.php/Goods/goods_list
INFO: [ app_init ] --START--
INFO: Run Behavior\BuildLiteBehavior [ RunTime:0.000000s ]
INFO: [ app_init ] --END-- [ RunTime:0.000000s ]
NOTIC: [8] Constant UPLOAD_PATH already defined D:\shopsn\Application\Admin\Conf\config.php 第 2 行.

[ 2018-07-27T10:11:41+08:00 ] 127.0.0.1 /adminprov.php/GoodsSpec/index
INFO: [ app_init ] --START--
INFO: Run Behavior\BuildLiteBehavior [ RunTime:0.000000s ]
INFO: [ app_init ] --END-- [ RunTime:0.000000s ]
NOTIC: [8] Constant UPLOAD_PATH already defined D:\shopsn\Application\Admin\Conf\config.php 第 2 行.

[ 2018-07-27T10:12:20+08:00 ] 127.0.0.1 /adminprov.php/GoodsSpec/edit/id/49
INFO: [ app_init ] --START--
INFO: Run Behavior\BuildLiteBehavior [ RunTime:0.000000s ]
INFO: [ app_init ] --END-- [ RunTime:0.000000s ]
NOTIC: [8] Constant UPLOAD_PATH already defined D:\shopsn\Application\Admin\Conf\config.php 第 2 行.

[ 2018-07-27T10:12:28+08:00 ] 127.0.0.1 /adminprov.php/GoodsSpec/index
INFO: [ app_init ] --START--
INFO: Run Behavior\BuildLiteBehavior [ RunTime:0.000000s ]
INFO: [ app_init ] --END-- [ RunTime:0.000000s ]
NOTIC: [8] Constant UPLOAD_PATH already defined D:\shopsn\Application\Admin\Conf\config.php 第 2 行.

[ 2018-07-27T10:12:32+08:00 ] 127.0.0.1 /adminprov.php/GoodsSpec/edit/id/49
INFO: [ app_init ] --START--
INFO: Run Behavior\BuildLiteBehavior [ RunTime:0.000000s ]
INFO: [ app_init ] --END-- [ RunTime:0.000000s ]
NOTIC: [8] Constant UPLOAD_PATH already defined D:\shopsn\Application\Admin\Conf\config.php 第 2 行.

[ 2018-07-27T10:12:56+08:00 ] 127.0.0.1 /adminprov.php/GoodsSpec/edit
INFO: [ app_init ] --START--
INFO: Run Behavior\BuildLiteBehavior [ RunTime:0.000000s ]
INFO: [ app_init ] --END-- [ RunTime:0.000000s ]
NOTIC: [8] Constant UPLOAD_PATH already defined D:\shopsn\Application\Admin\Conf\config.php 第 2 行.

[ 2018-07-27T10:13:25+08:00 ] 127.0.0.1 /adminprov.php/GoodsSpec/index
INFO: [ app_init ] --START--
INFO: Run Behavior\BuildLiteBehavior [ RunTime:0.000000s ]
INFO: [ app_init ] --END-- [ RunTime:0.000000s ]
NOTIC: [8] Constant UPLOAD_PATH already defined D:\shopsn\Application\Admin\Conf\config.php 第 2 行.

[ 2018-07-27T10:13:29+08:00 ] 127.0.0.1 /adminprov.php/GoodsSpec/edit/id/49
INFO: [ app_init ] --START--
INFO: Run Behavior\BuildLiteBehavior [ RunTime:0.000000s ]
INFO: [ app_init ] --END-- [ RunTime:0.000000s ]
NOTIC: [8] Constant UPLOAD_PATH already defined D:\shopsn\Application\Admin\Conf\config.php 第 2 行.

[ 2018-07-27T10:13:40+08:00 ] 127.0.0.1 /adminprov.php/GoodsSpec/edit
INFO: [ app_init ] --START--
INFO: Run Behavior\BuildLiteBehavior [ RunTime:0.000000s ]
INFO: [ app_init ] --END-- [ RunTime:0.000000s ]
NOTIC: [8] Constant UPLOAD_PATH already defined D:\shopsn\Application\Admin\Conf\config.php 第 2 行.

[ 2018-07-27T10:13:42+08:00 ] 127.0.0.1 /adminprov.php/GoodsSpec/index
INFO: [ app_init ] --START--
INFO: Run Behavior\BuildLiteBehavior [ RunTime:0.000000s ]
INFO: [ app_init ] --END-- [ RunTime:0.000000s ]
NOTIC: [8] Constant UPLOAD_PATH already defined D:\shopsn\Application\Admin\Conf\config.php 第 2 行.

