[ 2018-09-17T15:30:36+08:00 ] 127.0.0.1 /adminprov.php
INFO: [ app_init ] --START--
INFO: Run Behavior\BuildLiteBehavior [ RunTime:0.000000s ]
INFO: [ app_init ] --END-- [ RunTime:0.000000s ]
NOTIC: [8] Constant UPLOAD_PATH already defined D:\shopsn\Application\Admin\Conf\config.php 第 2 行.

[ 2018-09-17T15:30:36+08:00 ] 127.0.0.1 /adminprov.php/Public/verify
INFO: [ app_init ] --START--
INFO: Run Behavior\BuildLiteBehavior [ RunTime:0.000000s ]
INFO: [ app_init ] --END-- [ RunTime:0.000000s ]
NOTIC: [8] Constant UPLOAD_PATH already defined D:\shopsn\Application\Admin\Conf\config.php 第 2 行.

[ 2018-09-17T15:30:50+08:00 ] 127.0.0.1 /adminprov.php/Public/check_code?code=cl8c
INFO: [ app_init ] --START--
INFO: Run Behavior\BuildLiteBehavior [ RunTime:0.000000s ]
INFO: [ app_init ] --END-- [ RunTime:0.000000s ]
NOTIC: [8] Constant UPLOAD_PATH already defined D:\shopsn\Application\Admin\Conf\config.php 第 2 行.
INFO: [ app_begin ] --START--
INFO: Run Behavior\ReadHtmlCacheBehavior [ RunTime:0.001000s ]
INFO: [ app_begin ] --END-- [ RunTime:0.001000s ]

[ 2018-09-17T15:30:52+08:00 ] 127.0.0.1 /adminprov.php/Public/login
INFO: [ app_init ] --START--
INFO: Run Behavior\BuildLiteBehavior [ RunTime:0.000000s ]
INFO: [ app_init ] --END-- [ RunTime:0.002000s ]
NOTIC: [8] Constant UPLOAD_PATH already defined D:\shopsn\Application\Admin\Conf\config.php 第 2 行.

[ 2018-09-17T15:30:54+08:00 ] 127.0.0.1 /adminprov.php/Index/index
INFO: [ app_init ] --START--
INFO: Run Behavior\BuildLiteBehavior [ RunTime:0.000000s ]
INFO: [ app_init ] --END-- [ RunTime:0.001000s ]
NOTIC: [8] Constant UPLOAD_PATH already defined D:\shopsn\Application\Admin\Conf\config.php 第 2 行.

[ 2018-09-17T15:30:55+08:00 ] 127.0.0.1 /adminprov.php/Index/main
INFO: [ app_init ] --START--
INFO: Run Behavior\BuildLiteBehavior [ RunTime:0.000000s ]
INFO: [ app_init ] --END-- [ RunTime:0.001000s ]
NOTIC: [8] Constant UPLOAD_PATH already defined D:\shopsn\Application\Admin\Conf\config.php 第 2 行.

[ 2018-09-17T15:30:57+08:00 ] 127.0.0.1 /adminprov.php/Index/getTodayShopInformation
INFO: [ app_init ] --START--
INFO: Run Behavior\BuildLiteBehavior [ RunTime:0.000000s ]
INFO: [ app_init ] --END-- [ RunTime:0.001000s ]
NOTIC: [8] Constant UPLOAD_PATH already defined D:\shopsn\Application\Admin\Conf\config.php 第 2 行.
INFO: [ app_begin ] --START--
INFO: Run Behavior\ReadHtmlCacheBehavior [ RunTime:0.002000s ]
INFO: [ app_begin ] --END-- [ RunTime:0.002000s ]
NOTIC: [2] Declaration of Admin\Model\OrderModel::getOrder($userAddress, $field = NULL, $default = 'select') should be compatible with Common\Model\BaseModel::getOrder() D:\shopsn\Application\Admin\Model\OrderModel.class.php 第 23 行.
NOTIC: [2] Declaration of Admin\Model\OrderModel::getData($where = NULL) should be compatible with Common\Model\BaseModel::getData($id, array $field) D:\shopsn\Application\Admin\Model\OrderModel.class.php 第 23 行.
INFO: [ view_parse ] --START--
INFO: [ template_filter ] --START--
INFO: Run Behavior\ContentReplaceBehavior [ RunTime:0.000000s ]
INFO: [ template_filter ] --END-- [ RunTime:0.000000s ]
NOTIC: [8] Undefined variable: count D:\shopsn\Runtime\Cache\Admin\cb2a3056dfdbbb320ffa3516da0f28db.php 第 29 行.
INFO: Run Behavior\ParseTemplateBehavior [ RunTime:0.007001s ]
INFO: [ view_parse ] --END-- [ RunTime:0.007001s ]
INFO: [ view_filter ] --START--
INFO: Run Behavior\WriteHtmlCacheBehavior [ RunTime:0.000000s ]
INFO: [ view_filter ] --END-- [ RunTime:0.000000s ]
INFO: [ app_end ] --START--
INFO: Run Behavior\ShowPageTraceBehavior [ RunTime:0.001000s ]
INFO: [ app_end ] --END-- [ RunTime:0.001000s ]

[ 2018-09-17T15:30:58+08:00 ] 127.0.0.1 /adminprov.php/Index/getAllShopInformation
INFO: [ app_init ] --START--
INFO: Run Behavior\BuildLiteBehavior [ RunTime:0.000000s ]
INFO: [ app_init ] --END-- [ RunTime:0.001000s ]
NOTIC: [8] Constant UPLOAD_PATH already defined D:\shopsn\Application\Admin\Conf\config.php 第 2 行.
INFO: [ app_begin ] --START--
INFO: Run Behavior\ReadHtmlCacheBehavior [ RunTime:0.001000s ]
INFO: [ app_begin ] --END-- [ RunTime:0.001000s ]
NOTIC: [2] Declaration of Admin\Model\OrderModel::getOrder($userAddress, $field = NULL, $default = 'select') should be compatible with Common\Model\BaseModel::getOrder() D:\shopsn\Application\Admin\Model\OrderModel.class.php 第 23 行.
NOTIC: [2] Declaration of Admin\Model\OrderModel::getData($where = NULL) should be compatible with Common\Model\BaseModel::getData($id, array $field) D:\shopsn\Application\Admin\Model\OrderModel.class.php 第 23 行.
INFO: [ view_parse ] --START--
INFO: [ template_filter ] --START--
INFO: Run Behavior\ContentReplaceBehavior [ RunTime:0.000000s ]
INFO: [ template_filter ] --END-- [ RunTime:0.000000s ]
INFO: Run Behavior\ParseTemplateBehavior [ RunTime:0.008001s ]
INFO: [ view_parse ] --END-- [ RunTime:0.008001s ]
INFO: [ view_filter ] --START--
INFO: Run Behavior\WriteHtmlCacheBehavior [ RunTime:0.001000s ]
INFO: [ view_filter ] --END-- [ RunTime:0.001000s ]
INFO: [ app_end ] --START--
INFO: Run Behavior\ShowPageTraceBehavior [ RunTime:0.000000s ]
INFO: [ app_end ] --END-- [ RunTime:0.000000s ]

[ 2018-09-17T15:31:02+08:00 ] 127.0.0.1 /adminprov.php/Coupons/couponsList
INFO: [ app_init ] --START--
INFO: Run Behavior\BuildLiteBehavior [ RunTime:0.000000s ]
INFO: [ app_init ] --END-- [ RunTime:0.000000s ]
NOTIC: [8] Constant UPLOAD_PATH already defined D:\shopsn\Application\Admin\Conf\config.php 第 2 行.

[ 2018-09-17T15:31:04+08:00 ] 127.0.0.1 /adminprov.php/Admin/admin_list
INFO: [ app_init ] --START--
INFO: Run Behavior\BuildLiteBehavior [ RunTime:0.000000s ]
INFO: [ app_init ] --END-- [ RunTime:0.001000s ]
NOTIC: [8] Constant UPLOAD_PATH already defined D:\shopsn\Application\Admin\Conf\config.php 第 2 行.

[ 2018-09-17T15:31:09+08:00 ] 127.0.0.1 /adminprov.php/SysConfig/index
INFO: [ app_init ] --START--
INFO: Run Behavior\BuildLiteBehavior [ RunTime:0.000000s ]
INFO: [ app_init ] --END-- [ RunTime:0.001000s ]
NOTIC: [8] Constant UPLOAD_PATH already defined D:\shopsn\Application\Admin\Conf\config.php 第 2 行.

[ 2018-09-17T15:33:06+08:00 ] 127.0.0.1 /adminprov.php/Admin/auth_rule
INFO: [ app_init ] --START--
INFO: Run Behavior\BuildLiteBehavior [ RunTime:0.000000s ]
INFO: [ app_init ] --END-- [ RunTime:0.000000s ]
NOTIC: [8] Constant UPLOAD_PATH already defined D:\shopsn\Application\Admin\Conf\config.php 第 2 行.

[ 2018-09-17T15:33:27+08:00 ] 127.0.0.1 /adminprov.php/System/config
INFO: [ app_init ] --START--
INFO: Run Behavior\BuildLiteBehavior [ RunTime:0.000000s ]
INFO: [ app_init ] --END-- [ RunTime:0.000000s ]
NOTIC: [8] Constant UPLOAD_PATH already defined D:\shopsn\Application\Admin\Conf\config.php 第 2 行.

[ 2018-09-17T15:33:31+08:00 ] 127.0.0.1 /adminprov.php/System/config/p/3
INFO: [ app_init ] --START--
INFO: Run Behavior\BuildLiteBehavior [ RunTime:0.000000s ]
INFO: [ app_init ] --END-- [ RunTime:0.001000s ]
NOTIC: [8] Constant UPLOAD_PATH already defined D:\shopsn\Application\Admin\Conf\config.php 第 2 行.

[ 2018-09-17T15:34:24+08:00 ] 127.0.0.1 /adminprov.php/System/addConfig
INFO: [ app_init ] --START--
INFO: Run Behavior\BuildLiteBehavior [ RunTime:0.000000s ]
INFO: [ app_init ] --END-- [ RunTime:0.000000s ]
NOTIC: [8] Constant UPLOAD_PATH already defined D:\shopsn\Application\Admin\Conf\config.php 第 2 行.

[ 2018-09-17T15:34:38+08:00 ] 127.0.0.1 /adminprov.php/System/addClass
INFO: [ app_init ] --START--
INFO: Run Behavior\BuildLiteBehavior [ RunTime:0.000000s ]
INFO: [ app_init ] --END-- [ RunTime:0.000000s ]
NOTIC: [8] Constant UPLOAD_PATH already defined D:\shopsn\Application\Admin\Conf\config.php 第 2 行.
INFO: [ app_begin ] --START--
INFO: Run Behavior\ReadHtmlCacheBehavior [ RunTime:0.001001s ]
INFO: [ app_begin ] --END-- [ RunTime:0.001001s ]
NOTIC: [2] Declaration of Admin\Model\ConfigClassModel::add($data, Think\Model $model, $options = Array, $replace = false) should be compatible with Common\Model\BaseModel::add($data = '', $options = Array, $replace = false) D:\shopsn\Application\Admin\Model\ConfigClassModel.class.php 第 22 行.
NOTIC: [2] Declaration of Admin\Model\ConfigClassModel::save($data, Think\Model $model, $options = Array) should be compatible with Common\Model\BaseModel::save($data = '', $options = Array) D:\shopsn\Application\Admin\Model\ConfigClassModel.class.php 第 22 行.
NOTIC: [2] Declaration of Admin\Model\ConfigClassModel::delete($options, Think\Model $model) should be compatible with Think\Model::delete($options = Array) D:\shopsn\Application\Admin\Model\ConfigClassModel.class.php 第 22 行.
NOTIC: [8] Undefined index: p_id D:\shopsn\Application\Admin\Controller\SystemController.class.php 第 92 行.
NOTIC: [8] Undefined index: p_id D:\shopsn\Application\Admin\Controller\SystemController.class.php 第 92 行.
INFO: [ insertLog ] --START--
INFO: Run Common\Behavior\AddLogData [ RunTime:0.049002s ]
INFO: [ insertLog ] --END-- [ RunTime:0.049002s ]

[ 2018-09-17T15:34:42+08:00 ] 127.0.0.1 /adminprov.php/System/config/p/3
INFO: [ app_init ] --START--
INFO: Run Behavior\BuildLiteBehavior [ RunTime:0.000000s ]
INFO: [ app_init ] --END-- [ RunTime:0.001000s ]
NOTIC: [8] Constant UPLOAD_PATH already defined D:\shopsn\Application\Admin\Conf\config.php 第 2 行.

[ 2018-09-17T15:34:44+08:00 ] 127.0.0.1 /adminprov.php/System/addConfig
INFO: [ app_init ] --START--
INFO: Run Behavior\BuildLiteBehavior [ RunTime:0.000000s ]
INFO: [ app_init ] --END-- [ RunTime:0.001000s ]
NOTIC: [8] Constant UPLOAD_PATH already defined D:\shopsn\Application\Admin\Conf\config.php 第 2 行.

[ 2018-09-17T15:35:14+08:00 ] 127.0.0.1 /adminprov.php/System/addClass
INFO: [ app_init ] --START--
INFO: Run Behavior\BuildLiteBehavior [ RunTime:0.000000s ]
INFO: [ app_init ] --END-- [ RunTime:0.001000s ]
NOTIC: [8] Constant UPLOAD_PATH already defined D:\shopsn\Application\Admin\Conf\config.php 第 2 行.
INFO: [ app_begin ] --START--
INFO: Run Behavior\ReadHtmlCacheBehavior [ RunTime:0.001000s ]
INFO: [ app_begin ] --END-- [ RunTime:0.001000s ]
NOTIC: [2] Declaration of Admin\Model\ConfigClassModel::add($data, Think\Model $model, $options = Array, $replace = false) should be compatible with Common\Model\BaseModel::add($data = '', $options = Array, $replace = false) D:\shopsn\Application\Admin\Model\ConfigClassModel.class.php 第 22 行.
NOTIC: [2] Declaration of Admin\Model\ConfigClassModel::save($data, Think\Model $model, $options = Array) should be compatible with Common\Model\BaseModel::save($data = '', $options = Array) D:\shopsn\Application\Admin\Model\ConfigClassModel.class.php 第 22 行.
NOTIC: [2] Declaration of Admin\Model\ConfigClassModel::delete($options, Think\Model $model) should be compatible with Think\Model::delete($options = Array) D:\shopsn\Application\Admin\Model\ConfigClassModel.class.php 第 22 行.
INFO: [ insertLog ] --START--
INFO: Run Common\Behavior\AddLogData [ RunTime:0.046002s ]
INFO: [ insertLog ] --END-- [ RunTime:0.046002s ]
INFO: [ insertLog ] --START--
INFO: Run Common\Behavior\AddLogData [ RunTime:0.010001s ]
INFO: Run Common\Behavior\AddLogData [ RunTime:0.001000s ]
INFO: [ insertLog ] --END-- [ RunTime:-0.002000s ]

[ 2018-09-17T15:35:17+08:00 ] 127.0.0.1 /adminprov.php/System/config/p/3
INFO: [ app_init ] --START--
INFO: Run Behavior\BuildLiteBehavior [ RunTime:0.000000s ]
INFO: [ app_init ] --END-- [ RunTime:0.001000s ]
NOTIC: [8] Constant UPLOAD_PATH already defined D:\shopsn\Application\Admin\Conf\config.php 第 2 行.

[ 2018-09-17T15:35:18+08:00 ] 127.0.0.1 /adminprov.php/System/addConfig
INFO: [ app_init ] --START--
INFO: Run Behavior\BuildLiteBehavior [ RunTime:0.000000s ]
INFO: [ app_init ] --END-- [ RunTime:0.001000s ]
NOTIC: [8] Constant UPLOAD_PATH already defined D:\shopsn\Application\Admin\Conf\config.php 第 2 行.

[ 2018-09-17T15:35:44+08:00 ] 127.0.0.1 /adminprov.php/System/addClass
INFO: [ app_init ] --START--
INFO: Run Behavior\BuildLiteBehavior [ RunTime:0.001000s ]
INFO: [ app_init ] --END-- [ RunTime:0.001000s ]
NOTIC: [8] Constant UPLOAD_PATH already defined D:\shopsn\Application\Admin\Conf\config.php 第 2 行.
INFO: [ app_begin ] --START--
INFO: Run Behavior\ReadHtmlCacheBehavior [ RunTime:0.001000s ]
INFO: [ app_begin ] --END-- [ RunTime:0.001000s ]
NOTIC: [2] Declaration of Admin\Model\ConfigClassModel::add($data, Think\Model $model, $options = Array, $replace = false) should be compatible with Common\Model\BaseModel::add($data = '', $options = Array, $replace = false) D:\shopsn\Application\Admin\Model\ConfigClassModel.class.php 第 22 行.
NOTIC: [2] Declaration of Admin\Model\ConfigClassModel::save($data, Think\Model $model, $options = Array) should be compatible with Common\Model\BaseModel::save($data = '', $options = Array) D:\shopsn\Application\Admin\Model\ConfigClassModel.class.php 第 22 行.
NOTIC: [2] Declaration of Admin\Model\ConfigClassModel::delete($options, Think\Model $model) should be compatible with Think\Model::delete($options = Array) D:\shopsn\Application\Admin\Model\ConfigClassModel.class.php 第 22 行.
INFO: [ insertLog ] --START--
INFO: Run Common\Behavior\AddLogData [ RunTime:0.044003s ]
INFO: [ insertLog ] --END-- [ RunTime:0.044003s ]
INFO: [ insertLog ] --START--
INFO: Run Common\Behavior\AddLogData [ RunTime:0.010001s ]
INFO: Run Common\Behavior\AddLogData [ RunTime:0.001000s ]
INFO: [ insertLog ] --END-- [ RunTime:-0.002000s ]

[ 2018-09-17T15:35:47+08:00 ] 127.0.0.1 /adminprov.php/System/config/p/3
INFO: [ app_init ] --START--
INFO: Run Behavior\BuildLiteBehavior [ RunTime:0.000000s ]
INFO: [ app_init ] --END-- [ RunTime:0.000000s ]
NOTIC: [8] Constant UPLOAD_PATH already defined D:\shopsn\Application\Admin\Conf\config.php 第 2 行.

[ 2018-09-17T15:35:49+08:00 ] 127.0.0.1 /adminprov.php/System/addConfig
INFO: [ app_init ] --START--
INFO: Run Behavior\BuildLiteBehavior [ RunTime:0.000000s ]
INFO: [ app_init ] --END-- [ RunTime:0.001000s ]
NOTIC: [8] Constant UPLOAD_PATH already defined D:\shopsn\Application\Admin\Conf\config.php 第 2 行.

[ 2018-09-17T15:36:06+08:00 ] 127.0.0.1 /adminprov.php/System/addClass
INFO: [ app_init ] --START--
INFO: Run Behavior\BuildLiteBehavior [ RunTime:0.000000s ]
INFO: [ app_init ] --END-- [ RunTime:0.001000s ]
NOTIC: [8] Constant UPLOAD_PATH already defined D:\shopsn\Application\Admin\Conf\config.php 第 2 行.
INFO: [ app_begin ] --START--
INFO: Run Behavior\ReadHtmlCacheBehavior [ RunTime:0.000000s ]
INFO: [ app_begin ] --END-- [ RunTime:0.000000s ]
NOTIC: [2] Declaration of Admin\Model\ConfigClassModel::add($data, Think\Model $model, $options = Array, $replace = false) should be compatible with Common\Model\BaseModel::add($data = '', $options = Array, $replace = false) D:\shopsn\Application\Admin\Model\ConfigClassModel.class.php 第 22 行.
NOTIC: [2] Declaration of Admin\Model\ConfigClassModel::save($data, Think\Model $model, $options = Array) should be compatible with Common\Model\BaseModel::save($data = '', $options = Array) D:\shopsn\Application\Admin\Model\ConfigClassModel.class.php 第 22 行.
NOTIC: [2] Declaration of Admin\Model\ConfigClassModel::delete($options, Think\Model $model) should be compatible with Think\Model::delete($options = Array) D:\shopsn\Application\Admin\Model\ConfigClassModel.class.php 第 22 行.
NOTIC: [8] Undefined index: p_id D:\shopsn\Application\Admin\Controller\SystemController.class.php 第 92 行.
NOTIC: [8] Undefined index: p_id D:\shopsn\Application\Admin\Controller\SystemController.class.php 第 92 行.
INFO: [ insertLog ] --START--
INFO: Run Common\Behavior\AddLogData [ RunTime:0.046003s ]
INFO: [ insertLog ] --END-- [ RunTime:0.046003s ]

[ 2018-09-17T15:36:09+08:00 ] 127.0.0.1 /adminprov.php/System/config/p/3
INFO: [ app_init ] --START--
INFO: Run Behavior\BuildLiteBehavior [ RunTime:0.000000s ]
INFO: [ app_init ] --END-- [ RunTime:0.001000s ]
NOTIC: [8] Constant UPLOAD_PATH already defined D:\shopsn\Application\Admin\Conf\config.php 第 2 行.

[ 2018-09-17T15:36:10+08:00 ] 127.0.0.1 /adminprov.php/System/addConfig
INFO: [ app_init ] --START--
INFO: Run Behavior\BuildLiteBehavior [ RunTime:0.000000s ]
INFO: [ app_init ] --END-- [ RunTime:0.000000s ]
NOTIC: [8] Constant UPLOAD_PATH already defined D:\shopsn\Application\Admin\Conf\config.php 第 2 行.

[ 2018-09-17T15:36:35+08:00 ] 127.0.0.1 /adminprov.php/System/addClass
INFO: [ app_init ] --START--
INFO: Run Behavior\BuildLiteBehavior [ RunTime:0.000000s ]
INFO: [ app_init ] --END-- [ RunTime:0.001000s ]
NOTIC: [8] Constant UPLOAD_PATH already defined D:\shopsn\Application\Admin\Conf\config.php 第 2 行.
INFO: [ app_begin ] --START--
INFO: Run Behavior\ReadHtmlCacheBehavior [ RunTime:0.001000s ]
INFO: [ app_begin ] --END-- [ RunTime:0.001000s ]
NOTIC: [2] Declaration of Admin\Model\ConfigClassModel::add($data, Think\Model $model, $options = Array, $replace = false) should be compatible with Common\Model\BaseModel::add($data = '', $options = Array, $replace = false) D:\shopsn\Application\Admin\Model\ConfigClassModel.class.php 第 22 行.
NOTIC: [2] Declaration of Admin\Model\ConfigClassModel::save($data, Think\Model $model, $options = Array) should be compatible with Common\Model\BaseModel::save($data = '', $options = Array) D:\shopsn\Application\Admin\Model\ConfigClassModel.class.php 第 22 行.
NOTIC: [2] Declaration of Admin\Model\ConfigClassModel::delete($options, Think\Model $model) should be compatible with Think\Model::delete($options = Array) D:\shopsn\Application\Admin\Model\ConfigClassModel.class.php 第 22 行.
INFO: [ insertLog ] --START--
INFO: Run Common\Behavior\AddLogData [ RunTime:0.044003s ]
INFO: [ insertLog ] --END-- [ RunTime:0.044003s ]
INFO: [ insertLog ] --START--
INFO: Run Common\Behavior\AddLogData [ RunTime:0.011001s ]
INFO: Run Common\Behavior\AddLogData [ RunTime:0.001000s ]
INFO: [ insertLog ] --END-- [ RunTime:-0.001000s ]

[ 2018-09-17T15:36:38+08:00 ] 127.0.0.1 /adminprov.php/System/config/p/3
INFO: [ app_init ] --START--
INFO: Run Behavior\BuildLiteBehavior [ RunTime:0.000000s ]
INFO: [ app_init ] --END-- [ RunTime:0.000000s ]
NOTIC: [8] Constant UPLOAD_PATH already defined D:\shopsn\Application\Admin\Conf\config.php 第 2 行.

[ 2018-09-17T15:36:40+08:00 ] 127.0.0.1 /adminprov.php/System/addConfig
INFO: [ app_init ] --START--
INFO: Run Behavior\BuildLiteBehavior [ RunTime:0.000000s ]
INFO: [ app_init ] --END-- [ RunTime:0.001000s ]
NOTIC: [8] Constant UPLOAD_PATH already defined D:\shopsn\Application\Admin\Conf\config.php 第 2 行.

[ 2018-09-17T15:37:05+08:00 ] 127.0.0.1 /adminprov.php/System/addClass
INFO: [ app_init ] --START--
INFO: Run Behavior\BuildLiteBehavior [ RunTime:0.000000s ]
INFO: [ app_init ] --END-- [ RunTime:0.001000s ]
NOTIC: [8] Constant UPLOAD_PATH already defined D:\shopsn\Application\Admin\Conf\config.php 第 2 行.
INFO: [ app_begin ] --START--
INFO: Run Behavior\ReadHtmlCacheBehavior [ RunTime:0.001000s ]
INFO: [ app_begin ] --END-- [ RunTime:0.001000s ]
NOTIC: [2] Declaration of Admin\Model\ConfigClassModel::add($data, Think\Model $model, $options = Array, $replace = false) should be compatible with Common\Model\BaseModel::add($data = '', $options = Array, $replace = false) D:\shopsn\Application\Admin\Model\ConfigClassModel.class.php 第 22 行.
NOTIC: [2] Declaration of Admin\Model\ConfigClassModel::save($data, Think\Model $model, $options = Array) should be compatible with Common\Model\BaseModel::save($data = '', $options = Array) D:\shopsn\Application\Admin\Model\ConfigClassModel.class.php 第 22 行.
NOTIC: [2] Declaration of Admin\Model\ConfigClassModel::delete($options, Think\Model $model) should be compatible with Think\Model::delete($options = Array) D:\shopsn\Application\Admin\Model\ConfigClassModel.class.php 第 22 行.
INFO: [ insertLog ] --START--
INFO: Run Common\Behavior\AddLogData [ RunTime:0.045002s ]
INFO: [ insertLog ] --END-- [ RunTime:0.045002s ]
INFO: [ insertLog ] --START--
INFO: Run Common\Behavior\AddLogData [ RunTime:0.010001s ]
INFO: Run Common\Behavior\AddLogData [ RunTime:0.002000s ]
INFO: [ insertLog ] --END-- [ RunTime:-0.001000s ]

[ 2018-09-17T15:37:08+08:00 ] 127.0.0.1 /adminprov.php/System/config/p/3
INFO: [ app_init ] --START--
INFO: Run Behavior\BuildLiteBehavior [ RunTime:0.000000s ]
INFO: [ app_init ] --END-- [ RunTime:0.000000s ]
NOTIC: [8] Constant UPLOAD_PATH already defined D:\shopsn\Application\Admin\Conf\config.php 第 2 行.

[ 2018-09-17T15:37:10+08:00 ] 127.0.0.1 /adminprov.php/System/addConfig
INFO: [ app_init ] --START--
INFO: Run Behavior\BuildLiteBehavior [ RunTime:0.000000s ]
INFO: [ app_init ] --END-- [ RunTime:0.001000s ]
NOTIC: [8] Constant UPLOAD_PATH already defined D:\shopsn\Application\Admin\Conf\config.php 第 2 行.

[ 2018-09-17T15:37:39+08:00 ] 127.0.0.1 /adminprov.php/System/addClass
INFO: [ app_init ] --START--
INFO: Run Behavior\BuildLiteBehavior [ RunTime:0.000000s ]
INFO: [ app_init ] --END-- [ RunTime:0.000000s ]
NOTIC: [8] Constant UPLOAD_PATH already defined D:\shopsn\Application\Admin\Conf\config.php 第 2 行.
INFO: [ app_begin ] --START--
INFO: Run Behavior\ReadHtmlCacheBehavior [ RunTime:0.001000s ]
INFO: [ app_begin ] --END-- [ RunTime:0.001000s ]
NOTIC: [2] Declaration of Admin\Model\ConfigClassModel::add($data, Think\Model $model, $options = Array, $replace = false) should be compatible with Common\Model\BaseModel::add($data = '', $options = Array, $replace = false) D:\shopsn\Application\Admin\Model\ConfigClassModel.class.php 第 22 行.
NOTIC: [2] Declaration of Admin\Model\ConfigClassModel::save($data, Think\Model $model, $options = Array) should be compatible with Common\Model\BaseModel::save($data = '', $options = Array) D:\shopsn\Application\Admin\Model\ConfigClassModel.class.php 第 22 行.
NOTIC: [2] Declaration of Admin\Model\ConfigClassModel::delete($options, Think\Model $model) should be compatible with Think\Model::delete($options = Array) D:\shopsn\Application\Admin\Model\ConfigClassModel.class.php 第 22 行.
NOTIC: [2] Invalid argument supplied for foreach() D:\shopsn\Application\Common\Tool\Extend\Tree.class.php 第 93 行.
NOTIC: [8] Undefined offset: 0 D:\shopsn\Application\Common\Tool\Extend\Tree.class.php 第 106 行.
NOTIC: [2] Invalid argument supplied for foreach() D:\shopsn\Application\Common\Tool\Extend\Tree.class.php 第 106 行.
NOTIC: [8] Undefined variable: r D:\shopsn\Application\Common\Tool\Extend\Tree.class.php 第 131 行.
ERR: Argument 1 passed to Common\Tool\Extend\Tree::arrayDepth() must be of the type array, null given

[ 2018-09-17T15:37:42+08:00 ] 127.0.0.1 /adminprov.php/System/addClass
INFO: [ app_init ] --START--
INFO: Run Behavior\BuildLiteBehavior [ RunTime:0.000000s ]
INFO: [ app_init ] --END-- [ RunTime:0.000000s ]
NOTIC: [8] Constant UPLOAD_PATH already defined D:\shopsn\Application\Admin\Conf\config.php 第 2 行.
INFO: [ app_begin ] --START--
INFO: Run Behavior\ReadHtmlCacheBehavior [ RunTime:0.001000s ]
INFO: [ app_begin ] --END-- [ RunTime:0.001000s ]
NOTIC: [2] Invalid argument supplied for foreach() D:\shopsn\Application\Common\Tool\Extend\Tree.class.php 第 93 行.
NOTIC: [8] Undefined offset: 0 D:\shopsn\Application\Common\Tool\Extend\Tree.class.php 第 106 行.
NOTIC: [2] Invalid argument supplied for foreach() D:\shopsn\Application\Common\Tool\Extend\Tree.class.php 第 106 行.
NOTIC: [8] Undefined variable: r D:\shopsn\Application\Common\Tool\Extend\Tree.class.php 第 131 行.
ERR: Argument 1 passed to Common\Tool\Extend\Tree::arrayDepth() must be of the type array, null given

[ 2018-09-17T15:37:49+08:00 ] 127.0.0.1 /adminprov.php/System/addClass
INFO: [ app_init ] --START--
INFO: Run Behavior\BuildLiteBehavior [ RunTime:0.000000s ]
INFO: [ app_init ] --END-- [ RunTime:0.001000s ]
NOTIC: [8] Constant UPLOAD_PATH already defined D:\shopsn\Application\Admin\Conf\config.php 第 2 行.
INFO: [ app_begin ] --START--
INFO: Run Behavior\ReadHtmlCacheBehavior [ RunTime:0.000000s ]
INFO: [ app_begin ] --END-- [ RunTime:0.000000s ]
NOTIC: [2] Declaration of Admin\Model\ConfigClassModel::add($data, Think\Model $model, $options = Array, $replace = false) should be compatible with Common\Model\BaseModel::add($data = '', $options = Array, $replace = false) D:\shopsn\Application\Admin\Model\ConfigClassModel.class.php 第 22 行.
NOTIC: [2] Declaration of Admin\Model\ConfigClassModel::save($data, Think\Model $model, $options = Array) should be compatible with Common\Model\BaseModel::save($data = '', $options = Array) D:\shopsn\Application\Admin\Model\ConfigClassModel.class.php 第 22 行.
NOTIC: [2] Declaration of Admin\Model\ConfigClassModel::delete($options, Think\Model $model) should be compatible with Think\Model::delete($options = Array) D:\shopsn\Application\Admin\Model\ConfigClassModel.class.php 第 22 行.
NOTIC: [2] Invalid argument supplied for foreach() D:\shopsn\Application\Common\Tool\Extend\Tree.class.php 第 93 行.
NOTIC: [8] Undefined offset: 0 D:\shopsn\Application\Common\Tool\Extend\Tree.class.php 第 106 行.
NOTIC: [2] Invalid argument supplied for foreach() D:\shopsn\Application\Common\Tool\Extend\Tree.class.php 第 106 行.
NOTIC: [8] Undefined variable: r D:\shopsn\Application\Common\Tool\Extend\Tree.class.php 第 131 行.
ERR: Argument 1 passed to Common\Tool\Extend\Tree::arrayDepth() must be of the type array, null given

[ 2018-09-17T15:37:56+08:00 ] 127.0.0.1 /adminprov.php/System/addClass
INFO: [ app_init ] --START--
INFO: Run Behavior\BuildLiteBehavior [ RunTime:0.000000s ]
INFO: [ app_init ] --END-- [ RunTime:0.001000s ]
NOTIC: [8] Constant UPLOAD_PATH already defined D:\shopsn\Application\Admin\Conf\config.php 第 2 行.
INFO: [ app_begin ] --START--
INFO: Run Behavior\ReadHtmlCacheBehavior [ RunTime:0.001000s ]
INFO: [ app_begin ] --END-- [ RunTime:0.001000s ]
NOTIC: [2] Declaration of Admin\Model\ConfigClassModel::add($data, Think\Model $model, $options = Array, $replace = false) should be compatible with Common\Model\BaseModel::add($data = '', $options = Array, $replace = false) D:\shopsn\Application\Admin\Model\ConfigClassModel.class.php 第 22 行.
NOTIC: [2] Declaration of Admin\Model\ConfigClassModel::save($data, Think\Model $model, $options = Array) should be compatible with Common\Model\BaseModel::save($data = '', $options = Array) D:\shopsn\Application\Admin\Model\ConfigClassModel.class.php 第 22 行.
NOTIC: [2] Declaration of Admin\Model\ConfigClassModel::delete($options, Think\Model $model) should be compatible with Think\Model::delete($options = Array) D:\shopsn\Application\Admin\Model\ConfigClassModel.class.php 第 22 行.
NOTIC: [2] Invalid argument supplied for foreach() D:\shopsn\Application\Common\Tool\Extend\Tree.class.php 第 93 行.
NOTIC: [8] Undefined offset: 0 D:\shopsn\Application\Common\Tool\Extend\Tree.class.php 第 106 行.
NOTIC: [2] Invalid argument supplied for foreach() D:\shopsn\Application\Common\Tool\Extend\Tree.class.php 第 106 行.
NOTIC: [8] Undefined variable: r D:\shopsn\Application\Common\Tool\Extend\Tree.class.php 第 131 行.
ERR: Argument 1 passed to Common\Tool\Extend\Tree::arrayDepth() must be of the type array, null given

[ 2018-09-17T15:38:11+08:00 ] 127.0.0.1 /adminprov.php/System/config
INFO: [ app_init ] --START--
INFO: Run Behavior\BuildLiteBehavior [ RunTime:0.000000s ]
INFO: [ app_init ] --END-- [ RunTime:0.000000s ]
NOTIC: [8] Constant UPLOAD_PATH already defined D:\shopsn\Application\Admin\Conf\config.php 第 2 行.

[ 2018-09-17T15:38:14+08:00 ] 127.0.0.1 /adminprov.php/System/config/p/3
INFO: [ app_init ] --START--
INFO: Run Behavior\BuildLiteBehavior [ RunTime:0.000000s ]
INFO: [ app_init ] --END-- [ RunTime:0.001000s ]
NOTIC: [8] Constant UPLOAD_PATH already defined D:\shopsn\Application\Admin\Conf\config.php 第 2 行.

[ 2018-09-17T15:38:21+08:00 ] 127.0.0.1 /adminprov.php/System/addConfig
INFO: [ app_init ] --START--
INFO: Run Behavior\BuildLiteBehavior [ RunTime:0.000000s ]
INFO: [ app_init ] --END-- [ RunTime:0.000000s ]
NOTIC: [8] Constant UPLOAD_PATH already defined D:\shopsn\Application\Admin\Conf\config.php 第 2 行.

[ 2018-09-17T15:38:38+08:00 ] 127.0.0.1 /adminprov.php/System/addClass
INFO: [ app_init ] --START--
INFO: Run Behavior\BuildLiteBehavior [ RunTime:0.000000s ]
INFO: [ app_init ] --END-- [ RunTime:0.001001s ]
NOTIC: [8] Constant UPLOAD_PATH already defined D:\shopsn\Application\Admin\Conf\config.php 第 2 行.
INFO: [ app_begin ] --START--
INFO: Run Behavior\ReadHtmlCacheBehavior [ RunTime:0.001000s ]
INFO: [ app_begin ] --END-- [ RunTime:0.001000s ]
NOTIC: [2] Declaration of Admin\Model\ConfigClassModel::add($data, Think\Model $model, $options = Array, $replace = false) should be compatible with Common\Model\BaseModel::add($data = '', $options = Array, $replace = false) D:\shopsn\Application\Admin\Model\ConfigClassModel.class.php 第 22 行.
NOTIC: [2] Declaration of Admin\Model\ConfigClassModel::save($data, Think\Model $model, $options = Array) should be compatible with Common\Model\BaseModel::save($data = '', $options = Array) D:\shopsn\Application\Admin\Model\ConfigClassModel.class.php 第 22 行.
NOTIC: [2] Declaration of Admin\Model\ConfigClassModel::delete($options, Think\Model $model) should be compatible with Think\Model::delete($options = Array) D:\shopsn\Application\Admin\Model\ConfigClassModel.class.php 第 22 行.
NOTIC: [2] Invalid argument supplied for foreach() D:\shopsn\Application\Common\Tool\Extend\Tree.class.php 第 93 行.
NOTIC: [8] Undefined offset: 0 D:\shopsn\Application\Common\Tool\Extend\Tree.class.php 第 106 行.
NOTIC: [2] Invalid argument supplied for foreach() D:\shopsn\Application\Common\Tool\Extend\Tree.class.php 第 106 行.
NOTIC: [8] Undefined variable: r D:\shopsn\Application\Common\Tool\Extend\Tree.class.php 第 131 行.
ERR: Argument 1 passed to Common\Tool\Extend\Tree::arrayDepth() must be of the type array, null given

[ 2018-09-17T15:38:50+08:00 ] 127.0.0.1 /adminprov.php/System/addClass
INFO: [ app_init ] --START--
INFO: Run Behavior\BuildLiteBehavior [ RunTime:0.000000s ]
INFO: [ app_init ] --END-- [ RunTime:0.001001s ]
NOTIC: [8] Constant UPLOAD_PATH already defined D:\shopsn\Application\Admin\Conf\config.php 第 2 行.
INFO: [ app_begin ] --START--
INFO: Run Behavior\ReadHtmlCacheBehavior [ RunTime:0.001000s ]
INFO: [ app_begin ] --END-- [ RunTime:0.001000s ]
NOTIC: [2] Declaration of Admin\Model\ConfigClassModel::add($data, Think\Model $model, $options = Array, $replace = false) should be compatible with Common\Model\BaseModel::add($data = '', $options = Array, $replace = false) D:\shopsn\Application\Admin\Model\ConfigClassModel.class.php 第 22 行.
NOTIC: [2] Declaration of Admin\Model\ConfigClassModel::save($data, Think\Model $model, $options = Array) should be compatible with Common\Model\BaseModel::save($data = '', $options = Array) D:\shopsn\Application\Admin\Model\ConfigClassModel.class.php 第 22 行.
NOTIC: [2] Declaration of Admin\Model\ConfigClassModel::delete($options, Think\Model $model) should be compatible with Think\Model::delete($options = Array) D:\shopsn\Application\Admin\Model\ConfigClassModel.class.php 第 22 行.
NOTIC: [2] Invalid argument supplied for foreach() D:\shopsn\Application\Common\Tool\Extend\Tree.class.php 第 93 行.
NOTIC: [8] Undefined offset: 0 D:\shopsn\Application\Common\Tool\Extend\Tree.class.php 第 106 行.
NOTIC: [2] Invalid argument supplied for foreach() D:\shopsn\Application\Common\Tool\Extend\Tree.class.php 第 106 行.
NOTIC: [8] Undefined variable: r D:\shopsn\Application\Common\Tool\Extend\Tree.class.php 第 131 行.
ERR: Argument 1 passed to Common\Tool\Extend\Tree::arrayDepth() must be of the type array, null given

[ 2018-09-17T15:39:10+08:00 ] 127.0.0.1 /adminprov.php/System/addClass
INFO: [ app_init ] --START--
INFO: Run Behavior\BuildLiteBehavior [ RunTime:0.000000s ]
INFO: [ app_init ] --END-- [ RunTime:0.000000s ]
NOTIC: [8] Constant UPLOAD_PATH already defined D:\shopsn\Application\Admin\Conf\config.php 第 2 行.
INFO: [ app_begin ] --START--
INFO: Run Behavior\ReadHtmlCacheBehavior [ RunTime:0.000000s ]
INFO: [ app_begin ] --END-- [ RunTime:0.000000s ]
NOTIC: [2] Declaration of Admin\Model\ConfigClassModel::add($data, Think\Model $model, $options = Array, $replace = false) should be compatible with Common\Model\BaseModel::add($data = '', $options = Array, $replace = false) D:\shopsn\Application\Admin\Model\ConfigClassModel.class.php 第 22 行.
NOTIC: [2] Declaration of Admin\Model\ConfigClassModel::save($data, Think\Model $model, $options = Array) should be compatible with Common\Model\BaseModel::save($data = '', $options = Array) D:\shopsn\Application\Admin\Model\ConfigClassModel.class.php 第 22 行.
NOTIC: [2] Declaration of Admin\Model\ConfigClassModel::delete($options, Think\Model $model) should be compatible with Think\Model::delete($options = Array) D:\shopsn\Application\Admin\Model\ConfigClassModel.class.php 第 22 行.
NOTIC: [2] Invalid argument supplied for foreach() D:\shopsn\Application\Common\Tool\Extend\Tree.class.php 第 93 行.
NOTIC: [8] Undefined offset: 0 D:\shopsn\Application\Common\Tool\Extend\Tree.class.php 第 106 行.
NOTIC: [2] Invalid argument supplied for foreach() D:\shopsn\Application\Common\Tool\Extend\Tree.class.php 第 106 行.
NOTIC: [8] Undefined variable: r D:\shopsn\Application\Common\Tool\Extend\Tree.class.php 第 131 行.
ERR: Argument 1 passed to Common\Tool\Extend\Tree::arrayDepth() must be of the type array, null given

[ 2018-09-17T15:39:18+08:00 ] 127.0.0.1 /adminprov.php/System/addConfig
INFO: [ app_init ] --START--
INFO: Run Behavior\BuildLiteBehavior [ RunTime:0.000000s ]
INFO: [ app_init ] --END-- [ RunTime:0.001000s ]
NOTIC: [8] Constant UPLOAD_PATH already defined D:\shopsn\Application\Admin\Conf\config.php 第 2 行.

[ 2018-09-17T15:39:48+08:00 ] 127.0.0.1 /adminprov.php/System/addClass
INFO: [ app_init ] --START--
INFO: Run Behavior\BuildLiteBehavior [ RunTime:0.000000s ]
INFO: [ app_init ] --END-- [ RunTime:0.000000s ]
NOTIC: [8] Constant UPLOAD_PATH already defined D:\shopsn\Application\Admin\Conf\config.php 第 2 行.
INFO: [ app_begin ] --START--
INFO: Run Behavior\ReadHtmlCacheBehavior [ RunTime:0.001000s ]
INFO: [ app_begin ] --END-- [ RunTime:0.001000s ]
NOTIC: [2] Declaration of Admin\Model\ConfigClassModel::add($data, Think\Model $model, $options = Array, $replace = false) should be compatible with Common\Model\BaseModel::add($data = '', $options = Array, $replace = false) D:\shopsn\Application\Admin\Model\ConfigClassModel.class.php 第 22 行.
NOTIC: [2] Declaration of Admin\Model\ConfigClassModel::save($data, Think\Model $model, $options = Array) should be compatible with Common\Model\BaseModel::save($data = '', $options = Array) D:\shopsn\Application\Admin\Model\ConfigClassModel.class.php 第 22 行.
NOTIC: [2] Declaration of Admin\Model\ConfigClassModel::delete($options, Think\Model $model) should be compatible with Think\Model::delete($options = Array) D:\shopsn\Application\Admin\Model\ConfigClassModel.class.php 第 22 行.
NOTIC: [2] Invalid argument supplied for foreach() D:\shopsn\Application\Common\Tool\Extend\Tree.class.php 第 93 行.
NOTIC: [8] Undefined offset: 0 D:\shopsn\Application\Common\Tool\Extend\Tree.class.php 第 106 行.
NOTIC: [2] Invalid argument supplied for foreach() D:\shopsn\Application\Common\Tool\Extend\Tree.class.php 第 106 行.
NOTIC: [8] Undefined variable: r D:\shopsn\Application\Common\Tool\Extend\Tree.class.php 第 131 行.
ERR: Argument 1 passed to Common\Tool\Extend\Tree::arrayDepth() must be of the type array, null given

[ 2018-09-17T15:48:39+08:00 ] 127.0.0.1 /adminprov.php/System/addClass
INFO: [ app_init ] --START--
INFO: Run Behavior\BuildLiteBehavior [ RunTime:0.000000s ]
INFO: [ app_init ] --END-- [ RunTime:0.000000s ]
NOTIC: [8] Constant UPLOAD_PATH already defined D:\shopsn\Application\Admin\Conf\config.php 第 2 行.
INFO: [ app_begin ] --START--
INFO: Run Behavior\ReadHtmlCacheBehavior [ RunTime:0.001000s ]
INFO: [ app_begin ] --END-- [ RunTime:0.001000s ]
NOTIC: [2] Declaration of Admin\Model\ConfigClassModel::add($data, Think\Model $model, $options = Array, $replace = false) should be compatible with Common\Model\BaseModel::add($data = '', $options = Array, $replace = false) D:\shopsn\Application\Admin\Model\ConfigClassModel.class.php 第 22 行.
NOTIC: [2] Declaration of Admin\Model\ConfigClassModel::save($data, Think\Model $model, $options = Array) should be compatible with Common\Model\BaseModel::save($data = '', $options = Array) D:\shopsn\Application\Admin\Model\ConfigClassModel.class.php 第 22 行.
NOTIC: [2] Declaration of Admin\Model\ConfigClassModel::delete($options, Think\Model $model) should be compatible with Think\Model::delete($options = Array) D:\shopsn\Application\Admin\Model\ConfigClassModel.class.php 第 22 行.

[ 2018-09-17T15:49:00+08:00 ] 127.0.0.1 /adminprov.php/System/addClass
INFO: [ app_init ] --START--
INFO: Run Behavior\BuildLiteBehavior [ RunTime:0.000000s ]
INFO: [ app_init ] --END-- [ RunTime:0.001000s ]
NOTIC: [8] Constant UPLOAD_PATH already defined D:\shopsn\Application\Admin\Conf\config.php 第 2 行.
INFO: [ app_begin ] --START--
INFO: Run Behavior\ReadHtmlCacheBehavior [ RunTime:0.001000s ]
INFO: [ app_begin ] --END-- [ RunTime:0.001000s ]
NOTIC: [2] Declaration of Admin\Model\ConfigClassModel::add($data, Think\Model $model, $options = Array, $replace = false) should be compatible with Common\Model\BaseModel::add($data = '', $options = Array, $replace = false) D:\shopsn\Application\Admin\Model\ConfigClassModel.class.php 第 22 行.
NOTIC: [2] Declaration of Admin\Model\ConfigClassModel::save($data, Think\Model $model, $options = Array) should be compatible with Common\Model\BaseModel::save($data = '', $options = Array) D:\shopsn\Application\Admin\Model\ConfigClassModel.class.php 第 22 行.
NOTIC: [2] Declaration of Admin\Model\ConfigClassModel::delete($options, Think\Model $model) should be compatible with Think\Model::delete($options = Array) D:\shopsn\Application\Admin\Model\ConfigClassModel.class.php 第 22 行.

[ 2018-09-17T15:50:55+08:00 ] 127.0.0.1 /adminprov.php/System/addClass
INFO: [ app_init ] --START--
INFO: Run Behavior\BuildLiteBehavior [ RunTime:0.000000s ]
INFO: [ app_init ] --END-- [ RunTime:0.001000s ]
NOTIC: [8] Constant UPLOAD_PATH already defined D:\shopsn\Application\Admin\Conf\config.php 第 2 行.
INFO: [ app_begin ] --START--
INFO: Run Behavior\ReadHtmlCacheBehavior [ RunTime:0.001000s ]
INFO: [ app_begin ] --END-- [ RunTime:0.001000s ]
NOTIC: [2] Declaration of Admin\Model\ConfigClassModel::add($data, Think\Model $model, $options = Array, $replace = false) should be compatible with Common\Model\BaseModel::add($data = '', $options = Array, $replace = false) D:\shopsn\Application\Admin\Model\ConfigClassModel.class.php 第 22 行.
NOTIC: [2] Declaration of Admin\Model\ConfigClassModel::save($data, Think\Model $model, $options = Array) should be compatible with Common\Model\BaseModel::save($data = '', $options = Array) D:\shopsn\Application\Admin\Model\ConfigClassModel.class.php 第 22 行.
NOTIC: [2] Declaration of Admin\Model\ConfigClassModel::delete($options, Think\Model $model) should be compatible with Think\Model::delete($options = Array) D:\shopsn\Application\Admin\Model\ConfigClassModel.class.php 第 22 行.
NOTIC: [2] Invalid argument supplied for foreach() D:\shopsn\Application\Common\Tool\Extend\Tree.class.php 第 93 行.
NOTIC: [8] Undefined offset: 0 D:\shopsn\Application\Common\Tool\Extend\Tree.class.php 第 106 行.
NOTIC: [2] Invalid argument supplied for foreach() D:\shopsn\Application\Common\Tool\Extend\Tree.class.php 第 106 行.
NOTIC: [8] Undefined variable: r D:\shopsn\Application\Common\Tool\Extend\Tree.class.php 第 131 行.
ERR: Argument 1 passed to Common\Tool\Extend\Tree::arrayDepth() must be of the type array, null given

[ 2018-09-17T15:51:09+08:00 ] 127.0.0.1 /adminprov.php/System/addClass
INFO: [ app_init ] --START--
INFO: Run Behavior\BuildLiteBehavior [ RunTime:0.000000s ]
INFO: [ app_init ] --END-- [ RunTime:0.001000s ]
NOTIC: [8] Constant UPLOAD_PATH already defined D:\shopsn\Application\Admin\Conf\config.php 第 2 行.
INFO: [ app_begin ] --START--
INFO: Run Behavior\ReadHtmlCacheBehavior [ RunTime:0.001000s ]
INFO: [ app_begin ] --END-- [ RunTime:0.001000s ]
NOTIC: [2] Declaration of Admin\Model\ConfigClassModel::add($data, Think\Model $model, $options = Array, $replace = false) should be compatible with Common\Model\BaseModel::add($data = '', $options = Array, $replace = false) D:\shopsn\Application\Admin\Model\ConfigClassModel.class.php 第 22 行.
NOTIC: [2] Declaration of Admin\Model\ConfigClassModel::save($data, Think\Model $model, $options = Array) should be compatible with Common\Model\BaseModel::save($data = '', $options = Array) D:\shopsn\Application\Admin\Model\ConfigClassModel.class.php 第 22 行.
NOTIC: [2] Declaration of Admin\Model\ConfigClassModel::delete($options, Think\Model $model) should be compatible with Think\Model::delete($options = Array) D:\shopsn\Application\Admin\Model\ConfigClassModel.class.php 第 22 行.

[ 2018-09-17T15:52:15+08:00 ] 127.0.0.1 /adminprov.php/System/addClass
INFO: [ app_init ] --START--
INFO: Run Behavior\BuildLiteBehavior [ RunTime:0.000000s ]
INFO: [ app_init ] --END-- [ RunTime:0.000000s ]
NOTIC: [8] Constant UPLOAD_PATH already defined D:\shopsn\Application\Admin\Conf\config.php 第 2 行.
INFO: [ app_begin ] --START--
INFO: Run Behavior\ReadHtmlCacheBehavior [ RunTime:0.000000s ]
INFO: [ app_begin ] --END-- [ RunTime:0.000000s ]
NOTIC: [2] Declaration of Admin\Model\ConfigClassModel::add($data, Think\Model $model, $options = Array, $replace = false) should be compatible with Common\Model\BaseModel::add($data = '', $options = Array, $replace = false) D:\shopsn\Application\Admin\Model\ConfigClassModel.class.php 第 22 行.
NOTIC: [2] Declaration of Admin\Model\ConfigClassModel::save($data, Think\Model $model, $options = Array) should be compatible with Common\Model\BaseModel::save($data = '', $options = Array) D:\shopsn\Application\Admin\Model\ConfigClassModel.class.php 第 22 行.
NOTIC: [2] Declaration of Admin\Model\ConfigClassModel::delete($options, Think\Model $model) should be compatible with Think\Model::delete($options = Array) D:\shopsn\Application\Admin\Model\ConfigClassModel.class.php 第 22 行.
NOTIC: [2] Invalid argument supplied for foreach() D:\shopsn\Application\Common\Tool\Extend\Tree.class.php 第 93 行.
NOTIC: [8] Undefined offset: 0 D:\shopsn\Application\Common\Tool\Extend\Tree.class.php 第 106 行.
NOTIC: [2] Invalid argument supplied for foreach() D:\shopsn\Application\Common\Tool\Extend\Tree.class.php 第 106 行.
NOTIC: [8] Undefined variable: r D:\shopsn\Application\Common\Tool\Extend\Tree.class.php 第 131 行.
ERR: Argument 1 passed to Common\Tool\Extend\Tree::arrayDepth() must be of the type array, null given

[ 2018-09-17T15:53:25+08:00 ] 127.0.0.1 /adminprov.php/System/addClass
INFO: [ app_init ] --START--
INFO: Run Behavior\BuildLiteBehavior [ RunTime:0.000000s ]
INFO: [ app_init ] --END-- [ RunTime:0.001000s ]
NOTIC: [8] Constant UPLOAD_PATH already defined D:\shopsn\Application\Admin\Conf\config.php 第 2 行.
INFO: [ app_begin ] --START--
INFO: Run Behavior\ReadHtmlCacheBehavior [ RunTime:0.001000s ]
INFO: [ app_begin ] --END-- [ RunTime:0.001000s ]
NOTIC: [2] Declaration of Admin\Model\ConfigClassModel::add($data, Think\Model $model, $options = Array, $replace = false) should be compatible with Common\Model\BaseModel::add($data = '', $options = Array, $replace = false) D:\shopsn\Application\Admin\Model\ConfigClassModel.class.php 第 22 行.
NOTIC: [2] Declaration of Admin\Model\ConfigClassModel::save($data, Think\Model $model, $options = Array) should be compatible with Common\Model\BaseModel::save($data = '', $options = Array) D:\shopsn\Application\Admin\Model\ConfigClassModel.class.php 第 22 行.
NOTIC: [2] Declaration of Admin\Model\ConfigClassModel::delete($options, Think\Model $model) should be compatible with Think\Model::delete($options = Array) D:\shopsn\Application\Admin\Model\ConfigClassModel.class.php 第 22 行.
NOTIC: [2] Invalid argument supplied for foreach() D:\shopsn\Application\Common\Tool\Extend\Tree.class.php 第 93 行.
NOTIC: [8] Undefined offset: 0 D:\shopsn\Application\Common\Tool\Extend\Tree.class.php 第 106 行.
NOTIC: [2] Invalid argument supplied for foreach() D:\shopsn\Application\Common\Tool\Extend\Tree.class.php 第 106 行.
NOTIC: [8] Undefined variable: r D:\shopsn\Application\Common\Tool\Extend\Tree.class.php 第 131 行.

[ 2018-09-17T16:03:17+08:00 ] 127.0.0.1 /adminprov.php/System/addClass
INFO: [ app_init ] --START--
INFO: Run Behavior\BuildLiteBehavior [ RunTime:0.000000s ]
INFO: [ app_init ] --END-- [ RunTime:0.000000s ]
NOTIC: [8] Constant UPLOAD_PATH already defined D:\shopsn\Application\Admin\Conf\config.php 第 2 行.
INFO: [ app_begin ] --START--
INFO: Run Behavior\ReadHtmlCacheBehavior [ RunTime:0.001000s ]
INFO: [ app_begin ] --END-- [ RunTime:0.001000s ]
NOTIC: [2] Declaration of Admin\Model\ConfigClassModel::add($data, Think\Model $model, $options = Array, $replace = false) should be compatible with Common\Model\BaseModel::add($data = '', $options = Array, $replace = false) D:\shopsn\Application\Admin\Model\ConfigClassModel.class.php 第 22 行.
NOTIC: [2] Declaration of Admin\Model\ConfigClassModel::save($data, Think\Model $model, $options = Array) should be compatible with Common\Model\BaseModel::save($data = '', $options = Array) D:\shopsn\Application\Admin\Model\ConfigClassModel.class.php 第 22 行.
NOTIC: [2] Declaration of Admin\Model\ConfigClassModel::delete($options, Think\Model $model) should be compatible with Think\Model::delete($options = Array) D:\shopsn\Application\Admin\Model\ConfigClassModel.class.php 第 22 行.
NOTIC: [2] Invalid argument supplied for foreach() D:\shopsn\Application\Common\Tool\Extend\Tree.class.php 第 94 行.
NOTIC: [8] Undefined offset: 0 D:\shopsn\Application\Common\Tool\Extend\Tree.class.php 第 107 行.
NOTIC: [2] Invalid argument supplied for foreach() D:\shopsn\Application\Common\Tool\Extend\Tree.class.php 第 107 行.
NOTIC: [8] Undefined variable: r D:\shopsn\Application\Common\Tool\Extend\Tree.class.php 第 132 行.

[ 2018-09-17T16:04:18+08:00 ] 127.0.0.1 /adminprov.php/System/addClass
INFO: [ app_init ] --START--
INFO: Run Behavior\BuildLiteBehavior [ RunTime:0.000000s ]
INFO: [ app_init ] --END-- [ RunTime:0.001000s ]
NOTIC: [8] Constant UPLOAD_PATH already defined D:\shopsn\Application\Admin\Conf\config.php 第 2 行.
INFO: [ app_begin ] --START--
INFO: Run Behavior\ReadHtmlCacheBehavior [ RunTime:0.001000s ]
INFO: [ app_begin ] --END-- [ RunTime:0.001000s ]
NOTIC: [2] Declaration of Admin\Model\ConfigClassModel::add($data, Think\Model $model, $options = Array, $replace = false) should be compatible with Common\Model\BaseModel::add($data = '', $options = Array, $replace = false) D:\shopsn\Application\Admin\Model\ConfigClassModel.class.php 第 22 行.
NOTIC: [2] Declaration of Admin\Model\ConfigClassModel::save($data, Think\Model $model, $options = Array) should be compatible with Common\Model\BaseModel::save($data = '', $options = Array) D:\shopsn\Application\Admin\Model\ConfigClassModel.class.php 第 22 行.
NOTIC: [2] Declaration of Admin\Model\ConfigClassModel::delete($options, Think\Model $model) should be compatible with Think\Model::delete($options = Array) D:\shopsn\Application\Admin\Model\ConfigClassModel.class.php 第 22 行.
NOTIC: [2] Invalid argument supplied for foreach() D:\shopsn\Application\Common\Tool\Extend\Tree.class.php 第 95 行.
NOTIC: [8] Undefined offset: 0 D:\shopsn\Application\Common\Tool\Extend\Tree.class.php 第 108 行.
NOTIC: [2] Invalid argument supplied for foreach() D:\shopsn\Application\Common\Tool\Extend\Tree.class.php 第 108 行.
NOTIC: [8] Undefined variable: r D:\shopsn\Application\Common\Tool\Extend\Tree.class.php 第 133 行.

[ 2018-09-17T16:05:05+08:00 ] 127.0.0.1 /adminprov.php/System/addClass
INFO: [ app_init ] --START--
INFO: Run Behavior\BuildLiteBehavior [ RunTime:0.000000s ]
INFO: [ app_init ] --END-- [ RunTime:0.001000s ]
NOTIC: [8] Constant UPLOAD_PATH already defined D:\shopsn\Application\Admin\Conf\config.php 第 2 行.
INFO: [ app_begin ] --START--
INFO: Run Behavior\ReadHtmlCacheBehavior [ RunTime:0.001000s ]
INFO: [ app_begin ] --END-- [ RunTime:0.001000s ]
NOTIC: [2] Declaration of Admin\Model\ConfigClassModel::add($data, Think\Model $model, $options = Array, $replace = false) should be compatible with Common\Model\BaseModel::add($data = '', $options = Array, $replace = false) D:\shopsn\Application\Admin\Model\ConfigClassModel.class.php 第 22 行.
NOTIC: [2] Declaration of Admin\Model\ConfigClassModel::save($data, Think\Model $model, $options = Array) should be compatible with Common\Model\BaseModel::save($data = '', $options = Array) D:\shopsn\Application\Admin\Model\ConfigClassModel.class.php 第 22 行.
NOTIC: [2] Declaration of Admin\Model\ConfigClassModel::delete($options, Think\Model $model) should be compatible with Think\Model::delete($options = Array) D:\shopsn\Application\Admin\Model\ConfigClassModel.class.php 第 22 行.
NOTIC: [2] Invalid argument supplied for foreach() D:\shopsn\Application\Common\Tool\Extend\Tree.class.php 第 95 行.
NOTIC: [8] Undefined offset: 0 D:\shopsn\Application\Common\Tool\Extend\Tree.class.php 第 108 行.
NOTIC: [2] Invalid argument supplied for foreach() D:\shopsn\Application\Common\Tool\Extend\Tree.class.php 第 108 行.
NOTIC: [8] Undefined variable: r D:\shopsn\Application\Common\Tool\Extend\Tree.class.php 第 133 行.

[ 2018-09-17T16:07:42+08:00 ] 127.0.0.1 /adminprov.php/System/addClass
INFO: [ app_init ] --START--
INFO: Run Behavior\BuildLiteBehavior [ RunTime:0.000000s ]
INFO: [ app_init ] --END-- [ RunTime:0.001000s ]
NOTIC: [8] Constant UPLOAD_PATH already defined D:\shopsn\Application\Admin\Conf\config.php 第 2 行.
INFO: [ app_begin ] --START--
INFO: Run Behavior\ReadHtmlCacheBehavior [ RunTime:0.000000s ]
INFO: [ app_begin ] --END-- [ RunTime:0.000000s ]
NOTIC: [2] Declaration of Admin\Model\ConfigClassModel::add($data, Think\Model $model, $options = Array, $replace = false) should be compatible with Common\Model\BaseModel::add($data = '', $options = Array, $replace = false) D:\shopsn\Application\Admin\Model\ConfigClassModel.class.php 第 22 行.
NOTIC: [2] Declaration of Admin\Model\ConfigClassModel::save($data, Think\Model $model, $options = Array) should be compatible with Common\Model\BaseModel::save($data = '', $options = Array) D:\shopsn\Application\Admin\Model\ConfigClassModel.class.php 第 22 行.
NOTIC: [2] Declaration of Admin\Model\ConfigClassModel::delete($options, Think\Model $model) should be compatible with Think\Model::delete($options = Array) D:\shopsn\Application\Admin\Model\ConfigClassModel.class.php 第 22 行.

[ 2018-09-17T16:08:26+08:00 ] 127.0.0.1 /adminprov.php/System/addClass
INFO: [ app_init ] --START--
INFO: Run Behavior\BuildLiteBehavior [ RunTime:0.000000s ]
INFO: [ app_init ] --END-- [ RunTime:0.001000s ]
NOTIC: [8] Constant UPLOAD_PATH already defined D:\shopsn\Application\Admin\Conf\config.php 第 2 行.
INFO: [ app_begin ] --START--
INFO: Run Behavior\ReadHtmlCacheBehavior [ RunTime:0.003000s ]
INFO: [ app_begin ] --END-- [ RunTime:0.003000s ]
NOTIC: [2] Declaration of Admin\Model\ConfigClassModel::add($data, Think\Model $model, $options = Array, $replace = false) should be compatible with Common\Model\BaseModel::add($data = '', $options = Array, $replace = false) D:\shopsn\Application\Admin\Model\ConfigClassModel.class.php 第 22 行.
NOTIC: [2] Declaration of Admin\Model\ConfigClassModel::save($data, Think\Model $model, $options = Array) should be compatible with Common\Model\BaseModel::save($data = '', $options = Array) D:\shopsn\Application\Admin\Model\ConfigClassModel.class.php 第 22 行.
NOTIC: [2] Declaration of Admin\Model\ConfigClassModel::delete($options, Think\Model $model) should be compatible with Think\Model::delete($options = Array) D:\shopsn\Application\Admin\Model\ConfigClassModel.class.php 第 22 行.
INFO: [ insertLog ] --START--
INFO: Run Common\Behavior\AddLogData [ RunTime:0.044002s ]
INFO: [ insertLog ] --END-- [ RunTime:0.044002s ]
INFO: [ insertLog ] --START--
INFO: Run Common\Behavior\AddLogData [ RunTime:0.010000s ]
INFO: Run Common\Behavior\AddLogData [ RunTime:0.002000s ]
INFO: [ insertLog ] --END-- [ RunTime:-0.001001s ]

[ 2018-09-17T16:08:29+08:00 ] 127.0.0.1 /adminprov.php/System/config/p/3
INFO: [ app_init ] --START--
INFO: Run Behavior\BuildLiteBehavior [ RunTime:0.000000s ]
INFO: [ app_init ] --END-- [ RunTime:0.001000s ]
NOTIC: [8] Constant UPLOAD_PATH already defined D:\shopsn\Application\Admin\Conf\config.php 第 2 行.

[ 2018-09-17T16:08:55+08:00 ] 127.0.0.1 /adminprov.php/System/addConfig
INFO: [ app_init ] --START--
INFO: Run Behavior\BuildLiteBehavior [ RunTime:0.000000s ]
INFO: [ app_init ] --END-- [ RunTime:0.000000s ]
NOTIC: [8] Constant UPLOAD_PATH already defined D:\shopsn\Application\Admin\Conf\config.php 第 2 行.

[ 2018-09-17T16:09:16+08:00 ] 127.0.0.1 /adminprov.php/System/addClass
INFO: [ app_init ] --START--
INFO: Run Behavior\BuildLiteBehavior [ RunTime:0.000000s ]
INFO: [ app_init ] --END-- [ RunTime:0.000000s ]
NOTIC: [8] Constant UPLOAD_PATH already defined D:\shopsn\Application\Admin\Conf\config.php 第 2 行.
INFO: [ app_begin ] --START--
INFO: Run Behavior\ReadHtmlCacheBehavior [ RunTime:0.001000s ]
INFO: [ app_begin ] --END-- [ RunTime:0.001000s ]
NOTIC: [2] Declaration of Admin\Model\ConfigClassModel::add($data, Think\Model $model, $options = Array, $replace = false) should be compatible with Common\Model\BaseModel::add($data = '', $options = Array, $replace = false) D:\shopsn\Application\Admin\Model\ConfigClassModel.class.php 第 22 行.
NOTIC: [2] Declaration of Admin\Model\ConfigClassModel::save($data, Think\Model $model, $options = Array) should be compatible with Common\Model\BaseModel::save($data = '', $options = Array) D:\shopsn\Application\Admin\Model\ConfigClassModel.class.php 第 22 行.
NOTIC: [2] Declaration of Admin\Model\ConfigClassModel::delete($options, Think\Model $model) should be compatible with Think\Model::delete($options = Array) D:\shopsn\Application\Admin\Model\ConfigClassModel.class.php 第 22 行.
INFO: [ insertLog ] --START--
INFO: Run Common\Behavior\AddLogData [ RunTime:0.045003s ]
INFO: [ insertLog ] --END-- [ RunTime:0.045003s ]
INFO: [ insertLog ] --START--
INFO: Run Common\Behavior\AddLogData [ RunTime:0.010000s ]
INFO: Run Common\Behavior\AddLogData [ RunTime:0.002001s ]
INFO: [ insertLog ] --END-- [ RunTime:-0.001000s ]

[ 2018-09-17T16:09:19+08:00 ] 127.0.0.1 /adminprov.php/System/config/p/3
INFO: [ app_init ] --START--
INFO: Run Behavior\BuildLiteBehavior [ RunTime:0.000000s ]
INFO: [ app_init ] --END-- [ RunTime:0.001000s ]
NOTIC: [8] Constant UPLOAD_PATH already defined D:\shopsn\Application\Admin\Conf\config.php 第 2 行.

[ 2018-09-17T16:09:22+08:00 ] 127.0.0.1 /adminprov.php/SysConfig/index
INFO: [ app_init ] --START--
INFO: Run Behavior\BuildLiteBehavior [ RunTime:0.000000s ]
INFO: [ app_init ] --END-- [ RunTime:0.000000s ]
NOTIC: [8] Constant UPLOAD_PATH already defined D:\shopsn\Application\Admin\Conf\config.php 第 2 行.

[ 2018-09-17T16:09:50+08:00 ] 127.0.0.1 /adminprov.php/SysConfig/saveConfig
INFO: [ app_init ] --START--
INFO: Run Behavior\BuildLiteBehavior [ RunTime:0.000000s ]
INFO: [ app_init ] --END-- [ RunTime:0.001000s ]
NOTIC: [8] Constant UPLOAD_PATH already defined D:\shopsn\Application\Admin\Conf\config.php 第 2 行.
INFO: [ app_begin ] --START--
INFO: Run Behavior\ReadHtmlCacheBehavior [ RunTime:0.000000s ]
INFO: [ app_begin ] --END-- [ RunTime:0.000000s ]
INFO: [ insertLog ] --START--
INFO: Run Common\Behavior\AddLogData [ RunTime:0.046002s ]
INFO: [ insertLog ] --END-- [ RunTime:0.046002s ]

[ 2018-09-17T16:09:52+08:00 ] 127.0.0.1 /adminprov.php/SysConfig/index
INFO: [ app_init ] --START--
INFO: Run Behavior\BuildLiteBehavior [ RunTime:0.000000s ]
INFO: [ app_init ] --END-- [ RunTime:0.001000s ]
NOTIC: [8] Constant UPLOAD_PATH already defined D:\shopsn\Application\Admin\Conf\config.php 第 2 行.

[ 2018-09-17T16:10:26+08:00 ] 127.0.0.1 /adminprov.php/SysConfig/saveConfig
INFO: [ app_init ] --START--
INFO: Run Behavior\BuildLiteBehavior [ RunTime:0.000000s ]
INFO: [ app_init ] --END-- [ RunTime:0.001000s ]
NOTIC: [8] Constant UPLOAD_PATH already defined D:\shopsn\Application\Admin\Conf\config.php 第 2 行.
INFO: [ app_begin ] --START--
INFO: Run Behavior\ReadHtmlCacheBehavior [ RunTime:0.000000s ]
INFO: [ app_begin ] --END-- [ RunTime:0.000000s ]
INFO: [ insertLog ] --START--
INFO: Run Common\Behavior\AddLogData [ RunTime:0.070004s ]
INFO: [ insertLog ] --END-- [ RunTime:0.070004s ]

[ 2018-09-17T16:10:29+08:00 ] 127.0.0.1 /adminprov.php/SysConfig/index
INFO: [ app_init ] --START--
INFO: Run Behavior\BuildLiteBehavior [ RunTime:0.000000s ]
INFO: [ app_init ] --END-- [ RunTime:0.001000s ]
NOTIC: [8] Constant UPLOAD_PATH already defined D:\shopsn\Application\Admin\Conf\config.php 第 2 行.

[ 2018-09-17T16:12:29+08:00 ] 127.0.0.1 /adminprov.php/Order/orderList
INFO: [ app_init ] --START--
INFO: Run Behavior\BuildLiteBehavior [ RunTime:0.000000s ]
INFO: [ app_init ] --END-- [ RunTime:0.001000s ]
NOTIC: [8] Constant UPLOAD_PATH already defined D:\shopsn\Application\Admin\Conf\config.php 第 2 行.

[ 2018-09-17T16:12:30+08:00 ] 127.0.0.1 /adminprov.php/Order/ajaxGetData?p=1
INFO: [ app_init ] --START--
INFO: Run Behavior\BuildLiteBehavior [ RunTime:0.000000s ]
INFO: [ app_init ] --END-- [ RunTime:0.001000s ]
NOTIC: [8] Constant UPLOAD_PATH already defined D:\shopsn\Application\Admin\Conf\config.php 第 2 行.
INFO: [ app_begin ] --START--
INFO: Run Behavior\ReadHtmlCacheBehavior [ RunTime:0.001000s ]
INFO: [ app_begin ] --END-- [ RunTime:0.001000s ]
NOTIC: [2] Declaration of Admin\Model\OrderModel::getOrder($userAddress, $field = NULL, $default = 'select') should be compatible with Common\Model\BaseModel::getOrder() D:\shopsn\Application\Admin\Model\OrderModel.class.php 第 23 行.
NOTIC: [2] Declaration of Admin\Model\OrderModel::getData($where = NULL) should be compatible with Common\Model\BaseModel::getData($id, array $field) D:\shopsn\Application\Admin\Model\OrderModel.class.php 第 23 行.
INFO: [ Search ] --START--
INFO: Run Common\Behavior\SearParamBehavior [ RunTime:0.001000s ]
INFO: [ Search ] --END-- [ RunTime:0.001000s ]
INFO: [ view_parse ] --START--
INFO: [ template_filter ] --START--
INFO: Run Behavior\ContentReplaceBehavior [ RunTime:0.001000s ]
INFO: [ template_filter ] --END-- [ RunTime:0.001000s ]
NOTIC: [8] Undefined index: name D:\shopsn\Runtime\Cache\Admin\87599b4e7b3dad4b5be0f0268dd45ff3.php 第 31 行.
NOTIC: [8] Undefined index: name D:\shopsn\Runtime\Cache\Admin\87599b4e7b3dad4b5be0f0268dd45ff3.php 第 31 行.
NOTIC: [8] Undefined index: name D:\shopsn\Runtime\Cache\Admin\87599b4e7b3dad4b5be0f0268dd45ff3.php 第 31 行.
NOTIC: [8] Undefined index: name D:\shopsn\Runtime\Cache\Admin\87599b4e7b3dad4b5be0f0268dd45ff3.php 第 31 行.
NOTIC: [8] Undefined index:  D:\shopsn\Runtime\Cache\Admin\87599b4e7b3dad4b5be0f0268dd45ff3.php 第 29 行.
NOTIC: [8] Undefined index:  D:\shopsn\Runtime\Cache\Admin\87599b4e7b3dad4b5be0f0268dd45ff3.php 第 29 行.
NOTIC: [8] Undefined index: name D:\shopsn\Runtime\Cache\Admin\87599b4e7b3dad4b5be0f0268dd45ff3.php 第 31 行.
NOTIC: [8] Undefined index:  D:\shopsn\Runtime\Cache\Admin\87599b4e7b3dad4b5be0f0268dd45ff3.php 第 29 行.
NOTIC: [8] Undefined index: name D:\shopsn\Runtime\Cache\Admin\87599b4e7b3dad4b5be0f0268dd45ff3.php 第 31 行.
NOTIC: [8] Undefined index:  D:\shopsn\Runtime\Cache\Admin\87599b4e7b3dad4b5be0f0268dd45ff3.php 第 29 行.
NOTIC: [8] Undefined index: name D:\shopsn\Runtime\Cache\Admin\87599b4e7b3dad4b5be0f0268dd45ff3.php 第 31 行.
NOTIC: [8] Undefined index:  D:\shopsn\Runtime\Cache\Admin\87599b4e7b3dad4b5be0f0268dd45ff3.php 第 29 行.
NOTIC: [8] Undefined index:  D:\shopsn\Runtime\Cache\Admin\87599b4e7b3dad4b5be0f0268dd45ff3.php 第 29 行.
NOTIC: [8] Undefined index:  D:\shopsn\Runtime\Cache\Admin\87599b4e7b3dad4b5be0f0268dd45ff3.php 第 29 行.
NOTIC: [8] Undefined index:  D:\shopsn\Runtime\Cache\Admin\87599b4e7b3dad4b5be0f0268dd45ff3.php 第 29 行.
INFO: Run Behavior\ParseTemplateBehavior [ RunTime:0.008000s ]
INFO: [ view_parse ] --END-- [ RunTime:0.008000s ]
INFO: [ view_filter ] --START--
INFO: Run Behavior\WriteHtmlCacheBehavior [ RunTime:0.000000s ]
INFO: [ view_filter ] --END-- [ RunTime:0.000000s ]
INFO: [ app_end ] --START--
INFO: Run Behavior\ShowPageTraceBehavior [ RunTime:0.001000s ]
INFO: [ app_end ] --END-- [ RunTime:0.001000s ]

[ 2018-09-17T16:12:31+08:00 ] 127.0.0.1 /adminprov.php/Distribution/index
INFO: [ app_init ] --START--
INFO: Run Behavior\BuildLiteBehavior [ RunTime:0.000000s ]
INFO: [ app_init ] --END-- [ RunTime:0.001000s ]
NOTIC: [8] Constant UPLOAD_PATH already defined D:\shopsn\Application\Admin\Conf\config.php 第 2 行.

[ 2018-09-17T16:12:32+08:00 ] 127.0.0.1 /adminprov.php/Distribution/ajaxGetData?p=1
INFO: [ app_init ] --START--
INFO: Run Behavior\BuildLiteBehavior [ RunTime:0.000000s ]
INFO: [ app_init ] --END-- [ RunTime:0.000000s ]
NOTIC: [8] Constant UPLOAD_PATH already defined D:\shopsn\Application\Admin\Conf\config.php 第 2 行.
INFO: [ app_begin ] --START--
INFO: Run Behavior\ReadHtmlCacheBehavior [ RunTime:0.000000s ]
INFO: [ app_begin ] --END-- [ RunTime:0.000000s ]
INFO: [ view_parse ] --START--
INFO: [ template_filter ] --START--
INFO: Run Behavior\ContentReplaceBehavior [ RunTime:0.000000s ]
INFO: [ template_filter ] --END-- [ RunTime:0.000000s ]
INFO: Run Behavior\ParseTemplateBehavior [ RunTime:0.019001s ]
INFO: [ view_parse ] --END-- [ RunTime:0.019001s ]
INFO: [ view_filter ] --START--
INFO: Run Behavior\WriteHtmlCacheBehavior [ RunTime:0.001000s ]
INFO: [ view_filter ] --END-- [ RunTime:0.001000s ]
INFO: [ app_end ] --START--
INFO: Run Behavior\ShowPageTraceBehavior [ RunTime:0.001000s ]
INFO: [ app_end ] --END-- [ RunTime:0.001000s ]

[ 2018-09-17T16:36:40+08:00 ] 127.0.0.1 /adminprov.php/Distribution/index
INFO: [ app_init ] --START--
INFO: Run Behavior\BuildLiteBehavior [ RunTime:0.000000s ]
INFO: [ app_init ] --END-- [ RunTime:0.001000s ]
NOTIC: [8] Constant UPLOAD_PATH already defined D:\shopsn\Application\Admin\Conf\config.php 第 2 行.

[ 2018-09-17T16:36:42+08:00 ] 127.0.0.1 /adminprov.php/Distribution/ajaxGetData?p=1
INFO: [ app_init ] --START--
INFO: Run Behavior\BuildLiteBehavior [ RunTime:0.000000s ]
INFO: [ app_init ] --END-- [ RunTime:0.001000s ]
NOTIC: [8] Constant UPLOAD_PATH already defined D:\shopsn\Application\Admin\Conf\config.php 第 2 行.
INFO: [ app_begin ] --START--
INFO: Run Behavior\ReadHtmlCacheBehavior [ RunTime:0.000000s ]
INFO: [ app_begin ] --END-- [ RunTime:0.000000s ]
INFO: [ view_parse ] --START--
INFO: [ template_filter ] --START--
INFO: Run Behavior\ContentReplaceBehavior [ RunTime:0.000000s ]
INFO: [ template_filter ] --END-- [ RunTime:0.000000s ]
INFO: Run Behavior\ParseTemplateBehavior [ RunTime:0.006000s ]
INFO: [ view_parse ] --END-- [ RunTime:0.006000s ]
INFO: [ view_filter ] --START--
INFO: Run Behavior\WriteHtmlCacheBehavior [ RunTime:0.000000s ]
INFO: [ view_filter ] --END-- [ RunTime:0.000000s ]
INFO: [ app_end ] --START--
INFO: Run Behavior\ShowPageTraceBehavior [ RunTime:0.001000s ]
INFO: [ app_end ] --END-- [ RunTime:0.001000s ]

[ 2018-09-17T16:36:45+08:00 ] 127.0.0.1 /adminprov.php/Distribution/index
INFO: [ app_init ] --START--
INFO: Run Behavior\BuildLiteBehavior [ RunTime:0.000000s ]
INFO: [ app_init ] --END-- [ RunTime:0.000000s ]
NOTIC: [8] Constant UPLOAD_PATH already defined D:\shopsn\Application\Admin\Conf\config.php 第 2 行.

[ 2018-09-17T16:36:46+08:00 ] 127.0.0.1 /adminprov.php/Distribution/ajaxGetData?p=1
INFO: [ app_init ] --START--
INFO: Run Behavior\BuildLiteBehavior [ RunTime:0.000000s ]
INFO: [ app_init ] --END-- [ RunTime:0.001000s ]
NOTIC: [8] Constant UPLOAD_PATH already defined D:\shopsn\Application\Admin\Conf\config.php 第 2 行.
INFO: [ app_begin ] --START--
INFO: Run Behavior\ReadHtmlCacheBehavior [ RunTime:0.000000s ]
INFO: [ app_begin ] --END-- [ RunTime:0.000000s ]
INFO: [ view_parse ] --START--
INFO: [ template_filter ] --START--
INFO: Run Behavior\ContentReplaceBehavior [ RunTime:0.000000s ]
INFO: [ template_filter ] --END-- [ RunTime:0.000000s ]
INFO: Run Behavior\ParseTemplateBehavior [ RunTime:0.007000s ]
INFO: [ view_parse ] --END-- [ RunTime:0.007000s ]
INFO: [ view_filter ] --START--
INFO: Run Behavior\WriteHtmlCacheBehavior [ RunTime:0.000000s ]
INFO: [ view_filter ] --END-- [ RunTime:0.000000s ]
INFO: [ app_end ] --START--
INFO: Run Behavior\ShowPageTraceBehavior [ RunTime:0.001000s ]
INFO: [ app_end ] --END-- [ RunTime:0.001000s ]

[ 2018-09-17T16:36:52+08:00 ] 127.0.0.1 /adminprov.php/System/addClass
INFO: [ app_init ] --START--
INFO: Run Behavior\BuildLiteBehavior [ RunTime:0.000000s ]
INFO: [ app_init ] --END-- [ RunTime:0.001000s ]
NOTIC: [8] Constant UPLOAD_PATH already defined D:\shopsn\Application\Admin\Conf\config.php 第 2 行.

[ 2018-09-17T16:37:01+08:00 ] 127.0.0.1 /adminprov.php/Distribution/index
INFO: [ app_init ] --START--
INFO: Run Behavior\BuildLiteBehavior [ RunTime:0.000000s ]
INFO: [ app_init ] --END-- [ RunTime:0.000000s ]
NOTIC: [8] Constant UPLOAD_PATH already defined D:\shopsn\Application\Admin\Conf\config.php 第 2 行.

[ 2018-09-17T16:37:02+08:00 ] 127.0.0.1 /adminprov.php/Distribution/ajaxGetData?p=1
INFO: [ app_init ] --START--
INFO: Run Behavior\BuildLiteBehavior [ RunTime:0.000000s ]
INFO: [ app_init ] --END-- [ RunTime:0.001001s ]
NOTIC: [8] Constant UPLOAD_PATH already defined D:\shopsn\Application\Admin\Conf\config.php 第 2 行.
INFO: [ app_begin ] --START--
INFO: Run Behavior\ReadHtmlCacheBehavior [ RunTime:0.001000s ]
INFO: [ app_begin ] --END-- [ RunTime:0.001000s ]
INFO: [ view_parse ] --START--
INFO: [ template_filter ] --START--
INFO: Run Behavior\ContentReplaceBehavior [ RunTime:0.000000s ]
INFO: [ template_filter ] --END-- [ RunTime:0.000000s ]
INFO: Run Behavior\ParseTemplateBehavior [ RunTime:0.006000s ]
INFO: [ view_parse ] --END-- [ RunTime:0.006000s ]
INFO: [ view_filter ] --START--
INFO: Run Behavior\WriteHtmlCacheBehavior [ RunTime:0.000000s ]
INFO: [ view_filter ] --END-- [ RunTime:0.000000s ]
INFO: [ app_end ] --START--
INFO: Run Behavior\ShowPageTraceBehavior [ RunTime:0.001000s ]
INFO: [ app_end ] --END-- [ RunTime:0.001000s ]

[ 2018-09-17T16:37:28+08:00 ] 127.0.0.1 /adminprov.php/System/addClass
INFO: [ app_init ] --START--
INFO: Run Behavior\BuildLiteBehavior [ RunTime:0.000000s ]
INFO: [ app_init ] --END-- [ RunTime:0.000000s ]
NOTIC: [8] Constant UPLOAD_PATH already defined D:\shopsn\Application\Admin\Conf\config.php 第 2 行.

[ 2018-09-17T16:37:38+08:00 ] 127.0.0.1 /adminprov.php/System/addClass
INFO: [ app_init ] --START--
INFO: Run Behavior\BuildLiteBehavior [ RunTime:0.000000s ]
INFO: [ app_init ] --END-- [ RunTime:0.001000s ]
NOTIC: [8] Constant UPLOAD_PATH already defined D:\shopsn\Application\Admin\Conf\config.php 第 2 行.

[ 2018-09-17T16:37:52+08:00 ] 127.0.0.1 /adminprov.php/Distribution/index
INFO: [ app_init ] --START--
INFO: Run Behavior\BuildLiteBehavior [ RunTime:0.000000s ]
INFO: [ app_init ] --END-- [ RunTime:0.001000s ]
NOTIC: [8] Constant UPLOAD_PATH already defined D:\shopsn\Application\Admin\Conf\config.php 第 2 行.

[ 2018-09-17T16:37:54+08:00 ] 127.0.0.1 /adminprov.php/Distribution/ajaxGetData?p=1
INFO: [ app_init ] --START--
INFO: Run Behavior\BuildLiteBehavior [ RunTime:0.000000s ]
INFO: [ app_init ] --END-- [ RunTime:0.002000s ]
NOTIC: [8] Constant UPLOAD_PATH already defined D:\shopsn\Application\Admin\Conf\config.php 第 2 行.
INFO: [ app_begin ] --START--
INFO: Run Behavior\ReadHtmlCacheBehavior [ RunTime:0.001000s ]
INFO: [ app_begin ] --END-- [ RunTime:0.001000s ]
INFO: [ view_parse ] --START--
INFO: [ template_filter ] --START--
INFO: Run Behavior\ContentReplaceBehavior [ RunTime:0.000000s ]
INFO: [ template_filter ] --END-- [ RunTime:0.000000s ]
INFO: Run Behavior\ParseTemplateBehavior [ RunTime:0.007000s ]
INFO: [ view_parse ] --END-- [ RunTime:0.007000s ]
INFO: [ view_filter ] --START--
INFO: Run Behavior\WriteHtmlCacheBehavior [ RunTime:0.000000s ]
INFO: [ view_filter ] --END-- [ RunTime:0.000000s ]
INFO: [ app_end ] --START--
INFO: Run Behavior\ShowPageTraceBehavior [ RunTime:0.001000s ]
INFO: [ app_end ] --END-- [ RunTime:0.001000s ]

[ 2018-09-17T16:37:59+08:00 ] 127.0.0.1 /adminprov.php/Distribution/index
INFO: [ app_init ] --START--
INFO: Run Behavior\BuildLiteBehavior [ RunTime:0.000000s ]
INFO: [ app_init ] --END-- [ RunTime:0.001001s ]
NOTIC: [8] Constant UPLOAD_PATH already defined D:\shopsn\Application\Admin\Conf\config.php 第 2 行.

[ 2018-09-17T16:38:00+08:00 ] 127.0.0.1 /adminprov.php/Distribution/ajaxGetData?p=1
INFO: [ app_init ] --START--
INFO: Run Behavior\BuildLiteBehavior [ RunTime:0.000000s ]
INFO: [ app_init ] --END-- [ RunTime:0.001000s ]
NOTIC: [8] Constant UPLOAD_PATH already defined D:\shopsn\Application\Admin\Conf\config.php 第 2 行.
INFO: [ app_begin ] --START--
INFO: Run Behavior\ReadHtmlCacheBehavior [ RunTime:0.001000s ]
INFO: [ app_begin ] --END-- [ RunTime:0.001000s ]
INFO: [ view_parse ] --START--
INFO: [ template_filter ] --START--
INFO: Run Behavior\ContentReplaceBehavior [ RunTime:0.000000s ]
INFO: [ template_filter ] --END-- [ RunTime:0.000000s ]
INFO: Run Behavior\ParseTemplateBehavior [ RunTime:0.006000s ]
INFO: [ view_parse ] --END-- [ RunTime:0.006000s ]
INFO: [ view_filter ] --START--
INFO: Run Behavior\WriteHtmlCacheBehavior [ RunTime:0.001000s ]
INFO: [ view_filter ] --END-- [ RunTime:0.001000s ]
INFO: [ app_end ] --START--
INFO: Run Behavior\ShowPageTraceBehavior [ RunTime:0.000000s ]
INFO: [ app_end ] --END-- [ RunTime:0.001000s ]

[ 2018-09-17T16:38:25+08:00 ] 127.0.0.1 /adminprov.php/Distribution/ajaxGetData?p=1
INFO: [ app_init ] --START--
INFO: Run Behavior\BuildLiteBehavior [ RunTime:0.000000s ]
INFO: [ app_init ] --END-- [ RunTime:0.000000s ]
NOTIC: [8] Constant UPLOAD_PATH already defined D:\shopsn\Application\Admin\Conf\config.php 第 2 行.
INFO: [ app_begin ] --START--
INFO: Run Behavior\ReadHtmlCacheBehavior [ RunTime:0.001000s ]
INFO: [ app_begin ] --END-- [ RunTime:0.001000s ]
INFO: [ view_parse ] --START--
INFO: [ template_filter ] --START--
INFO: Run Behavior\ContentReplaceBehavior [ RunTime:0.000000s ]
INFO: [ template_filter ] --END-- [ RunTime:0.000000s ]
INFO: Run Behavior\ParseTemplateBehavior [ RunTime:0.006000s ]
INFO: [ view_parse ] --END-- [ RunTime:0.006000s ]
INFO: [ view_filter ] --START--
INFO: Run Behavior\WriteHtmlCacheBehavior [ RunTime:0.001000s ]
INFO: [ view_filter ] --END-- [ RunTime:0.001000s ]
INFO: [ app_end ] --START--
INFO: Run Behavior\ShowPageTraceBehavior [ RunTime:0.001000s ]
INFO: [ app_end ] --END-- [ RunTime:0.001000s ]

[ 2018-09-17T16:38:40+08:00 ] 127.0.0.1 /adminprov.php/Distribution/ajaxGetData?p=1
INFO: [ app_init ] --START--
INFO: Run Behavior\BuildLiteBehavior [ RunTime:0.000000s ]
INFO: [ app_init ] --END-- [ RunTime:0.001000s ]
NOTIC: [8] Constant UPLOAD_PATH already defined D:\shopsn\Application\Admin\Conf\config.php 第 2 行.
INFO: [ app_begin ] --START--
INFO: Run Behavior\ReadHtmlCacheBehavior [ RunTime:0.001000s ]
INFO: [ app_begin ] --END-- [ RunTime:0.001000s ]
INFO: [ view_parse ] --START--
INFO: [ template_filter ] --START--
INFO: Run Behavior\ContentReplaceBehavior [ RunTime:0.001000s ]
INFO: [ template_filter ] --END-- [ RunTime:0.001000s ]
INFO: Run Behavior\ParseTemplateBehavior [ RunTime:0.006000s ]
INFO: [ view_parse ] --END-- [ RunTime:0.006000s ]
INFO: [ view_filter ] --START--
INFO: Run Behavior\WriteHtmlCacheBehavior [ RunTime:0.000000s ]
INFO: [ view_filter ] --END-- [ RunTime:0.000000s ]
INFO: [ app_end ] --START--
INFO: Run Behavior\ShowPageTraceBehavior [ RunTime:0.001000s ]
INFO: [ app_end ] --END-- [ RunTime:0.001000s ]

[ 2018-09-17T16:38:54+08:00 ] 127.0.0.1 /adminprov.php/Distribution/ajaxGetData?p=1
INFO: [ app_init ] --START--
INFO: Run Behavior\BuildLiteBehavior [ RunTime:0.000000s ]
INFO: [ app_init ] --END-- [ RunTime:0.001000s ]
NOTIC: [8] Constant UPLOAD_PATH already defined D:\shopsn\Application\Admin\Conf\config.php 第 2 行.
INFO: [ app_begin ] --START--
INFO: Run Behavior\ReadHtmlCacheBehavior [ RunTime:0.001001s ]
INFO: [ app_begin ] --END-- [ RunTime:0.001001s ]
INFO: [ view_parse ] --START--
INFO: [ template_filter ] --START--
INFO: Run Behavior\ContentReplaceBehavior [ RunTime:0.000000s ]
INFO: [ template_filter ] --END-- [ RunTime:0.000000s ]
INFO: Run Behavior\ParseTemplateBehavior [ RunTime:0.008001s ]
INFO: [ view_parse ] --END-- [ RunTime:0.008001s ]
INFO: [ view_filter ] --START--
INFO: Run Behavior\WriteHtmlCacheBehavior [ RunTime:0.000000s ]
INFO: [ view_filter ] --END-- [ RunTime:0.000000s ]
INFO: [ app_end ] --START--
INFO: Run Behavior\ShowPageTraceBehavior [ RunTime:0.001000s ]
INFO: [ app_end ] --END-- [ RunTime:0.001000s ]

[ 2018-09-17T16:41:27+08:00 ] 127.0.0.1 /adminprov.php/Distribution/index
INFO: [ app_init ] --START--
INFO: Run Behavior\BuildLiteBehavior [ RunTime:0.000000s ]
INFO: [ app_init ] --END-- [ RunTime:0.000000s ]
NOTIC: [8] Constant UPLOAD_PATH already defined D:\shopsn\Application\Admin\Conf\config.php 第 2 行.

[ 2018-09-17T16:41:28+08:00 ] 127.0.0.1 /adminprov.php/Distribution/ajaxGetData?p=1
INFO: [ app_init ] --START--
INFO: Run Behavior\BuildLiteBehavior [ RunTime:0.000000s ]
INFO: [ app_init ] --END-- [ RunTime:0.000000s ]
NOTIC: [8] Constant UPLOAD_PATH already defined D:\shopsn\Application\Admin\Conf\config.php 第 2 行.
INFO: [ app_begin ] --START--
INFO: Run Behavior\ReadHtmlCacheBehavior [ RunTime:0.001000s ]
INFO: [ app_begin ] --END-- [ RunTime:0.001000s ]
INFO: [ view_parse ] --START--
INFO: [ template_filter ] --START--
INFO: Run Behavior\ContentReplaceBehavior [ RunTime:0.000000s ]
INFO: [ template_filter ] --END-- [ RunTime:0.000000s ]
INFO: Run Behavior\ParseTemplateBehavior [ RunTime:0.007001s ]
INFO: [ view_parse ] --END-- [ RunTime:0.007001s ]
INFO: [ view_filter ] --START--
INFO: Run Behavior\WriteHtmlCacheBehavior [ RunTime:0.001000s ]
INFO: [ view_filter ] --END-- [ RunTime:0.001000s ]
INFO: [ app_end ] --START--
INFO: Run Behavior\ShowPageTraceBehavior [ RunTime:0.000000s ]
INFO: [ app_end ] --END-- [ RunTime:0.000000s ]

[ 2018-09-17T16:42:09+08:00 ] 127.0.0.1 /adminprov.php/Distribution/index
INFO: [ app_init ] --START--
INFO: Run Behavior\BuildLiteBehavior [ RunTime:0.000000s ]
INFO: [ app_init ] --END-- [ RunTime:0.001000s ]
NOTIC: [8] Constant UPLOAD_PATH already defined D:\shopsn\Application\Admin\Conf\config.php 第 2 行.

[ 2018-09-17T16:42:10+08:00 ] 127.0.0.1 /adminprov.php/Distribution/ajaxGetData?p=1
INFO: [ app_init ] --START--
INFO: Run Behavior\BuildLiteBehavior [ RunTime:0.000000s ]
INFO: [ app_init ] --END-- [ RunTime:0.001000s ]
NOTIC: [8] Constant UPLOAD_PATH already defined D:\shopsn\Application\Admin\Conf\config.php 第 2 行.
INFO: [ app_begin ] --START--
INFO: Run Behavior\ReadHtmlCacheBehavior [ RunTime:0.002001s ]
INFO: [ app_begin ] --END-- [ RunTime:0.002001s ]
INFO: [ view_parse ] --START--
INFO: [ template_filter ] --START--
INFO: Run Behavior\ContentReplaceBehavior [ RunTime:0.000000s ]
INFO: [ template_filter ] --END-- [ RunTime:0.000000s ]
INFO: Run Behavior\ParseTemplateBehavior [ RunTime:0.008000s ]
INFO: [ view_parse ] --END-- [ RunTime:0.008000s ]
INFO: [ view_filter ] --START--
INFO: Run Behavior\WriteHtmlCacheBehavior [ RunTime:0.001000s ]
INFO: [ view_filter ] --END-- [ RunTime:0.001000s ]
INFO: [ app_end ] --START--
INFO: Run Behavior\ShowPageTraceBehavior [ RunTime:0.001001s ]
INFO: [ app_end ] --END-- [ RunTime:0.001001s ]

[ 2018-09-17T16:42:18+08:00 ] 127.0.0.1 /adminprov.php/Distribution/distribution
INFO: [ app_init ] --START--
INFO: Run Behavior\BuildLiteBehavior [ RunTime:0.000000s ]
INFO: [ app_init ] --END-- [ RunTime:0.001000s ]
NOTIC: [8] Constant UPLOAD_PATH already defined D:\shopsn\Application\Admin\Conf\config.php 第 2 行.
INFO: [ app_begin ] --START--
INFO: Run Behavior\ReadHtmlCacheBehavior [ RunTime:0.001000s ]
INFO: [ app_begin ] --END-- [ RunTime:0.001000s ]
NOTIC: [8] Undefined index: distribution_status D:\shopsn\Application\Admin\Controller\DistributionController.class.php 第 83 行.
NOTIC: [8] Undefined index: listRows D:\shopsn\Application\Admin\Controller\DistributionController.class.php 第 104 行.
NOTIC: [8] Undefined index: sum(price_sum) D:\shopsn\Application\Common\Controller\DistributionController.class.php 第 215 行.

[ 2018-09-17T16:42:19+08:00 ] 127.0.0.1 /adminprov.php/Distribution/ajaxGetData?p=1
INFO: [ app_init ] --START--
INFO: Run Behavior\BuildLiteBehavior [ RunTime:0.000000s ]
INFO: [ app_init ] --END-- [ RunTime:0.000000s ]
NOTIC: [8] Constant UPLOAD_PATH already defined D:\shopsn\Application\Admin\Conf\config.php 第 2 行.
INFO: [ app_begin ] --START--
INFO: Run Behavior\ReadHtmlCacheBehavior [ RunTime:0.001000s ]
INFO: [ app_begin ] --END-- [ RunTime:0.001000s ]
INFO: [ view_parse ] --START--
INFO: [ template_filter ] --START--
INFO: Run Behavior\ContentReplaceBehavior [ RunTime:0.000000s ]
INFO: [ template_filter ] --END-- [ RunTime:0.000000s ]
INFO: Run Behavior\ParseTemplateBehavior [ RunTime:0.006000s ]
INFO: [ view_parse ] --END-- [ RunTime:0.007000s ]
INFO: [ view_filter ] --START--
INFO: Run Behavior\WriteHtmlCacheBehavior [ RunTime:0.001000s ]
INFO: [ view_filter ] --END-- [ RunTime:0.001000s ]
INFO: [ app_end ] --START--
INFO: Run Behavior\ShowPageTraceBehavior [ RunTime:0.002000s ]
INFO: [ app_end ] --END-- [ RunTime:0.002000s ]

[ 2018-09-17T16:43:27+08:00 ] 127.0.0.1 /adminprov.php/Distribution/distribution
INFO: [ app_init ] --START--
INFO: Run Behavior\BuildLiteBehavior [ RunTime:0.000000s ]
INFO: [ app_init ] --END-- [ RunTime:0.000000s ]
NOTIC: [8] Constant UPLOAD_PATH already defined D:\shopsn\Application\Admin\Conf\config.php 第 2 行.
INFO: [ app_begin ] --START--
INFO: Run Behavior\ReadHtmlCacheBehavior [ RunTime:0.001000s ]
INFO: [ app_begin ] --END-- [ RunTime:0.001000s ]
NOTIC: [8] Undefined index: distribution_status D:\shopsn\Application\Admin\Controller\DistributionController.class.php 第 82 行.
NOTIC: [8] Undefined index: listRows D:\shopsn\Application\Admin\Controller\DistributionController.class.php 第 103 行.
NOTIC: [8] Undefined index: sum(price_sum) D:\shopsn\Application\Common\Controller\DistributionController.class.php 第 215 行.

[ 2018-09-17T16:43:28+08:00 ] 127.0.0.1 /adminprov.php/Distribution/ajaxGetData?p=1
INFO: [ app_init ] --START--
INFO: Run Behavior\BuildLiteBehavior [ RunTime:0.000000s ]
INFO: [ app_init ] --END-- [ RunTime:0.000000s ]
NOTIC: [8] Constant UPLOAD_PATH already defined D:\shopsn\Application\Admin\Conf\config.php 第 2 行.
INFO: [ app_begin ] --START--
INFO: Run Behavior\ReadHtmlCacheBehavior [ RunTime:0.001000s ]
INFO: [ app_begin ] --END-- [ RunTime:0.001000s ]
INFO: [ view_parse ] --START--
INFO: [ template_filter ] --START--
INFO: Run Behavior\ContentReplaceBehavior [ RunTime:0.000000s ]
INFO: [ template_filter ] --END-- [ RunTime:0.000000s ]
INFO: Run Behavior\ParseTemplateBehavior [ RunTime:0.008000s ]
INFO: [ view_parse ] --END-- [ RunTime:0.008000s ]
INFO: [ view_filter ] --START--
INFO: Run Behavior\WriteHtmlCacheBehavior [ RunTime:0.001000s ]
INFO: [ view_filter ] --END-- [ RunTime:0.001000s ]
INFO: [ app_end ] --START--
INFO: Run Behavior\ShowPageTraceBehavior [ RunTime:0.001000s ]
INFO: [ app_end ] --END-- [ RunTime:0.001000s ]

[ 2018-09-17T16:45:12+08:00 ] 127.0.0.1 /adminprov.php/Distribution/distribution
INFO: [ app_init ] --START--
INFO: Run Behavior\BuildLiteBehavior [ RunTime:0.000000s ]
INFO: [ app_init ] --END-- [ RunTime:0.001000s ]
NOTIC: [8] Constant UPLOAD_PATH already defined D:\shopsn\Application\Admin\Conf\config.php 第 2 行.
INFO: [ app_begin ] --START--
INFO: Run Behavior\ReadHtmlCacheBehavior [ RunTime:0.001000s ]
INFO: [ app_begin ] --END-- [ RunTime:0.001000s ]
NOTIC: [8] Undefined index: distribution_status D:\shopsn\Application\Admin\Controller\DistributionController.class.php 第 82 行.
NOTIC: [8] Undefined index: listRows D:\shopsn\Application\Admin\Controller\DistributionController.class.php 第 103 行.
NOTIC: [8] Undefined index: sum(price_sum) D:\shopsn\Application\Common\Controller\DistributionController.class.php 第 216 行.

