[ 2018-10-17T10:29:49+08:00 ] 127.0.0.1 /adminprov.php
INFO: [ app_init ] --START--
INFO: Run Behavior\BuildLiteBehavior [ RunTime:0.000000s ]
INFO: [ app_init ] --END-- [ RunTime:0.000000s ]
NOTIC: [8] Constant UPLOAD_PATH already defined D:\shopsn\Application\Admin\Conf\config.php 第 2 行.

[ 2018-10-17T10:29:50+08:00 ] 127.0.0.1 /adminprov.php/Public/verify
INFO: [ app_init ] --START--
INFO: Run Behavior\BuildLiteBehavior [ RunTime:0.000000s ]
INFO: [ app_init ] --END-- [ RunTime:0.000000s ]
NOTIC: [8] Constant UPLOAD_PATH already defined D:\shopsn\Application\Admin\Conf\config.php 第 2 行.

[ 2018-10-17T10:30:00+08:00 ] 127.0.0.1 /adminprov.php/Public/check_code?code=duwf
INFO: [ app_init ] --START--
INFO: Run Behavior\BuildLiteBehavior [ RunTime:0.000000s ]
INFO: [ app_init ] --END-- [ RunTime:0.000000s ]
NOTIC: [8] Constant UPLOAD_PATH already defined D:\shopsn\Application\Admin\Conf\config.php 第 2 行.
INFO: [ app_begin ] --START--
INFO: Run Behavior\ReadHtmlCacheBehavior [ RunTime:0.001000s ]
INFO: [ app_begin ] --END-- [ RunTime:0.001000s ]

[ 2018-10-17T10:30:01+08:00 ] 127.0.0.1 /adminprov.php/Public/login
INFO: [ app_init ] --START--
INFO: Run Behavior\BuildLiteBehavior [ RunTime:0.000000s ]
INFO: [ app_init ] --END-- [ RunTime:0.000000s ]
NOTIC: [8] Constant UPLOAD_PATH already defined D:\shopsn\Application\Admin\Conf\config.php 第 2 行.

[ 2018-10-17T10:30:01+08:00 ] 127.0.0.1 /adminprov.php/Public/check_code?code=duwf
INFO: [ app_init ] --START--
INFO: Run Behavior\BuildLiteBehavior [ RunTime:0.000000s ]
INFO: [ app_init ] --END-- [ RunTime:0.000000s ]
NOTIC: [8] Constant UPLOAD_PATH already defined D:\shopsn\Application\Admin\Conf\config.php 第 2 行.
INFO: [ app_begin ] --START--
INFO: Run Behavior\ReadHtmlCacheBehavior [ RunTime:0.001000s ]
INFO: [ app_begin ] --END-- [ RunTime:0.001000s ]

[ 2018-10-17T10:30:04+08:00 ] 127.0.0.1 /adminprov.php/Index/index
INFO: [ app_init ] --START--
INFO: Run Behavior\BuildLiteBehavior [ RunTime:0.001001s ]
INFO: [ app_init ] --END-- [ RunTime:0.001001s ]
NOTIC: [8] Constant UPLOAD_PATH already defined D:\shopsn\Application\Admin\Conf\config.php 第 2 行.

[ 2018-10-17T10:30:05+08:00 ] 127.0.0.1 /adminprov.php/Index/main
INFO: [ app_init ] --START--
INFO: Run Behavior\BuildLiteBehavior [ RunTime:0.000000s ]
INFO: [ app_init ] --END-- [ RunTime:0.000000s ]
NOTIC: [8] Constant UPLOAD_PATH already defined D:\shopsn\Application\Admin\Conf\config.php 第 2 行.

[ 2018-10-17T10:30:06+08:00 ] 127.0.0.1 /adminprov.php/Index/getAllShopInformation
INFO: [ app_init ] --START--
INFO: Run Behavior\BuildLiteBehavior [ RunTime:0.000000s ]
INFO: [ app_init ] --END-- [ RunTime:0.000000s ]
NOTIC: [8] Constant UPLOAD_PATH already defined D:\shopsn\Application\Admin\Conf\config.php 第 2 行.
INFO: [ app_begin ] --START--
INFO: Run Behavior\ReadHtmlCacheBehavior [ RunTime:0.001000s ]
INFO: [ app_begin ] --END-- [ RunTime:0.001000s ]
NOTIC: [2048] Declaration of Admin\Model\OrderModel::getOrder() should be compatible with Common\Model\BaseModel::getOrder() D:\shopsn\Application\Admin\Model\OrderModel.class.php 第 24 行.
NOTIC: [2048] Declaration of Admin\Model\OrderModel::getData() should be compatible with Common\Model\BaseModel::getData($id, array $field) D:\shopsn\Application\Admin\Model\OrderModel.class.php 第 24 行.
INFO: [ view_parse ] --START--
INFO: [ template_filter ] --START--
INFO: Run Behavior\ContentReplaceBehavior [ RunTime:0.000000s ]
INFO: [ template_filter ] --END-- [ RunTime:0.000000s ]
INFO: Run Behavior\ParseTemplateBehavior [ RunTime:0.009001s ]
INFO: [ view_parse ] --END-- [ RunTime:0.009001s ]
INFO: [ view_filter ] --START--
INFO: Run Behavior\WriteHtmlCacheBehavior [ RunTime:0.000000s ]
INFO: [ view_filter ] --END-- [ RunTime:0.000000s ]
INFO: [ app_end ] --START--
INFO: Run Behavior\ShowPageTraceBehavior [ RunTime:0.001000s ]
INFO: [ app_end ] --END-- [ RunTime:0.001000s ]

[ 2018-10-17T10:30:07+08:00 ] 127.0.0.1 /adminprov.php/Index/getTodayShopInformation
INFO: [ app_init ] --START--
INFO: Run Behavior\BuildLiteBehavior [ RunTime:0.000000s ]
INFO: [ app_init ] --END-- [ RunTime:0.000000s ]
NOTIC: [8] Constant UPLOAD_PATH already defined D:\shopsn\Application\Admin\Conf\config.php 第 2 行.
INFO: [ app_begin ] --START--
INFO: Run Behavior\ReadHtmlCacheBehavior [ RunTime:0.001000s ]
INFO: [ app_begin ] --END-- [ RunTime:0.001000s ]
NOTIC: [2048] Declaration of Admin\Model\OrderModel::getOrder() should be compatible with Common\Model\BaseModel::getOrder() D:\shopsn\Application\Admin\Model\OrderModel.class.php 第 24 行.
NOTIC: [2048] Declaration of Admin\Model\OrderModel::getData() should be compatible with Common\Model\BaseModel::getData($id, array $field) D:\shopsn\Application\Admin\Model\OrderModel.class.php 第 24 行.
INFO: [ view_parse ] --START--
INFO: [ template_filter ] --START--
INFO: Run Behavior\ContentReplaceBehavior [ RunTime:0.001000s ]
INFO: [ template_filter ] --END-- [ RunTime:0.001000s ]
NOTIC: [8] Undefined variable: count D:\shopsn\Runtime\Cache\Admin\cb2a3056dfdbbb320ffa3516da0f28db.php 第 29 行.
INFO: Run Behavior\ParseTemplateBehavior [ RunTime:0.020001s ]
INFO: [ view_parse ] --END-- [ RunTime:0.020001s ]
INFO: [ view_filter ] --START--
INFO: Run Behavior\WriteHtmlCacheBehavior [ RunTime:0.001000s ]
INFO: [ view_filter ] --END-- [ RunTime:0.001000s ]
INFO: [ app_end ] --START--
INFO: Run Behavior\ShowPageTraceBehavior [ RunTime:0.000000s ]
INFO: [ app_end ] --END-- [ RunTime:0.000000s ]

[ 2018-10-17T10:30:15+08:00 ] 127.0.0.1 /adminprov.php/Ad/adList
INFO: [ app_init ] --START--
INFO: Run Behavior\BuildLiteBehavior [ RunTime:0.000000s ]
INFO: [ app_init ] --END-- [ RunTime:0.001000s ]
NOTIC: [8] Constant UPLOAD_PATH already defined D:\shopsn\Application\Admin\Conf\config.php 第 2 行.

[ 2018-10-17T10:30:28+08:00 ] 127.0.0.1 /adminprov.php/Ad/adList/p/2
INFO: [ app_init ] --START--
INFO: Run Behavior\BuildLiteBehavior [ RunTime:0.000000s ]
INFO: [ app_init ] --END-- [ RunTime:0.000000s ]
NOTIC: [8] Constant UPLOAD_PATH already defined D:\shopsn\Application\Admin\Conf\config.php 第 2 行.

[ 2018-10-17T10:30:34+08:00 ] 127.0.0.1 /adminprov.php/Ad/adList/p/3
INFO: [ app_init ] --START--
INFO: Run Behavior\BuildLiteBehavior [ RunTime:0.000000s ]
INFO: [ app_init ] --END-- [ RunTime:0.000000s ]
NOTIC: [8] Constant UPLOAD_PATH already defined D:\shopsn\Application\Admin\Conf\config.php 第 2 行.

[ 2018-10-17T10:30:38+08:00 ] 127.0.0.1 /adminprov.php/Ad/adList/p/4
INFO: [ app_init ] --START--
INFO: Run Behavior\BuildLiteBehavior [ RunTime:0.000000s ]
INFO: [ app_init ] --END-- [ RunTime:0.000000s ]
NOTIC: [8] Constant UPLOAD_PATH already defined D:\shopsn\Application\Admin\Conf\config.php 第 2 行.

[ 2018-10-17T10:30:41+08:00 ] 127.0.0.1 /adminprov.php/Ad/adList/p/5
INFO: [ app_init ] --START--
INFO: Run Behavior\BuildLiteBehavior [ RunTime:0.000000s ]
INFO: [ app_init ] --END-- [ RunTime:0.000000s ]
NOTIC: [8] Constant UPLOAD_PATH already defined D:\shopsn\Application\Admin\Conf\config.php 第 2 行.

[ 2018-10-17T10:30:45+08:00 ] 127.0.0.1 /adminprov.php/Ad/adList/p/1
INFO: [ app_init ] --START--
INFO: Run Behavior\BuildLiteBehavior [ RunTime:0.000000s ]
INFO: [ app_init ] --END-- [ RunTime:0.000000s ]
NOTIC: [8] Constant UPLOAD_PATH already defined D:\shopsn\Application\Admin\Conf\config.php 第 2 行.

[ 2018-10-17T10:39:21+08:00 ] 127.0.0.1 /adminprov.php/Ad/adList/p/2
INFO: [ app_init ] --START--
INFO: Run Behavior\BuildLiteBehavior [ RunTime:0.000000s ]
INFO: [ app_init ] --END-- [ RunTime:0.000000s ]
NOTIC: [8] Constant UPLOAD_PATH already defined D:\shopsn\Application\Admin\Conf\config.php 第 2 行.

[ 2018-10-17T10:50:03+08:00 ] 127.0.0.1 /adminprov.php/Goods/goods_list
INFO: [ app_init ] --START--
INFO: Run Behavior\BuildLiteBehavior [ RunTime:0.000000s ]
INFO: [ app_init ] --END-- [ RunTime:0.000000s ]
NOTIC: [8] Constant UPLOAD_PATH already defined D:\shopsn\Application\Admin\Conf\config.php 第 2 行.

[ 2018-10-17T10:50:07+08:00 ] 127.0.0.1 /adminprov.php/Goods/modifyGoods/id/3624
INFO: [ app_init ] --START--
INFO: Run Behavior\BuildLiteBehavior [ RunTime:0.000000s ]
INFO: [ app_init ] --END-- [ RunTime:0.000000s ]
NOTIC: [8] Constant UPLOAD_PATH already defined D:\shopsn\Application\Admin\Conf\config.php 第 2 行.

[ 2018-10-17T10:50:08+08:00 ] 127.0.0.1 /adminprov.php/AjaxGetAttribute/ajaxGetAttributeInput
INFO: [ app_init ] --START--
INFO: Run Behavior\BuildLiteBehavior [ RunTime:0.001000s ]
INFO: [ app_init ] --END-- [ RunTime:0.001000s ]
NOTIC: [8] Constant UPLOAD_PATH already defined D:\shopsn\Application\Admin\Conf\config.php 第 2 行.
INFO: [ app_begin ] --START--
INFO: Run Behavior\ReadHtmlCacheBehavior [ RunTime:0.001000s ]
INFO: [ app_begin ] --END-- [ RunTime:0.001000s ]
NOTIC: [8] Undefined index: attr_type D:\shopsn\Application\Admin\Model\GoodsAttrModel.class.php 第 84 行.
NOTIC: [8] Undefined index: attr_type D:\shopsn\Application\Admin\Model\GoodsAttrModel.class.php 第 84 行.
NOTIC: [8] Undefined index: attr_type D:\shopsn\Application\Admin\Model\GoodsAttrModel.class.php 第 84 行.
NOTIC: [8] Undefined index: attr_type D:\shopsn\Application\Admin\Model\GoodsAttrModel.class.php 第 84 行.

[ 2018-10-17T10:50:09+08:00 ] 127.0.0.1 /adminprov.php/Goods/ajaxGetSpecSelect?goods_id=3624&spec_type=31
INFO: [ app_init ] --START--
INFO: Run Behavior\BuildLiteBehavior [ RunTime:0.000000s ]
INFO: [ app_init ] --END-- [ RunTime:0.000000s ]
NOTIC: [8] Constant UPLOAD_PATH already defined D:\shopsn\Application\Admin\Conf\config.php 第 2 行.
INFO: [ app_begin ] --START--
INFO: Run Behavior\ReadHtmlCacheBehavior [ RunTime:0.001000s ]
INFO: [ app_begin ] --END-- [ RunTime:0.001000s ]
NOTIC: [2048] Common\Controller\AuthController and Common\TraitClass\SmsVerification define the same property ($error) in the composition of Admin\Controller\GoodsController. This might be incompatible, to improve maintainability consider using accessor methods in traits instead. Class was composed D:\shopsn\Application\Admin\Controller\GoodsController.class.php 第 1095 行.
NOTIC: [2048] Common\Controller\AuthController and Common\TraitClass\SmsVerification define the same property ($key) in the composition of Admin\Controller\GoodsController. This might be incompatible, to improve maintainability consider using accessor methods in traits instead. Class was composed D:\shopsn\Application\Admin\Controller\GoodsController.class.php 第 1095 行.
INFO: [ view_parse ] --START--
INFO: [ template_filter ] --START--
INFO: Run Behavior\ContentReplaceBehavior [ RunTime:0.000000s ]
INFO: [ template_filter ] --END-- [ RunTime:0.000000s ]
NOTIC: [8] Use of undefined constant name - assumed 'name' D:\shopsn\Runtime\Cache\Admin\7a4da6bf08c0de0caf505edbc90666ad.php 第 6 行.
NOTIC: [8] Use of undefined constant spec_item - assumed 'spec_item' D:\shopsn\Runtime\Cache\Admin\7a4da6bf08c0de0caf505edbc90666ad.php 第 8 行.
NOTIC: [8] Use of undefined constant spec_item - assumed 'spec_item' D:\shopsn\Runtime\Cache\Admin\7a4da6bf08c0de0caf505edbc90666ad.php 第 8 行.
NOTIC: [8] Use of undefined constant id - assumed 'id' D:\shopsn\Runtime\Cache\Admin\7a4da6bf08c0de0caf505edbc90666ad.php 第 8 行.
NOTIC: [8] Undefined variable: specImageList D:\shopsn\Runtime\Cache\Admin\7a4da6bf08c0de0caf505edbc90666ad.php 第 13 行.
NOTIC: [8] Use of undefined constant id - assumed 'id' D:\shopsn\Runtime\Cache\Admin\7a4da6bf08c0de0caf505edbc90666ad.php 第 8 行.
NOTIC: [8] Undefined variable: specImageList D:\shopsn\Runtime\Cache\Admin\7a4da6bf08c0de0caf505edbc90666ad.php 第 13 行.
NOTIC: [8] Use of undefined constant id - assumed 'id' D:\shopsn\Runtime\Cache\Admin\7a4da6bf08c0de0caf505edbc90666ad.php 第 8 行.
NOTIC: [8] Undefined variable: specImageList D:\shopsn\Runtime\Cache\Admin\7a4da6bf08c0de0caf505edbc90666ad.php 第 13 行.
NOTIC: [8] Use of undefined constant id - assumed 'id' D:\shopsn\Runtime\Cache\Admin\7a4da6bf08c0de0caf505edbc90666ad.php 第 8 行.
NOTIC: [8] Undefined variable: specImageList D:\shopsn\Runtime\Cache\Admin\7a4da6bf08c0de0caf505edbc90666ad.php 第 13 行.
NOTIC: [8] Use of undefined constant id - assumed 'id' D:\shopsn\Runtime\Cache\Admin\7a4da6bf08c0de0caf505edbc90666ad.php 第 8 行.
NOTIC: [8] Undefined variable: specImageList D:\shopsn\Runtime\Cache\Admin\7a4da6bf08c0de0caf505edbc90666ad.php 第 13 行.
NOTIC: [8] Use of undefined constant id - assumed 'id' D:\shopsn\Runtime\Cache\Admin\7a4da6bf08c0de0caf505edbc90666ad.php 第 8 行.
NOTIC: [8] Undefined variable: specImageList D:\shopsn\Runtime\Cache\Admin\7a4da6bf08c0de0caf505edbc90666ad.php 第 13 行.
NOTIC: [8] Use of undefined constant id - assumed 'id' D:\shopsn\Runtime\Cache\Admin\7a4da6bf08c0de0caf505edbc90666ad.php 第 8 行.
NOTIC: [8] Undefined variable: specImageList D:\shopsn\Runtime\Cache\Admin\7a4da6bf08c0de0caf505edbc90666ad.php 第 13 行.
NOTIC: [8] Use of undefined constant id - assumed 'id' D:\shopsn\Runtime\Cache\Admin\7a4da6bf08c0de0caf505edbc90666ad.php 第 8 行.
NOTIC: [8] Undefined variable: specImageList D:\shopsn\Runtime\Cache\Admin\7a4da6bf08c0de0caf505edbc90666ad.php 第 13 行.
NOTIC: [8] Use of undefined constant id - assumed 'id' D:\shopsn\Runtime\Cache\Admin\7a4da6bf08c0de0caf505edbc90666ad.php 第 8 行.
NOTIC: [8] Undefined variable: specImageList D:\shopsn\Runtime\Cache\Admin\7a4da6bf08c0de0caf505edbc90666ad.php 第 13 行.
NOTIC: [8] Use of undefined constant id - assumed 'id' D:\shopsn\Runtime\Cache\Admin\7a4da6bf08c0de0caf505edbc90666ad.php 第 8 行.
NOTIC: [8] Undefined variable: specImageList D:\shopsn\Runtime\Cache\Admin\7a4da6bf08c0de0caf505edbc90666ad.php 第 13 行.
NOTIC: [8] Use of undefined constant id - assumed 'id' D:\shopsn\Runtime\Cache\Admin\7a4da6bf08c0de0caf505edbc90666ad.php 第 8 行.
NOTIC: [8] Undefined variable: specImageList D:\shopsn\Runtime\Cache\Admin\7a4da6bf08c0de0caf505edbc90666ad.php 第 13 行.
NOTIC: [8] Use of undefined constant id - assumed 'id' D:\shopsn\Runtime\Cache\Admin\7a4da6bf08c0de0caf505edbc90666ad.php 第 8 行.
NOTIC: [8] Undefined variable: specImageList D:\shopsn\Runtime\Cache\Admin\7a4da6bf08c0de0caf505edbc90666ad.php 第 13 行.
NOTIC: [8] Use of undefined constant id - assumed 'id' D:\shopsn\Runtime\Cache\Admin\7a4da6bf08c0de0caf505edbc90666ad.php 第 8 行.
NOTIC: [8] Undefined variable: specImageList D:\shopsn\Runtime\Cache\Admin\7a4da6bf08c0de0caf505edbc90666ad.php 第 13 行.
NOTIC: [8] Use of undefined constant id - assumed 'id' D:\shopsn\Runtime\Cache\Admin\7a4da6bf08c0de0caf505edbc90666ad.php 第 8 行.
NOTIC: [8] Undefined variable: specImageList D:\shopsn\Runtime\Cache\Admin\7a4da6bf08c0de0caf505edbc90666ad.php 第 13 行.
NOTIC: [8] Use of undefined constant id - assumed 'id' D:\shopsn\Runtime\Cache\Admin\7a4da6bf08c0de0caf505edbc90666ad.php 第 8 行.
NOTIC: [8] Undefined variable: specImageList D:\shopsn\Runtime\Cache\Admin\7a4da6bf08c0de0caf505edbc90666ad.php 第 13 行.
NOTIC: [8] Use of undefined constant id - assumed 'id' D:\shopsn\Runtime\Cache\Admin\7a4da6bf08c0de0caf505edbc90666ad.php 第 8 行.
NOTIC: [8] Undefined variable: specImageList D:\shopsn\Runtime\Cache\Admin\7a4da6bf08c0de0caf505edbc90666ad.php 第 13 行.
NOTIC: [8] Use of undefined constant id - assumed 'id' D:\shopsn\Runtime\Cache\Admin\7a4da6bf08c0de0caf505edbc90666ad.php 第 8 行.
NOTIC: [8] Undefined variable: specImageList D:\shopsn\Runtime\Cache\Admin\7a4da6bf08c0de0caf505edbc90666ad.php 第 13 行.
NOTIC: [8] Use of undefined constant id - assumed 'id' D:\shopsn\Runtime\Cache\Admin\7a4da6bf08c0de0caf505edbc90666ad.php 第 8 行.
NOTIC: [8] Undefined variable: specImageList D:\shopsn\Runtime\Cache\Admin\7a4da6bf08c0de0caf505edbc90666ad.php 第 13 行.
NOTIC: [8] Use of undefined constant id - assumed 'id' D:\shopsn\Runtime\Cache\Admin\7a4da6bf08c0de0caf505edbc90666ad.php 第 8 行.
NOTIC: [8] Undefined variable: specImageList D:\shopsn\Runtime\Cache\Admin\7a4da6bf08c0de0caf505edbc90666ad.php 第 13 行.
NOTIC: [8] Use of undefined constant id - assumed 'id' D:\shopsn\Runtime\Cache\Admin\7a4da6bf08c0de0caf505edbc90666ad.php 第 8 行.
NOTIC: [8] Undefined variable: specImageList D:\shopsn\Runtime\Cache\Admin\7a4da6bf08c0de0caf505edbc90666ad.php 第 13 行.
NOTIC: [8] Use of undefined constant id - assumed 'id' D:\shopsn\Runtime\Cache\Admin\7a4da6bf08c0de0caf505edbc90666ad.php 第 8 行.
NOTIC: [8] Undefined variable: specImageList D:\shopsn\Runtime\Cache\Admin\7a4da6bf08c0de0caf505edbc90666ad.php 第 13 行.
NOTIC: [8] Use of undefined constant id - assumed 'id' D:\shopsn\Runtime\Cache\Admin\7a4da6bf08c0de0caf505edbc90666ad.php 第 8 行.
NOTIC: [8] Undefined variable: specImageList D:\shopsn\Runtime\Cache\Admin\7a4da6bf08c0de0caf505edbc90666ad.php 第 13 行.
NOTIC: [8] Use of undefined constant id - assumed 'id' D:\shopsn\Runtime\Cache\Admin\7a4da6bf08c0de0caf505edbc90666ad.php 第 8 行.
NOTIC: [8] Undefined variable: specImageList D:\shopsn\Runtime\Cache\Admin\7a4da6bf08c0de0caf505edbc90666ad.php 第 13 行.
NOTIC: [8] Use of undefined constant id - assumed 'id' D:\shopsn\Runtime\Cache\Admin\7a4da6bf08c0de0caf505edbc90666ad.php 第 8 行.
NOTIC: [8] Undefined variable: specImageList D:\shopsn\Runtime\Cache\Admin\7a4da6bf08c0de0caf505edbc90666ad.php 第 13 行.
NOTIC: [8] Use of undefined constant id - assumed 'id' D:\shopsn\Runtime\Cache\Admin\7a4da6bf08c0de0caf505edbc90666ad.php 第 8 行.
NOTIC: [8] Undefined variable: specImageList D:\shopsn\Runtime\Cache\Admin\7a4da6bf08c0de0caf505edbc90666ad.php 第 13 行.
NOTIC: [8] Use of undefined constant id - assumed 'id' D:\shopsn\Runtime\Cache\Admin\7a4da6bf08c0de0caf505edbc90666ad.php 第 8 行.
NOTIC: [8] Undefined variable: specImageList D:\shopsn\Runtime\Cache\Admin\7a4da6bf08c0de0caf505edbc90666ad.php 第 13 行.
NOTIC: [8] Use of undefined constant id - assumed 'id' D:\shopsn\Runtime\Cache\Admin\7a4da6bf08c0de0caf505edbc90666ad.php 第 8 行.
NOTIC: [8] Undefined variable: specImageList D:\shopsn\Runtime\Cache\Admin\7a4da6bf08c0de0caf505edbc90666ad.php 第 13 行.
NOTIC: [8] Use of undefined constant id - assumed 'id' D:\shopsn\Runtime\Cache\Admin\7a4da6bf08c0de0caf505edbc90666ad.php 第 8 行.
NOTIC: [8] Undefined variable: specImageList D:\shopsn\Runtime\Cache\Admin\7a4da6bf08c0de0caf505edbc90666ad.php 第 13 行.
NOTIC: [8] Use of undefined constant id - assumed 'id' D:\shopsn\Runtime\Cache\Admin\7a4da6bf08c0de0caf505edbc90666ad.php 第 8 行.
NOTIC: [8] Undefined variable: specImageList D:\shopsn\Runtime\Cache\Admin\7a4da6bf08c0de0caf505edbc90666ad.php 第 13 行.
NOTIC: [8] Use of undefined constant id - assumed 'id' D:\shopsn\Runtime\Cache\Admin\7a4da6bf08c0de0caf505edbc90666ad.php 第 8 行.
NOTIC: [8] Undefined variable: specImageList D:\shopsn\Runtime\Cache\Admin\7a4da6bf08c0de0caf505edbc90666ad.php 第 13 行.
NOTIC: [8] Use of undefined constant id - assumed 'id' D:\shopsn\Runtime\Cache\Admin\7a4da6bf08c0de0caf505edbc90666ad.php 第 8 行.
NOTIC: [8] Undefined variable: specImageList D:\shopsn\Runtime\Cache\Admin\7a4da6bf08c0de0caf505edbc90666ad.php 第 13 行.
NOTIC: [8] Use of undefined constant id - assumed 'id' D:\shopsn\Runtime\Cache\Admin\7a4da6bf08c0de0caf505edbc90666ad.php 第 8 行.
NOTIC: [8] Undefined variable: specImageList D:\shopsn\Runtime\Cache\Admin\7a4da6bf08c0de0caf505edbc90666ad.php 第 13 行.
NOTIC: [8] Use of undefined constant id - assumed 'id' D:\shopsn\Runtime\Cache\Admin\7a4da6bf08c0de0caf505edbc90666ad.php 第 8 行.
NOTIC: [8] Undefined variable: specImageList D:\shopsn\Runtime\Cache\Admin\7a4da6bf08c0de0caf505edbc90666ad.php 第 13 行.
NOTIC: [8] Use of undefined constant id - assumed 'id' D:\shopsn\Runtime\Cache\Admin\7a4da6bf08c0de0caf505edbc90666ad.php 第 8 行.
NOTIC: [8] Undefined variable: specImageList D:\shopsn\Runtime\Cache\Admin\7a4da6bf08c0de0caf505edbc90666ad.php 第 13 行.
NOTIC: [8] Use of undefined constant id - assumed 'id' D:\shopsn\Runtime\Cache\Admin\7a4da6bf08c0de0caf505edbc90666ad.php 第 8 行.
NOTIC: [8] Undefined variable: specImageList D:\shopsn\Runtime\Cache\Admin\7a4da6bf08c0de0caf505edbc90666ad.php 第 13 行.
NOTIC: [8] Use of undefined constant id - assumed 'id' D:\shopsn\Runtime\Cache\Admin\7a4da6bf08c0de0caf505edbc90666ad.php 第 8 行.
NOTIC: [8] Undefined variable: specImageList D:\shopsn\Runtime\Cache\Admin\7a4da6bf08c0de0caf505edbc90666ad.php 第 13 行.
NOTIC: [8] Use of undefined constant id - assumed 'id' D:\shopsn\Runtime\Cache\Admin\7a4da6bf08c0de0caf505edbc90666ad.php 第 8 行.
NOTIC: [8] Undefined variable: specImageList D:\shopsn\Runtime\Cache\Admin\7a4da6bf08c0de0caf505edbc90666ad.php 第 13 行.
NOTIC: [8] Use of undefined constant id - assumed 'id' D:\shopsn\Runtime\Cache\Admin\7a4da6bf08c0de0caf505edbc90666ad.php 第 8 行.
NOTIC: [8] Undefined variable: specImageList D:\shopsn\Runtime\Cache\Admin\7a4da6bf08c0de0caf505edbc90666ad.php 第 13 行.
NOTIC: [8] Use of undefined constant id - assumed 'id' D:\shopsn\Runtime\Cache\Admin\7a4da6bf08c0de0caf505edbc90666ad.php 第 8 行.
NOTIC: [8] Undefined variable: specImageList D:\shopsn\Runtime\Cache\Admin\7a4da6bf08c0de0caf505edbc90666ad.php 第 13 行.
NOTIC: [8] Use of undefined constant id - assumed 'id' D:\shopsn\Runtime\Cache\Admin\7a4da6bf08c0de0caf505edbc90666ad.php 第 8 行.
NOTIC: [8] Undefined variable: specImageList D:\shopsn\Runtime\Cache\Admin\7a4da6bf08c0de0caf505edbc90666ad.php 第 13 行.
NOTIC: [8] Use of undefined constant id - assumed 'id' D:\shopsn\Runtime\Cache\Admin\7a4da6bf08c0de0caf505edbc90666ad.php 第 8 行.
NOTIC: [8] Undefined variable: specImageList D:\shopsn\Runtime\Cache\Admin\7a4da6bf08c0de0caf505edbc90666ad.php 第 13 行.
NOTIC: [8] Use of undefined constant id - assumed 'id' D:\shopsn\Runtime\Cache\Admin\7a4da6bf08c0de0caf505edbc90666ad.php 第 8 行.
NOTIC: [8] Undefined variable: specImageList D:\shopsn\Runtime\Cache\Admin\7a4da6bf08c0de0caf505edbc90666ad.php 第 13 行.
NOTIC: [8] Use of undefined constant id - assumed 'id' D:\shopsn\Runtime\Cache\Admin\7a4da6bf08c0de0caf505edbc90666ad.php 第 8 行.
NOTIC: [8] Undefined variable: specImageList D:\shopsn\Runtime\Cache\Admin\7a4da6bf08c0de0caf505edbc90666ad.php 第 13 行.
NOTIC: [8] Use of undefined constant name - assumed 'name' D:\shopsn\Runtime\Cache\Admin\7a4da6bf08c0de0caf505edbc90666ad.php 第 6 行.
NOTIC: [8] Use of undefined constant spec_item - assumed 'spec_item' D:\shopsn\Runtime\Cache\Admin\7a4da6bf08c0de0caf505edbc90666ad.php 第 8 行.
NOTIC: [8] Use of undefined constant spec_item - assumed 'spec_item' D:\shopsn\Runtime\Cache\Admin\7a4da6bf08c0de0caf505edbc90666ad.php 第 8 行.
NOTIC: [8] Use of undefined constant id - assumed 'id' D:\shopsn\Runtime\Cache\Admin\7a4da6bf08c0de0caf505edbc90666ad.php 第 8 行.
NOTIC: [8] Undefined variable: specImageList D:\shopsn\Runtime\Cache\Admin\7a4da6bf08c0de0caf505edbc90666ad.php 第 13 行.
NOTIC: [8] Use of undefined constant id - assumed 'id' D:\shopsn\Runtime\Cache\Admin\7a4da6bf08c0de0caf505edbc90666ad.php 第 8 行.
NOTIC: [8] Undefined variable: specImageList D:\shopsn\Runtime\Cache\Admin\7a4da6bf08c0de0caf505edbc90666ad.php 第 13 行.
NOTIC: [8] Use of undefined constant id - assumed 'id' D:\shopsn\Runtime\Cache\Admin\7a4da6bf08c0de0caf505edbc90666ad.php 第 8 行.
NOTIC: [8] Undefined variable: specImageList D:\shopsn\Runtime\Cache\Admin\7a4da6bf08c0de0caf505edbc90666ad.php 第 13 行.
NOTIC: [8] Use of undefined constant id - assumed 'id' D:\shopsn\Runtime\Cache\Admin\7a4da6bf08c0de0caf505edbc90666ad.php 第 8 行.
NOTIC: [8] Undefined variable: specImageList D:\shopsn\Runtime\Cache\Admin\7a4da6bf08c0de0caf505edbc90666ad.php 第 13 行.
NOTIC: [8] Use of undefined constant id - assumed 'id' D:\shopsn\Runtime\Cache\Admin\7a4da6bf08c0de0caf505edbc90666ad.php 第 8 行.
NOTIC: [8] Undefined variable: specImageList D:\shopsn\Runtime\Cache\Admin\7a4da6bf08c0de0caf505edbc90666ad.php 第 13 行.
NOTIC: [8] Use of undefined constant id - assumed 'id' D:\shopsn\Runtime\Cache\Admin\7a4da6bf08c0de0caf505edbc90666ad.php 第 8 行.
NOTIC: [8] Undefined variable: specImageList D:\shopsn\Runtime\Cache\Admin\7a4da6bf08c0de0caf505edbc90666ad.php 第 13 行.
NOTIC: [8] Use of undefined constant id - assumed 'id' D:\shopsn\Runtime\Cache\Admin\7a4da6bf08c0de0caf505edbc90666ad.php 第 8 行.
NOTIC: [8] Undefined variable: specImageList D:\shopsn\Runtime\Cache\Admin\7a4da6bf08c0de0caf505edbc90666ad.php 第 13 行.
NOTIC: [8] Use of undefined constant id - assumed 'id' D:\shopsn\Runtime\Cache\Admin\7a4da6bf08c0de0caf505edbc90666ad.php 第 8 行.
NOTIC: [8] Undefined variable: specImageList D:\shopsn\Runtime\Cache\Admin\7a4da6bf08c0de0caf505edbc90666ad.php 第 13 行.
NOTIC: [8] Use of undefined constant id - assumed 'id' D:\shopsn\Runtime\Cache\Admin\7a4da6bf08c0de0caf505edbc90666ad.php 第 8 行.
NOTIC: [8] Undefined variable: specImageList D:\shopsn\Runtime\Cache\Admin\7a4da6bf08c0de0caf505edbc90666ad.php 第 13 行.
NOTIC: [8] Use of undefined constant id - assumed 'id' D:\shopsn\Runtime\Cache\Admin\7a4da6bf08c0de0caf505edbc90666ad.php 第 8 行.
NOTIC: [8] Undefined variable: specImageList D:\shopsn\Runtime\Cache\Admin\7a4da6bf08c0de0caf505edbc90666ad.php 第 13 行.
NOTIC: [8] Use of undefined constant id - assumed 'id' D:\shopsn\Runtime\Cache\Admin\7a4da6bf08c0de0caf505edbc90666ad.php 第 8 行.
NOTIC: [8] Undefined variable: specImageList D:\shopsn\Runtime\Cache\Admin\7a4da6bf08c0de0caf505edbc90666ad.php 第 13 行.
NOTIC: [8] Use of undefined constant id - assumed 'id' D:\shopsn\Runtime\Cache\Admin\7a4da6bf08c0de0caf505edbc90666ad.php 第 8 行.
NOTIC: [8] Undefined variable: specImageList D:\shopsn\Runtime\Cache\Admin\7a4da6bf08c0de0caf505edbc90666ad.php 第 13 行.
NOTIC: [8] Use of undefined constant id - assumed 'id' D:\shopsn\Runtime\Cache\Admin\7a4da6bf08c0de0caf505edbc90666ad.php 第 8 行.
NOTIC: [8] Undefined variable: specImageList D:\shopsn\Runtime\Cache\Admin\7a4da6bf08c0de0caf505edbc90666ad.php 第 13 行.
NOTIC: [8] Use of undefined constant id - assumed 'id' D:\shopsn\Runtime\Cache\Admin\7a4da6bf08c0de0caf505edbc90666ad.php 第 8 行.
NOTIC: [8] Undefined variable: specImageList D:\shopsn\Runtime\Cache\Admin\7a4da6bf08c0de0caf505edbc90666ad.php 第 13 行.
NOTIC: [8] Use of undefined constant id - assumed 'id' D:\shopsn\Runtime\Cache\Admin\7a4da6bf08c0de0caf505edbc90666ad.php 第 8 行.
NOTIC: [8] Undefined variable: specImageList D:\shopsn\Runtime\Cache\Admin\7a4da6bf08c0de0caf505edbc90666ad.php 第 13 行.
NOTIC: [8] Use of undefined constant name - assumed 'name' D:\shopsn\Runtime\Cache\Admin\7a4da6bf08c0de0caf505edbc90666ad.php 第 6 行.
NOTIC: [8] Use of undefined constant spec_item - assumed 'spec_item' D:\shopsn\Runtime\Cache\Admin\7a4da6bf08c0de0caf505edbc90666ad.php 第 8 行.
NOTIC: [8] Use of undefined constant spec_item - assumed 'spec_item' D:\shopsn\Runtime\Cache\Admin\7a4da6bf08c0de0caf505edbc90666ad.php 第 8 行.
NOTIC: [8] Use of undefined constant id - assumed 'id' D:\shopsn\Runtime\Cache\Admin\7a4da6bf08c0de0caf505edbc90666ad.php 第 8 行.
NOTIC: [8] Undefined variable: specImageList D:\shopsn\Runtime\Cache\Admin\7a4da6bf08c0de0caf505edbc90666ad.php 第 13 行.
NOTIC: [8] Use of undefined constant id - assumed 'id' D:\shopsn\Runtime\Cache\Admin\7a4da6bf08c0de0caf505edbc90666ad.php 第 8 行.
NOTIC: [8] Undefined variable: specImageList D:\shopsn\Runtime\Cache\Admin\7a4da6bf08c0de0caf505edbc90666ad.php 第 13 行.
NOTIC: [8] Use of undefined constant id - assumed 'id' D:\shopsn\Runtime\Cache\Admin\7a4da6bf08c0de0caf505edbc90666ad.php 第 8 行.
NOTIC: [8] Undefined variable: specImageList D:\shopsn\Runtime\Cache\Admin\7a4da6bf08c0de0caf505edbc90666ad.php 第 13 行.
NOTIC: [8] Use of undefined constant id - assumed 'id' D:\shopsn\Runtime\Cache\Admin\7a4da6bf08c0de0caf505edbc90666ad.php 第 8 行.
NOTIC: [8] Undefined variable: specImageList D:\shopsn\Runtime\Cache\Admin\7a4da6bf08c0de0caf505edbc90666ad.php 第 13 行.
NOTIC: [8] Use of undefined constant id - assumed 'id' D:\shopsn\Runtime\Cache\Admin\7a4da6bf08c0de0caf505edbc90666ad.php 第 8 行.
NOTIC: [8] Undefined variable: specImageList D:\shopsn\Runtime\Cache\Admin\7a4da6bf08c0de0caf505edbc90666ad.php 第 13 行.
NOTIC: [8] Use of undefined constant id - assumed 'id' D:\shopsn\Runtime\Cache\Admin\7a4da6bf08c0de0caf505edbc90666ad.php 第 8 行.
NOTIC: [8] Undefined variable: specImageList D:\shopsn\Runtime\Cache\Admin\7a4da6bf08c0de0caf505edbc90666ad.php 第 13 行.
NOTIC: [8] Use of undefined constant id - assumed 'id' D:\shopsn\Runtime\Cache\Admin\7a4da6bf08c0de0caf505edbc90666ad.php 第 8 行.
NOTIC: [8] Undefined variable: specImageList D:\shopsn\Runtime\Cache\Admin\7a4da6bf08c0de0caf505edbc90666ad.php 第 13 行.
NOTIC: [8] Use of undefined constant id - assumed 'id' D:\shopsn\Runtime\Cache\Admin\7a4da6bf08c0de0caf505edbc90666ad.php 第 8 行.
NOTIC: [8] Undefined variable: specImageList D:\shopsn\Runtime\Cache\Admin\7a4da6bf08c0de0caf505edbc90666ad.php 第 13 行.
NOTIC: [8] Use of undefined constant id - assumed 'id' D:\shopsn\Runtime\Cache\Admin\7a4da6bf08c0de0caf505edbc90666ad.php 第 8 行.
NOTIC: [8] Undefined variable: specImageList D:\shopsn\Runtime\Cache\Admin\7a4da6bf08c0de0caf505edbc90666ad.php 第 13 行.
NOTIC: [8] Use of undefined constant id - assumed 'id' D:\shopsn\Runtime\Cache\Admin\7a4da6bf08c0de0caf505edbc90666ad.php 第 8 行.
NOTIC: [8] Undefined variable: specImageList D:\shopsn\Runtime\Cache\Admin\7a4da6bf08c0de0caf505edbc90666ad.php 第 13 行.
NOTIC: [8] Use of undefined constant id - assumed 'id' D:\shopsn\Runtime\Cache\Admin\7a4da6bf08c0de0caf505edbc90666ad.php 第 8 行.
NOTIC: [8] Undefined variable: specImageList D:\shopsn\Runtime\Cache\Admin\7a4da6bf08c0de0caf505edbc90666ad.php 第 13 行.
NOTIC: [8] Use of undefined constant id - assumed 'id' D:\shopsn\Runtime\Cache\Admin\7a4da6bf08c0de0caf505edbc90666ad.php 第 8 行.
NOTIC: [8] Undefined variable: specImageList D:\shopsn\Runtime\Cache\Admin\7a4da6bf08c0de0caf505edbc90666ad.php 第 13 行.
NOTIC: [8] Use of undefined constant id - assumed 'id' D:\shopsn\Runtime\Cache\Admin\7a4da6bf08c0de0caf505edbc90666ad.php 第 8 行.
NOTIC: [8] Undefined variable: specImageList D:\shopsn\Runtime\Cache\Admin\7a4da6bf08c0de0caf505edbc90666ad.php 第 13 行.
NOTIC: [8] Use of undefined constant id - assumed 'id' D:\shopsn\Runtime\Cache\Admin\7a4da6bf08c0de0caf505edbc90666ad.php 第 8 行.
NOTIC: [8] Undefined variable: specImageList D:\shopsn\Runtime\Cache\Admin\7a4da6bf08c0de0caf505edbc90666ad.php 第 13 行.
NOTIC: [8] Use of undefined constant id - assumed 'id' D:\shopsn\Runtime\Cache\Admin\7a4da6bf08c0de0caf505edbc90666ad.php 第 8 行.
NOTIC: [8] Undefined variable: specImageList D:\shopsn\Runtime\Cache\Admin\7a4da6bf08c0de0caf505edbc90666ad.php 第 13 行.
NOTIC: [8] Use of undefined constant id - assumed 'id' D:\shopsn\Runtime\Cache\Admin\7a4da6bf08c0de0caf505edbc90666ad.php 第 8 行.
NOTIC: [8] Undefined variable: specImageList D:\shopsn\Runtime\Cache\Admin\7a4da6bf08c0de0caf505edbc90666ad.php 第 13 行.
NOTIC: [8] Use of undefined constant id - assumed 'id' D:\shopsn\Runtime\Cache\Admin\7a4da6bf08c0de0caf505edbc90666ad.php 第 8 行.
NOTIC: [8] Undefined variable: specImageList D:\shopsn\Runtime\Cache\Admin\7a4da6bf08c0de0caf505edbc90666ad.php 第 13 行.
NOTIC: [8] Use of undefined constant id - assumed 'id' D:\shopsn\Runtime\Cache\Admin\7a4da6bf08c0de0caf505edbc90666ad.php 第 8 行.
NOTIC: [8] Undefined variable: specImageList D:\shopsn\Runtime\Cache\Admin\7a4da6bf08c0de0caf505edbc90666ad.php 第 13 行.
NOTIC: [8] Use of undefined constant id - assumed 'id' D:\shopsn\Runtime\Cache\Admin\7a4da6bf08c0de0caf505edbc90666ad.php 第 8 行.
NOTIC: [8] Undefined variable: specImageList D:\shopsn\Runtime\Cache\Admin\7a4da6bf08c0de0caf505edbc90666ad.php 第 13 行.
NOTIC: [8] Use of undefined constant id - assumed 'id' D:\shopsn\Runtime\Cache\Admin\7a4da6bf08c0de0caf505edbc90666ad.php 第 8 行.
NOTIC: [8] Undefined variable: specImageList D:\shopsn\Runtime\Cache\Admin\7a4da6bf08c0de0caf505edbc90666ad.php 第 13 行.
NOTIC: [8] Use of undefined constant id - assumed 'id' D:\shopsn\Runtime\Cache\Admin\7a4da6bf08c0de0caf505edbc90666ad.php 第 8 行.
NOTIC: [8] Undefined variable: specImageList D:\shopsn\Runtime\Cache\Admin\7a4da6bf08c0de0caf505edbc90666ad.php 第 13 行.
NOTIC: [8] Use of undefined constant id - assumed 'id' D:\shopsn\Runtime\Cache\Admin\7a4da6bf08c0de0caf505edbc90666ad.php 第 8 行.
NOTIC: [8] Undefined variable: specImageList D:\shopsn\Runtime\Cache\Admin\7a4da6bf08c0de0caf505edbc90666ad.php 第 13 行.
NOTIC: [8] Use of undefined constant id - assumed 'id' D:\shopsn\Runtime\Cache\Admin\7a4da6bf08c0de0caf505edbc90666ad.php 第 8 行.
NOTIC: [8] Undefined variable: specImageList D:\shopsn\Runtime\Cache\Admin\7a4da6bf08c0de0caf505edbc90666ad.php 第 13 行.
NOTIC: [8] Use of undefined constant id - assumed 'id' D:\shopsn\Runtime\Cache\Admin\7a4da6bf08c0de0caf505edbc90666ad.php 第 8 行.
NOTIC: [8] Undefined variable: specImageList D:\shopsn\Runtime\Cache\Admin\7a4da6bf08c0de0caf505edbc90666ad.php 第 13 行.
NOTIC: [8] Use of undefined constant id - assumed 'id' D:\shopsn\Runtime\Cache\Admin\7a4da6bf08c0de0caf505edbc90666ad.php 第 8 行.
NOTIC: [8] Undefined variable: specImageList D:\shopsn\Runtime\Cache\Admin\7a4da6bf08c0de0caf505edbc90666ad.php 第 13 行.
NOTIC: [8] Use of undefined constant id - assumed 'id' D:\shopsn\Runtime\Cache\Admin\7a4da6bf08c0de0caf505edbc90666ad.php 第 8 行.
NOTIC: [8] Undefined variable: specImageList D:\shopsn\Runtime\Cache\Admin\7a4da6bf08c0de0caf505edbc90666ad.php 第 13 行.
NOTIC: [8] Use of undefined constant id - assumed 'id' D:\shopsn\Runtime\Cache\Admin\7a4da6bf08c0de0caf505edbc90666ad.php 第 8 行.
NOTIC: [8] Undefined variable: specImageList D:\shopsn\Runtime\Cache\Admin\7a4da6bf08c0de0caf505edbc90666ad.php 第 13 行.
NOTIC: [8] Use of undefined constant id - assumed 'id' D:\shopsn\Runtime\Cache\Admin\7a4da6bf08c0de0caf505edbc90666ad.php 第 8 行.
NOTIC: [8] Undefined variable: specImageList D:\shopsn\Runtime\Cache\Admin\7a4da6bf08c0de0caf505edbc90666ad.php 第 13 行.
NOTIC: [8] Use of undefined constant id - assumed 'id' D:\shopsn\Runtime\Cache\Admin\7a4da6bf08c0de0caf505edbc90666ad.php 第 8 行.
NOTIC: [8] Undefined variable: specImageList D:\shopsn\Runtime\Cache\Admin\7a4da6bf08c0de0caf505edbc90666ad.php 第 13 行.
NOTIC: [8] Use of undefined constant id - assumed 'id' D:\shopsn\Runtime\Cache\Admin\7a4da6bf08c0de0caf505edbc90666ad.php 第 8 行.
NOTIC: [8] Undefined variable: specImageList D:\shopsn\Runtime\Cache\Admin\7a4da6bf08c0de0caf505edbc90666ad.php 第 13 行.
NOTIC: [8] Use of undefined constant id - assumed 'id' D:\shopsn\Runtime\Cache\Admin\7a4da6bf08c0de0caf505edbc90666ad.php 第 8 行.
NOTIC: [8] Undefined variable: specImageList D:\shopsn\Runtime\Cache\Admin\7a4da6bf08c0de0caf505edbc90666ad.php 第 13 行.
NOTIC: [8] Use of undefined constant id - assumed 'id' D:\shopsn\Runtime\Cache\Admin\7a4da6bf08c0de0caf505edbc90666ad.php 第 8 行.
NOTIC: [8] Undefined variable: specImageList D:\shopsn\Runtime\Cache\Admin\7a4da6bf08c0de0caf505edbc90666ad.php 第 13 行.
NOTIC: [8] Use of undefined constant id - assumed 'id' D:\shopsn\Runtime\Cache\Admin\7a4da6bf08c0de0caf505edbc90666ad.php 第 8 行.
NOTIC: [8] Undefined variable: specImageList D:\shopsn\Runtime\Cache\Admin\7a4da6bf08c0de0caf505edbc90666ad.php 第 13 行.
NOTIC: [8] Use of undefined constant id - assumed 'id' D:\shopsn\Runtime\Cache\Admin\7a4da6bf08c0de0caf505edbc90666ad.php 第 8 行.
NOTIC: [8] Undefined variable: specImageList D:\shopsn\Runtime\Cache\Admin\7a4da6bf08c0de0caf505edbc90666ad.php 第 13 行.
NOTIC: [8] Use of undefined constant id - assumed 'id' D:\shopsn\Runtime\Cache\Admin\7a4da6bf08c0de0caf505edbc90666ad.php 第 8 行.
NOTIC: [8] Undefined variable: specImageList D:\shopsn\Runtime\Cache\Admin\7a4da6bf08c0de0caf505edbc90666ad.php 第 13 行.
NOTIC: [8] Use of undefined constant id - assumed 'id' D:\shopsn\Runtime\Cache\Admin\7a4da6bf08c0de0caf505edbc90666ad.php 第 8 行.
NOTIC: [8] Undefined variable: specImageList D:\shopsn\Runtime\Cache\Admin\7a4da6bf08c0de0caf505edbc90666ad.php 第 13 行.
NOTIC: [8] Use of undefined constant id - assumed 'id' D:\shopsn\Runtime\Cache\Admin\7a4da6bf08c0de0caf505edbc90666ad.php 第 8 行.
NOTIC: [8] Undefined variable: specImageList D:\shopsn\Runtime\Cache\Admin\7a4da6bf08c0de0caf505edbc90666ad.php 第 13 行.
NOTIC: [8] Use of undefined constant id - assumed 'id' D:\shopsn\Runtime\Cache\Admin\7a4da6bf08c0de0caf505edbc90666ad.php 第 8 行.
NOTIC: [8] Undefined variable: specImageList D:\shopsn\Runtime\Cache\Admin\7a4da6bf08c0de0caf505edbc90666ad.php 第 13 行.
NOTIC: [8] Use of undefined constant id - assumed 'id' D:\shopsn\Runtime\Cache\Admin\7a4da6bf08c0de0caf505edbc90666ad.php 第 8 行.
NOTIC: [8] Undefined variable: specImageList D:\shopsn\Runtime\Cache\Admin\7a4da6bf08c0de0caf505edbc90666ad.php 第 13 行.
NOTIC: [8] Use of undefined constant id - assumed 'id' D:\shopsn\Runtime\Cache\Admin\7a4da6bf08c0de0caf505edbc90666ad.php 第 8 行.
NOTIC: [8] Undefined variable: specImageList D:\shopsn\Runtime\Cache\Admin\7a4da6bf08c0de0caf505edbc90666ad.php 第 13 行.
NOTIC: [8] Use of undefined constant id - assumed 'id' D:\shopsn\Runtime\Cache\Admin\7a4da6bf08c0de0caf505edbc90666ad.php 第 8 行.
NOTIC: [8] Undefined variable: specImageList D:\shopsn\Runtime\Cache\Admin\7a4da6bf08c0de0caf505edbc90666ad.php 第 13 行.
NOTIC: [8] Use of undefined constant id - assumed 'id' D:\shopsn\Runtime\Cache\Admin\7a4da6bf08c0de0caf505edbc90666ad.php 第 8 行.
NOTIC: [8] Undefined variable: specImageList D:\shopsn\Runtime\Cache\Admin\7a4da6bf08c0de0caf505edbc90666ad.php 第 13 行.
NOTIC: [8] Use of undefined constant id - assumed 'id' D:\shopsn\Runtime\Cache\Admin\7a4da6bf08c0de0caf505edbc90666ad.php 第 8 行.
NOTIC: [8] Undefined variable: specImageList D:\shopsn\Runtime\Cache\Admin\7a4da6bf08c0de0caf505edbc90666ad.php 第 13 行.
NOTIC: [8] Use of undefined constant id - assumed 'id' D:\shopsn\Runtime\Cache\Admin\7a4da6bf08c0de0caf505edbc90666ad.php 第 8 行.
NOTIC: [8] Undefined variable: specImageList D:\shopsn\Runtime\Cache\Admin\7a4da6bf08c0de0caf505edbc90666ad.php 第 13 行.
NOTIC: [8] Use of undefined constant id - assumed 'id' D:\shopsn\Runtime\Cache\Admin\7a4da6bf08c0de0caf505edbc90666ad.php 第 8 行.
NOTIC: [8] Undefined variable: specImageList D:\shopsn\Runtime\Cache\Admin\7a4da6bf08c0de0caf505edbc90666ad.php 第 13 行.
NOTIC: [8] Use of undefined constant id - assumed 'id' D:\shopsn\Runtime\Cache\Admin\7a4da6bf08c0de0caf505edbc90666ad.php 第 8 行.
NOTIC: [8] Undefined variable: specImageList D:\shopsn\Runtime\Cache\Admin\7a4da6bf08c0de0caf505edbc90666ad.php 第 13 行.
NOTIC: [8] Use of undefined constant id - assumed 'id' D:\shopsn\Runtime\Cache\Admin\7a4da6bf08c0de0caf505edbc90666ad.php 第 8 行.
NOTIC: [8] Undefined variable: specImageList D:\shopsn\Runtime\Cache\Admin\7a4da6bf08c0de0caf505edbc90666ad.php 第 13 行.
NOTIC: [8] Use of undefined constant id - assumed 'id' D:\shopsn\Runtime\Cache\Admin\7a4da6bf08c0de0caf505edbc90666ad.php 第 8 行.
NOTIC: [8] Undefined variable: specImageList D:\shopsn\Runtime\Cache\Admin\7a4da6bf08c0de0caf505edbc90666ad.php 第 13 行.
NOTIC: [8] Use of undefined constant id - assumed 'id' D:\shopsn\Runtime\Cache\Admin\7a4da6bf08c0de0caf505edbc90666ad.php 第 8 行.
NOTIC: [8] Undefined variable: specImageList D:\shopsn\Runtime\Cache\Admin\7a4da6bf08c0de0caf505edbc90666ad.php 第 13 行.
NOTIC: [8] Use of undefined constant id - assumed 'id' D:\shopsn\Runtime\Cache\Admin\7a4da6bf08c0de0caf505edbc90666ad.php 第 8 行.
NOTIC: [8] Undefined variable: specImageList D:\shopsn\Runtime\Cache\Admin\7a4da6bf08c0de0caf505edbc90666ad.php 第 13 行.
NOTIC: [8] Use of undefined constant id - assumed 'id' D:\shopsn\Runtime\Cache\Admin\7a4da6bf08c0de0caf505edbc90666ad.php 第 8 行.
NOTIC: [8] Undefined variable: specImageList D:\shopsn\Runtime\Cache\Admin\7a4da6bf08c0de0caf505edbc90666ad.php 第 13 行.
NOTIC: [8] Use of undefined constant id - assumed 'id' D:\shopsn\Runtime\Cache\Admin\7a4da6bf08c0de0caf505edbc90666ad.php 第 8 行.
NOTIC: [8] Undefined variable: specImageList D:\shopsn\Runtime\Cache\Admin\7a4da6bf08c0de0caf505edbc90666ad.php 第 13 行.
NOTIC: [8] Use of undefined constant id - assumed 'id' D:\shopsn\Runtime\Cache\Admin\7a4da6bf08c0de0caf505edbc90666ad.php 第 8 行.
NOTIC: [8] Undefined variable: specImageList D:\shopsn\Runtime\Cache\Admin\7a4da6bf08c0de0caf505edbc90666ad.php 第 13 行.
NOTIC: [8] Use of undefined constant id - assumed 'id' D:\shopsn\Runtime\Cache\Admin\7a4da6bf08c0de0caf505edbc90666ad.php 第 8 行.
NOTIC: [8] Undefined variable: specImageList D:\shopsn\Runtime\Cache\Admin\7a4da6bf08c0de0caf505edbc90666ad.php 第 13 行.
NOTIC: [8] Use of undefined constant id - assumed 'id' D:\shopsn\Runtime\Cache\Admin\7a4da6bf08c0de0caf505edbc90666ad.php 第 8 行.
NOTIC: [8] Undefined variable: specImageList D:\shopsn\Runtime\Cache\Admin\7a4da6bf08c0de0caf505edbc90666ad.php 第 13 行.
NOTIC: [8] Use of undefined constant id - assumed 'id' D:\shopsn\Runtime\Cache\Admin\7a4da6bf08c0de0caf505edbc90666ad.php 第 8 行.
NOTIC: [8] Undefined variable: specImageList D:\shopsn\Runtime\Cache\Admin\7a4da6bf08c0de0caf505edbc90666ad.php 第 13 行.
NOTIC: [8] Use of undefined constant id - assumed 'id' D:\shopsn\Runtime\Cache\Admin\7a4da6bf08c0de0caf505edbc90666ad.php 第 8 行.
NOTIC: [8] Undefined variable: specImageList D:\shopsn\Runtime\Cache\Admin\7a4da6bf08c0de0caf505edbc90666ad.php 第 13 行.
NOTIC: [8] Use of undefined constant id - assumed 'id' D:\shopsn\Runtime\Cache\Admin\7a4da6bf08c0de0caf505edbc90666ad.php 第 8 行.
NOTIC: [8] Undefined variable: specImageList D:\shopsn\Runtime\Cache\Admin\7a4da6bf08c0de0caf505edbc90666ad.php 第 13 行.
NOTIC: [8] Use of undefined constant id - assumed 'id' D:\shopsn\Runtime\Cache\Admin\7a4da6bf08c0de0caf505edbc90666ad.php 第 8 行.
NOTIC: [8] Undefined variable: specImageList D:\shopsn\Runtime\Cache\Admin\7a4da6bf08c0de0caf505edbc90666ad.php 第 13 行.
NOTIC: [8] Use of undefined constant id - assumed 'id' D:\shopsn\Runtime\Cache\Admin\7a4da6bf08c0de0caf505edbc90666ad.php 第 8 行.
NOTIC: [8] Undefined variable: specImageList D:\shopsn\Runtime\Cache\Admin\7a4da6bf08c0de0caf505edbc90666ad.php 第 13 行.
NOTIC: [8] Use of undefined constant id - assumed 'id' D:\shopsn\Runtime\Cache\Admin\7a4da6bf08c0de0caf505edbc90666ad.php 第 8 行.
NOTIC: [8] Undefined variable: specImageList D:\shopsn\Runtime\Cache\Admin\7a4da6bf08c0de0caf505edbc90666ad.php 第 13 行.
NOTIC: [8] Use of undefined constant id - assumed 'id' D:\shopsn\Runtime\Cache\Admin\7a4da6bf08c0de0caf505edbc90666ad.php 第 8 行.
NOTIC: [8] Undefined variable: specImageList D:\shopsn\Runtime\Cache\Admin\7a4da6bf08c0de0caf505edbc90666ad.php 第 13 行.
NOTIC: [8] Use of undefined constant id - assumed 'id' D:\shopsn\Runtime\Cache\Admin\7a4da6bf08c0de0caf505edbc90666ad.php 第 8 行.
NOTIC: [8] Undefined variable: specImageList D:\shopsn\Runtime\Cache\Admin\7a4da6bf08c0de0caf505edbc90666ad.php 第 13 行.
NOTIC: [8] Use of undefined constant id - assumed 'id' D:\shopsn\Runtime\Cache\Admin\7a4da6bf08c0de0caf505edbc90666ad.php 第 8 行.
NOTIC: [8] Undefined variable: specImageList D:\shopsn\Runtime\Cache\Admin\7a4da6bf08c0de0caf505edbc90666ad.php 第 13 行.
NOTIC: [8] Use of undefined constant id - assumed 'id' D:\shopsn\Runtime\Cache\Admin\7a4da6bf08c0de0caf505edbc90666ad.php 第 8 行.
NOTIC: [8] Undefined variable: specImageList D:\shopsn\Runtime\Cache\Admin\7a4da6bf08c0de0caf505edbc90666ad.php 第 13 行.
NOTIC: [8] Use of undefined constant id - assumed 'id' D:\shopsn\Runtime\Cache\Admin\7a4da6bf08c0de0caf505edbc90666ad.php 第 8 行.
NOTIC: [8] Undefined variable: specImageList D:\shopsn\Runtime\Cache\Admin\7a4da6bf08c0de0caf505edbc90666ad.php 第 13 行.
NOTIC: [8] Use of undefined constant id - assumed 'id' D:\shopsn\Runtime\Cache\Admin\7a4da6bf08c0de0caf505edbc90666ad.php 第 8 行.
NOTIC: [8] Undefined variable: specImageList D:\shopsn\Runtime\Cache\Admin\7a4da6bf08c0de0caf505edbc90666ad.php 第 13 行.
NOTIC: [8] Use of undefined constant id - assumed 'id' D:\shopsn\Runtime\Cache\Admin\7a4da6bf08c0de0caf505edbc90666ad.php 第 8 行.
NOTIC: [8] Undefined variable: specImageList D:\shopsn\Runtime\Cache\Admin\7a4da6bf08c0de0caf505edbc90666ad.php 第 13 行.
NOTIC: [8] Use of undefined constant id - assumed 'id' D:\shopsn\Runtime\Cache\Admin\7a4da6bf08c0de0caf505edbc90666ad.php 第 8 行.
NOTIC: [8] Undefined variable: specImageList D:\shopsn\Runtime\Cache\Admin\7a4da6bf08c0de0caf505edbc90666ad.php 第 13 行.
NOTIC: [8] Use of undefined constant id - assumed 'id' D:\shopsn\Runtime\Cache\Admin\7a4da6bf08c0de0caf505edbc90666ad.php 第 8 行.
NOTIC: [8] Undefined variable: specImageList D:\shopsn\Runtime\Cache\Admin\7a4da6bf08c0de0caf505edbc90666ad.php 第 13 行.
NOTIC: [8] Use of undefined constant id - assumed 'id' D:\shopsn\Runtime\Cache\Admin\7a4da6bf08c0de0caf505edbc90666ad.php 第 8 行.
NOTIC: [8] Undefined variable: specImageList D:\shopsn\Runtime\Cache\Admin\7a4da6bf08c0de0caf505edbc90666ad.php 第 13 行.
NOTIC: [8] Use of undefined constant id - assumed 'id' D:\shopsn\Runtime\Cache\Admin\7a4da6bf08c0de0caf505edbc90666ad.php 第 8 行.
NOTIC: [8] Undefined variable: specImageList D:\shopsn\Runtime\Cache\Admin\7a4da6bf08c0de0caf505edbc90666ad.php 第 13 行.
NOTIC: [8] Use of undefined constant id - assumed 'id' D:\shopsn\Runtime\Cache\Admin\7a4da6bf08c0de0caf505edbc90666ad.php 第 8 行.
NOTIC: [8] Undefined variable: specImageList D:\shopsn\Runtime\Cache\Admin\7a4da6bf08c0de0caf505edbc90666ad.php 第 13 行.
NOTIC: [8] Use of undefined constant id - assumed 'id' D:\shopsn\Runtime\Cache\Admin\7a4da6bf08c0de0caf505edbc90666ad.php 第 8 行.
NOTIC: [8] Undefined variable: specImageList D:\shopsn\Runtime\Cache\Admin\7a4da6bf08c0de0caf505edbc90666ad.php 第 13 行.
NOTIC: [8] Use of undefined constant id - assumed 'id' D:\shopsn\Runtime\Cache\Admin\7a4da6bf08c0de0caf505edbc90666ad.php 第 8 行.
NOTIC: [8] Undefined variable: specImageList D:\shopsn\Runtime\Cache\Admin\7a4da6bf08c0de0caf505edbc90666ad.php 第 13 行.
NOTIC: [8] Use of undefined constant id - assumed 'id' D:\shopsn\Runtime\Cache\Admin\7a4da6bf08c0de0caf505edbc90666ad.php 第 8 行.
NOTIC: [8] Undefined variable: specImageList D:\shopsn\Runtime\Cache\Admin\7a4da6bf08c0de0caf505edbc90666ad.php 第 13 行.
NOTIC: [8] Use of undefined constant id - assumed 'id' D:\shopsn\Runtime\Cache\Admin\7a4da6bf08c0de0caf505edbc90666ad.php 第 8 行.
NOTIC: [8] Undefined variable: specImageList D:\shopsn\Runtime\Cache\Admin\7a4da6bf08c0de0caf505edbc90666ad.php 第 13 行.
NOTIC: [8] Use of undefined constant id - assumed 'id' D:\shopsn\Runtime\Cache\Admin\7a4da6bf08c0de0caf505edbc90666ad.php 第 8 行.
NOTIC: [8] Undefined variable: specImageList D:\shopsn\Runtime\Cache\Admin\7a4da6bf08c0de0caf505edbc90666ad.php 第 13 行.
NOTIC: [8] Use of undefined constant id - assumed 'id' D:\shopsn\Runtime\Cache\Admin\7a4da6bf08c0de0caf505edbc90666ad.php 第 8 行.
NOTIC: [8] Undefined variable: specImageList D:\shopsn\Runtime\Cache\Admin\7a4da6bf08c0de0caf505edbc90666ad.php 第 13 行.
NOTIC: [8] Use of undefined constant id - assumed 'id' D:\shopsn\Runtime\Cache\Admin\7a4da6bf08c0de0caf505edbc90666ad.php 第 8 行.
NOTIC: [8] Undefined variable: specImageList D:\shopsn\Runtime\Cache\Admin\7a4da6bf08c0de0caf505edbc90666ad.php 第 13 行.
NOTIC: [8] Use of undefined constant id - assumed 'id' D:\shopsn\Runtime\Cache\Admin\7a4da6bf08c0de0caf505edbc90666ad.php 第 8 行.
NOTIC: [8] Undefined variable: specImageList D:\shopsn\Runtime\Cache\Admin\7a4da6bf08c0de0caf505edbc90666ad.php 第 13 行.
NOTIC: [8] Use of undefined constant id - assumed 'id' D:\shopsn\Runtime\Cache\Admin\7a4da6bf08c0de0caf505edbc90666ad.php 第 8 行.
NOTIC: [8] Undefined variable: specImageList D:\shopsn\Runtime\Cache\Admin\7a4da6bf08c0de0caf505edbc90666ad.php 第 13 行.
NOTIC: [8] Use of undefined constant id - assumed 'id' D:\shopsn\Runtime\Cache\Admin\7a4da6bf08c0de0caf505edbc90666ad.php 第 8 行.
NOTIC: [8] Undefined variable: specImageList D:\shopsn\Runtime\Cache\Admin\7a4da6bf08c0de0caf505edbc90666ad.php 第 13 行.
NOTIC: [8] Use of undefined constant name - assumed 'name' D:\shopsn\Runtime\Cache\Admin\7a4da6bf08c0de0caf505edbc90666ad.php 第 6 行.
NOTIC: [8] Use of undefined constant spec_item - assumed 'spec_item' D:\shopsn\Runtime\Cache\Admin\7a4da6bf08c0de0caf505edbc90666ad.php 第 8 行.
NOTIC: [8] Use of undefined constant spec_item - assumed 'spec_item' D:\shopsn\Runtime\Cache\Admin\7a4da6bf08c0de0caf505edbc90666ad.php 第 8 行.
NOTIC: [8] Use of undefined constant id - assumed 'id' D:\shopsn\Runtime\Cache\Admin\7a4da6bf08c0de0caf505edbc90666ad.php 第 8 行.
NOTIC: [8] Undefined variable: specImageList D:\shopsn\Runtime\Cache\Admin\7a4da6bf08c0de0caf505edbc90666ad.php 第 13 行.
NOTIC: [8] Use of undefined constant id - assumed 'id' D:\shopsn\Runtime\Cache\Admin\7a4da6bf08c0de0caf505edbc90666ad.php 第 8 行.
NOTIC: [8] Undefined variable: specImageList D:\shopsn\Runtime\Cache\Admin\7a4da6bf08c0de0caf505edbc90666ad.php 第 13 行.
NOTIC: [8] Use of undefined constant id - assumed 'id' D:\shopsn\Runtime\Cache\Admin\7a4da6bf08c0de0caf505edbc90666ad.php 第 8 行.
NOTIC: [8] Undefined variable: specImageList D:\shopsn\Runtime\Cache\Admin\7a4da6bf08c0de0caf505edbc90666ad.php 第 13 行.
NOTIC: [8] Use of undefined constant name - assumed 'name' D:\shopsn\Runtime\Cache\Admin\7a4da6bf08c0de0caf505edbc90666ad.php 第 6 行.
NOTIC: [8] Use of undefined constant spec_item - assumed 'spec_item' D:\shopsn\Runtime\Cache\Admin\7a4da6bf08c0de0caf505edbc90666ad.php 第 8 行.
NOTIC: [8] Use of undefined constant spec_item - assumed 'spec_item' D:\shopsn\Runtime\Cache\Admin\7a4da6bf08c0de0caf505edbc90666ad.php 第 8 行.
NOTIC: [8] Use of undefined constant id - assumed 'id' D:\shopsn\Runtime\Cache\Admin\7a4da6bf08c0de0caf505edbc90666ad.php 第 8 行.
NOTIC: [8] Undefined variable: specImageList D:\shopsn\Runtime\Cache\Admin\7a4da6bf08c0de0caf505edbc90666ad.php 第 13 行.
NOTIC: [8] Use of undefined constant id - assumed 'id' D:\shopsn\Runtime\Cache\Admin\7a4da6bf08c0de0caf505edbc90666ad.php 第 8 行.
NOTIC: [8] Undefined variable: specImageList D:\shopsn\Runtime\Cache\Admin\7a4da6bf08c0de0caf505edbc90666ad.php 第 13 行.
NOTIC: [8] Use of undefined constant id - assumed 'id' D:\shopsn\Runtime\Cache\Admin\7a4da6bf08c0de0caf505edbc90666ad.php 第 8 行.
NOTIC: [8] Undefined variable: specImageList D:\shopsn\Runtime\Cache\Admin\7a4da6bf08c0de0caf505edbc90666ad.php 第 13 行.
NOTIC: [8] Use of undefined constant id - assumed 'id' D:\shopsn\Runtime\Cache\Admin\7a4da6bf08c0de0caf505edbc90666ad.php 第 8 行.
NOTIC: [8] Undefined variable: specImageList D:\shopsn\Runtime\Cache\Admin\7a4da6bf08c0de0caf505edbc90666ad.php 第 13 行.
NOTIC: [8] Use of undefined constant id - assumed 'id' D:\shopsn\Runtime\Cache\Admin\7a4da6bf08c0de0caf505edbc90666ad.php 第 8 行.
NOTIC: [8] Undefined variable: specImageList D:\shopsn\Runtime\Cache\Admin\7a4da6bf08c0de0caf505edbc90666ad.php 第 13 行.
NOTIC: [8] Use of undefined constant id - assumed 'id' D:\shopsn\Runtime\Cache\Admin\7a4da6bf08c0de0caf505edbc90666ad.php 第 8 行.
NOTIC: [8] Undefined variable: specImageList D:\shopsn\Runtime\Cache\Admin\7a4da6bf08c0de0caf505edbc90666ad.php 第 13 行.
NOTIC: [8] Use of undefined constant id - assumed 'id' D:\shopsn\Runtime\Cache\Admin\7a4da6bf08c0de0caf505edbc90666ad.php 第 8 行.
NOTIC: [8] Undefined variable: specImageList D:\shopsn\Runtime\Cache\Admin\7a4da6bf08c0de0caf505edbc90666ad.php 第 13 行.
NOTIC: [8] Use of undefined constant id - assumed 'id' D:\shopsn\Runtime\Cache\Admin\7a4da6bf08c0de0caf505edbc90666ad.php 第 8 行.
NOTIC: [8] Undefined variable: specImageList D:\shopsn\Runtime\Cache\Admin\7a4da6bf08c0de0caf505edbc90666ad.php 第 13 行.
NOTIC: [8] Use of undefined constant id - assumed 'id' D:\shopsn\Runtime\Cache\Admin\7a4da6bf08c0de0caf505edbc90666ad.php 第 8 行.
NOTIC: [8] Undefined variable: specImageList D:\shopsn\Runtime\Cache\Admin\7a4da6bf08c0de0caf505edbc90666ad.php 第 13 行.
NOTIC: [8] Use of undefined constant id - assumed 'id' D:\shopsn\Runtime\Cache\Admin\7a4da6bf08c0de0caf505edbc90666ad.php 第 8 行.
NOTIC: [8] Undefined variable: specImageList D:\shopsn\Runtime\Cache\Admin\7a4da6bf08c0de0caf505edbc90666ad.php 第 13 行.
NOTIC: [8] Use of undefined constant id - assumed 'id' D:\shopsn\Runtime\Cache\Admin\7a4da6bf08c0de0caf505edbc90666ad.php 第 8 行.
NOTIC: [8] Undefined variable: specImageList D:\shopsn\Runtime\Cache\Admin\7a4da6bf08c0de0caf505edbc90666ad.php 第 13 行.
NOTIC: [8] Use of undefined constant id - assumed 'id' D:\shopsn\Runtime\Cache\Admin\7a4da6bf08c0de0caf505edbc90666ad.php 第 8 行.
NOTIC: [8] Undefined variable: specImageList D:\shopsn\Runtime\Cache\Admin\7a4da6bf08c0de0caf505edbc90666ad.php 第 13 行.
NOTIC: [8] Use of undefined constant id - assumed 'id' D:\shopsn\Runtime\Cache\Admin\7a4da6bf08c0de0caf505edbc90666ad.php 第 8 行.
NOTIC: [8] Undefined variable: specImageList D:\shopsn\Runtime\Cache\Admin\7a4da6bf08c0de0caf505edbc90666ad.php 第 13 行.
NOTIC: [8] Use of undefined constant id - assumed 'id' D:\shopsn\Runtime\Cache\Admin\7a4da6bf08c0de0caf505edbc90666ad.php 第 8 行.
NOTIC: [8] Undefined variable: specImageList D:\shopsn\Runtime\Cache\Admin\7a4da6bf08c0de0caf505edbc90666ad.php 第 13 行.
NOTIC: [8] Use of undefined constant id - assumed 'id' D:\shopsn\Runtime\Cache\Admin\7a4da6bf08c0de0caf505edbc90666ad.php 第 8 行.
NOTIC: [8] Undefined variable: specImageList D:\shopsn\Runtime\Cache\Admin\7a4da6bf08c0de0caf505edbc90666ad.php 第 13 行.
NOTIC: [8] Use of undefined constant name - assumed 'name' D:\shopsn\Runtime\Cache\Admin\7a4da6bf08c0de0caf505edbc90666ad.php 第 6 行.
NOTIC: [8] Use of undefined constant spec_item - assumed 'spec_item' D:\shopsn\Runtime\Cache\Admin\7a4da6bf08c0de0caf505edbc90666ad.php 第 8 行.
NOTIC: [8] Use of undefined constant spec_item - assumed 'spec_item' D:\shopsn\Runtime\Cache\Admin\7a4da6bf08c0de0caf505edbc90666ad.php 第 8 行.
NOTIC: [8] Use of undefined constant id - assumed 'id' D:\shopsn\Runtime\Cache\Admin\7a4da6bf08c0de0caf505edbc90666ad.php 第 8 行.
NOTIC: [8] Undefined variable: specImageList D:\shopsn\Runtime\Cache\Admin\7a4da6bf08c0de0caf505edbc90666ad.php 第 13 行.
NOTIC: [8] Use of undefined constant id - assumed 'id' D:\shopsn\Runtime\Cache\Admin\7a4da6bf08c0de0caf505edbc90666ad.php 第 8 行.
NOTIC: [8] Undefined variable: specImageList D:\shopsn\Runtime\Cache\Admin\7a4da6bf08c0de0caf505edbc90666ad.php 第 13 行.
NOTIC: [8] Use of undefined constant id - assumed 'id' D:\shopsn\Runtime\Cache\Admin\7a4da6bf08c0de0caf505edbc90666ad.php 第 8 行.
NOTIC: [8] Undefined variable: specImageList D:\shopsn\Runtime\Cache\Admin\7a4da6bf08c0de0caf505edbc90666ad.php 第 13 行.
NOTIC: [8] Use of undefined constant id - assumed 'id' D:\shopsn\Runtime\Cache\Admin\7a4da6bf08c0de0caf505edbc90666ad.php 第 8 行.
NOTIC: [8] Undefined variable: specImageList D:\shopsn\Runtime\Cache\Admin\7a4da6bf08c0de0caf505edbc90666ad.php 第 13 行.
NOTIC: [8] Use of undefined constant id - assumed 'id' D:\shopsn\Runtime\Cache\Admin\7a4da6bf08c0de0caf505edbc90666ad.php 第 8 行.
NOTIC: [8] Undefined variable: specImageList D:\shopsn\Runtime\Cache\Admin\7a4da6bf08c0de0caf505edbc90666ad.php 第 13 行.
NOTIC: [8] Use of undefined constant id - assumed 'id' D:\shopsn\Runtime\Cache\Admin\7a4da6bf08c0de0caf505edbc90666ad.php 第 8 行.
NOTIC: [8] Undefined variable: specImageList D:\shopsn\Runtime\Cache\Admin\7a4da6bf08c0de0caf505edbc90666ad.php 第 13 行.
NOTIC: [8] Use of undefined constant id - assumed 'id' D:\shopsn\Runtime\Cache\Admin\7a4da6bf08c0de0caf505edbc90666ad.php 第 8 行.
NOTIC: [8] Undefined variable: specImageList D:\shopsn\Runtime\Cache\Admin\7a4da6bf08c0de0caf505edbc90666ad.php 第 13 行.
NOTIC: [8] Use of undefined constant id - assumed 'id' D:\shopsn\Runtime\Cache\Admin\7a4da6bf08c0de0caf505edbc90666ad.php 第 8 行.
NOTIC: [8] Undefined variable: specImageList D:\shopsn\Runtime\Cache\Admin\7a4da6bf08c0de0caf505edbc90666ad.php 第 13 行.
INFO: Run Behavior\ParseTemplateBehavior [ RunTime:0.030001s ]
INFO: [ view_parse ] --END-- [ RunTime:0.030001s ]
INFO: [ view_filter ] --START--
INFO: Run Behavior\WriteHtmlCacheBehavior [ RunTime:0.001000s ]
INFO: [ view_filter ] --END-- [ RunTime:0.001000s ]
INFO: [ app_end ] --START--
INFO: Run Behavior\ShowPageTraceBehavior [ RunTime:0.000000s ]
INFO: [ app_end ] --END-- [ RunTime:0.002001s ]

[ 2018-10-17T10:50:10+08:00 ] 127.0.0.1 /adminprov.php/Goods/goodsCategory
INFO: [ app_init ] --START--
INFO: Run Behavior\BuildLiteBehavior [ RunTime:0.000000s ]
INFO: [ app_init ] --END-- [ RunTime:0.000000s ]
NOTIC: [8] Constant UPLOAD_PATH already defined D:\shopsn\Application\Admin\Conf\config.php 第 2 行.
INFO: [ app_begin ] --START--
INFO: Run Behavior\ReadHtmlCacheBehavior [ RunTime:0.001000s ]
INFO: [ app_begin ] --END-- [ RunTime:0.002001s ]
NOTIC: [2048] Common\Controller\AuthController and Common\TraitClass\SmsVerification define the same property ($error) in the composition of Admin\Controller\GoodsController. This might be incompatible, to improve maintainability consider using accessor methods in traits instead. Class was composed D:\shopsn\Application\Admin\Controller\GoodsController.class.php 第 1095 行.
NOTIC: [2048] Common\Controller\AuthController and Common\TraitClass\SmsVerification define the same property ($key) in the composition of Admin\Controller\GoodsController. This might be incompatible, to improve maintainability consider using accessor methods in traits instead. Class was composed D:\shopsn\Application\Admin\Controller\GoodsController.class.php 第 1095 行.

[ 2018-10-17T10:50:11+08:00 ] 127.0.0.1 /adminprov.php/Goods/goodsCategory
INFO: [ app_init ] --START--
INFO: Run Behavior\BuildLiteBehavior [ RunTime:0.000000s ]
INFO: [ app_init ] --END-- [ RunTime:0.000000s ]
NOTIC: [8] Constant UPLOAD_PATH already defined D:\shopsn\Application\Admin\Conf\config.php 第 2 行.
INFO: [ app_begin ] --START--
INFO: Run Behavior\ReadHtmlCacheBehavior [ RunTime:0.002000s ]
INFO: [ app_begin ] --END-- [ RunTime:0.002000s ]
NOTIC: [2048] Common\Controller\AuthController and Common\TraitClass\SmsVerification define the same property ($error) in the composition of Admin\Controller\GoodsController. This might be incompatible, to improve maintainability consider using accessor methods in traits instead. Class was composed D:\shopsn\Application\Admin\Controller\GoodsController.class.php 第 1095 行.
NOTIC: [2048] Common\Controller\AuthController and Common\TraitClass\SmsVerification define the same property ($key) in the composition of Admin\Controller\GoodsController. This might be incompatible, to improve maintainability consider using accessor methods in traits instead. Class was composed D:\shopsn\Application\Admin\Controller\GoodsController.class.php 第 1095 行.

[ 2018-10-17T10:50:12+08:00 ] 127.0.0.1 /adminprov.php/Goods/goodsCategory
INFO: [ app_init ] --START--
INFO: Run Behavior\BuildLiteBehavior [ RunTime:0.000000s ]
INFO: [ app_init ] --END-- [ RunTime:0.000000s ]
NOTIC: [8] Constant UPLOAD_PATH already defined D:\shopsn\Application\Admin\Conf\config.php 第 2 行.
INFO: [ app_begin ] --START--
INFO: Run Behavior\ReadHtmlCacheBehavior [ RunTime:0.001000s ]
INFO: [ app_begin ] --END-- [ RunTime:0.001000s ]
NOTIC: [2048] Common\Controller\AuthController and Common\TraitClass\SmsVerification define the same property ($error) in the composition of Admin\Controller\GoodsController. This might be incompatible, to improve maintainability consider using accessor methods in traits instead. Class was composed D:\shopsn\Application\Admin\Controller\GoodsController.class.php 第 1095 行.
NOTIC: [2048] Common\Controller\AuthController and Common\TraitClass\SmsVerification define the same property ($key) in the composition of Admin\Controller\GoodsController. This might be incompatible, to improve maintainability consider using accessor methods in traits instead. Class was composed D:\shopsn\Application\Admin\Controller\GoodsController.class.php 第 1095 行.

[ 2018-10-17T10:50:14+08:00 ] 127.0.0.1 /adminprov.php/Goods/goodsCategory
INFO: [ app_init ] --START--
INFO: Run Behavior\BuildLiteBehavior [ RunTime:0.000000s ]
INFO: [ app_init ] --END-- [ RunTime:0.000000s ]
NOTIC: [8] Constant UPLOAD_PATH already defined D:\shopsn\Application\Admin\Conf\config.php 第 2 行.
INFO: [ app_begin ] --START--
INFO: Run Behavior\ReadHtmlCacheBehavior [ RunTime:0.001000s ]
INFO: [ app_begin ] --END-- [ RunTime:0.001000s ]
NOTIC: [2048] Common\Controller\AuthController and Common\TraitClass\SmsVerification define the same property ($error) in the composition of Admin\Controller\GoodsController. This might be incompatible, to improve maintainability consider using accessor methods in traits instead. Class was composed D:\shopsn\Application\Admin\Controller\GoodsController.class.php 第 1095 行.
NOTIC: [2048] Common\Controller\AuthController and Common\TraitClass\SmsVerification define the same property ($key) in the composition of Admin\Controller\GoodsController. This might be incompatible, to improve maintainability consider using accessor methods in traits instead. Class was composed D:\shopsn\Application\Admin\Controller\GoodsController.class.php 第 1095 行.

[ 2018-10-17T10:50:15+08:00 ] 127.0.0.1 /adminprov.php/Goods/getAddContentByGoodsAttribute
INFO: [ app_init ] --START--
INFO: Run Behavior\BuildLiteBehavior [ RunTime:0.000000s ]
INFO: [ app_init ] --END-- [ RunTime:0.000000s ]
NOTIC: [8] Constant UPLOAD_PATH already defined D:\shopsn\Application\Admin\Conf\config.php 第 2 行.
INFO: [ app_begin ] --START--
INFO: Run Behavior\ReadHtmlCacheBehavior [ RunTime:0.001001s ]
INFO: [ app_begin ] --END-- [ RunTime:0.001001s ]
NOTIC: [2048] Common\Controller\AuthController and Common\TraitClass\SmsVerification define the same property ($error) in the composition of Admin\Controller\GoodsController. This might be incompatible, to improve maintainability consider using accessor methods in traits instead. Class was composed D:\shopsn\Application\Admin\Controller\GoodsController.class.php 第 1095 行.
NOTIC: [2048] Common\Controller\AuthController and Common\TraitClass\SmsVerification define the same property ($key) in the composition of Admin\Controller\GoodsController. This might be incompatible, to improve maintainability consider using accessor methods in traits instead. Class was composed D:\shopsn\Application\Admin\Controller\GoodsController.class.php 第 1095 行.

[ 2018-10-17T11:07:34+08:00 ] 127.0.0.1 /adminprov.php/Goods/goods_list
INFO: [ app_init ] --START--
INFO: Run Behavior\BuildLiteBehavior [ RunTime:0.000000s ]
INFO: [ app_init ] --END-- [ RunTime:0.000000s ]
NOTIC: [8] Constant UPLOAD_PATH already defined D:\shopsn\Application\Admin\Conf\config.php 第 2 行.

[ 2018-10-17T15:27:21+08:00 ] 127.0.0.1 /adminprov.php/Ad/adList
INFO: [ app_init ] --START--
INFO: Run Behavior\BuildLiteBehavior [ RunTime:0.000000s ]
INFO: [ app_init ] --END-- [ RunTime:0.001000s ]
NOTIC: [8] Constant UPLOAD_PATH already defined D:\shopsn\Application\Admin\Conf\config.php 第 2 行.

[ 2018-10-17T15:27:33+08:00 ] 127.0.0.1 /adminprov.php/Ad/adList/p/2
INFO: [ app_init ] --START--
INFO: Run Behavior\BuildLiteBehavior [ RunTime:0.000000s ]
INFO: [ app_init ] --END-- [ RunTime:0.000000s ]
NOTIC: [8] Constant UPLOAD_PATH already defined D:\shopsn\Application\Admin\Conf\config.php 第 2 行.

[ 2018-10-17T15:28:15+08:00 ] 127.0.0.1 /adminprov.php/Ad/adList/p/3
INFO: [ app_init ] --START--
INFO: Run Behavior\BuildLiteBehavior [ RunTime:0.000000s ]
INFO: [ app_init ] --END-- [ RunTime:0.000000s ]
NOTIC: [8] Constant UPLOAD_PATH already defined D:\shopsn\Application\Admin\Conf\config.php 第 2 行.

