[ 2018-07-05T11:27:26+08:00 ] 127.0.0.1 /install.php
INFO: [ app_init ] --START--
INFO: Run Behavior\BuildLiteBehavior [ RunTime:0.000000s ]
INFO: [ app_init ] --END-- [ RunTime:0.002000s ]
INFO: [ app_begin ] --START--
INFO: Run Behavior\ReadHtmlCacheBehavior [ RunTime:0.001000s ]
INFO: [ app_begin ] --END-- [ RunTime:0.001000s ]
INFO: [ view_parse ] --START--
INFO: [ template_filter ] --START--
INFO: Run Behavior\ContentReplaceBehavior [ RunTime:0.000000s ]
INFO: [ template_filter ] --END-- [ RunTime:0.000000s ]
INFO: Run Behavior\ParseTemplateBehavior [ RunTime:0.014000s ]
INFO: [ view_parse ] --END-- [ RunTime:0.015000s ]
INFO: [ view_filter ] --START--
INFO: Run Behavior\WriteHtmlCacheBehavior [ RunTime:0.001001s ]
INFO: [ view_filter ] --END-- [ RunTime:0.001001s ]
INFO: [ app_end ] --START--
INFO: Run Behavior\ShowPageTraceBehavior [ RunTime:0.002000s ]
INFO: [ app_end ] --END-- [ RunTime:0.002000s ]

[ 2018-07-05T11:27:29+08:00 ] 127.0.0.1 /install.php/Home/Index/stepTwo.html
INFO: [ app_init ] --START--
INFO: Run Behavior\BuildLiteBehavior [ RunTime:0.000000s ]
INFO: [ app_init ] --END-- [ RunTime:0.000000s ]
INFO: [ app_begin ] --START--
INFO: Run Behavior\ReadHtmlCacheBehavior [ RunTime:0.001000s ]
INFO: [ app_begin ] --END-- [ RunTime:0.001000s ]
INFO: [ view_parse ] --START--
INFO: [ template_filter ] --START--
INFO: Run Behavior\ContentReplaceBehavior [ RunTime:0.000000s ]
INFO: [ template_filter ] --END-- [ RunTime:0.000000s ]
NOTIC: [8] Use of undefined constant siteDir - assumed 'siteDir' D:\shopsn\Install\Runtime\Cache\Home\344e97fe5f49d57c8ea4d8c17b11812e.php 第 105 行.
NOTIC: [8] Use of undefined constant siteDir - assumed 'siteDir' D:\shopsn\Install\Runtime\Cache\Home\344e97fe5f49d57c8ea4d8c17b11812e.php 第 105 行.
NOTIC: [8] Use of undefined constant siteDir - assumed 'siteDir' D:\shopsn\Install\Runtime\Cache\Home\344e97fe5f49d57c8ea4d8c17b11812e.php 第 105 行.
NOTIC: [8] Use of undefined constant siteDir - assumed 'siteDir' D:\shopsn\Install\Runtime\Cache\Home\344e97fe5f49d57c8ea4d8c17b11812e.php 第 105 行.
NOTIC: [8] Use of undefined constant siteDir - assumed 'siteDir' D:\shopsn\Install\Runtime\Cache\Home\344e97fe5f49d57c8ea4d8c17b11812e.php 第 105 行.
NOTIC: [8] Use of undefined constant siteDir - assumed 'siteDir' D:\shopsn\Install\Runtime\Cache\Home\344e97fe5f49d57c8ea4d8c17b11812e.php 第 105 行.
NOTIC: [8] Use of undefined constant siteDir - assumed 'siteDir' D:\shopsn\Install\Runtime\Cache\Home\344e97fe5f49d57c8ea4d8c17b11812e.php 第 105 行.
NOTIC: [8] Use of undefined constant siteDir - assumed 'siteDir' D:\shopsn\Install\Runtime\Cache\Home\344e97fe5f49d57c8ea4d8c17b11812e.php 第 105 行.
INFO: Run Behavior\ParseTemplateBehavior [ RunTime:0.022002s ]
INFO: [ view_parse ] --END-- [ RunTime:0.022002s ]
INFO: [ view_filter ] --START--
INFO: Run Behavior\WriteHtmlCacheBehavior [ RunTime:0.001000s ]
INFO: [ view_filter ] --END-- [ RunTime:0.001000s ]
INFO: [ app_end ] --START--
INFO: Run Behavior\ShowPageTraceBehavior [ RunTime:0.002000s ]
INFO: [ app_end ] --END-- [ RunTime:0.002000s ]

[ 2018-07-05T11:29:11+08:00 ] 127.0.0.1 /install.php/Home/Index/index.html
INFO: [ app_init ] --START--
INFO: Run Behavior\BuildLiteBehavior [ RunTime:0.000000s ]
INFO: [ app_init ] --END-- [ RunTime:0.001000s ]
INFO: [ app_begin ] --START--
INFO: Run Behavior\ReadHtmlCacheBehavior [ RunTime:0.001000s ]
INFO: [ app_begin ] --END-- [ RunTime:0.001000s ]
INFO: [ view_parse ] --START--
INFO: [ template_filter ] --START--
INFO: Run Behavior\ContentReplaceBehavior [ RunTime:0.000000s ]
INFO: [ template_filter ] --END-- [ RunTime:0.000000s ]
INFO: Run Behavior\ParseTemplateBehavior [ RunTime:0.009001s ]
INFO: [ view_parse ] --END-- [ RunTime:0.010001s ]
INFO: [ view_filter ] --START--
INFO: Run Behavior\WriteHtmlCacheBehavior [ RunTime:0.000000s ]
INFO: [ view_filter ] --END-- [ RunTime:0.000000s ]
INFO: [ app_end ] --START--
INFO: Run Behavior\ShowPageTraceBehavior [ RunTime:0.001000s ]
INFO: [ app_end ] --END-- [ RunTime:0.001000s ]

[ 2018-07-05T11:29:15+08:00 ] 127.0.0.1 /install.php/Home/Index/stepTwo.html
INFO: [ app_init ] --START--
INFO: Run Behavior\BuildLiteBehavior [ RunTime:0.000000s ]
INFO: [ app_init ] --END-- [ RunTime:0.000000s ]
INFO: [ app_begin ] --START--
INFO: Run Behavior\ReadHtmlCacheBehavior [ RunTime:0.001000s ]
INFO: [ app_begin ] --END-- [ RunTime:0.001000s ]
INFO: [ view_parse ] --START--
INFO: [ template_filter ] --START--
INFO: Run Behavior\ContentReplaceBehavior [ RunTime:0.000000s ]
INFO: [ template_filter ] --END-- [ RunTime:0.000000s ]
NOTIC: [8] Use of undefined constant siteDir - assumed 'siteDir' D:\shopsn\Install\Runtime\Cache\Home\344e97fe5f49d57c8ea4d8c17b11812e.php 第 105 行.
NOTIC: [8] Use of undefined constant siteDir - assumed 'siteDir' D:\shopsn\Install\Runtime\Cache\Home\344e97fe5f49d57c8ea4d8c17b11812e.php 第 105 行.
NOTIC: [8] Use of undefined constant siteDir - assumed 'siteDir' D:\shopsn\Install\Runtime\Cache\Home\344e97fe5f49d57c8ea4d8c17b11812e.php 第 105 行.
NOTIC: [8] Use of undefined constant siteDir - assumed 'siteDir' D:\shopsn\Install\Runtime\Cache\Home\344e97fe5f49d57c8ea4d8c17b11812e.php 第 105 行.
NOTIC: [8] Use of undefined constant siteDir - assumed 'siteDir' D:\shopsn\Install\Runtime\Cache\Home\344e97fe5f49d57c8ea4d8c17b11812e.php 第 105 行.
NOTIC: [8] Use of undefined constant siteDir - assumed 'siteDir' D:\shopsn\Install\Runtime\Cache\Home\344e97fe5f49d57c8ea4d8c17b11812e.php 第 105 行.
NOTIC: [8] Use of undefined constant siteDir - assumed 'siteDir' D:\shopsn\Install\Runtime\Cache\Home\344e97fe5f49d57c8ea4d8c17b11812e.php 第 105 行.
NOTIC: [8] Use of undefined constant siteDir - assumed 'siteDir' D:\shopsn\Install\Runtime\Cache\Home\344e97fe5f49d57c8ea4d8c17b11812e.php 第 105 行.
INFO: Run Behavior\ParseTemplateBehavior [ RunTime:0.020001s ]
INFO: [ view_parse ] --END-- [ RunTime:0.020001s ]
INFO: [ view_filter ] --START--
INFO: Run Behavior\WriteHtmlCacheBehavior [ RunTime:0.000000s ]
INFO: [ view_filter ] --END-- [ RunTime:0.000000s ]
INFO: [ app_end ] --START--
INFO: Run Behavior\ShowPageTraceBehavior [ RunTime:0.001000s ]
INFO: [ app_end ] --END-- [ RunTime:0.001000s ]

[ 2018-07-05T11:29:18+08:00 ] 127.0.0.1 /install.php/Home/Index/index.html
INFO: [ app_init ] --START--
INFO: Run Behavior\BuildLiteBehavior [ RunTime:0.000000s ]
INFO: [ app_init ] --END-- [ RunTime:0.000000s ]
INFO: [ app_begin ] --START--
INFO: Run Behavior\ReadHtmlCacheBehavior [ RunTime:0.001000s ]
INFO: [ app_begin ] --END-- [ RunTime:0.001000s ]
INFO: [ view_parse ] --START--
INFO: [ template_filter ] --START--
INFO: Run Behavior\ContentReplaceBehavior [ RunTime:0.000000s ]
INFO: [ template_filter ] --END-- [ RunTime:0.000000s ]
INFO: Run Behavior\ParseTemplateBehavior [ RunTime:0.012000s ]
INFO: [ view_parse ] --END-- [ RunTime:0.012000s ]
INFO: [ view_filter ] --START--
INFO: Run Behavior\WriteHtmlCacheBehavior [ RunTime:0.000000s ]
INFO: [ view_filter ] --END-- [ RunTime:0.000000s ]
INFO: [ app_end ] --START--
INFO: Run Behavior\ShowPageTraceBehavior [ RunTime:0.000000s ]
INFO: [ app_end ] --END-- [ RunTime:0.000000s ]

